#
# There is insufficient memory for the Java Runtime Environment to continue.
# Native memory allocation (malloc) failed to allocate 1026576 bytes for Chunk::new
# Possible reasons:
#   The system is out of physical RAM or swap space
#   The process is running with CompressedOops enabled, and the Java Heap may be blocking the growth of the native heap
# Possible solutions:
#   Reduce memory load on the system
#   Increase physical memory or swap space
#   Check if swap backing store is full
#   Decrease Java heap size (-Xmx/-Xms)
#   Decrease number of Java threads
#   Decrease Java thread stack sizes (-Xss)
#   Set larger code cache with -XX:ReservedCodeCacheSize=
#   JVM is running with Unscaled Compressed Oops mode in which the Java heap is
#     placed in the first 4GB address space. The Java Heap base address is the
#     maximum limit for the native heap growth. Please use -XX:HeapBaseMinAddress
#     to set the Java Heap base and to place the Java Heap above 4GB virtual address.
# This output file may be truncated or incomplete.
#
#  Out of Memory Error (./src/hotspot/share/memory/arena.cpp:197), pid=2372, tid=3320
#
# JRE version: OpenJDK Runtime Environment (11.0.12+7) (build 11.0.12+7-b1504.28-7817840)
# Java VM: OpenJDK 64-Bit Server VM (11.0.12+7-b1504.28-7817840, mixed mode, tiered, compressed oops, g1 gc, windows-amd64)
# No core dump will be written. Minidumps are not enabled by default on client versions of Windows
#

---------------  S U M M A R Y ------------

Command Line: --add-opens=java.base/java.util=ALL-UNNAMED --add-opens=java.base/java.lang=ALL-UNNAMED --add-opens=java.base/java.lang.invoke=ALL-UNNAMED --add-opens=java.base/java.util=ALL-UNNAMED --add-opens=java.prefs/java.util.prefs=ALL-UNNAMED --add-opens=java.prefs/java.util.prefs=ALL-UNNAMED --add-opens=java.base/java.nio.charset=ALL-UNNAMED --add-opens=java.base/java.net=ALL-UNNAMED --add-opens=java.base/java.util.concurrent.atomic=ALL-UNNAMED -Xmx2048m -Dfile.encoding=UTF-8 -Duser.country=ID -Duser.language=en -Duser.variant org.gradle.launcher.daemon.bootstrap.GradleDaemon 7.5

Host: Intel(R) Core(TM) i3-10110U CPU @ 2.10GHz, 4 cores, 3G,  Windows 10 , 64 bit Build 19041 (10.0.19041.3636)
Time: Mon Mar 11 21:35:56 2024 SE Asia Standard Time elapsed time: 477.298730 seconds (0d 0h 7m 57s)

---------------  T H R E A D  ---------------

Current thread (0x0000024f9efc9000):  JavaThread "C2 CompilerThread0" daemon [_thread_in_native, id=3320, stack(0x000000a24c200000,0x000000a24c300000)]


Current CompileTask:
C2: 477299 15984   !   4       java.io.ObjectOutputStream::writeObject0 (619 bytes)

Stack: [0x000000a24c200000,0x000000a24c300000]
Native frames: (J=compiled Java code, j=interpreted, Vv=VM code, C=native code)
V  [jvm.dll+0x5fbcea]
V  [jvm.dll+0x731905]
V  [jvm.dll+0x732f1d]
V  [jvm.dll+0x7335d3]
V  [jvm.dll+0x247bf8]
V  [jvm.dll+0xc018c]
V  [jvm.dll+0xc06cc]
V  [jvm.dll+0x2bcc04]
V  [jvm.dll+0x5113a8]
V  [jvm.dll+0x208303]
V  [jvm.dll+0x201fe0]
V  [jvm.dll+0x1ff71f]
V  [jvm.dll+0x18868c]
V  [jvm.dll+0x20e0d7]
V  [jvm.dll+0x20c901]
V  [jvm.dll+0x6f9b7f]
V  [jvm.dll+0x6f26a5]
V  [jvm.dll+0x5fabf6]
C  [ucrtbase.dll+0x21bb2]
C  [KERNEL32.DLL+0x17344]
C  [ntdll.dll+0x526b1]


---------------  P R O C E S S  ---------------

Threads class SMR info:
_java_thread_list=0x0000024fa81ae110, length=76, elements={
0x0000024f84a77000, 0x0000024f9e643000, 0x0000024f9e64d000, 0x0000024f9efc2800,
0x0000024f9efc3800, 0x0000024f9efc5800, 0x0000024f9efc9000, 0x0000024f9e6b8000,
0x0000024f9f012800, 0x0000024f9f10c800, 0x0000024fa0a9e800, 0x0000024fa11a8800,
0x0000024fa06b7800, 0x0000024f9fee2800, 0x0000024f9fee3000, 0x0000024f9fee0800,
0x0000024f9fee5000, 0x0000024f9fee1800, 0x0000024fa2ebe000, 0x0000024fa2ec0800,
0x0000024fa2ec2000, 0x0000024fa2ec8000, 0x0000024fa2ec9800, 0x0000024fa35cc000,
0x0000024fa35c6000, 0x0000024fa35cd000, 0x0000024fa35c7000, 0x0000024fa35cd800,
0x0000024fa35c8000, 0x0000024fa35ce800, 0x0000024fa35c9800, 0x0000024fa35d0000,
0x0000024fa35d3800, 0x0000024fa35d4000, 0x0000024fa35d5000, 0x0000024fa2ec4000,
0x0000024fa2ec4800, 0x0000024fa2ebf000, 0x0000024fa2ec5800, 0x0000024fa2ebf800,
0x0000024fa2ec8800, 0x0000024fa2eca800, 0x0000024fa2ecb000, 0x0000024fa2ecc000,
0x0000024fa2ec6800, 0x0000024fa2ec7000, 0x0000024f9fee4000, 0x0000024f9fedf000,
0x0000024f9fee5800, 0x0000024f9fee0000, 0x0000024fa1cbd800, 0x0000024fa1cba800,
0x0000024fa1cbc000, 0x0000024fa1cc0000, 0x0000024fa1cbd000, 0x0000024fa1cbe800,
0x0000024fa1cbf800, 0x0000024fa1cbb000, 0x0000024fa1cc6800, 0x0000024fa1cc2800,
0x0000024fa1cc3800, 0x0000024fa1cc4000, 0x0000024fa1cc1800, 0x0000024fa1cc1000,
0x0000024fa1cc5000, 0x0000024fa1cc7800, 0x0000024fa1cc6000, 0x0000024fa1cc8000,
0x0000024fa1cc9000, 0x0000024fa5609800, 0x0000024fa560a800, 0x0000024fa560b800,
0x0000024fa560e000, 0x0000024fa560f800, 0x0000024fa560e800, 0x0000024fa5616000
}

Java Threads: ( => current thread )
  0x0000024f84a77000 JavaThread "main" [_thread_blocked, id=8380, stack(0x000000a24b600000,0x000000a24b700000)]
  0x0000024f9e643000 JavaThread "Reference Handler" daemon [_thread_blocked, id=10880, stack(0x000000a24bd00000,0x000000a24be00000)]
  0x0000024f9e64d000 JavaThread "Finalizer" daemon [_thread_blocked, id=10480, stack(0x000000a24be00000,0x000000a24bf00000)]
  0x0000024f9efc2800 JavaThread "Signal Dispatcher" daemon [_thread_blocked, id=9388, stack(0x000000a24bf00000,0x000000a24c000000)]
  0x0000024f9efc3800 JavaThread "Attach Listener" daemon [_thread_blocked, id=18848, stack(0x000000a24c000000,0x000000a24c100000)]
  0x0000024f9efc5800 JavaThread "Service Thread" daemon [_thread_blocked, id=13688, stack(0x000000a24c100000,0x000000a24c200000)]
=>0x0000024f9efc9000 JavaThread "C2 CompilerThread0" daemon [_thread_in_native, id=3320, stack(0x000000a24c200000,0x000000a24c300000)]
  0x0000024f9e6b8000 JavaThread "C1 CompilerThread0" daemon [_thread_blocked, id=10308, stack(0x000000a24c300000,0x000000a24c400000)]
  0x0000024f9f012800 JavaThread "Sweeper thread" daemon [_thread_blocked, id=1132, stack(0x000000a24c400000,0x000000a24c500000)]
  0x0000024f9f10c800 JavaThread "Common-Cleaner" daemon [_thread_blocked, id=17780, stack(0x000000a24c500000,0x000000a24c600000)]
  0x0000024fa0a9e800 JavaThread "Daemon health stats" [_thread_blocked, id=21684, stack(0x000000a24c800000,0x000000a24c900000)]
  0x0000024fa11a8800 JavaThread "Incoming local TCP Connector on port 52947" [_thread_in_native, id=22156, stack(0x000000a24c900000,0x000000a24ca00000)]
  0x0000024fa06b7800 JavaThread "Daemon periodic checks" [_thread_blocked, id=1992, stack(0x000000a24ca00000,0x000000a24cb00000)]
  0x0000024f9fee2800 JavaThread "Cache worker for journal cache (C:\Users\HP\.gradle\caches\journal-1)" [_thread_blocked, id=10276, stack(0x000000a24d200000,0x000000a24d300000)]
  0x0000024f9fee3000 JavaThread "File lock request listener" [_thread_in_native, id=10232, stack(0x000000a24d500000,0x000000a24d600000)]
  0x0000024f9fee0800 JavaThread "Cache worker for file hash cache (C:\Users\HP\.gradle\caches\7.5\fileHashes)" [_thread_blocked, id=2668, stack(0x000000a24d600000,0x000000a24d700000)]
  0x0000024f9fee5000 JavaThread "File watcher server" daemon [_thread_in_native, id=22432, stack(0x000000a24d700000,0x000000a24d800000)]
  0x0000024f9fee1800 JavaThread "File watcher consumer" daemon [_thread_blocked, id=9316, stack(0x000000a24d800000,0x000000a24d900000)]
  0x0000024fa2ebe000 JavaThread "Cache worker for file content cache (C:\Users\HP\.gradle\caches\7.5\fileContent)" [_thread_blocked, id=1844, stack(0x000000a24db00000,0x000000a24dc00000)]
  0x0000024fa2ec0800 JavaThread "Cache worker for execution history cache (C:\Users\HP\.gradle\caches\7.5\executionHistory)" [_thread_blocked, id=20148, stack(0x000000a24de00000,0x000000a24df00000)]
  0x0000024fa2ec2000 JavaThread "jar transforms" [_thread_blocked, id=19396, stack(0x000000a24df00000,0x000000a24e000000)]
  0x0000024fa2ec8000 JavaThread "jar transforms Thread 2" [_thread_blocked, id=18200, stack(0x000000a24e000000,0x000000a24e100000)]
  0x0000024fa2ec9800 JavaThread "jar transforms Thread 3" [_thread_blocked, id=14972, stack(0x000000a24e200000,0x000000a24e300000)]
  0x0000024fa35cc000 JavaThread "jar transforms Thread 4" [_thread_blocked, id=22032, stack(0x000000a250d00000,0x000000a250e00000)]
  0x0000024fa35c6000 JavaThread "Memory manager" [_thread_blocked, id=21924, stack(0x000000a250e00000,0x000000a250f00000)]
  0x0000024fa35cd000 JavaThread "Daemon Thread 2" [_thread_blocked, id=21996, stack(0x000000a24b500000,0x000000a24b600000)]
  0x0000024fa35c7000 JavaThread "Handler for socket connection from /127.0.0.1:52947 to /127.0.0.1:53242" [_thread_in_native, id=22016, stack(0x000000a24cb00000,0x000000a24cc00000)]
  0x0000024fa35cd800 JavaThread "Cancel handler" [_thread_blocked, id=1996, stack(0x000000a24cc00000,0x000000a24cd00000)]
  0x0000024fa35c8000 JavaThread "Daemon worker Thread 2" [_thread_in_native, id=4472, stack(0x000000a24cd00000,0x000000a24ce00000)]
  0x0000024fa35ce800 JavaThread "Asynchronous log dispatcher for DefaultDaemonConnection: socket connection from /127.0.0.1:52947 to /127.0.0.1:53242" [_thread_blocked, id=17900, stack(0x000000a24ce00000,0x000000a24cf00000)]
  0x0000024fa35c9800 JavaThread "Stdin handler" [_thread_blocked, id=16208, stack(0x000000a24cf00000,0x000000a24d000000)]
  0x0000024fa35d0000 JavaThread "Daemon client event forwarder" [_thread_blocked, id=2088, stack(0x000000a24d000000,0x000000a24d100000)]
  0x0000024fa35d3800 JavaThread "Unconstrained build operations" [_thread_blocked, id=21648, stack(0x000000a24e300000,0x000000a24e400000)]
  0x0000024fa35d4000 JavaThread "Unconstrained build operations Thread 2" [_thread_blocked, id=9548, stack(0x000000a24e400000,0x000000a24e500000)]
  0x0000024fa35d5000 JavaThread "Unconstrained build operations Thread 3" [_thread_blocked, id=5388, stack(0x000000a24e500000,0x000000a24e600000)]
  0x0000024fa2ec4000 JavaThread "Unconstrained build operations Thread 4" [_thread_blocked, id=6328, stack(0x000000a24e600000,0x000000a24e700000)]
  0x0000024fa2ec4800 JavaThread "Unconstrained build operations Thread 5" [_thread_blocked, id=2376, stack(0x000000a24e700000,0x000000a24e800000)]
  0x0000024fa2ebf000 JavaThread "Unconstrained build operations Thread 6" [_thread_blocked, id=2092, stack(0x000000a24e800000,0x000000a24e900000)]
  0x0000024fa2ec5800 JavaThread "Unconstrained build operations Thread 7" [_thread_blocked, id=5012, stack(0x000000a24e900000,0x000000a24ea00000)]
  0x0000024fa2ebf800 JavaThread "Unconstrained build operations Thread 8" [_thread_blocked, id=15588, stack(0x000000a24ea00000,0x000000a24eb00000)]
  0x0000024fa2ec8800 JavaThread "Unconstrained build operations Thread 9" [_thread_blocked, id=16896, stack(0x000000a24eb00000,0x000000a24ec00000)]
  0x0000024fa2eca800 JavaThread "Unconstrained build operations Thread 10" [_thread_blocked, id=17452, stack(0x000000a24ec00000,0x000000a24ed00000)]
  0x0000024fa2ecb000 JavaThread "Unconstrained build operations Thread 11" [_thread_blocked, id=11132, stack(0x000000a24ed00000,0x000000a24ee00000)]
  0x0000024fa2ecc000 JavaThread "Unconstrained build operations Thread 12" [_thread_blocked, id=15092, stack(0x000000a24ee00000,0x000000a24ef00000)]
  0x0000024fa2ec6800 JavaThread "Unconstrained build operations Thread 13" [_thread_blocked, id=22460, stack(0x000000a24ef00000,0x000000a24f000000)]
  0x0000024fa2ec7000 JavaThread "Unconstrained build operations Thread 14" [_thread_blocked, id=7264, stack(0x000000a24f000000,0x000000a24f100000)]
  0x0000024f9fee4000 JavaThread "Unconstrained build operations Thread 15" [_thread_blocked, id=4888, stack(0x000000a24f100000,0x000000a24f200000)]
  0x0000024f9fedf000 JavaThread "Unconstrained build operations Thread 16" [_thread_blocked, id=13168, stack(0x000000a24f200000,0x000000a24f300000)]
  0x0000024f9fee5800 JavaThread "Unconstrained build operations Thread 17" [_thread_blocked, id=5520, stack(0x000000a24f300000,0x000000a24f400000)]
  0x0000024f9fee0000 JavaThread "Unconstrained build operations Thread 18" [_thread_blocked, id=6240, stack(0x000000a24f400000,0x000000a24f500000)]
  0x0000024fa1cbd800 JavaThread "Unconstrained build operations Thread 19" [_thread_blocked, id=15320, stack(0x000000a24f500000,0x000000a24f600000)]
  0x0000024fa1cba800 JavaThread "Unconstrained build operations Thread 20" [_thread_blocked, id=13704, stack(0x000000a24f600000,0x000000a24f700000)]
  0x0000024fa1cbc000 JavaThread "Unconstrained build operations Thread 21" [_thread_blocked, id=13628, stack(0x000000a24f700000,0x000000a24f800000)]
  0x0000024fa1cc0000 JavaThread "Unconstrained build operations Thread 22" [_thread_blocked, id=19840, stack(0x000000a24f800000,0x000000a24f900000)]
  0x0000024fa1cbd000 JavaThread "Unconstrained build operations Thread 23" [_thread_blocked, id=21744, stack(0x000000a24f900000,0x000000a24fa00000)]
  0x0000024fa1cbe800 JavaThread "Unconstrained build operations Thread 24" [_thread_blocked, id=15524, stack(0x000000a24fa00000,0x000000a24fb00000)]
  0x0000024fa1cbf800 JavaThread "Unconstrained build operations Thread 25" [_thread_blocked, id=20652, stack(0x000000a24fb00000,0x000000a24fc00000)]
  0x0000024fa1cbb000 JavaThread "Unconstrained build operations Thread 26" [_thread_blocked, id=21872, stack(0x000000a24fc00000,0x000000a24fd00000)]
  0x0000024fa1cc6800 JavaThread "Unconstrained build operations Thread 27" [_thread_blocked, id=22104, stack(0x000000a24fd00000,0x000000a24fe00000)]
  0x0000024fa1cc2800 JavaThread "Unconstrained build operations Thread 28" [_thread_blocked, id=6244, stack(0x000000a24fe00000,0x000000a24ff00000)]
  0x0000024fa1cc3800 JavaThread "Unconstrained build operations Thread 29" [_thread_blocked, id=22424, stack(0x000000a24ff00000,0x000000a250000000)]
  0x0000024fa1cc4000 JavaThread "Unconstrained build operations Thread 30" [_thread_blocked, id=10324, stack(0x000000a250000000,0x000000a250100000)]
  0x0000024fa1cc1800 JavaThread "Unconstrained build operations Thread 31" [_thread_blocked, id=16832, stack(0x000000a250100000,0x000000a250200000)]
  0x0000024fa1cc1000 JavaThread "Unconstrained build operations Thread 32" [_thread_blocked, id=17016, stack(0x000000a250200000,0x000000a250300000)]
  0x0000024fa1cc5000 JavaThread "Unconstrained build operations Thread 33" [_thread_blocked, id=18324, stack(0x000000a250300000,0x000000a250400000)]
  0x0000024fa1cc7800 JavaThread "Unconstrained build operations Thread 34" [_thread_blocked, id=10680, stack(0x000000a250400000,0x000000a250500000)]
  0x0000024fa1cc6000 JavaThread "Unconstrained build operations Thread 35" [_thread_blocked, id=14056, stack(0x000000a250500000,0x000000a250600000)]
  0x0000024fa1cc8000 JavaThread "Unconstrained build operations Thread 36" [_thread_blocked, id=7024, stack(0x000000a250600000,0x000000a250700000)]
  0x0000024fa1cc9000 JavaThread "Unconstrained build operations Thread 37" [_thread_blocked, id=19332, stack(0x000000a250700000,0x000000a250800000)]
  0x0000024fa5609800 JavaThread "Unconstrained build operations Thread 38" [_thread_blocked, id=13080, stack(0x000000a250800000,0x000000a250900000)]
  0x0000024fa560a800 JavaThread "Unconstrained build operations Thread 39" [_thread_blocked, id=22084, stack(0x000000a250900000,0x000000a250a00000)]
  0x0000024fa560b800 JavaThread "Unconstrained build operations Thread 40" [_thread_blocked, id=11548, stack(0x000000a250a00000,0x000000a250b00000)]
  0x0000024fa560e000 JavaThread "included builds" [_thread_blocked, id=12620, stack(0x000000a250c00000,0x000000a250d00000)]
  0x0000024fa560f800 JavaThread "WorkerExecutor Queue" [_thread_blocked, id=10052, stack(0x000000a251400000,0x000000a251500000)]
  0x0000024fa560e800 JavaThread "WorkerExecutor Queue Thread 2" [_thread_blocked, id=22292, stack(0x000000a251600000,0x000000a251700000)]
  0x0000024fa5616000 JavaThread "WorkerExecutor Queue Thread 3" [_thread_blocked, id=17532, stack(0x000000a251700000,0x000000a251800000)]

Other Threads:
  0x0000024f9e641000 VMThread "VM Thread" [stack: 0x000000a24bc00000,0x000000a24bd00000] [id=7644]
  0x0000024f9f17a000 WatcherThread [stack: 0x000000a24c600000,0x000000a24c700000] [id=22172]
  0x0000024f84a90000 GCTaskThread "GC Thread#0" [stack: 0x000000a24b700000,0x000000a24b800000] [id=22520]
  0x0000024f9f590800 GCTaskThread "GC Thread#1" [stack: 0x000000a24c700000,0x000000a24c800000] [id=22148]
  0x0000024f9efd2800 GCTaskThread "GC Thread#2" [stack: 0x000000a24d300000,0x000000a24d400000] [id=2348]
  0x0000024f9fede000 GCTaskThread "GC Thread#3" [stack: 0x000000a24d400000,0x000000a24d500000] [id=16592]
  0x0000024f84abf800 ConcurrentGCThread "G1 Main Marker" [stack: 0x000000a24b800000,0x000000a24b900000] [id=6340]
  0x0000024f84ac1000 ConcurrentGCThread "G1 Conc#0" [stack: 0x000000a24b900000,0x000000a24ba00000] [id=7132]
  0x0000024f84b1a000 ConcurrentGCThread "G1 Refine#0" [stack: 0x000000a24ba00000,0x000000a24bb00000] [id=21916]
  0x0000024fa81bd800 ConcurrentGCThread "G1 Refine#1" [stack: 0x000000a24b300000,0x000000a24b400000] [id=472]
  0x0000024fa5e5b800 ConcurrentGCThread "G1 Refine#2" [stack: 0x000000a24b400000,0x000000a24b500000] [id=10732]
  0x0000024fa301f800 ConcurrentGCThread "G1 Refine#3" [stack: 0x000000a251300000,0x000000a251400000] [id=22320]
  0x0000024f84b1b000 ConcurrentGCThread "G1 Young RemSet Sampling" [stack: 0x000000a24bb00000,0x000000a24bc00000] [id=12396]

Threads with active compile tasks:
C2 CompilerThread0 477373 15984   !   4       java.io.ObjectOutputStream::writeObject0 (619 bytes)

VM state:not at safepoint (normal execution)

VM Mutex/Monitor currently owned by a thread: None

Heap address: 0x0000000080000000, size: 2048 MB, Compressed Oops mode: 32-bit
Narrow klass base: 0x0000000000000000, Narrow klass shift: 3
Compressed class space size: 1073741824 Address: 0x0000000100000000

Heap:
 garbage-first heap   total 243712K, used 136001K [0x0000000080000000, 0x0000000100000000)
  region size 1024K, 23 young (23552K), 2 survivors (2048K)
 Metaspace       used 108380K, capacity 111125K, committed 111432K, reserved 1148928K
  class space    used 13819K, capacity 14754K, committed 14848K, reserved 1048576K
Heap Regions: E=young(eden), S=young(survivor), O=old, HS=humongous(starts), HC=humongous(continues), CS=collection set, F=free, A=archive, TAMS=top-at-mark-start (previous, next)
|   0|0x0000000080000000, 0x0000000080100000, 0x0000000080100000|100%|HS|  |TAMS 0x0000000080100000, 0x0000000080000000| Complete 
|   1|0x0000000080100000, 0x0000000080200000, 0x0000000080200000|100%|HC|  |TAMS 0x0000000080200000, 0x0000000080100000| Complete 
|   2|0x0000000080200000, 0x0000000080300000, 0x0000000080300000|100%|HC|  |TAMS 0x0000000080300000, 0x0000000080200000| Complete 
|   3|0x0000000080300000, 0x0000000080400000, 0x0000000080400000|100%| O|  |TAMS 0x0000000080400000, 0x0000000080300000| Untracked 
|   4|0x0000000080400000, 0x0000000080500000, 0x0000000080500000|100%| O|  |TAMS 0x0000000080500000, 0x0000000080400000| Untracked 
|   5|0x0000000080500000, 0x0000000080600000, 0x0000000080600000|100%| O|  |TAMS 0x0000000080600000, 0x0000000080500000| Untracked 
|   6|0x0000000080600000, 0x0000000080700000, 0x0000000080700000|100%| O|  |TAMS 0x0000000080700000, 0x0000000080600000| Untracked 
|   7|0x0000000080700000, 0x0000000080800000, 0x0000000080800000|100%| O|  |TAMS 0x0000000080800000, 0x0000000080700000| Untracked 
|   8|0x0000000080800000, 0x0000000080900000, 0x0000000080900000|100%| O|  |TAMS 0x0000000080900000, 0x0000000080800000| Untracked 
|   9|0x0000000080900000, 0x0000000080a00000, 0x0000000080a00000|100%| O|  |TAMS 0x0000000080a00000, 0x0000000080900000| Untracked 
|  10|0x0000000080a00000, 0x0000000080b00000, 0x0000000080b00000|100%| O|  |TAMS 0x0000000080b00000, 0x0000000080a00000| Untracked 
|  11|0x0000000080b00000, 0x0000000080c00000, 0x0000000080c00000|100%| O|  |TAMS 0x0000000080c00000, 0x0000000080b00000| Untracked 
|  12|0x0000000080c00000, 0x0000000080c00000, 0x0000000080d00000|  0%| F|  |TAMS 0x0000000080c00000, 0x0000000080c00000| Untracked 
|  13|0x0000000080d00000, 0x0000000080d00000, 0x0000000080e00000|  0%| F|  |TAMS 0x0000000080d00000, 0x0000000080d00000| Untracked 
|  14|0x0000000080e00000, 0x0000000080f00000, 0x0000000080f00000|100%| O|  |TAMS 0x0000000080f00000, 0x0000000080e00000| Untracked 
|  15|0x0000000080f00000, 0x0000000081000000, 0x0000000081000000|100%| O|  |TAMS 0x0000000081000000, 0x0000000080f00000| Untracked 
|  16|0x0000000081000000, 0x0000000081100000, 0x0000000081100000|100%| O|  |TAMS 0x0000000081100000, 0x0000000081000000| Untracked 
|  17|0x0000000081100000, 0x0000000081200000, 0x0000000081200000|100%| O|  |TAMS 0x0000000081200000, 0x0000000081100000| Untracked 
|  18|0x0000000081200000, 0x0000000081300000, 0x0000000081300000|100%| O|  |TAMS 0x0000000081300000, 0x0000000081200000| Untracked 
|  19|0x0000000081300000, 0x0000000081400000, 0x0000000081400000|100%| O|  |TAMS 0x0000000081400000, 0x0000000081300000| Untracked 
|  20|0x0000000081400000, 0x0000000081500000, 0x0000000081500000|100%| O|  |TAMS 0x0000000081500000, 0x0000000081400000| Untracked 
|  21|0x0000000081500000, 0x0000000081600000, 0x0000000081600000|100%| O|  |TAMS 0x0000000081600000, 0x0000000081500000| Untracked 
|  22|0x0000000081600000, 0x0000000081700000, 0x0000000081700000|100%| O|  |TAMS 0x0000000081700000, 0x0000000081600000| Untracked 
|  23|0x0000000081700000, 0x0000000081800000, 0x0000000081800000|100%| O|  |TAMS 0x0000000081800000, 0x0000000081700000| Untracked 
|  24|0x0000000081800000, 0x0000000081900000, 0x0000000081900000|100%| O|  |TAMS 0x0000000081900000, 0x0000000081800000| Untracked 
|  25|0x0000000081900000, 0x0000000081a00000, 0x0000000081a00000|100%| O|  |TAMS 0x0000000081a00000, 0x0000000081900000| Untracked 
|  26|0x0000000081a00000, 0x0000000081b00000, 0x0000000081b00000|100%| O|  |TAMS 0x0000000081b00000, 0x0000000081a00000| Untracked 
|  27|0x0000000081b00000, 0x0000000081c00000, 0x0000000081c00000|100%| O|  |TAMS 0x0000000081c00000, 0x0000000081b00000| Untracked 
|  28|0x0000000081c00000, 0x0000000081d00000, 0x0000000081d00000|100%| O|  |TAMS 0x0000000081d00000, 0x0000000081c00000| Untracked 
|  29|0x0000000081d00000, 0x0000000081d00000, 0x0000000081e00000|  0%| F|  |TAMS 0x0000000081d00000, 0x0000000081d00000| Untracked 
|  30|0x0000000081e00000, 0x0000000081f00000, 0x0000000081f00000|100%| O|  |TAMS 0x0000000081f00000, 0x0000000081e00000| Untracked 
|  31|0x0000000081f00000, 0x0000000082000000, 0x0000000082000000|100%| O|  |TAMS 0x0000000082000000, 0x0000000081f00000| Untracked 
|  32|0x0000000082000000, 0x0000000082100000, 0x0000000082100000|100%| O|  |TAMS 0x0000000082100000, 0x0000000082000000| Untracked 
|  33|0x0000000082100000, 0x0000000082200000, 0x0000000082200000|100%| O|  |TAMS 0x0000000082200000, 0x0000000082100000| Untracked 
|  34|0x0000000082200000, 0x0000000082300000, 0x0000000082300000|100%| O|  |TAMS 0x0000000082200000, 0x0000000082200000| Untracked 
|  35|0x0000000082300000, 0x0000000082400000, 0x0000000082400000|100%| O|  |TAMS 0x0000000082400000, 0x0000000082300000| Untracked 
|  36|0x0000000082400000, 0x0000000082500000, 0x0000000082500000|100%| O|  |TAMS 0x0000000082500000, 0x0000000082400000| Untracked 
|  37|0x0000000082500000, 0x0000000082600000, 0x0000000082600000|100%|HS|  |TAMS 0x0000000082600000, 0x0000000082500000| Complete 
|  38|0x0000000082600000, 0x0000000082700000, 0x0000000082700000|100%|HS|  |TAMS 0x0000000082700000, 0x0000000082600000| Complete 
|  39|0x0000000082700000, 0x0000000082800000, 0x0000000082800000|100%|HC|  |TAMS 0x0000000082800000, 0x0000000082700000| Complete 
|  40|0x0000000082800000, 0x0000000082900000, 0x0000000082900000|100%|HS|  |TAMS 0x0000000082900000, 0x0000000082800000| Complete 
|  41|0x0000000082900000, 0x0000000082a00000, 0x0000000082a00000|100%|HS|  |TAMS 0x0000000082a00000, 0x0000000082900000| Complete 
|  42|0x0000000082a00000, 0x0000000082b00000, 0x0000000082b00000|100%|HC|  |TAMS 0x0000000082b00000, 0x0000000082a00000| Complete 
|  43|0x0000000082b00000, 0x0000000082c00000, 0x0000000082c00000|100%|HC|  |TAMS 0x0000000082c00000, 0x0000000082b00000| Complete 
|  44|0x0000000082c00000, 0x0000000082d00000, 0x0000000082d00000|100%|HC|  |TAMS 0x0000000082d00000, 0x0000000082c00000| Complete 
|  45|0x0000000082d00000, 0x0000000082e00000, 0x0000000082e00000|100%| O|  |TAMS 0x0000000082d00000, 0x0000000082d00000| Untracked 
|  46|0x0000000082e00000, 0x0000000082f00000, 0x0000000082f00000|100%| O|  |TAMS 0x0000000082f00000, 0x0000000082e00000| Untracked 
|  47|0x0000000082f00000, 0x0000000083000000, 0x0000000083000000|100%| O|  |TAMS 0x0000000083000000, 0x0000000082f00000| Untracked 
|  48|0x0000000083000000, 0x0000000083100000, 0x0000000083100000|100%| O|  |TAMS 0x0000000083100000, 0x0000000083000000| Untracked 
|  49|0x0000000083100000, 0x0000000083200000, 0x0000000083200000|100%|HS|  |TAMS 0x0000000083200000, 0x0000000083100000| Complete 
|  50|0x0000000083200000, 0x0000000083300000, 0x0000000083300000|100%|HC|  |TAMS 0x0000000083300000, 0x0000000083200000| Complete 
|  51|0x0000000083300000, 0x0000000083400000, 0x0000000083400000|100%| O|  |TAMS 0x0000000083400000, 0x0000000083300000| Untracked 
|  52|0x0000000083400000, 0x0000000083500000, 0x0000000083500000|100%| O|  |TAMS 0x0000000083500000, 0x0000000083400000| Untracked 
|  53|0x0000000083500000, 0x0000000083600000, 0x0000000083600000|100%| O|  |TAMS 0x0000000083600000, 0x0000000083500000| Untracked 
|  54|0x0000000083600000, 0x0000000083700000, 0x0000000083700000|100%| O|  |TAMS 0x0000000083700000, 0x0000000083600000| Untracked 
|  55|0x0000000083700000, 0x0000000083800000, 0x0000000083800000|100%| O|  |TAMS 0x0000000083800000, 0x0000000083700000| Untracked 
|  56|0x0000000083800000, 0x0000000083900000, 0x0000000083900000|100%| O|  |TAMS 0x0000000083900000, 0x0000000083800000| Untracked 
|  57|0x0000000083900000, 0x0000000083a00000, 0x0000000083a00000|100%| O|  |TAMS 0x0000000083a00000, 0x0000000083900000| Untracked 
|  58|0x0000000083a00000, 0x0000000083b00000, 0x0000000083b00000|100%| O|  |TAMS 0x0000000083b00000, 0x0000000083a00000| Untracked 
|  59|0x0000000083b00000, 0x0000000083c00000, 0x0000000083c00000|100%| O|  |TAMS 0x0000000083c00000, 0x0000000083b00000| Untracked 
|  60|0x0000000083c00000, 0x0000000083d00000, 0x0000000083d00000|100%| O|  |TAMS 0x0000000083d00000, 0x0000000083c00000| Untracked 
|  61|0x0000000083d00000, 0x0000000083e00000, 0x0000000083e00000|100%| O|  |TAMS 0x0000000083e00000, 0x0000000083d00000| Untracked 
|  62|0x0000000083e00000, 0x0000000083f00000, 0x0000000083f00000|100%| O|  |TAMS 0x0000000083f00000, 0x0000000083e00000| Untracked 
|  63|0x0000000083f00000, 0x0000000084000000, 0x0000000084000000|100%| O|  |TAMS 0x0000000084000000, 0x0000000083f00000| Untracked 
|  64|0x0000000084000000, 0x0000000084100000, 0x0000000084100000|100%| O|  |TAMS 0x0000000084100000, 0x0000000084000000| Untracked 
|  65|0x0000000084100000, 0x0000000084200000, 0x0000000084200000|100%| O|  |TAMS 0x0000000084200000, 0x0000000084100000| Untracked 
|  66|0x0000000084200000, 0x0000000084300000, 0x0000000084300000|100%| O|  |TAMS 0x0000000084300000, 0x0000000084200000| Untracked 
|  67|0x0000000084300000, 0x0000000084400000, 0x0000000084400000|100%| O|  |TAMS 0x0000000084400000, 0x0000000084300000| Untracked 
|  68|0x0000000084400000, 0x0000000084500000, 0x0000000084500000|100%| O|  |TAMS 0x0000000084500000, 0x0000000084400000| Untracked 
|  69|0x0000000084500000, 0x0000000084600000, 0x0000000084600000|100%| O|  |TAMS 0x0000000084600000, 0x0000000084500000| Untracked 
|  70|0x0000000084600000, 0x0000000084700000, 0x0000000084700000|100%| O|  |TAMS 0x0000000084700000, 0x0000000084600000| Untracked 
|  71|0x0000000084700000, 0x0000000084800000, 0x0000000084800000|100%| O|  |TAMS 0x0000000084800000, 0x0000000084700000| Untracked 
|  72|0x0000000084800000, 0x0000000084900000, 0x0000000084900000|100%| O|  |TAMS 0x0000000084800000, 0x0000000084800000| Untracked 
|  73|0x0000000084900000, 0x0000000084a00000, 0x0000000084a00000|100%| O|  |TAMS 0x0000000084a00000, 0x0000000084900000| Untracked 
|  74|0x0000000084a00000, 0x0000000084b00000, 0x0000000084b00000|100%| O|  |TAMS 0x0000000084a00000, 0x0000000084a00000| Untracked 
|  75|0x0000000084b00000, 0x0000000084c00000, 0x0000000084c00000|100%| O|  |TAMS 0x0000000084c00000, 0x0000000084b00000| Untracked 
|  76|0x0000000084c00000, 0x0000000084d00000, 0x0000000084d00000|100%| O|  |TAMS 0x0000000084d00000, 0x0000000084c00000| Untracked 
|  77|0x0000000084d00000, 0x0000000084e00000, 0x0000000084e00000|100%| O|  |TAMS 0x0000000084e00000, 0x0000000084d00000| Untracked 
|  78|0x0000000084e00000, 0x0000000084f00000, 0x0000000084f00000|100%| O|  |TAMS 0x0000000084e00000, 0x0000000084e00000| Untracked 
|  79|0x0000000084f00000, 0x0000000085000000, 0x0000000085000000|100%| O|  |TAMS 0x0000000085000000, 0x0000000084f00000| Untracked 
|  80|0x0000000085000000, 0x0000000085000000, 0x0000000085100000|  0%| F|  |TAMS 0x0000000085000000, 0x0000000085000000| Untracked 
|  81|0x0000000085100000, 0x0000000085200000, 0x0000000085200000|100%| O|  |TAMS 0x0000000085100000, 0x0000000085100000| Untracked 
|  82|0x0000000085200000, 0x0000000085300000, 0x0000000085300000|100%| O|  |TAMS 0x0000000085300000, 0x0000000085200000| Untracked 
|  83|0x0000000085300000, 0x0000000085400000, 0x0000000085400000|100%| O|  |TAMS 0x0000000085400000, 0x0000000085300000| Untracked 
|  84|0x0000000085400000, 0x0000000085500000, 0x0000000085500000|100%| O|  |TAMS 0x0000000085500000, 0x0000000085400000| Untracked 
|  85|0x0000000085500000, 0x0000000085600000, 0x0000000085600000|100%| O|  |TAMS 0x0000000085600000, 0x0000000085500000| Untracked 
|  86|0x0000000085600000, 0x0000000085700000, 0x0000000085700000|100%| O|  |TAMS 0x0000000085700000, 0x0000000085600000| Untracked 
|  87|0x0000000085700000, 0x0000000085800000, 0x0000000085800000|100%| O|  |TAMS 0x0000000085800000, 0x0000000085700000| Untracked 
|  88|0x0000000085800000, 0x0000000085900000, 0x0000000085900000|100%| O|  |TAMS 0x0000000085900000, 0x0000000085800000| Untracked 
|  89|0x0000000085900000, 0x0000000085a00000, 0x0000000085a00000|100%| O|  |TAMS 0x0000000085a00000, 0x0000000085900000| Untracked 
|  90|0x0000000085a00000, 0x0000000085a00000, 0x0000000085b00000|  0%| F|  |TAMS 0x0000000085a00000, 0x0000000085a00000| Untracked 
|  91|0x0000000085b00000, 0x0000000085c00000, 0x0000000085c00000|100%| O|  |TAMS 0x0000000085b00000, 0x0000000085b00000| Untracked 
|  92|0x0000000085c00000, 0x0000000085d00000, 0x0000000085d00000|100%| O|  |TAMS 0x0000000085d00000, 0x0000000085c00000| Untracked 
|  93|0x0000000085d00000, 0x0000000085e00000, 0x0000000085e00000|100%| O|  |TAMS 0x0000000085e00000, 0x0000000085d00000| Untracked 
|  94|0x0000000085e00000, 0x0000000085f00000, 0x0000000085f00000|100%| O|  |TAMS 0x0000000085f00000, 0x0000000085e00000| Untracked 
|  95|0x0000000085f00000, 0x0000000086000000, 0x0000000086000000|100%| O|  |TAMS 0x0000000086000000, 0x0000000085f00000| Untracked 
|  96|0x0000000086000000, 0x0000000086100000, 0x0000000086100000|100%| O|  |TAMS 0x0000000086100000, 0x0000000086000000| Untracked 
|  97|0x0000000086100000, 0x0000000086200000, 0x0000000086200000|100%| O|  |TAMS 0x0000000086100000, 0x0000000086100000| Untracked 
|  98|0x0000000086200000, 0x0000000086300000, 0x0000000086300000|100%| O|  |TAMS 0x0000000086200000, 0x0000000086200000| Untracked 
|  99|0x0000000086300000, 0x0000000086400000, 0x0000000086400000|100%| O|  |TAMS 0x0000000086400000, 0x0000000086300000| Untracked 
| 100|0x0000000086400000, 0x0000000086400000, 0x0000000086500000|  0%| F|  |TAMS 0x0000000086400000, 0x0000000086400000| Untracked 
| 101|0x0000000086500000, 0x0000000086500000, 0x0000000086600000|  0%| F|  |TAMS 0x0000000086500000, 0x0000000086500000| Untracked 
| 102|0x0000000086600000, 0x0000000086600000, 0x0000000086700000|  0%| F|  |TAMS 0x0000000086600000, 0x0000000086600000| Untracked 
| 103|0x0000000086700000, 0x0000000086800000, 0x0000000086800000|100%| O|  |TAMS 0x0000000086800000, 0x0000000086700000| Untracked 
| 104|0x0000000086800000, 0x0000000086900000, 0x0000000086900000|100%| O|  |TAMS 0x0000000086900000, 0x0000000086800000| Untracked 
| 105|0x0000000086900000, 0x0000000086a00000, 0x0000000086a00000|100%| O|  |TAMS 0x0000000086a00000, 0x0000000086900000| Untracked 
| 106|0x0000000086a00000, 0x0000000086b00000, 0x0000000086b00000|100%| O|  |TAMS 0x0000000086b00000, 0x0000000086a00000| Untracked 
| 107|0x0000000086b00000, 0x0000000086c00000, 0x0000000086c00000|100%| O|  |TAMS 0x0000000086c00000, 0x0000000086b00000| Untracked 
| 108|0x0000000086c00000, 0x0000000086d00000, 0x0000000086d00000|100%| O|  |TAMS 0x0000000086d00000, 0x0000000086c00000| Untracked 
| 109|0x0000000086d00000, 0x0000000086e00000, 0x0000000086e00000|100%| O|  |TAMS 0x0000000086e00000, 0x0000000086d00000| Untracked 
| 110|0x0000000086e00000, 0x0000000086f00000, 0x0000000086f00000|100%| O|  |TAMS 0x0000000086f00000, 0x0000000086e00000| Untracked 
| 111|0x0000000086f00000, 0x0000000087000000, 0x0000000087000000|100%| O|  |TAMS 0x0000000086f00000, 0x0000000086f00000| Untracked 
| 112|0x0000000087000000, 0x0000000087100000, 0x0000000087100000|100%| O|  |TAMS 0x0000000087000000, 0x0000000087000000| Untracked 
| 113|0x0000000087100000, 0x0000000087200000, 0x0000000087200000|100%| O|  |TAMS 0x0000000087100000, 0x0000000087100000| Untracked 
| 114|0x0000000087200000, 0x0000000087200000, 0x0000000087300000|  0%| F|  |TAMS 0x0000000087200000, 0x0000000087200000| Untracked 
| 115|0x0000000087300000, 0x0000000087400000, 0x0000000087400000|100%| O|  |TAMS 0x0000000087300000, 0x0000000087300000| Untracked 
| 116|0x0000000087400000, 0x0000000087400000, 0x0000000087500000|  0%| F|  |TAMS 0x0000000087400000, 0x0000000087400000| Untracked 
| 117|0x0000000087500000, 0x0000000087590600, 0x0000000087600000| 56%| O|  |TAMS 0x0000000087500000, 0x0000000087500000| Untracked 
| 118|0x0000000087600000, 0x0000000087600000, 0x0000000087700000|  0%| F|  |TAMS 0x0000000087600000, 0x0000000087600000| Untracked 
| 119|0x0000000087700000, 0x0000000087700000, 0x0000000087800000|  0%| F|  |TAMS 0x0000000087700000, 0x0000000087700000| Untracked 
| 120|0x0000000087800000, 0x0000000087800000, 0x0000000087900000|  0%| F|  |TAMS 0x0000000087800000, 0x0000000087800000| Untracked 
| 121|0x0000000087900000, 0x0000000087900000, 0x0000000087a00000|  0%| F|  |TAMS 0x0000000087900000, 0x0000000087900000| Untracked 
| 122|0x0000000087a00000, 0x0000000087a00000, 0x0000000087b00000|  0%| F|  |TAMS 0x0000000087a00000, 0x0000000087a00000| Untracked 
| 123|0x0000000087b00000, 0x0000000087b00000, 0x0000000087c00000|  0%| F|  |TAMS 0x0000000087b00000, 0x0000000087b00000| Untracked 
| 124|0x0000000087c00000, 0x0000000087c00000, 0x0000000087d00000|  0%| F|  |TAMS 0x0000000087c00000, 0x0000000087c00000| Untracked 
| 125|0x0000000087d00000, 0x0000000087d00000, 0x0000000087e00000|  0%| F|  |TAMS 0x0000000087d00000, 0x0000000087d00000| Untracked 
| 126|0x0000000087e00000, 0x0000000087e00000, 0x0000000087f00000|  0%| F|  |TAMS 0x0000000087e00000, 0x0000000087e00000| Untracked 
| 127|0x0000000087f00000, 0x0000000087f00000, 0x0000000088000000|  0%| F|  |TAMS 0x0000000087f00000, 0x0000000087f00000| Untracked 
| 128|0x0000000088000000, 0x0000000088000000, 0x0000000088100000|  0%| F|  |TAMS 0x0000000088000000, 0x0000000088000000| Untracked 
| 129|0x0000000088100000, 0x0000000088100000, 0x0000000088200000|  0%| F|  |TAMS 0x0000000088100000, 0x0000000088100000| Untracked 
| 130|0x0000000088200000, 0x0000000088200000, 0x0000000088300000|  0%| F|  |TAMS 0x0000000088200000, 0x0000000088200000| Untracked 
| 131|0x0000000088300000, 0x0000000088300000, 0x0000000088400000|  0%| F|  |TAMS 0x0000000088300000, 0x0000000088300000| Untracked 
| 132|0x0000000088400000, 0x0000000088500000, 0x0000000088500000|100%| O|  |TAMS 0x0000000088500000, 0x0000000088400000| Untracked 
| 133|0x0000000088500000, 0x0000000088500000, 0x0000000088600000|  0%| F|  |TAMS 0x0000000088500000, 0x0000000088500000| Untracked 
| 134|0x0000000088600000, 0x0000000088600000, 0x0000000088700000|  0%| F|  |TAMS 0x0000000088600000, 0x0000000088600000| Untracked 
| 135|0x0000000088700000, 0x0000000088700000, 0x0000000088800000|  0%| F|  |TAMS 0x0000000088700000, 0x0000000088700000| Untracked 
| 136|0x0000000088800000, 0x0000000088800000, 0x0000000088900000|  0%| F|  |TAMS 0x0000000088800000, 0x0000000088800000| Untracked 
| 137|0x0000000088900000, 0x0000000088a00000, 0x0000000088a00000|100%| O|  |TAMS 0x0000000088a00000, 0x0000000088900000| Untracked 
| 138|0x0000000088a00000, 0x0000000088a00000, 0x0000000088b00000|  0%| F|  |TAMS 0x0000000088a00000, 0x0000000088a00000| Untracked 
| 139|0x0000000088b00000, 0x0000000088b00000, 0x0000000088c00000|  0%| F|  |TAMS 0x0000000088b00000, 0x0000000088b00000| Untracked 
| 140|0x0000000088c00000, 0x0000000088c00000, 0x0000000088d00000|  0%| F|  |TAMS 0x0000000088c00000, 0x0000000088c00000| Untracked 
| 141|0x0000000088d00000, 0x0000000088d00000, 0x0000000088e00000|  0%| F|  |TAMS 0x0000000088d00000, 0x0000000088d00000| Untracked 
| 142|0x0000000088e00000, 0x0000000088e00000, 0x0000000088f00000|  0%| F|  |TAMS 0x0000000088e00000, 0x0000000088e00000| Untracked 
| 143|0x0000000088f00000, 0x0000000088f00000, 0x0000000089000000|  0%| F|  |TAMS 0x0000000088f00000, 0x0000000088f00000| Untracked 
| 144|0x0000000089000000, 0x0000000089000000, 0x0000000089100000|  0%| F|  |TAMS 0x0000000089000000, 0x0000000089000000| Untracked 
| 145|0x0000000089100000, 0x0000000089100000, 0x0000000089200000|  0%| F|  |TAMS 0x0000000089100000, 0x0000000089100000| Untracked 
| 146|0x0000000089200000, 0x0000000089200000, 0x0000000089300000|  0%| F|  |TAMS 0x0000000089200000, 0x0000000089200000| Untracked 
| 147|0x0000000089300000, 0x0000000089300000, 0x0000000089400000|  0%| F|  |TAMS 0x0000000089300000, 0x0000000089300000| Untracked 
| 148|0x0000000089400000, 0x0000000089400000, 0x0000000089500000|  0%| F|  |TAMS 0x0000000089400000, 0x0000000089400000| Untracked 
| 149|0x0000000089500000, 0x0000000089600000, 0x0000000089600000|100%| O|  |TAMS 0x0000000089600000, 0x0000000089500000| Untracked 
| 150|0x0000000089600000, 0x0000000089700000, 0x0000000089700000|100%| O|  |TAMS 0x0000000089700000, 0x0000000089600000| Untracked 
| 151|0x0000000089700000, 0x0000000089800000, 0x0000000089800000|100%| O|  |TAMS 0x0000000089800000, 0x0000000089700000| Untracked 
| 152|0x0000000089800000, 0x0000000089800000, 0x0000000089900000|  0%| F|  |TAMS 0x0000000089800000, 0x0000000089800000| Untracked 
| 153|0x0000000089900000, 0x0000000089900000, 0x0000000089a00000|  0%| F|  |TAMS 0x0000000089900000, 0x0000000089900000| Untracked 
| 154|0x0000000089a00000, 0x0000000089a00000, 0x0000000089b00000|  0%| F|  |TAMS 0x0000000089a00000, 0x0000000089a00000| Untracked 
| 155|0x0000000089b00000, 0x0000000089b00000, 0x0000000089c00000|  0%| F|  |TAMS 0x0000000089b00000, 0x0000000089b00000| Untracked 
| 156|0x0000000089c00000, 0x0000000089c00000, 0x0000000089d00000|  0%| F|  |TAMS 0x0000000089c00000, 0x0000000089c00000| Untracked 
| 157|0x0000000089d00000, 0x0000000089d00000, 0x0000000089e00000|  0%| F|  |TAMS 0x0000000089d00000, 0x0000000089d00000| Untracked 
| 158|0x0000000089e00000, 0x0000000089e00000, 0x0000000089f00000|  0%| F|  |TAMS 0x0000000089e00000, 0x0000000089e00000| Untracked 
| 159|0x0000000089f00000, 0x0000000089f00000, 0x000000008a000000|  0%| F|  |TAMS 0x0000000089f00000, 0x0000000089f00000| Untracked 
| 160|0x000000008a000000, 0x000000008a000000, 0x000000008a100000|  0%| F|  |TAMS 0x000000008a000000, 0x000000008a000000| Untracked 
| 161|0x000000008a100000, 0x000000008a100000, 0x000000008a200000|  0%| F|  |TAMS 0x000000008a100000, 0x000000008a100000| Untracked 
| 162|0x000000008a200000, 0x000000008a200000, 0x000000008a300000|  0%| F|  |TAMS 0x000000008a200000, 0x000000008a200000| Untracked 
| 163|0x000000008a300000, 0x000000008a300000, 0x000000008a400000|  0%| F|  |TAMS 0x000000008a300000, 0x000000008a300000| Untracked 
| 164|0x000000008a400000, 0x000000008a400000, 0x000000008a500000|  0%| F|  |TAMS 0x000000008a400000, 0x000000008a400000| Untracked 
| 165|0x000000008a500000, 0x000000008a500000, 0x000000008a600000|  0%| F|  |TAMS 0x000000008a500000, 0x000000008a500000| Untracked 
| 166|0x000000008a600000, 0x000000008a600000, 0x000000008a700000|  0%| F|  |TAMS 0x000000008a600000, 0x000000008a600000| Untracked 
| 167|0x000000008a700000, 0x000000008a700000, 0x000000008a800000|  0%| F|  |TAMS 0x000000008a700000, 0x000000008a700000| Untracked 
| 168|0x000000008a800000, 0x000000008a800000, 0x000000008a900000|  0%| F|  |TAMS 0x000000008a800000, 0x000000008a800000| Untracked 
| 169|0x000000008a900000, 0x000000008a900000, 0x000000008aa00000|  0%| F|  |TAMS 0x000000008a900000, 0x000000008a900000| Untracked 
| 170|0x000000008aa00000, 0x000000008aa00000, 0x000000008ab00000|  0%| F|  |TAMS 0x000000008aa00000, 0x000000008aa00000| Untracked 
| 171|0x000000008ab00000, 0x000000008ab00000, 0x000000008ac00000|  0%| F|  |TAMS 0x000000008ab00000, 0x000000008ab00000| Untracked 
| 172|0x000000008ac00000, 0x000000008ac00000, 0x000000008ad00000|  0%| F|  |TAMS 0x000000008ac00000, 0x000000008ac00000| Untracked 
| 173|0x000000008ad00000, 0x000000008ad00000, 0x000000008ae00000|  0%| F|  |TAMS 0x000000008ad00000, 0x000000008ad00000| Untracked 
| 174|0x000000008ae00000, 0x000000008ae00000, 0x000000008af00000|  0%| F|  |TAMS 0x000000008ae00000, 0x000000008ae00000| Untracked 
| 175|0x000000008af00000, 0x000000008af00000, 0x000000008b000000|  0%| F|  |TAMS 0x000000008af00000, 0x000000008af00000| Untracked 
| 176|0x000000008b000000, 0x000000008b000000, 0x000000008b100000|  0%| F|  |TAMS 0x000000008b000000, 0x000000008b000000| Untracked 
| 177|0x000000008b100000, 0x000000008b100000, 0x000000008b200000|  0%| F|  |TAMS 0x000000008b100000, 0x000000008b100000| Untracked 
| 178|0x000000008b200000, 0x000000008b200000, 0x000000008b300000|  0%| F|  |TAMS 0x000000008b200000, 0x000000008b200000| Untracked 
| 179|0x000000008b300000, 0x000000008b300000, 0x000000008b400000|  0%| F|  |TAMS 0x000000008b300000, 0x000000008b300000| Untracked 
| 180|0x000000008b400000, 0x000000008b400000, 0x000000008b500000|  0%| F|  |TAMS 0x000000008b400000, 0x000000008b400000| Untracked 
| 181|0x000000008b500000, 0x000000008b500000, 0x000000008b600000|  0%| F|  |TAMS 0x000000008b500000, 0x000000008b500000| Untracked 
| 182|0x000000008b600000, 0x000000008b600000, 0x000000008b700000|  0%| F|  |TAMS 0x000000008b600000, 0x000000008b600000| Untracked 
| 183|0x000000008b700000, 0x000000008b700000, 0x000000008b800000|  0%| F|  |TAMS 0x000000008b700000, 0x000000008b700000| Untracked 
| 184|0x000000008b800000, 0x000000008b800000, 0x000000008b900000|  0%| F|  |TAMS 0x000000008b800000, 0x000000008b800000| Untracked 
| 185|0x000000008b900000, 0x000000008b900000, 0x000000008ba00000|  0%| F|  |TAMS 0x000000008b900000, 0x000000008b900000| Untracked 
| 186|0x000000008ba00000, 0x000000008ba00000, 0x000000008bb00000|  0%| F|  |TAMS 0x000000008ba00000, 0x000000008ba00000| Untracked 
| 187|0x000000008bb00000, 0x000000008bb00000, 0x000000008bc00000|  0%| F|  |TAMS 0x000000008bb00000, 0x000000008bb00000| Untracked 
| 188|0x000000008bc00000, 0x000000008bc00000, 0x000000008bd00000|  0%| F|  |TAMS 0x000000008bc00000, 0x000000008bc00000| Untracked 
| 189|0x000000008bd00000, 0x000000008bd00000, 0x000000008be00000|  0%| F|  |TAMS 0x000000008bd00000, 0x000000008bd00000| Untracked 
| 190|0x000000008be00000, 0x000000008be00000, 0x000000008bf00000|  0%| F|  |TAMS 0x000000008be00000, 0x000000008be00000| Untracked 
| 191|0x000000008bf00000, 0x000000008bf00000, 0x000000008c000000|  0%| F|  |TAMS 0x000000008bf00000, 0x000000008bf00000| Untracked 
| 192|0x000000008c000000, 0x000000008c000000, 0x000000008c100000|  0%| F|  |TAMS 0x000000008c000000, 0x000000008c000000| Untracked 
| 193|0x000000008c100000, 0x000000008c100000, 0x000000008c200000|  0%| F|  |TAMS 0x000000008c100000, 0x000000008c100000| Untracked 
| 194|0x000000008c200000, 0x000000008c200000, 0x000000008c300000|  0%| F|  |TAMS 0x000000008c200000, 0x000000008c200000| Untracked 
| 195|0x000000008c300000, 0x000000008c300000, 0x000000008c400000|  0%| F|  |TAMS 0x000000008c300000, 0x000000008c300000| Untracked 
| 196|0x000000008c400000, 0x000000008c400000, 0x000000008c500000|  0%| F|  |TAMS 0x000000008c400000, 0x000000008c400000| Untracked 
| 197|0x000000008c500000, 0x000000008c500000, 0x000000008c600000|  0%| F|  |TAMS 0x000000008c500000, 0x000000008c500000| Untracked 
| 198|0x000000008c600000, 0x000000008c600000, 0x000000008c700000|  0%| F|  |TAMS 0x000000008c600000, 0x000000008c600000| Untracked 
| 199|0x000000008c700000, 0x000000008c700000, 0x000000008c800000|  0%| F|  |TAMS 0x000000008c700000, 0x000000008c700000| Untracked 
| 200|0x000000008c800000, 0x000000008c800000, 0x000000008c900000|  0%| F|  |TAMS 0x000000008c800000, 0x000000008c800000| Untracked 
| 201|0x000000008c900000, 0x000000008c900000, 0x000000008ca00000|  0%| F|  |TAMS 0x000000008c900000, 0x000000008c900000| Untracked 
| 202|0x000000008ca00000, 0x000000008ca00000, 0x000000008cb00000|  0%| F|  |TAMS 0x000000008ca00000, 0x000000008ca00000| Untracked 
| 203|0x000000008cb00000, 0x000000008cb00000, 0x000000008cc00000|  0%| F|  |TAMS 0x000000008cb00000, 0x000000008cb00000| Untracked 
| 204|0x000000008cc00000, 0x000000008cc00000, 0x000000008cd00000|  0%| F|  |TAMS 0x000000008cc00000, 0x000000008cc00000| Untracked 
| 205|0x000000008cd00000, 0x000000008cd00000, 0x000000008ce00000|  0%| F|  |TAMS 0x000000008cd00000, 0x000000008cd00000| Untracked 
| 206|0x000000008ce00000, 0x000000008ce00000, 0x000000008cf00000|  0%| F|  |TAMS 0x000000008ce00000, 0x000000008ce00000| Untracked 
| 207|0x000000008cf00000, 0x000000008cf00000, 0x000000008d000000|  0%| F|  |TAMS 0x000000008cf00000, 0x000000008cf00000| Untracked 
| 208|0x000000008d000000, 0x000000008d000000, 0x000000008d100000|  0%| F|  |TAMS 0x000000008d000000, 0x000000008d000000| Untracked 
| 209|0x000000008d100000, 0x000000008d100000, 0x000000008d200000|  0%| F|  |TAMS 0x000000008d100000, 0x000000008d100000| Untracked 
| 210|0x000000008d200000, 0x000000008d200000, 0x000000008d300000|  0%| F|  |TAMS 0x000000008d200000, 0x000000008d200000| Untracked 
| 211|0x000000008d300000, 0x000000008d300000, 0x000000008d400000|  0%| F|  |TAMS 0x000000008d300000, 0x000000008d300000| Untracked 
| 212|0x000000008d400000, 0x000000008d400000, 0x000000008d500000|  0%| F|  |TAMS 0x000000008d400000, 0x000000008d400000| Untracked 
| 213|0x000000008d500000, 0x000000008d500000, 0x000000008d600000|  0%| F|  |TAMS 0x000000008d500000, 0x000000008d500000| Untracked 
| 214|0x000000008d600000, 0x000000008d600000, 0x000000008d700000|  0%| F|  |TAMS 0x000000008d600000, 0x000000008d600000| Untracked 
| 215|0x000000008d700000, 0x000000008d7f4858, 0x000000008d800000| 95%| E|  |TAMS 0x000000008d700000, 0x000000008d700000| Complete 
| 216|0x000000008d800000, 0x000000008d900000, 0x000000008d900000|100%| E|CS|TAMS 0x000000008d800000, 0x000000008d800000| Complete 
| 217|0x000000008d900000, 0x000000008da00000, 0x000000008da00000|100%| E|CS|TAMS 0x000000008d900000, 0x000000008d900000| Complete 
| 218|0x000000008da00000, 0x000000008db00000, 0x000000008db00000|100%| E|CS|TAMS 0x000000008da00000, 0x000000008da00000| Complete 
| 219|0x000000008db00000, 0x000000008dc00000, 0x000000008dc00000|100%| E|CS|TAMS 0x000000008db00000, 0x000000008db00000| Complete 
| 220|0x000000008dc00000, 0x000000008dd00000, 0x000000008dd00000|100%| E|CS|TAMS 0x000000008dc00000, 0x000000008dc00000| Complete 
| 221|0x000000008dd00000, 0x000000008de00000, 0x000000008de00000|100%| E|CS|TAMS 0x000000008dd00000, 0x000000008dd00000| Complete 
| 222|0x000000008de00000, 0x000000008df00000, 0x000000008df00000|100%| E|CS|TAMS 0x000000008de00000, 0x000000008de00000| Complete 
| 223|0x000000008df00000, 0x000000008e000000, 0x000000008e000000|100%| E|  |TAMS 0x000000008df00000, 0x000000008df00000| Complete 
| 224|0x000000008e000000, 0x000000008e100000, 0x000000008e100000|100%| E|CS|TAMS 0x000000008e000000, 0x000000008e000000| Complete 
| 225|0x000000008e100000, 0x000000008e200000, 0x000000008e200000|100%| E|CS|TAMS 0x000000008e100000, 0x000000008e100000| Complete 
| 226|0x000000008e200000, 0x000000008e300000, 0x000000008e300000|100%| E|CS|TAMS 0x000000008e200000, 0x000000008e200000| Complete 
| 227|0x000000008e300000, 0x000000008e340050, 0x000000008e400000| 25%| S|CS|TAMS 0x000000008e300000, 0x000000008e300000| Complete 
| 228|0x000000008e400000, 0x000000008e500000, 0x000000008e500000|100%| S|CS|TAMS 0x000000008e400000, 0x000000008e400000| Complete 
| 229|0x000000008e500000, 0x000000008e600000, 0x000000008e600000|100%| E|CS|TAMS 0x000000008e500000, 0x000000008e500000| Complete 
| 230|0x000000008e600000, 0x000000008e700000, 0x000000008e700000|100%| E|CS|TAMS 0x000000008e600000, 0x000000008e600000| Complete 
| 231|0x000000008e700000, 0x000000008e800000, 0x000000008e800000|100%| E|CS|TAMS 0x000000008e700000, 0x000000008e700000| Complete 
| 232|0x000000008e800000, 0x000000008e900000, 0x000000008e900000|100%| E|CS|TAMS 0x000000008e800000, 0x000000008e800000| Complete 
| 233|0x000000008e900000, 0x000000008ea00000, 0x000000008ea00000|100%| E|CS|TAMS 0x000000008e900000, 0x000000008e900000| Complete 
| 234|0x000000008ea00000, 0x000000008eb00000, 0x000000008eb00000|100%| E|CS|TAMS 0x000000008ea00000, 0x000000008ea00000| Complete 
| 235|0x000000008eb00000, 0x000000008ec00000, 0x000000008ec00000|100%| E|CS|TAMS 0x000000008eb00000, 0x000000008eb00000| Complete 
| 236|0x000000008ec00000, 0x000000008ed00000, 0x000000008ed00000|100%| E|CS|TAMS 0x000000008ec00000, 0x000000008ec00000| Complete 
| 237|0x000000008ed00000, 0x000000008ee00000, 0x000000008ee00000|100%| E|CS|TAMS 0x000000008ed00000, 0x000000008ed00000| Complete 

Card table byte_map: [0x0000024f97980000,0x0000024f97d80000] _byte_map_base: 0x0000024f97580000

Marking Bits (Prev, Next): (CMBitMap*) 0x0000024f84ab6cb8, (CMBitMap*) 0x0000024f84ab6cf0
 Prev Bits: [0x0000024f98180000, 0x0000024f9a180000)
 Next Bits: [0x0000024f9a180000, 0x0000024f9c180000)

Polling page: 0x0000024f82980000

Metaspace:

Usage:
  Non-class:     94.11 MB capacity,    92.34 MB ( 98%) used,     1.46 MB (  2%) free+waste,   319.44 KB ( <1%) overhead. 
      Class:     14.41 MB capacity,    13.50 MB ( 94%) used,   794.84 KB (  5%) free+waste,   139.19 KB ( <1%) overhead. 
       Both:    108.52 MB capacity,   105.84 MB ( 98%) used,     2.23 MB (  2%) free+waste,   458.63 KB ( <1%) overhead. 

Virtual space:
  Non-class space:       98.00 MB reserved,      94.32 MB ( 96%) committed 
      Class space:        1.00 GB reserved,      14.50 MB (  1%) committed 
             Both:        1.10 GB reserved,     108.82 MB ( 10%) committed 

Chunk freelists:
   Non-Class:  1.00 KB
       Class:  0 bytes
        Both:  1.00 KB

MaxMetaspaceSize: 17179869184.00 GB
CompressedClassSpaceSize: 1.00 GB
Initial GC threshold: 20.80 MB
Current GC threshold: 174.08 MB
CDS: off

CodeHeap 'non-profiled nmethods': size=120064Kb used=9941Kb max_used=9941Kb free=110122Kb
 bounds [0x0000024f90040000, 0x0000024f90a00000, 0x0000024f97580000]
CodeHeap 'profiled nmethods': size=120000Kb used=33335Kb max_used=33335Kb free=86664Kb
 bounds [0x0000024f88b10000, 0x0000024f8aba0000, 0x0000024f90040000]
CodeHeap 'non-nmethods': size=5696Kb used=2437Kb max_used=2472Kb free=3259Kb
 bounds [0x0000024f88580000, 0x0000024f887f0000, 0x0000024f88b10000]
 total_blobs=16550 nmethods=15588 adapters=873
 compilation: enabled
              stopped_count=0, restarted_count=0
 full_count=0

Compilation events (20 events):
Event: 477.155 Thread 0x0000024f9e6b8000 15996       3       sun.security.provider.DigestBase::engineUpdate (32 bytes)
Event: 477.155 Thread 0x0000024f9e6b8000 nmethod 15996 0x0000024f8ab96d90 code [0x0000024f8ab96f60, 0x0000024f8ab97208]
Event: 477.161 Thread 0x0000024f9e6b8000 15997       3       java.io.ObjectOutputStream$BlockDataOutputStream::write (152 bytes)
Event: 477.162 Thread 0x0000024f9e6b8000 nmethod 15997 0x0000024f8ab97310 code [0x0000024f8ab97540, 0x0000024f8ab97d58]
Event: 477.167 Thread 0x0000024f9e6b8000 15998       3       java.io.ObjectStreamField::<init> (64 bytes)
Event: 477.167 Thread 0x0000024f9e6b8000 nmethod 15998 0x0000024f8ab97f90 code [0x0000024f8ab981c0, 0x0000024f8ab98848]
Event: 477.169 Thread 0x0000024f9e6b8000 15999       3       jdk.internal.reflect.UnsafeStaticFieldAccessorImpl::<init> (17 bytes)
Event: 477.170 Thread 0x0000024f9e6b8000 nmethod 15999 0x0000024f8ab98a90 code [0x0000024f8ab98c80, 0x0000024f8ab98fc8]
Event: 477.170 Thread 0x0000024f9e6b8000 16000       3       jdk.internal.misc.Unsafe::staticFieldOffset (18 bytes)
Event: 477.170 Thread 0x0000024f9e6b8000 nmethod 16000 0x0000024f8ab99110 code [0x0000024f8ab992e0, 0x0000024f8ab994f8]
Event: 477.204 Thread 0x0000024f9e6b8000 16003   !   3       org.gradle.internal.serialize.ExceptionReplacingObjectOutputStream$1::transform (15 bytes)
Event: 477.206 Thread 0x0000024f9e6b8000 nmethod 16003 0x0000024f8ab99610 code [0x0000024f8ab998a0, 0x0000024f8ab9a3c8]
Event: 477.206 Thread 0x0000024f9e6b8000 16004       3       org.gradle.internal.serialize.ExceptionReplacingObjectOutputStream::doReplaceObject (25 bytes)
Event: 477.206 Thread 0x0000024f9e6b8000 nmethod 16004 0x0000024f8ab9a890 code [0x0000024f8ab9ab00, 0x0000024f8ab9b478]
Event: 477.254 Thread 0x0000024f9e6b8000 16005       3       java.util.concurrent.ConcurrentLinkedQueue::bulkRemove (157 bytes)
Event: 477.256 Thread 0x0000024f9e6b8000 nmethod 16005 0x0000024f8ab9b790 code [0x0000024f8ab9ba60, 0x0000024f8ab9cb08]
Event: 477.286 Thread 0x0000024f9e6b8000 16006       3       org.gradle.internal.logging.slf4j.OutputEventListenerBackedLogger::debug (7 bytes)
Event: 477.287 Thread 0x0000024f9e6b8000 nmethod 16006 0x0000024f8ab9d090 code [0x0000024f8ab9d2a0, 0x0000024f8ab9d7d8]
Event: 477.288 Thread 0x0000024f9e6b8000 16007       3       org.gradle.internal.logging.slf4j.BuildOperationAwareLogger::debug (18 bytes)
Event: 477.288 Thread 0x0000024f9e6b8000 nmethod 16007 0x0000024f8ab9da10 code [0x0000024f8ab9dbe0, 0x0000024f8ab9de38]

GC Heap History (20 events):
Event: 68.066 GC heap before
{Heap before GC invocations=56 (full 0):
 garbage-first heap   total 243712K, used 195602K [0x0000000080000000, 0x0000000100000000)
  region size 1024K, 102 young (104448K), 10 survivors (10240K)
 Metaspace       used 95934K, capacity 98402K, committed 98504K, reserved 1134592K
  class space    used 12468K, capacity 13348K, committed 13440K, reserved 1048576K
}
Event: 68.209 GC heap after
{Heap after GC invocations=57 (full 0):
 garbage-first heap   total 243712K, used 106870K [0x0000000080000000, 0x0000000100000000)
  region size 1024K, 9 young (9216K), 9 survivors (9216K)
 Metaspace       used 95934K, capacity 98402K, committed 98504K, reserved 1134592K
  class space    used 12468K, capacity 13348K, committed 13440K, reserved 1048576K
}
Event: 452.538 GC heap before
{Heap before GC invocations=57 (full 0):
 garbage-first heap   total 243712K, used 196982K [0x0000000080000000, 0x0000000100000000)
  region size 1024K, 98 young (100352K), 9 survivors (9216K)
 Metaspace       used 97717K, capacity 100289K, committed 100424K, reserved 1136640K
  class space    used 12630K, capacity 13557K, committed 13568K, reserved 1048576K
}
Event: 452.838 GC heap after
{Heap after GC invocations=58 (full 0):
 garbage-first heap   total 243712K, used 115343K [0x0000000080000000, 0x0000000100000000)
  region size 1024K, 13 young (13312K), 13 survivors (13312K)
 Metaspace       used 97717K, capacity 100289K, committed 100424K, reserved 1136640K
  class space    used 12630K, capacity 13557K, committed 13568K, reserved 1048576K
}
Event: 457.826 GC heap before
{Heap before GC invocations=58 (full 0):
 garbage-first heap   total 243712K, used 200335K [0x0000000080000000, 0x0000000100000000)
  region size 1024K, 94 young (96256K), 13 survivors (13312K)
 Metaspace       used 99813K, capacity 102383K, committed 102728K, reserved 1138688K
  class space    used 12824K, capacity 13725K, committed 13824K, reserved 1048576K
}
Event: 458.088 GC heap after
{Heap after GC invocations=59 (full 0):
 garbage-first heap   total 243712K, used 142336K [0x0000000080000000, 0x0000000100000000)
  region size 1024K, 12 young (12288K), 12 survivors (12288K)
 Metaspace       used 99813K, capacity 102383K, committed 102728K, reserved 1138688K
  class space    used 12824K, capacity 13725K, committed 13824K, reserved 1048576K
}
Event: 458.508 GC heap before
{Heap before GC invocations=59 (full 0):
 garbage-first heap   total 243712K, used 150528K [0x0000000080000000, 0x0000000100000000)
  region size 1024K, 20 young (20480K), 12 survivors (12288K)
 Metaspace       used 99911K, capacity 102450K, committed 102728K, reserved 1138688K
  class space    used 12836K, capacity 13726K, committed 13824K, reserved 1048576K
}
Event: 458.589 GC heap after
{Heap after GC invocations=60 (full 0):
 garbage-first heap   total 243712K, used 145408K [0x0000000080000000, 0x0000000100000000)
  region size 1024K, 2 young (2048K), 2 survivors (2048K)
 Metaspace       used 99911K, capacity 102450K, committed 102728K, reserved 1138688K
  class space    used 12836K, capacity 13726K, committed 13824K, reserved 1048576K
}
Event: 465.381 GC heap before
{Heap before GC invocations=61 (full 0):
 garbage-first heap   total 243712K, used 206848K [0x0000000080000000, 0x0000000100000000)
  region size 1024K, 35 young (35840K), 2 survivors (2048K)
 Metaspace       used 102109K, capacity 104770K, committed 105032K, reserved 1140736K
  class space    used 13061K, capacity 13993K, committed 14080K, reserved 1048576K
}
Event: 465.445 GC heap after
{Heap after GC invocations=62 (full 0):
 garbage-first heap   total 243712K, used 147934K [0x0000000080000000, 0x0000000100000000)
  region size 1024K, 5 young (5120K), 5 survivors (5120K)
 Metaspace       used 102109K, capacity 104770K, committed 105032K, reserved 1140736K
  class space    used 13061K, capacity 13993K, committed 14080K, reserved 1048576K
}
Event: 466.024 GC heap before
{Heap before GC invocations=62 (full 0):
 garbage-first heap   total 243712K, used 153054K [0x0000000080000000, 0x0000000100000000)
  region size 1024K, 11 young (11264K), 5 survivors (5120K)
 Metaspace       used 102646K, capacity 105251K, committed 105544K, reserved 1140736K
  class space    used 13114K, capacity 14025K, committed 14080K, reserved 1048576K
}
Event: 466.075 GC heap after
{Heap after GC invocations=63 (full 0):
 garbage-first heap   total 243712K, used 142212K [0x0000000080000000, 0x0000000100000000)
  region size 1024K, 1 young (1024K), 1 survivors (1024K)
 Metaspace       used 102646K, capacity 105251K, committed 105544K, reserved 1140736K
  class space    used 13114K, capacity 14025K, committed 14080K, reserved 1048576K
}
Event: 466.773 GC heap before
{Heap before GC invocations=63 (full 0):
 garbage-first heap   total 243712K, used 151428K [0x0000000080000000, 0x0000000100000000)
  region size 1024K, 11 young (11264K), 1 survivors (1024K)
 Metaspace       used 103043K, capacity 105637K, committed 105928K, reserved 1140736K
  class space    used 13160K, capacity 14090K, committed 14208K, reserved 1048576K
}
Event: 466.790 GC heap after
{Heap after GC invocations=64 (full 0):
 garbage-first heap   total 243712K, used 143693K [0x0000000080000000, 0x0000000100000000)
  region size 1024K, 2 young (2048K), 2 survivors (2048K)
 Metaspace       used 103043K, capacity 105637K, committed 105928K, reserved 1140736K
  class space    used 13160K, capacity 14090K, committed 14208K, reserved 1048576K
}
Event: 468.726 GC heap before
{Heap before GC invocations=64 (full 0):
 garbage-first heap   total 243712K, used 180557K [0x0000000080000000, 0x0000000100000000)
  region size 1024K, 39 young (39936K), 2 survivors (2048K)
 Metaspace       used 103847K, capacity 106503K, committed 106696K, reserved 1142784K
  class space    used 13254K, capacity 14163K, committed 14208K, reserved 1048576K
}
Event: 468.758 GC heap after
{Heap after GC invocations=65 (full 0):
 garbage-first heap   total 243712K, used 147456K [0x0000000080000000, 0x0000000100000000)
  region size 1024K, 5 young (5120K), 5 survivors (5120K)
 Metaspace       used 103847K, capacity 106503K, committed 106696K, reserved 1142784K
  class space    used 13254K, capacity 14163K, committed 14208K, reserved 1048576K
}
Event: 471.926 GC heap before
{Heap before GC invocations=66 (full 0):
 garbage-first heap   total 243712K, used 169984K [0x0000000080000000, 0x0000000100000000)
  region size 1024K, 44 young (45056K), 5 survivors (5120K)
 Metaspace       used 106639K, capacity 109311K, committed 109384K, reserved 1144832K
  class space    used 13624K, capacity 14556K, committed 14592K, reserved 1048576K
}
Event: 472.017 GC heap after
{Heap after GC invocations=67 (full 0):
 garbage-first heap   total 243712K, used 132469K [0x0000000080000000, 0x0000000100000000)
  region size 1024K, 2 young (2048K), 2 survivors (2048K)
 Metaspace       used 106639K, capacity 109311K, committed 109384K, reserved 1144832K
  class space    used 13624K, capacity 14556K, committed 14592K, reserved 1048576K
}
Event: 472.184 GC heap before
{Heap before GC invocations=67 (full 0):
 garbage-first heap   total 243712K, used 140661K [0x0000000080000000, 0x0000000100000000)
  region size 1024K, 11 young (11264K), 2 survivors (2048K)
 Metaspace       used 107379K, capacity 110047K, committed 110280K, reserved 1144832K
  class space    used 13717K, capacity 14652K, committed 14720K, reserved 1048576K
}
Event: 472.235 GC heap after
{Heap after GC invocations=68 (full 0):
 garbage-first heap   total 243712K, used 116545K [0x0000000080000000, 0x0000000100000000)
  region size 1024K, 2 young (2048K), 2 survivors (2048K)
 Metaspace       used 107379K, capacity 110047K, committed 110280K, reserved 1144832K
  class space    used 13717K, capacity 14652K, committed 14720K, reserved 1048576K
}

Deoptimization events (20 events):
Event: 477.110 Thread 0x0000024fa35c8000 DEOPT PACKING pc=0x0000024f90064964 sp=0x000000a24cdfc2d0
Event: 477.110 Thread 0x0000024fa35c8000 DEOPT UNPACKING pc=0x0000024f885ca1af sp=0x000000a24cdfc278 mode 2
Event: 477.116 Thread 0x0000024fa35c8000 Uncommon trap: trap_request=0xffffff4d fr.pc=0x0000024f9068e3b4 relative=0x00000000000004f4
Event: 477.116 Thread 0x0000024fa35c8000 Uncommon trap: reason=unstable_if action=reinterpret pc=0x0000024f9068e3b4 method=org.gradle.internal.io.StreamByteBuffer.prepareRead()I @ 30 c2
Event: 477.116 Thread 0x0000024fa35c8000 DEOPT PACKING pc=0x0000024f9068e3b4 sp=0x000000a24cdfd9d0
Event: 477.116 Thread 0x0000024fa35c8000 DEOPT UNPACKING pc=0x0000024f885ca1af sp=0x000000a24cdfd930 mode 2
Event: 477.117 Thread 0x0000024fa35c8000 DEOPT PACKING pc=0x0000024f8ab6517d sp=0x000000a24cdfc150
Event: 477.117 Thread 0x0000024fa35c8000 DEOPT UNPACKING pc=0x0000024f885ca95e sp=0x000000a24cdfb618 mode 0
Event: 477.149 Thread 0x0000024fa35c8000 Uncommon trap: trap_request=0xffffffc6 fr.pc=0x0000024f9079af24 relative=0x0000000000000d64
Event: 477.149 Thread 0x0000024fa35c8000 Uncommon trap: reason=bimorphic_or_optimized_type_check action=maybe_recompile pc=0x0000024f9079af24 method=com.google.common.cache.LocalCache$Segment.get(Ljava/lang/Object;I)Ljava/lang/Object; @ 44 c2
Event: 477.149 Thread 0x0000024fa35c8000 DEOPT PACKING pc=0x0000024f9079af24 sp=0x000000a24cdfcd60
Event: 477.149 Thread 0x0000024fa35c8000 DEOPT UNPACKING pc=0x0000024f885ca1af sp=0x000000a24cdfccb0 mode 2
Event: 477.153 Thread 0x0000024fa35c8000 Uncommon trap: trap_request=0xffffff4d fr.pc=0x0000024f9056c40c relative=0x000000000000016c
Event: 477.153 Thread 0x0000024fa35c8000 Uncommon trap: reason=unstable_if action=reinterpret pc=0x0000024f9056c40c method=org.gradle.internal.io.StreamByteBuffer.prepareRead()I @ 30 c2
Event: 477.153 Thread 0x0000024fa35c8000 DEOPT PACKING pc=0x0000024f9056c40c sp=0x000000a24cdfd6f0
Event: 477.153 Thread 0x0000024fa35c8000 DEOPT UNPACKING pc=0x0000024f885ca1af sp=0x000000a24cdfd6a8 mode 2
Event: 477.155 Thread 0x0000024fa35c8000 Uncommon trap: trap_request=0xffffffc6 fr.pc=0x0000024f9079af24 relative=0x0000000000000d64
Event: 477.155 Thread 0x0000024fa35c8000 Uncommon trap: reason=bimorphic_or_optimized_type_check action=maybe_recompile pc=0x0000024f9079af24 method=com.google.common.cache.LocalCache$Segment.get(Ljava/lang/Object;I)Ljava/lang/Object; @ 44 c2
Event: 477.155 Thread 0x0000024fa35c8000 DEOPT PACKING pc=0x0000024f9079af24 sp=0x000000a24cdfc770
Event: 477.155 Thread 0x0000024fa35c8000 DEOPT UNPACKING pc=0x0000024f885ca1af sp=0x000000a24cdfc6c0 mode 2

Classes redefined (0 events):
No events

Internal exceptions (20 events):
Event: 455.862 Thread 0x0000024fa560d000 Implicit null exception at 0x0000024f908684d0 to 0x0000024f90868d98
Event: 455.878 Thread 0x0000024fa560d000 Implicit null exception at 0x0000024f908699f5 to 0x0000024f90869d28
Event: 464.147 Thread 0x0000024fa560d000 Implicit null exception at 0x0000024f908ceed0 to 0x0000024f908cef04
Event: 464.610 Thread 0x0000024fa560d000 Exception <a 'java/lang/NoSuchMethodError'{0x000000008db48488}: <clinit>> (0x000000008db48488) thrown at [./src/hotspot/share/prims/jni.cpp, line 1365]
Event: 464.629 Thread 0x0000024fa560d000 Exception <a 'java/lang/NoSuchMethodError'{0x000000008dbba4c0}: <clinit>> (0x000000008dbba4c0) thrown at [./src/hotspot/share/prims/jni.cpp, line 1365]
Event: 464.639 Thread 0x0000024fa560d000 Exception <a 'java/lang/NoSuchMethodError'{0x000000008dbfd998}: <clinit>> (0x000000008dbfd998) thrown at [./src/hotspot/share/prims/jni.cpp, line 1365]
Event: 465.079 Thread 0x0000024fa560e000 Exception <a 'java/lang/NoSuchMethodError'{0x000000008d0a3ba0}: 'java.lang.Object java.lang.invoke.DirectMethodHandle$Holder.newInvokeSpecial(java.lang.Object, java.lang.Object, java.lang.Object, java.lang.Object)'> (0x000000008d0a3ba0) thrown at [./src/hotspot/share/interpreter/linkResolver.cpp, line 773]
Event: 468.981 Thread 0x0000024fa560e000 Exception <a 'java/lang/NoSuchMethodError'{0x000000008e9e62f0}: <clinit>> (0x000000008e9e62f0) thrown at [./src/hotspot/share/prims/jni.cpp, line 1365]
Event: 468.990 Thread 0x0000024fa560e000 Exception <a 'java/lang/NoSuchMethodError'{0x000000008e81c5a8}: <clinit>> (0x000000008e81c5a8) thrown at [./src/hotspot/share/prims/jni.cpp, line 1365]
Event: 468.994 Thread 0x0000024fa560e000 Exception <a 'java/lang/NoSuchMethodError'{0x000000008e830ae8}: <clinit>> (0x000000008e830ae8) thrown at [./src/hotspot/share/prims/jni.cpp, line 1365]
Event: 475.008 Thread 0x0000024fa560f800 Exception <a 'java/lang/NoSuchMethodError'{0x000000008e2dab18}: 'void java.lang.invoke.DirectMethodHandle$Holder.invokeStatic(java.lang.Object, long)'> (0x000000008e2dab18) thrown at [./src/hotspot/share/interpreter/linkResolver.cpp, line 773]
Event: 475.151 Thread 0x0000024fa560f800 Exception <a 'java/lang/NoSuchMethodError'{0x000000008e2dffd8}: 'java.lang.Object java.lang.invoke.DirectMethodHandle$Holder.invokeStatic(java.lang.Object, long)'> (0x000000008e2dffd8) thrown at [./src/hotspot/share/interpreter/linkResolver.cpp, line 773]
Event: 475.161 Thread 0x0000024fa560f800 Exception <a 'java/lang/NoSuchMethodError'{0x000000008e2e35a8}: 'java.lang.Object java.lang.invoke.DirectMethodHandle$Holder.invokeSpecial(java.lang.Object, java.lang.Object, long)'> (0x000000008e2e35a8) thrown at [./src/hotspot/share/interpreter/linkResolver.cpp, line 773]
Event: 475.234 Thread 0x0000024fa560f800 Exception <a 'java/lang/NoSuchMethodError'{0x000000008e2ee450}: 'java.lang.Object java.lang.invoke.DirectMethodHandle$Holder.invokeStaticInit(java.lang.Object, java.lang.Object, long, java.lang.Object)'> (0x000000008e2ee450) thrown at [./src/hotspot/share/interpreter/linkResolver.cpp, line 773]
Event: 475.821 Thread 0x0000024fa560f800 Exception <a 'java/io/IOException'{0x000000008e123c80}> (0x000000008e123c80) thrown at [./src/hotspot/share/prims/jni.cpp, line 615]
Event: 475.983 Thread 0x0000024fa35d0000 Exception <a 'java/lang/NoSuchMethodError'{0x000000008deef250}: <clinit>> (0x000000008deef250) thrown at [./src/hotspot/share/prims/jni.cpp, line 1365]
Event: 475.994 Thread 0x0000024fa35d0000 Exception <a 'java/lang/NoSuchMethodError'{0x000000008dd11b60}: <clinit>> (0x000000008dd11b60) thrown at [./src/hotspot/share/prims/jni.cpp, line 1365]
Event: 476.148 Thread 0x0000024fa35c8000 Exception <a 'sun/nio/fs/WindowsException'{0x000000008dd31798}> (0x000000008dd31798) thrown at [./src/hotspot/share/prims/jni.cpp, line 615]
Event: 476.149 Thread 0x0000024fa35c8000 Exception <a 'sun/nio/fs/WindowsException'{0x000000008dd31818}> (0x000000008dd31818) thrown at [./src/hotspot/share/prims/jni.cpp, line 615]
Event: 476.150 Thread 0x0000024fa35c8000 Exception <a 'sun/nio/fs/WindowsException'{0x000000008dd33178}> (0x000000008dd33178) thrown at [./src/hotspot/share/prims/jni.cpp, line 615]

Events (20 events):
Event: 477.079 loading class org/gradle/internal/serialize/ExceptionPlaceholder$2 done
Event: 477.082 loading class org/gradle/tooling/internal/provider/serialization/DefaultPayloadClassLoaderRegistry$ClassLoaderSpecVisitor
Event: 477.082 loading class org/gradle/tooling/internal/provider/serialization/DefaultPayloadClassLoaderRegistry$ClassLoaderSpecVisitor done
Event: 477.083 Executing VM operation: Deoptimize
Event: 477.086 Executing VM operation: Deoptimize done
Event: 477.100 loading class org/gradle/internal/serialize/NestedExceptionPlaceholder
Event: 477.100 loading class org/gradle/internal/serialize/NestedExceptionPlaceholder done
Event: 477.101 loading class org/gradle/internal/serialize/NestedExceptionPlaceholder$Kind
Event: 477.101 loading class org/gradle/internal/serialize/NestedExceptionPlaceholder$Kind done
Event: 477.114 Executing VM operation: BulkRevokeBias
Event: 477.115 Executing VM operation: BulkRevokeBias done
Event: 477.128 loading class java/io/NotSerializableException
Event: 477.131 loading class java/io/NotSerializableException done
Event: 477.137 Executing VM operation: BulkRevokeBias
Event: 477.138 Executing VM operation: BulkRevokeBias done
Event: 477.162 loading class java/util/Collections$EmptyListIterator
Event: 477.163 loading class java/util/Collections$EmptyListIterator done
Event: 477.261 Executing VM operation: RevokeBias
Event: 477.261 Executing VM operation: RevokeBias done
Event: 477.262 Thread 0x0000024fa35cf000 Thread exited: 0x0000024fa35cf000


Dynamic libraries:
0x00007ff767650000 - 0x00007ff76765a000 	C:\Program Files\Android\Android Studio\jre\bin\java.exe
0x00007fff00630000 - 0x00007fff00828000 	C:\windows\SYSTEM32\ntdll.dll
0x00007ffeff790000 - 0x00007ffeff84d000 	C:\windows\System32\KERNEL32.DLL
0x00007ffefdd40000 - 0x00007ffefe036000 	C:\windows\System32\KERNELBASE.dll
0x00007ffefe0f0000 - 0x00007ffefe1f0000 	C:\windows\System32\ucrtbase.dll
0x00007ffec2e50000 - 0x00007ffec2e69000 	C:\Program Files\Android\Android Studio\jre\bin\jli.dll
0x00007ffec2620000 - 0x00007ffec2637000 	C:\Program Files\Android\Android Studio\jre\bin\VCRUNTIME140.dll
0x00007ffefe930000 - 0x00007ffefeace000 	C:\windows\System32\USER32.dll
0x00007ffefe3e0000 - 0x00007ffefe402000 	C:\windows\System32\win32u.dll
0x00007ffeff5b0000 - 0x00007ffeff5db000 	C:\windows\System32\GDI32.dll
0x00007ffefe480000 - 0x00007ffefe597000 	C:\windows\System32\gdi32full.dll
0x00007ffefe5d0000 - 0x00007ffefe66d000 	C:\windows\System32\msvcp_win.dll
0x00007ffee76a0000 - 0x00007ffee793a000 	C:\windows\WinSxS\amd64_microsoft.windows.common-controls_6595b64144ccf1df_6.0.19041.3636_none_60b6a03d71f818d5\COMCTL32.dll
0x00007fff003b0000 - 0x00007fff0044e000 	C:\windows\System32\msvcrt.dll
0x00007ffefeae0000 - 0x00007ffefeb12000 	C:\windows\System32\IMM32.DLL
0x00007ffec10d0000 - 0x00007ffec116d000 	C:\Program Files\Android\Android Studio\jre\bin\msvcp140.dll
0x00007ffe746f0000 - 0x00007ffe751d5000 	C:\Program Files\Android\Android Studio\jre\bin\server\jvm.dll
0x00007ffeff200000 - 0x00007ffeff2b3000 	C:\windows\System32\ADVAPI32.dll
0x00007ffeff450000 - 0x00007ffeff4ef000 	C:\windows\System32\sechost.dll
0x00007ffeff2c0000 - 0x00007ffeff3e6000 	C:\windows\System32\RPCRT4.dll
0x00007ffefe5a0000 - 0x00007ffefe5c7000 	C:\windows\System32\bcrypt.dll
0x00007ffefe920000 - 0x00007ffefe928000 	C:\windows\System32\PSAPI.DLL
0x00007ffeddea0000 - 0x00007ffeddea9000 	C:\windows\SYSTEM32\WSOCK32.dll
0x00007fff00450000 - 0x00007fff004bb000 	C:\windows\System32\WS2_32.dll
0x00007ffedfd80000 - 0x00007ffedfda7000 	C:\windows\SYSTEM32\WINMM.dll
0x00007ffef6360000 - 0x00007ffef636a000 	C:\windows\SYSTEM32\VERSION.dll
0x00007ffefc530000 - 0x00007ffefc542000 	C:\windows\SYSTEM32\kernel.appcore.dll
0x00007ffecf910000 - 0x00007ffecf921000 	C:\Program Files\Android\Android Studio\jre\bin\verify.dll
0x00007ffefc240000 - 0x00007ffefc424000 	C:\windows\SYSTEM32\DBGHELP.DLL
0x00007ffee1c50000 - 0x00007ffee1c84000 	C:\windows\SYSTEM32\dbgcore.DLL
0x00007ffefe350000 - 0x00007ffefe3d2000 	C:\windows\System32\bcryptPrimitives.dll
0x00007ffecadc0000 - 0x00007ffecade9000 	C:\Program Files\Android\Android Studio\jre\bin\java.dll
0x00007ffeeabd0000 - 0x00007ffeeabdb000 	C:\Program Files\Android\Android Studio\jre\bin\jimage.dll
0x00007ffecf880000 - 0x00007ffecf898000 	C:\Program Files\Android\Android Studio\jre\bin\zip.dll
0x00007ffeffc60000 - 0x00007fff003a5000 	C:\windows\System32\SHELL32.dll
0x00007ffefb9d0000 - 0x00007ffefc16c000 	C:\windows\SYSTEM32\windows.storage.dll
0x00007ffeff850000 - 0x00007ffeffba4000 	C:\windows\System32\combase.dll
0x00007ffefd6b0000 - 0x00007ffefd6de000 	C:\windows\SYSTEM32\Wldp.dll
0x00007ffeff5e0000 - 0x00007ffeff6ad000 	C:\windows\System32\OLEAUT32.dll
0x00007ffeffbb0000 - 0x00007ffeffc5d000 	C:\windows\System32\SHCORE.dll
0x00007ffefe8c0000 - 0x00007ffefe915000 	C:\windows\System32\shlwapi.dll
0x00007ffefdc20000 - 0x00007ffefdc45000 	C:\windows\SYSTEM32\profapi.dll
0x00007ffecf610000 - 0x00007ffecf62a000 	C:\Program Files\Android\Android Studio\jre\bin\net.dll
0x00007ffeefcd0000 - 0x00007ffeefdda000 	C:\windows\SYSTEM32\WINHTTP.dll
0x00007ffefd3b0000 - 0x00007ffefd41a000 	C:\windows\system32\mswsock.dll
0x00007ffecb480000 - 0x00007ffecb494000 	C:\Program Files\Android\Android Studio\jre\bin\nio.dll
0x00007ffec42b0000 - 0x00007ffec42d7000 	C:\Users\HP\.gradle\native\e1d6ef7f7dcc3fd88c89a11ec53ec762bb8ba0a96d01ffa2cd45eb1d1d8dd5c5\windows-amd64\native-platform.dll
0x00007ffeb5140000 - 0x00007ffeb5284000 	C:\Users\HP\.gradle\native\0d407fdbe67a94daf76414ababcb853783967236a71b16ec16e742cd7a986fd3\windows-amd64\native-platform-file-events.dll
0x00007ffee9820000 - 0x00007ffee982a000 	C:\Program Files\Android\Android Studio\jre\bin\management.dll
0x00007ffee6a20000 - 0x00007ffee6a2d000 	C:\Program Files\Android\Android Studio\jre\bin\management_ext.dll
0x00007ffefd5b0000 - 0x00007ffefd5c8000 	C:\windows\SYSTEM32\CRYPTSP.dll
0x00007ffefcce0000 - 0x00007ffefcd14000 	C:\windows\system32\rsaenh.dll
0x00007ffefdba0000 - 0x00007ffefdbce000 	C:\windows\SYSTEM32\USERENV.dll
0x00007ffefd5a0000 - 0x00007ffefd5ac000 	C:\windows\SYSTEM32\CRYPTBASE.dll
0x00007ffefd0a0000 - 0x00007ffefd0db000 	C:\windows\SYSTEM32\IPHLPAPI.DLL
0x00007ffeff5a0000 - 0x00007ffeff5a8000 	C:\windows\System32\NSI.dll
0x00007ffef3990000 - 0x00007ffef39a7000 	C:\windows\SYSTEM32\dhcpcsvc6.DLL
0x00007ffef3a40000 - 0x00007ffef3a5d000 	C:\windows\SYSTEM32\dhcpcsvc.DLL
0x00007ffefd0e0000 - 0x00007ffefd1ab000 	C:\windows\SYSTEM32\DNSAPI.dll
0x00007ffecaa80000 - 0x00007ffecaaa7000 	C:\Program Files\Android\Android Studio\jre\bin\sunec.dll
0x00007ffee5360000 - 0x00007ffee536a000 	C:\Windows\System32\rasadhlp.dll
0x00007ffee5f80000 - 0x00007ffee6000000 	C:\windows\System32\fwpuclnt.dll
0x00007ffed8330000 - 0x00007ffed8347000 	C:\windows\system32\napinsp.dll
0x00007ffed8310000 - 0x00007ffed832b000 	C:\windows\system32\pnrpnsp.dll
0x00007ffed82f0000 - 0x00007ffed8305000 	C:\windows\system32\wshbth.dll
0x00007ffef9260000 - 0x00007ffef927d000 	C:\windows\system32\NLAapi.dll
0x00007ffed82d0000 - 0x00007ffed82e2000 	C:\windows\System32\winrnr.dll
0x00007ffefce00000 - 0x00007ffefce33000 	C:\windows\SYSTEM32\ntmarta.dll

dbghelp: loaded successfully - version: 4.0.5 - missing functions: none
symbol engine: initialized successfully - sym options: 0x614 - pdb path: .;C:\Program Files\Android\Android Studio\jre\bin;C:\windows\SYSTEM32;C:\windows\WinSxS\amd64_microsoft.windows.common-controls_6595b64144ccf1df_6.0.19041.3636_none_60b6a03d71f818d5;C:\Program Files\Android\Android Studio\jre\bin\server;C:\Users\HP\.gradle\native\e1d6ef7f7dcc3fd88c89a11ec53ec762bb8ba0a96d01ffa2cd45eb1d1d8dd5c5\windows-amd64;C:\Users\HP\.gradle\native\0d407fdbe67a94daf76414ababcb853783967236a71b16ec16e742cd7a986fd3\windows-amd64

VM Arguments:
jvm_args: --add-opens=java.base/java.util=ALL-UNNAMED --add-opens=java.base/java.lang=ALL-UNNAMED --add-opens=java.base/java.lang.invoke=ALL-UNNAMED --add-opens=java.base/java.util=ALL-UNNAMED --add-opens=java.prefs/java.util.prefs=ALL-UNNAMED --add-opens=java.prefs/java.util.prefs=ALL-UNNAMED --add-opens=java.base/java.nio.charset=ALL-UNNAMED --add-opens=java.base/java.net=ALL-UNNAMED --add-opens=java.base/java.util.concurrent.atomic=ALL-UNNAMED -Xmx2048m -Dfile.encoding=UTF-8 -Duser.country=ID -Duser.language=en -Duser.variant 
java_command: org.gradle.launcher.daemon.bootstrap.GradleDaemon 7.5
java_class_path (initial): C:\Users\HP\.gradle\wrapper\dists\gradle-7.5-bin\f1w0cc9nuo0eivz97x2xlu9sv\gradle-7.5\lib\gradle-launcher-7.5.jar
Launcher Type: SUN_STANDARD

[Global flags]
     intx CICompilerCount                          = 3                                         {product} {ergonomic}
     uint ConcGCThreads                            = 1                                         {product} {ergonomic}
     uint G1ConcRefinementThreads                  = 4                                         {product} {ergonomic}
   size_t G1HeapRegionSize                         = 1048576                                   {product} {ergonomic}
    uintx GCDrainStackTargetSize                   = 64                                        {product} {ergonomic}
   size_t InitialHeapSize                          = 65011712                                  {product} {ergonomic}
   size_t MarkStackSize                            = 4194304                                   {product} {ergonomic}
   size_t MaxHeapSize                              = 2147483648                                {product} {command line}
   size_t MaxNewSize                               = 1287651328                                {product} {ergonomic}
   size_t MinHeapDeltaBytes                        = 1048576                                   {product} {ergonomic}
    uintx NonNMethodCodeHeapSize                   = 5830732                                {pd product} {ergonomic}
    uintx NonProfiledCodeHeapSize                  = 122913754                              {pd product} {ergonomic}
    uintx ProfiledCodeHeapSize                     = 122913754                              {pd product} {ergonomic}
    uintx ReservedCodeCacheSize                    = 251658240                              {pd product} {ergonomic}
     bool SegmentedCodeCache                       = true                                      {product} {ergonomic}
     bool UseCompressedClassPointers               = true                                 {lp64_product} {ergonomic}
     bool UseCompressedOops                        = true                                 {lp64_product} {ergonomic}
     bool UseG1GC                                  = true                                      {product} {ergonomic}
     bool UseLargePagesIndividualAllocation        = false                                  {pd product} {ergonomic}

Logging:
Log output configuration:
 #0: stdout all=warning uptime,level,tags
 #1: stderr all=off uptime,level,tags

Environment Variables:
PATH=C:\oraclexe\app\oracle\product\11.2.0\server\bin;C:\Program Files\Common Files\Oracle\Java\javapath;C:\windows\system32;C:\windows;C:\windows\System32\Wbem;C:\windows\System32\WindowsPowerShell\v1.0\;C:\windows\System32\OpenSSH\;C:\Program Files\nodejs\;C:\ProgramData\chocolatey\bin;C:\Program Files\Git\cmd;C:\xampp\php;C:\ProgramData\ComposerSetup\bin;C:\Program Files\MATLAB\R2013a\runtime\win64;C:\Program Files\MATLAB\R2013a\bin;C:\Users\HP\AppData\Local\Programs\Python\Python310\Scripts;C:\Users\HP\AppData\Local\Programs\Python\Python310;C:\Users\HP\AppData\Local\Android\Sdk\platform-tools;C:\Program Files (x86)\Brackets\command;C:\Users\HP\AppData\Local\Programs\Python\Python38\Scripts\;C:\Users\HP\AppData\Local\Programs\Python\Python38\;C:\Users\HP\AppData\Local\Microsoft\WindowsApps;C:\Users\HP\AppData\Local\Programs\Microsoft VS Code\bin;C:\Users\HP\AppData\Roaming\npm;C:\Program Files\nodejs;C:\Users\HP\AppData\Roaming\Composer\vendor\bin;C:\Users\HP\AppData\Local\Android\Sdk\platform-tools;C:\Users\HP\AppData\Local\GitHubDesktop\bin;;C:\Program Files\JetBrains\PyCharm Community Edition 2023.2.5\bin;
USERNAME=HP
OS=Windows_NT
PROCESSOR_IDENTIFIER=Intel64 Family 6 Model 142 Stepping 12, GenuineIntel



---------------  S Y S T E M  ---------------

OS: Windows 10 , 64 bit Build 19041 (10.0.19041.3636)
OS uptime: 1 days 0:45 hours

CPU:total 4 (initial active 4) (2 cores per cpu, 2 threads per core) family 6 model 142 stepping 12 microcode 0xde, cmov, cx8, fxsr, mmx, sse, sse2, sse3, ssse3, sse4.1, sse4.2, popcnt, avx, avx2, aes, clmul, erms, 3dnowpref, lzcnt, ht, tsc, tscinvbit, bmi1, bmi2, adx, fma

Memory: 4k page, system-wide physical 3919M (73M free)
TotalPageFile size 15695M (AvailPageFile size 4M)
current process WorkingSet (physical memory assigned to process): 231M, peak: 365M
current process commit charge ("private bytes"): 551M, peak: 553M

vm_info: OpenJDK 64-Bit Server VM (11.0.12+7-b1504.28-7817840) for windows-amd64 JRE (11.0.12+7-b1504.28-7817840), built on Oct 13 2021 22:12:33 by "builder" with MS VC++ 14.0 (VS2015)

END.
