#
# There is insufficient memory for the Java Runtime Environment to continue.
# Native memory allocation (mmap) failed to map 34603008 bytes for Failed to commit area from 0x000000008a100000 to 0x000000008c200000 of length 34603008.
# Possible reasons:
#   The system is out of physical RAM or swap space
#   The process is running with CompressedOops enabled, and the Java Heap may be blocking the growth of the native heap
# Possible solutions:
#   Reduce memory load on the system
#   Increase physical memory or swap space
#   Check if swap backing store is full
#   Decrease Java heap size (-Xmx/-Xms)
#   Decrease number of Java threads
#   Decrease Java thread stack sizes (-Xss)
#   Set larger code cache with -XX:ReservedCodeCacheSize=
#   JVM is running with Unscaled Compressed Oops mode in which the Java heap is
#     placed in the first 4GB address space. The Java Heap base address is the
#     maximum limit for the native heap growth. Please use -XX:HeapBaseMinAddress
#     to set the Java Heap base and to place the Java Heap above 4GB virtual address.
# This output file may be truncated or incomplete.
#
#  Out of Memory Error (./src/hotspot/os/windows/os_windows.cpp:3521), pid=14432, tid=10732
#
# JRE version: OpenJDK Runtime Environment (11.0.12+7) (build 11.0.12+7-b1504.28-7817840)
# Java VM: OpenJDK 64-Bit Server VM (11.0.12+7-b1504.28-7817840, mixed mode, tiered, compressed oops, g1 gc, windows-amd64)
# No core dump will be written. Minidumps are not enabled by default on client versions of Windows
#

---------------  S U M M A R Y ------------

Command Line: --add-opens=java.base/java.util=ALL-UNNAMED --add-opens=java.base/java.lang=ALL-UNNAMED --add-opens=java.base/java.lang.invoke=ALL-UNNAMED --add-opens=java.base/java.util=ALL-UNNAMED --add-opens=java.prefs/java.util.prefs=ALL-UNNAMED --add-opens=java.prefs/java.util.prefs=ALL-UNNAMED --add-opens=java.base/java.nio.charset=ALL-UNNAMED --add-opens=java.base/java.net=ALL-UNNAMED --add-opens=java.base/java.util.concurrent.atomic=ALL-UNNAMED -Xmx2048m -Dfile.encoding=UTF-8 -Duser.country=ID -Duser.language=en -Duser.variant org.gradle.launcher.daemon.bootstrap.GradleDaemon 7.5

Host: Intel(R) Core(TM) i3-10110U CPU @ 2.10GHz, 4 cores, 3G,  Windows 10 , 64 bit Build 19041 (10.0.19041.3636)
Time: Fri Mar  1 20:54:00 2024 SE Asia Standard Time elapsed time: 52.359295 seconds (0d 0h 0m 52s)

---------------  T H R E A D  ---------------

Current thread (0x000001e95b12c000):  VMThread "VM Thread" [stack: 0x000000b28d100000,0x000000b28d200000] [id=10732]

Stack: [0x000000b28d100000,0x000000b28d200000]
[error occurred during error reporting (printing stack bounds), id 0xc0000005, EXCEPTION_ACCESS_VIOLATION (0xc0000005) at pc=0x000001e94508112d]

Native frames: (J=compiled Java code, j=interpreted, Vv=VM code, C=native code)
V  [jvm.dll+0x5fbcea]
V  [jvm.dll+0x731905]
V  [jvm.dll+0x732f1d]
V  [jvm.dll+0x733535]
V  [jvm.dll+0x7334eb]
V  [jvm.dll+0x5fb080]
V  [jvm.dll+0x5fb818]
C  [ntdll.dll+0xa23af]
C  [ntdll.dll+0x514b4]
C  [ntdll.dll+0xa0ebe]
C  0x000001e94508112d

VM_Operation (0x000000b28e3f5e50): G1CollectForAllocation, mode: safepoint, requested by thread 0x000001e95db43800


---------------  P R O C E S S  ---------------

Threads class SMR info:
_java_thread_list=0x000001e962728140, length=37, elements={
0x000001e941574000, 0x000001e95b132000, 0x000001e95b13b800, 0x000001e95bab4800,
0x000001e95bab6000, 0x000001e95bab8000, 0x000001e95babb000, 0x000001e95b1ac000,
0x000001e95bae7800, 0x000001e95bbff000, 0x000001e95daac800, 0x000001e95c53a000,
0x000001e95cb74800, 0x000001e95dff8800, 0x000001e95c4aa000, 0x000001e95db94800,
0x000001e95db43800, 0x000001e95cb9c800, 0x000001e95cc53800, 0x000001e95cb7f800,
0x000001e95cb80800, 0x000001e95cb83000, 0x000001e95cb7d800, 0x000001e95cb84000,
0x000001e95cb81800, 0x000001e95cb82000, 0x000001e95cb7e000, 0x000001e95cb7f000,
0x000001e95df0d000, 0x000001e95df0e000, 0x000001e95df0e800, 0x000001e95df09000,
0x000001e95df0f800, 0x000001e95df0a000, 0x000001e95df10800, 0x000001e95df0b800,
0x000001e95df14800
}

Java Threads: ( => current thread )
  0x000001e941574000 JavaThread "main" [_thread_blocked, id=8584, stack(0x000000b28cb00000,0x000000b28cc00000)]
  0x000001e95b132000 JavaThread "Reference Handler" daemon [_thread_blocked, id=1264, stack(0x000000b28d200000,0x000000b28d300000)]
  0x000001e95b13b800 JavaThread "Finalizer" daemon [_thread_blocked, id=16392, stack(0x000000b28d300000,0x000000b28d400000)]
  0x000001e95bab4800 JavaThread "Signal Dispatcher" daemon [_thread_blocked, id=2740, stack(0x000000b28d400000,0x000000b28d500000)]
  0x000001e95bab6000 JavaThread "Attach Listener" daemon [_thread_blocked, id=5508, stack(0x000000b28d500000,0x000000b28d600000)]
  0x000001e95bab8000 JavaThread "Service Thread" daemon [_thread_blocked, id=11140, stack(0x000000b28d600000,0x000000b28d700000)]
  0x000001e95babb000 JavaThread "C2 CompilerThread0" daemon [_thread_in_native, id=20740, stack(0x000000b28d700000,0x000000b28d800000)]
  0x000001e95b1ac000 JavaThread "C1 CompilerThread0" daemon [_thread_blocked, id=9020, stack(0x000000b28d800000,0x000000b28d900000)]
  0x000001e95bae7800 JavaThread "Sweeper thread" daemon [_thread_blocked, id=21284, stack(0x000000b28d900000,0x000000b28da00000)]
  0x000001e95bbff000 JavaThread "Common-Cleaner" daemon [_thread_blocked, id=576, stack(0x000000b28da00000,0x000000b28db00000)]
  0x000001e95daac800 JavaThread "Daemon health stats" [_thread_blocked, id=12896, stack(0x000000b28dd00000,0x000000b28de00000)]
  0x000001e95c53a000 JavaThread "Incoming local TCP Connector on port 55276" [_thread_in_native, id=19716, stack(0x000000b28de00000,0x000000b28df00000)]
  0x000001e95cb74800 JavaThread "Daemon periodic checks" [_thread_blocked, id=8816, stack(0x000000b28df00000,0x000000b28e000000)]
  0x000001e95dff8800 JavaThread "Daemon" [_thread_blocked, id=8808, stack(0x000000b28e000000,0x000000b28e100000)]
  0x000001e95c4aa000 JavaThread "Handler for socket connection from /127.0.0.1:55276 to /127.0.0.1:55277" [_thread_in_native, id=10936, stack(0x000000b28e100000,0x000000b28e200000)]
  0x000001e95db94800 JavaThread "Cancel handler" [_thread_blocked, id=14956, stack(0x000000b28e200000,0x000000b28e300000)]
  0x000001e95db43800 JavaThread "Daemon worker" [_thread_blocked, id=20916, stack(0x000000b28e300000,0x000000b28e400000)]
  0x000001e95cb9c800 JavaThread "Asynchronous log dispatcher for DefaultDaemonConnection: socket connection from /127.0.0.1:55276 to /127.0.0.1:55277" [_thread_blocked, id=18428, stack(0x000000b28e400000,0x000000b28e500000)]
  0x000001e95cc53800 JavaThread "Stdin handler" [_thread_blocked, id=18696, stack(0x000000b28e500000,0x000000b28e600000)]
  0x000001e95cb7f800 JavaThread "Daemon client event forwarder" [_thread_blocked, id=21452, stack(0x000000b28e600000,0x000000b28e700000)]
  0x000001e95cb80800 JavaThread "Cache worker for journal cache (C:\Users\HP\.gradle\caches\journal-1)" [_thread_blocked, id=13604, stack(0x000000b28e900000,0x000000b28ea00000)]
  0x000001e95cb83000 JavaThread "File lock request listener" [_thread_in_native, id=10248, stack(0x000000b28ea00000,0x000000b28eb00000)]
  0x000001e95cb7d800 JavaThread "Cache worker for file hash cache (C:\Users\HP\.gradle\caches\7.5\fileHashes)" [_thread_blocked, id=13924, stack(0x000000b28eb00000,0x000000b28ec00000)]
  0x000001e95cb84000 JavaThread "File watcher server" daemon [_thread_in_native, id=20624, stack(0x000000b28ec00000,0x000000b28ed00000)]
  0x000001e95cb81800 JavaThread "File watcher consumer" daemon [_thread_blocked, id=20704, stack(0x000000b28ed00000,0x000000b28ee00000)]
  0x000001e95cb82000 JavaThread "jar transforms" [_thread_blocked, id=4748, stack(0x000000b28ee00000,0x000000b28ef00000)]
  0x000001e95cb7e000 JavaThread "jar transforms Thread 2" [_thread_blocked, id=11256, stack(0x000000b28ef00000,0x000000b28f000000)]
  0x000001e95cb7f000 JavaThread "jar transforms Thread 3" [_thread_blocked, id=11988, stack(0x000000b28f000000,0x000000b28f100000)]
  0x000001e95df0d000 JavaThread "jar transforms Thread 4" [_thread_blocked, id=6468, stack(0x000000b28f100000,0x000000b28f200000)]
  0x000001e95df0e000 JavaThread "Cache worker for checksums cache (C:\Users\HP\AndroidStudioProjects\facial\.gradle\7.5\checksums)" [_thread_blocked, id=2420, stack(0x000000b28f200000,0x000000b28f300000)]
  0x000001e95df0e800 JavaThread "Cache worker for cache directory md-rule (C:\Users\HP\.gradle\caches\7.5\md-rule)" [_thread_blocked, id=9296, stack(0x000000b28f300000,0x000000b28f400000)]
  0x000001e95df09000 JavaThread "Cache worker for file content cache (C:\Users\HP\.gradle\caches\7.5\fileContent)" [_thread_blocked, id=10528, stack(0x000000b28f400000,0x000000b28f500000)]
  0x000001e95df0f800 JavaThread "Cache worker for file hash cache (C:\Users\HP\AndroidStudioProjects\facial\.gradle\7.5\fileHashes)" [_thread_blocked, id=4800, stack(0x000000b28f500000,0x000000b28f600000)]
  0x000001e95df0a000 JavaThread "Cache worker for cache directory md-supplier (C:\Users\HP\.gradle\caches\7.5\md-supplier)" [_thread_blocked, id=17804, stack(0x000000b28f600000,0x000000b28f700000)]
  0x000001e95df10800 JavaThread "Cache worker for execution history cache (C:\Users\HP\.gradle\caches\7.5\executionHistory)" [_thread_blocked, id=3768, stack(0x000000b28f700000,0x000000b28f800000)]
  0x000001e95df0b800 JavaThread "Cache worker for dependencies-accessors (C:\Users\HP\AndroidStudioProjects\facial\.gradle\7.5\dependencies-accessors)" [_thread_blocked, id=3980, stack(0x000000b28fa00000,0x000000b28fb00000)]
  0x000001e95df14800 JavaThread "Cache worker for Build Output Cleanup Cache (C:\Users\HP\AndroidStudioProjects\facial\.gradle\buildOutputCleanup)" [_thread_blocked, id=5608, stack(0x000000b28fb00000,0x000000b28fc00000)]

Other Threads:
=>0x000001e95b12c000 VMThread "VM Thread" [stack: 0x000000b28d100000,0x000000b28d200000] [id=10732]
  0x000001e95bc50800 WatcherThread [stack: 0x000000b28db00000,0x000000b28dc00000] [id=12588]
  0x000001e94158d800 GCTaskThread "GC Thread#0" [stack: 0x000000b28cc00000,0x000000b28cd00000] [id=21292]
  0x000001e95c3a2800 GCTaskThread "GC Thread#1" [stack: 0x000000b28dc00000,0x000000b28dd00000] [id=13932]
  0x000001e95dd2d000 GCTaskThread "GC Thread#2" [stack: 0x000000b28e700000,0x000000b28e800000] [id=13012]
  0x000001e95dde1000 GCTaskThread "GC Thread#3" [stack: 0x000000b28e800000,0x000000b28e900000] [id=14604]
  0x000001e9415bd800 ConcurrentGCThread "G1 Main Marker" [stack: 0x000000b28cd00000,0x000000b28ce00000] [id=3772]
  0x000001e9415bf000 ConcurrentGCThread "G1 Conc#0" [stack: 0x000000b28ce00000,0x000000b28cf00000] [id=11684]
  0x000001e941617000 ConcurrentGCThread "G1 Refine#0" [stack: 0x000000b28cf00000,0x000000b28d000000] [id=12484]
  0x000001e941618000 ConcurrentGCThread "G1 Young RemSet Sampling" [stack: 0x000000b28d000000,0x000000b28d100000] [id=18552]

Threads with active compile tasks:
C2 CompilerThread0  52389 6634       4       groovy.lang.MetaClassImpl$1MOPIter::methodNameAction (325 bytes)

VM state:at safepoint (normal execution)

VM Mutex/Monitor currently owned by a thread:  ([mutex/lock_event])
[0x000001e9415717e0] Threads_lock - owner thread: 0x000001e95b12c000
[0x000001e9415704c0] Heap_lock - owner thread: 0x000001e95db43800

Heap address: 0x0000000080000000, size: 2048 MB, Compressed Oops mode: 32-bit
Narrow klass base: 0x0000000000000000, Narrow klass shift: 3
Compressed class space size: 1073741824 Address: 0x0000000100000000

Heap:
 garbage-first heap   total 198656K, used 69354K [0x0000000080000000, 0x0000000100000000)
  region size 1024K, 9 young (9216K), 9 survivors (9216K)
 Metaspace       used 55724K, capacity 57544K, committed 57648K, reserved 1099776K
  class space    used 7197K, capacity 7792K, committed 7808K, reserved 1048576K
Heap Regions: E=young(eden), S=young(survivor), O=old, HS=humongous(starts), HC=humongous(continues), CS=collection set, F=free, A=archive, TAMS=top-at-mark-start (previous, next)
|   0|0x0000000080000000, 0x0000000080100000, 0x0000000080100000|100%|HS|  |TAMS 0x0000000080100000, 0x0000000080000000| Complete 
|   1|0x0000000080100000, 0x0000000080200000, 0x0000000080200000|100%|HC|  |TAMS 0x0000000080200000, 0x0000000080100000| Complete 
|   2|0x0000000080200000, 0x0000000080300000, 0x0000000080300000|100%|HC|  |TAMS 0x0000000080300000, 0x0000000080200000| Complete 
|   3|0x0000000080300000, 0x0000000080400000, 0x0000000080400000|100%| O|  |TAMS 0x0000000080400000, 0x0000000080300000| Untracked 
|   4|0x0000000080400000, 0x0000000080500000, 0x0000000080500000|100%| O|  |TAMS 0x0000000080500000, 0x0000000080400000| Untracked 
|   5|0x0000000080500000, 0x0000000080600000, 0x0000000080600000|100%| O|  |TAMS 0x0000000080600000, 0x0000000080500000| Untracked 
|   6|0x0000000080600000, 0x0000000080700000, 0x0000000080700000|100%| O|  |TAMS 0x0000000080700000, 0x0000000080600000| Untracked 
|   7|0x0000000080700000, 0x0000000080800000, 0x0000000080800000|100%| O|  |TAMS 0x0000000080800000, 0x0000000080700000| Untracked 
|   8|0x0000000080800000, 0x0000000080900000, 0x0000000080900000|100%| O|  |TAMS 0x0000000080900000, 0x0000000080800000| Untracked 
|   9|0x0000000080900000, 0x0000000080a00000, 0x0000000080a00000|100%| O|  |TAMS 0x0000000080a00000, 0x0000000080900000| Untracked 
|  10|0x0000000080a00000, 0x0000000080b00000, 0x0000000080b00000|100%| O|  |TAMS 0x0000000080b00000, 0x0000000080a00000| Untracked 
|  11|0x0000000080b00000, 0x0000000080c00000, 0x0000000080c00000|100%| O|  |TAMS 0x0000000080c00000, 0x0000000080b00000| Untracked 
|  12|0x0000000080c00000, 0x0000000080d00000, 0x0000000080d00000|100%| O|  |TAMS 0x0000000080d00000, 0x0000000080c00000| Untracked 
|  13|0x0000000080d00000, 0x0000000080e00000, 0x0000000080e00000|100%| O|  |TAMS 0x0000000080e00000, 0x0000000080d00000| Untracked 
|  14|0x0000000080e00000, 0x0000000080f00000, 0x0000000080f00000|100%| O|  |TAMS 0x0000000080f00000, 0x0000000080e00000| Untracked 
|  15|0x0000000080f00000, 0x0000000081000000, 0x0000000081000000|100%| O|  |TAMS 0x0000000081000000, 0x0000000080f00000| Untracked 
|  16|0x0000000081000000, 0x0000000081100000, 0x0000000081100000|100%| O|  |TAMS 0x0000000081100000, 0x0000000081000000| Untracked 
|  17|0x0000000081100000, 0x0000000081200000, 0x0000000081200000|100%|HS|  |TAMS 0x0000000081200000, 0x0000000081100000| Complete 
|  18|0x0000000081200000, 0x0000000081300000, 0x0000000081300000|100%|HC|  |TAMS 0x0000000081300000, 0x0000000081200000| Complete 
|  19|0x0000000081300000, 0x0000000081400000, 0x0000000081400000|100%|HS|  |TAMS 0x0000000081400000, 0x0000000081300000| Complete 
|  20|0x0000000081400000, 0x0000000081500000, 0x0000000081500000|100%|HC|  |TAMS 0x0000000081500000, 0x0000000081400000| Complete 
|  21|0x0000000081500000, 0x0000000081600000, 0x0000000081600000|100%|HC|  |TAMS 0x0000000081600000, 0x0000000081500000| Complete 
|  22|0x0000000081600000, 0x0000000081700000, 0x0000000081700000|100%|HS|  |TAMS 0x0000000081700000, 0x0000000081600000| Complete 
|  23|0x0000000081700000, 0x0000000081800000, 0x0000000081800000|100%|HS|  |TAMS 0x0000000081800000, 0x0000000081700000| Complete 
|  24|0x0000000081800000, 0x0000000081900000, 0x0000000081900000|100%|HC|  |TAMS 0x0000000081900000, 0x0000000081800000| Complete 
|  25|0x0000000081900000, 0x0000000081a00000, 0x0000000081a00000|100%|HC|  |TAMS 0x0000000081a00000, 0x0000000081900000| Complete 
|  26|0x0000000081a00000, 0x0000000081b00000, 0x0000000081b00000|100%|HC|  |TAMS 0x0000000081b00000, 0x0000000081a00000| Complete 
|  27|0x0000000081b00000, 0x0000000081c00000, 0x0000000081c00000|100%| O|  |TAMS 0x0000000081c00000, 0x0000000081b00000| Untracked 
|  28|0x0000000081c00000, 0x0000000081d00000, 0x0000000081d00000|100%| O|  |TAMS 0x0000000081d00000, 0x0000000081c00000| Untracked 
|  29|0x0000000081d00000, 0x0000000081e00000, 0x0000000081e00000|100%| O|  |TAMS 0x0000000081e00000, 0x0000000081d00000| Untracked 
|  30|0x0000000081e00000, 0x0000000081f00000, 0x0000000081f00000|100%| O|  |TAMS 0x0000000081f00000, 0x0000000081e00000| Untracked 
|  31|0x0000000081f00000, 0x0000000082000000, 0x0000000082000000|100%| O|  |TAMS 0x0000000082000000, 0x0000000081f00000| Untracked 
|  32|0x0000000082000000, 0x0000000082100000, 0x0000000082100000|100%| O|  |TAMS 0x0000000082100000, 0x0000000082000000| Untracked 
|  33|0x0000000082100000, 0x0000000082200000, 0x0000000082200000|100%| O|  |TAMS 0x0000000082200000, 0x0000000082100000| Untracked 
|  34|0x0000000082200000, 0x0000000082300000, 0x0000000082300000|100%| O|  |TAMS 0x0000000082300000, 0x0000000082200000| Untracked 
|  35|0x0000000082300000, 0x0000000082400000, 0x0000000082400000|100%| O|  |TAMS 0x0000000082400000, 0x0000000082300000| Untracked 
|  36|0x0000000082400000, 0x0000000082500000, 0x0000000082500000|100%| O|  |TAMS 0x0000000082500000, 0x0000000082400000| Untracked 
|  37|0x0000000082500000, 0x0000000082600000, 0x0000000082600000|100%| O|  |TAMS 0x0000000082600000, 0x0000000082500000| Untracked 
|  38|0x0000000082600000, 0x0000000082700000, 0x0000000082700000|100%| O|  |TAMS 0x0000000082700000, 0x0000000082600000| Untracked 
|  39|0x0000000082700000, 0x0000000082700000, 0x0000000082800000|  0%| F|  |TAMS 0x0000000082700000, 0x0000000082700000| Untracked 
|  40|0x0000000082800000, 0x0000000082900000, 0x0000000082900000|100%| O|  |TAMS 0x0000000082800000, 0x0000000082800000| Untracked 
|  41|0x0000000082900000, 0x0000000082a00000, 0x0000000082a00000|100%| O|  |TAMS 0x0000000082900000, 0x0000000082900000| Untracked 
|  42|0x0000000082a00000, 0x0000000082b00000, 0x0000000082b00000|100%| O|  |TAMS 0x0000000082b00000, 0x0000000082a00000| Untracked 
|  43|0x0000000082b00000, 0x0000000082c00000, 0x0000000082c00000|100%| O|  |TAMS 0x0000000082c00000, 0x0000000082b00000| Untracked 
|  44|0x0000000082c00000, 0x0000000082d00000, 0x0000000082d00000|100%| O|  |TAMS 0x0000000082d00000, 0x0000000082c00000| Untracked 
|  45|0x0000000082d00000, 0x0000000082e00000, 0x0000000082e00000|100%| O|  |TAMS 0x0000000082e00000, 0x0000000082d00000| Untracked 
|  46|0x0000000082e00000, 0x0000000082f00000, 0x0000000082f00000|100%| O|  |TAMS 0x0000000082f00000, 0x0000000082e00000| Untracked 
|  47|0x0000000082f00000, 0x0000000083000000, 0x0000000083000000|100%| O|  |TAMS 0x0000000083000000, 0x0000000082f00000| Untracked 
|  48|0x0000000083000000, 0x0000000083100000, 0x0000000083100000|100%| O|  |TAMS 0x000000008302fe00, 0x0000000083000000| Untracked 
|  49|0x0000000083100000, 0x0000000083200000, 0x0000000083200000|100%|HS|  |TAMS 0x0000000083100000, 0x0000000083100000| Complete 
|  50|0x0000000083200000, 0x0000000083300000, 0x0000000083300000|100%|HS|  |TAMS 0x0000000083200000, 0x0000000083200000| Complete 
|  51|0x0000000083300000, 0x0000000083400000, 0x0000000083400000|100%|HC|  |TAMS 0x0000000083300000, 0x0000000083300000| Complete 
|  52|0x0000000083400000, 0x0000000083500000, 0x0000000083500000|100%|HC|  |TAMS 0x0000000083400000, 0x0000000083400000| Complete 
|  53|0x0000000083500000, 0x0000000083600000, 0x0000000083600000|100%| O|  |TAMS 0x0000000083500000, 0x0000000083500000| Untracked 
|  54|0x0000000083600000, 0x0000000083700000, 0x0000000083700000|100%|HS|  |TAMS 0x0000000083600000, 0x0000000083600000| Complete 
|  55|0x0000000083700000, 0x0000000083800000, 0x0000000083800000|100%|HC|  |TAMS 0x0000000083700000, 0x0000000083700000| Complete 
|  56|0x0000000083800000, 0x0000000083900000, 0x0000000083900000|100%|HC|  |TAMS 0x0000000083800000, 0x0000000083800000| Complete 
|  57|0x0000000083900000, 0x0000000083a00000, 0x0000000083a00000|100%|HC|  |TAMS 0x0000000083900000, 0x0000000083900000| Complete 
|  58|0x0000000083a00000, 0x0000000083ad7400, 0x0000000083b00000| 84%| O|  |TAMS 0x0000000083a00000, 0x0000000083a00000| Untracked 
|  59|0x0000000083b00000, 0x0000000083b00000, 0x0000000083c00000|  0%| F|  |TAMS 0x0000000083b00000, 0x0000000083b00000| Untracked 
|  60|0x0000000083c00000, 0x0000000083c00000, 0x0000000083d00000|  0%| F|  |TAMS 0x0000000083c00000, 0x0000000083c00000| Untracked 
|  61|0x0000000083d00000, 0x0000000083d00000, 0x0000000083e00000|  0%| F|  |TAMS 0x0000000083d00000, 0x0000000083d00000| Untracked 
|  62|0x0000000083e00000, 0x0000000083f00000, 0x0000000083f00000|100%| O|  |TAMS 0x0000000083f00000, 0x0000000083e00000| Untracked 
|  63|0x0000000083f00000, 0x0000000083f00000, 0x0000000084000000|  0%| F|  |TAMS 0x0000000083f00000, 0x0000000083f00000| Untracked 
|  64|0x0000000084000000, 0x0000000084000000, 0x0000000084100000|  0%| F|  |TAMS 0x0000000084000000, 0x0000000084000000| Untracked 
|  65|0x0000000084100000, 0x0000000084100000, 0x0000000084200000|  0%| F|  |TAMS 0x0000000084100000, 0x0000000084100000| Untracked 
|  66|0x0000000084200000, 0x0000000084200000, 0x0000000084300000|  0%| F|  |TAMS 0x0000000084200000, 0x0000000084200000| Untracked 
|  67|0x0000000084300000, 0x0000000084300000, 0x0000000084400000|  0%| F|  |TAMS 0x0000000084300000, 0x0000000084300000| Untracked 
|  68|0x0000000084400000, 0x0000000084400000, 0x0000000084500000|  0%| F|  |TAMS 0x0000000084400000, 0x0000000084400000| Untracked 
|  69|0x0000000084500000, 0x0000000084500000, 0x0000000084600000|  0%| F|  |TAMS 0x0000000084500000, 0x0000000084500000| Untracked 
|  70|0x0000000084600000, 0x0000000084600000, 0x0000000084700000|  0%| F|  |TAMS 0x0000000084600000, 0x0000000084600000| Untracked 
|  71|0x0000000084700000, 0x0000000084700000, 0x0000000084800000|  0%| F|  |TAMS 0x0000000084700000, 0x0000000084700000| Untracked 
|  72|0x0000000084800000, 0x00000000848e34c0, 0x0000000084900000| 88%| S|CS|TAMS 0x0000000084800000, 0x0000000084800000| Complete 
|  73|0x0000000084900000, 0x0000000084a00000, 0x0000000084a00000|100%| S|CS|TAMS 0x0000000084900000, 0x0000000084900000| Complete 
|  74|0x0000000084a00000, 0x0000000084b00000, 0x0000000084b00000|100%| S|CS|TAMS 0x0000000084a00000, 0x0000000084a00000| Complete 
|  75|0x0000000084b00000, 0x0000000084c00000, 0x0000000084c00000|100%| S|CS|TAMS 0x0000000084b00000, 0x0000000084b00000| Complete 
|  76|0x0000000084c00000, 0x0000000084c00000, 0x0000000084d00000|  0%| F|  |TAMS 0x0000000084c00000, 0x0000000084c00000| Untracked 
|  77|0x0000000084d00000, 0x0000000084e00000, 0x0000000084e00000|100%| S|CS|TAMS 0x0000000084d00000, 0x0000000084d00000| Complete 
|  78|0x0000000084e00000, 0x0000000084e00000, 0x0000000084f00000|  0%| F|  |TAMS 0x0000000084e00000, 0x0000000084e00000| Untracked 
|  79|0x0000000084f00000, 0x0000000084f00000, 0x0000000085000000|  0%| F|  |TAMS 0x0000000084f00000, 0x0000000084f00000| Untracked 
|  80|0x0000000085000000, 0x0000000085000000, 0x0000000085100000|  0%| F|  |TAMS 0x0000000085000000, 0x0000000085000000| Untracked 
|  81|0x0000000085100000, 0x0000000085200000, 0x0000000085200000|100%| S|CS|TAMS 0x0000000085100000, 0x0000000085100000| Complete 
|  82|0x0000000085200000, 0x0000000085300000, 0x0000000085300000|100%| S|CS|TAMS 0x0000000085200000, 0x0000000085200000| Complete 
|  83|0x0000000085300000, 0x0000000085400000, 0x0000000085400000|100%| S|CS|TAMS 0x0000000085300000, 0x0000000085300000| Complete 
|  84|0x0000000085400000, 0x0000000085500000, 0x0000000085500000|100%| S|CS|TAMS 0x0000000085400000, 0x0000000085400000| Complete 
|  85|0x0000000085500000, 0x0000000085500000, 0x0000000085600000|  0%| F|  |TAMS 0x0000000085500000, 0x0000000085500000| Untracked 
|  86|0x0000000085600000, 0x0000000085600000, 0x0000000085700000|  0%| F|  |TAMS 0x0000000085600000, 0x0000000085600000| Untracked 
|  87|0x0000000085700000, 0x0000000085700000, 0x0000000085800000|  0%| F|  |TAMS 0x0000000085700000, 0x0000000085700000| Untracked 
|  88|0x0000000085800000, 0x0000000085800000, 0x0000000085900000|  0%| F|  |TAMS 0x0000000085800000, 0x0000000085800000| Untracked 
|  89|0x0000000085900000, 0x0000000085900000, 0x0000000085a00000|  0%| F|  |TAMS 0x0000000085900000, 0x0000000085900000| Untracked 
|  90|0x0000000085a00000, 0x0000000085a00000, 0x0000000085b00000|  0%| F|  |TAMS 0x0000000085a00000, 0x0000000085a00000| Untracked 
|  91|0x0000000085b00000, 0x0000000085b00000, 0x0000000085c00000|  0%| F|  |TAMS 0x0000000085b00000, 0x0000000085b00000| Untracked 
|  92|0x0000000085c00000, 0x0000000085c00000, 0x0000000085d00000|  0%| F|  |TAMS 0x0000000085c00000, 0x0000000085c00000| Untracked 
|  93|0x0000000085d00000, 0x0000000085d00000, 0x0000000085e00000|  0%| F|  |TAMS 0x0000000085d00000, 0x0000000085d00000| Untracked 
|  94|0x0000000085e00000, 0x0000000085e00000, 0x0000000085f00000|  0%| F|  |TAMS 0x0000000085e00000, 0x0000000085e00000| Untracked 
|  95|0x0000000085f00000, 0x0000000085f00000, 0x0000000086000000|  0%| F|  |TAMS 0x0000000085f00000, 0x0000000085f00000| Untracked 
|  96|0x0000000086000000, 0x0000000086000000, 0x0000000086100000|  0%| F|  |TAMS 0x0000000086000000, 0x0000000086000000| Untracked 
|  97|0x0000000086100000, 0x0000000086100000, 0x0000000086200000|  0%| F|  |TAMS 0x0000000086100000, 0x0000000086100000| Untracked 
|  98|0x0000000086200000, 0x0000000086200000, 0x0000000086300000|  0%| F|  |TAMS 0x0000000086200000, 0x0000000086200000| Untracked 
|  99|0x0000000086300000, 0x0000000086300000, 0x0000000086400000|  0%| F|  |TAMS 0x0000000086300000, 0x0000000086300000| Untracked 
| 100|0x0000000086400000, 0x0000000086400000, 0x0000000086500000|  0%| F|  |TAMS 0x0000000086400000, 0x0000000086400000| Untracked 
| 101|0x0000000086500000, 0x0000000086500000, 0x0000000086600000|  0%| F|  |TAMS 0x0000000086500000, 0x0000000086500000| Untracked 
| 102|0x0000000086600000, 0x0000000086600000, 0x0000000086700000|  0%| F|  |TAMS 0x0000000086600000, 0x0000000086600000| Untracked 
| 103|0x0000000086700000, 0x0000000086700000, 0x0000000086800000|  0%| F|  |TAMS 0x0000000086700000, 0x0000000086700000| Untracked 
| 104|0x0000000086800000, 0x0000000086800000, 0x0000000086900000|  0%| F|  |TAMS 0x0000000086800000, 0x0000000086800000| Untracked 
| 105|0x0000000086900000, 0x0000000086900000, 0x0000000086a00000|  0%| F|  |TAMS 0x0000000086900000, 0x0000000086900000| Untracked 
| 106|0x0000000086a00000, 0x0000000086a00000, 0x0000000086b00000|  0%| F|  |TAMS 0x0000000086a00000, 0x0000000086a00000| Untracked 
| 107|0x0000000086b00000, 0x0000000086b00000, 0x0000000086c00000|  0%| F|  |TAMS 0x0000000086b00000, 0x0000000086b00000| Untracked 
| 108|0x0000000086c00000, 0x0000000086c00000, 0x0000000086d00000|  0%| F|  |TAMS 0x0000000086c00000, 0x0000000086c00000| Untracked 
| 109|0x0000000086d00000, 0x0000000086d00000, 0x0000000086e00000|  0%| F|  |TAMS 0x0000000086d00000, 0x0000000086d00000| Untracked 
| 110|0x0000000086e00000, 0x0000000086e00000, 0x0000000086f00000|  0%| F|  |TAMS 0x0000000086e00000, 0x0000000086e00000| Untracked 
| 111|0x0000000086f00000, 0x0000000086f00000, 0x0000000087000000|  0%| F|  |TAMS 0x0000000086f00000, 0x0000000086f00000| Untracked 
| 112|0x0000000087000000, 0x0000000087000000, 0x0000000087100000|  0%| F|  |TAMS 0x0000000087000000, 0x0000000087000000| Untracked 
| 113|0x0000000087100000, 0x0000000087100000, 0x0000000087200000|  0%| F|  |TAMS 0x0000000087100000, 0x0000000087100000| Untracked 
| 114|0x0000000087200000, 0x0000000087200000, 0x0000000087300000|  0%| F|  |TAMS 0x0000000087200000, 0x0000000087200000| Untracked 
| 115|0x0000000087300000, 0x0000000087300000, 0x0000000087400000|  0%| F|  |TAMS 0x0000000087300000, 0x0000000087300000| Untracked 
| 116|0x0000000087400000, 0x0000000087400000, 0x0000000087500000|  0%| F|  |TAMS 0x0000000087400000, 0x0000000087400000| Untracked 
| 117|0x0000000087500000, 0x0000000087500000, 0x0000000087600000|  0%| F|  |TAMS 0x0000000087500000, 0x0000000087500000| Untracked 
| 118|0x0000000087600000, 0x0000000087600000, 0x0000000087700000|  0%| F|  |TAMS 0x0000000087600000, 0x0000000087600000| Untracked 
| 119|0x0000000087700000, 0x0000000087700000, 0x0000000087800000|  0%| F|  |TAMS 0x0000000087700000, 0x0000000087700000| Untracked 
| 120|0x0000000087800000, 0x0000000087800000, 0x0000000087900000|  0%| F|  |TAMS 0x0000000087800000, 0x0000000087800000| Untracked 
| 121|0x0000000087900000, 0x0000000087900000, 0x0000000087a00000|  0%| F|  |TAMS 0x0000000087900000, 0x0000000087900000| Untracked 
| 122|0x0000000087a00000, 0x0000000087a00000, 0x0000000087b00000|  0%| F|  |TAMS 0x0000000087a00000, 0x0000000087a00000| Untracked 
| 123|0x0000000087b00000, 0x0000000087b00000, 0x0000000087c00000|  0%| F|  |TAMS 0x0000000087b00000, 0x0000000087b00000| Untracked 
| 124|0x0000000087c00000, 0x0000000087c00000, 0x0000000087d00000|  0%| F|  |TAMS 0x0000000087c00000, 0x0000000087c00000| Untracked 
| 125|0x0000000087d00000, 0x0000000087d00000, 0x0000000087e00000|  0%| F|  |TAMS 0x0000000087d00000, 0x0000000087d00000| Untracked 
| 126|0x0000000087e00000, 0x0000000087e00000, 0x0000000087f00000|  0%| F|  |TAMS 0x0000000087e00000, 0x0000000087e00000| Untracked 
| 127|0x0000000087f00000, 0x0000000087f00000, 0x0000000088000000|  0%| F|  |TAMS 0x0000000087f00000, 0x0000000087f00000| Untracked 
| 128|0x0000000088000000, 0x0000000088000000, 0x0000000088100000|  0%| F|  |TAMS 0x0000000088000000, 0x0000000088000000| Untracked 
| 129|0x0000000088100000, 0x0000000088100000, 0x0000000088200000|  0%| F|  |TAMS 0x0000000088100000, 0x0000000088100000| Untracked 
| 130|0x0000000088200000, 0x0000000088200000, 0x0000000088300000|  0%| F|  |TAMS 0x0000000088200000, 0x0000000088200000| Untracked 
| 131|0x0000000088300000, 0x0000000088300000, 0x0000000088400000|  0%| F|  |TAMS 0x0000000088300000, 0x0000000088300000| Untracked 
| 132|0x0000000088400000, 0x0000000088400000, 0x0000000088500000|  0%| F|  |TAMS 0x0000000088400000, 0x0000000088400000| Untracked 
| 133|0x0000000088500000, 0x0000000088500000, 0x0000000088600000|  0%| F|  |TAMS 0x0000000088500000, 0x0000000088500000| Untracked 
| 134|0x0000000088600000, 0x0000000088600000, 0x0000000088700000|  0%| F|  |TAMS 0x0000000088600000, 0x0000000088600000| Untracked 
| 135|0x0000000088700000, 0x0000000088700000, 0x0000000088800000|  0%| F|  |TAMS 0x0000000088700000, 0x0000000088700000| Untracked 
| 136|0x0000000088800000, 0x0000000088800000, 0x0000000088900000|  0%| F|  |TAMS 0x0000000088800000, 0x0000000088800000| Untracked 
| 137|0x0000000088900000, 0x0000000088900000, 0x0000000088a00000|  0%| F|  |TAMS 0x0000000088900000, 0x0000000088900000| Untracked 
| 138|0x0000000088a00000, 0x0000000088a00000, 0x0000000088b00000|  0%| F|  |TAMS 0x0000000088a00000, 0x0000000088a00000| Untracked 
| 139|0x0000000088b00000, 0x0000000088b00000, 0x0000000088c00000|  0%| F|  |TAMS 0x0000000088b00000, 0x0000000088b00000| Untracked 
| 140|0x0000000088c00000, 0x0000000088c00000, 0x0000000088d00000|  0%| F|  |TAMS 0x0000000088c00000, 0x0000000088c00000| Untracked 
| 141|0x0000000088d00000, 0x0000000088d00000, 0x0000000088e00000|  0%| F|  |TAMS 0x0000000088d00000, 0x0000000088d00000| Untracked 
| 142|0x0000000088e00000, 0x0000000088e00000, 0x0000000088f00000|  0%| F|  |TAMS 0x0000000088e00000, 0x0000000088e00000| Untracked 
| 143|0x0000000088f00000, 0x0000000088f00000, 0x0000000089000000|  0%| F|  |TAMS 0x0000000088f00000, 0x0000000088f00000| Untracked 
| 144|0x0000000089000000, 0x0000000089000000, 0x0000000089100000|  0%| F|  |TAMS 0x0000000089000000, 0x0000000089000000| Untracked 
| 145|0x0000000089100000, 0x0000000089100000, 0x0000000089200000|  0%| F|  |TAMS 0x0000000089100000, 0x0000000089100000| Untracked 
| 146|0x0000000089200000, 0x0000000089200000, 0x0000000089300000|  0%| F|  |TAMS 0x0000000089200000, 0x0000000089200000| Untracked 
| 147|0x0000000089300000, 0x0000000089300000, 0x0000000089400000|  0%| F|  |TAMS 0x0000000089300000, 0x0000000089300000| Untracked 
| 148|0x0000000089400000, 0x0000000089400000, 0x0000000089500000|  0%| F|  |TAMS 0x0000000089400000, 0x0000000089400000| Untracked 
| 149|0x0000000089500000, 0x0000000089500000, 0x0000000089600000|  0%| F|  |TAMS 0x0000000089500000, 0x0000000089500000| Untracked 
| 150|0x0000000089600000, 0x0000000089600000, 0x0000000089700000|  0%| F|  |TAMS 0x0000000089600000, 0x0000000089600000| Untracked 
| 151|0x0000000089700000, 0x0000000089700000, 0x0000000089800000|  0%| F|  |TAMS 0x0000000089700000, 0x0000000089700000| Untracked 
| 152|0x0000000089800000, 0x0000000089800000, 0x0000000089900000|  0%| F|  |TAMS 0x0000000089800000, 0x0000000089800000| Untracked 
| 153|0x0000000089900000, 0x0000000089900000, 0x0000000089a00000|  0%| F|  |TAMS 0x0000000089900000, 0x0000000089900000| Untracked 
| 154|0x0000000089a00000, 0x0000000089a00000, 0x0000000089b00000|  0%| F|  |TAMS 0x0000000089a00000, 0x0000000089a00000| Untracked 
| 155|0x0000000089b00000, 0x0000000089b00000, 0x0000000089c00000|  0%| F|  |TAMS 0x0000000089b00000, 0x0000000089b00000| Untracked 
| 156|0x0000000089c00000, 0x0000000089c00000, 0x0000000089d00000|  0%| F|  |TAMS 0x0000000089c00000, 0x0000000089c00000| Untracked 
| 157|0x0000000089d00000, 0x0000000089d00000, 0x0000000089e00000|  0%| F|  |TAMS 0x0000000089d00000, 0x0000000089d00000| Untracked 
| 158|0x0000000089e00000, 0x0000000089e00000, 0x0000000089f00000|  0%| F|  |TAMS 0x0000000089e00000, 0x0000000089e00000| Untracked 
| 159|0x0000000089f00000, 0x0000000089f00000, 0x000000008a000000|  0%| F|  |TAMS 0x0000000089f00000, 0x0000000089f00000| Untracked 
| 160|0x000000008a000000, 0x000000008a000000, 0x000000008a100000|  0%| F|  |TAMS 0x000000008a000000, 0x000000008a000000| Untracked 

Card table byte_map: [0x000001e954480000,0x000001e954880000] _byte_map_base: 0x000001e954080000

Marking Bits (Prev, Next): (CMBitMap*) 0x000001e9415b4c00, (CMBitMap*) 0x000001e9415b4bc8
 Prev Bits: [0x000001e956c80000, 0x000001e958c80000)
 Next Bits: [0x000001e954c80000, 0x000001e956c80000)

Polling page: 0x000001e93f360000

Metaspace:

Usage:
  Non-class:     48.59 MB capacity,    47.39 MB ( 98%) used,     1.04 MB (  2%) free+waste,   158.06 KB ( <1%) overhead. 
      Class:      7.61 MB capacity,     7.03 MB ( 92%) used,   518.55 KB (  7%) free+waste,    76.38 KB ( <1%) overhead. 
       Both:     56.20 MB capacity,    54.42 MB ( 97%) used,     1.55 MB (  3%) free+waste,   234.44 KB ( <1%) overhead. 

Virtual space:
  Non-class space:       50.00 MB reserved,      48.67 MB ( 97%) committed 
      Class space:        1.00 GB reserved,       7.63 MB ( <1%) committed 
             Both:        1.05 GB reserved,      56.30 MB (  5%) committed 

Chunk freelists:
   Non-Class:  24.00 KB
       Class:  16.00 KB
        Both:  40.00 KB

MaxMetaspaceSize: 17179869184.00 GB
CompressedClassSpaceSize: 1.00 GB
Initial GC threshold: 20.80 MB
Current GC threshold: 75.70 MB
CDS: off

CodeHeap 'non-profiled nmethods': size=120064Kb used=5061Kb max_used=5061Kb free=115003Kb
 bounds [0x000001e94cb40000, 0x000001e94d040000, 0x000001e954080000]
CodeHeap 'profiled nmethods': size=120000Kb used=14365Kb max_used=14365Kb free=105634Kb
 bounds [0x000001e945610000, 0x000001e946420000, 0x000001e94cb40000]
CodeHeap 'non-nmethods': size=5696Kb used=2314Kb max_used=2368Kb free=3381Kb
 bounds [0x000001e945080000, 0x000001e9452f0000, 0x000001e945610000]
 total_blobs=7355 nmethods=6543 adapters=724
 compilation: enabled
              stopped_count=0, restarted_count=0
 full_count=0

Compilation events (20 events):
Event: 52.210 Thread 0x000001e95b1ac000 6668       2       java.lang.invoke.LambdaFormBuffer::growNames (281 bytes)
Event: 52.212 Thread 0x000001e95b1ac000 nmethod 6668 0x000001e946413290 code [0x000001e9464134c0, 0x000001e946413c58]
Event: 52.252 Thread 0x000001e95b1ac000 6669       2       com.google.common.cache.LocalCache::usesWriteQueue (5 bytes)
Event: 52.252 Thread 0x000001e95b1ac000 nmethod 6669 0x000001e946414090 code [0x000001e946414240, 0x000001e946414358]
Event: 52.252 Thread 0x000001e95b1ac000 6670       2       org.gradle.internal.service.DefaultServiceRegistry::get (10 bytes)
Event: 52.253 Thread 0x000001e95b1ac000 nmethod 6670 0x000001e946414410 code [0x000001e9464145e0, 0x000001e946414808]
Event: 52.260 Thread 0x000001e95b1ac000 6671       2       java.util.concurrent.ConcurrentHashMap$ValueIterator::<init> (12 bytes)
Event: 52.260 Thread 0x000001e95b1ac000 nmethod 6671 0x000001e946414990 code [0x000001e946414b60, 0x000001e946414cf8]
Event: 52.280 Thread 0x000001e95b1ac000 6673       2       java.lang.reflect.AccessibleObject::checkAccess (40 bytes)
Event: 52.281 Thread 0x000001e95b1ac000 nmethod 6673 0x000001e946414e10 code [0x000001e946415000, 0x000001e946415268]
Event: 52.303 Thread 0x000001e95b1ac000 6674       2       java.util.concurrent.ConcurrentHashMap$ValuesView::iterator (34 bytes)
Event: 52.303 Thread 0x000001e95b1ac000 nmethod 6674 0x000001e946415490 code [0x000001e946415660, 0x000001e9464158b8]
Event: 52.305 Thread 0x000001e95b1ac000 6675       2       java.util.Properties::load0 (249 bytes)
Event: 52.308 Thread 0x000001e95b1ac000 nmethod 6675 0x000001e946415a10 code [0x000001e946415c20, 0x000001e9464160e8]
Event: 52.308 Thread 0x000001e95b1ac000 6676       2       com.google.common.collect.MapMakerInternalMap$StrongKeyWeakValueEntry$Helper::newEntry (16 bytes)
Event: 52.309 Thread 0x000001e95b1ac000 nmethod 6676 0x000001e946416410 code [0x000001e9464165e0, 0x000001e9464168d8]
Event: 52.309 Thread 0x000001e95b1ac000 6677       2       com.google.common.collect.MapMakerInternalMap$StrongKeyWeakValueEntry$Helper::setValue (14 bytes)
Event: 52.309 Thread 0x000001e95b1ac000 nmethod 6677 0x000001e946416a10 code [0x000001e946416be0, 0x000001e946416ef8]
Event: 52.309 Thread 0x000001e95b1ac000 6678       2       com.google.common.collect.MapMakerInternalMap$1::clear (1 bytes)
Event: 52.309 Thread 0x000001e95b1ac000 nmethod 6678 0x000001e946417110 code [0x000001e9464172c0, 0x000001e9464173b8]

GC Heap History (20 events):
Event: 43.120 GC heap after
{Heap after GC invocations=93 (full 0):
 garbage-first heap   total 137216K, used 54334K [0x0000000080000000, 0x0000000100000000)
  region size 1024K, 4 young (4096K), 4 survivors (4096K)
 Metaspace       used 45055K, capacity 46260K, committed 46512K, reserved 1089536K
  class space    used 5802K, capacity 6276K, committed 6400K, reserved 1048576K
}
Event: 43.486 GC heap before
{Heap before GC invocations=93 (full 0):
 garbage-first heap   total 137216K, used 109630K [0x0000000080000000, 0x0000000100000000)
  region size 1024K, 58 young (59392K), 4 survivors (4096K)
 Metaspace       used 45055K, capacity 46260K, committed 46512K, reserved 1089536K
  class space    used 5802K, capacity 6276K, committed 6400K, reserved 1048576K
}
Event: 43.491 GC heap after
{Heap after GC invocations=94 (full 0):
 garbage-first heap   total 137216K, used 54776K [0x0000000080000000, 0x0000000100000000)
  region size 1024K, 4 young (4096K), 4 survivors (4096K)
 Metaspace       used 45055K, capacity 46260K, committed 46512K, reserved 1089536K
  class space    used 5802K, capacity 6276K, committed 6400K, reserved 1048576K
}
Event: 43.742 GC heap before
{Heap before GC invocations=94 (full 0):
 garbage-first heap   total 137216K, used 111096K [0x0000000080000000, 0x0000000100000000)
  region size 1024K, 59 young (60416K), 4 survivors (4096K)
 Metaspace       used 45056K, capacity 46260K, committed 46512K, reserved 1089536K
  class space    used 5802K, capacity 6276K, committed 6400K, reserved 1048576K
}
Event: 43.749 GC heap after
{Heap after GC invocations=95 (full 0):
 garbage-first heap   total 164864K, used 55644K [0x0000000080000000, 0x0000000100000000)
  region size 1024K, 5 young (5120K), 5 survivors (5120K)
 Metaspace       used 45056K, capacity 46260K, committed 46512K, reserved 1089536K
  class space    used 5802K, capacity 6276K, committed 6400K, reserved 1048576K
}
Event: 46.541 GC heap before
{Heap before GC invocations=95 (full 0):
 garbage-first heap   total 164864K, used 120156K [0x0000000080000000, 0x0000000100000000)
  region size 1024K, 67 young (68608K), 5 survivors (5120K)
 Metaspace       used 45192K, capacity 46417K, committed 46768K, reserved 1089536K
  class space    used 5815K, capacity 6285K, committed 6400K, reserved 1048576K
}
Event: 46.546 GC heap after
{Heap after GC invocations=96 (full 0):
 garbage-first heap   total 164864K, used 51055K [0x0000000080000000, 0x0000000100000000)
  region size 1024K, 3 young (3072K), 3 survivors (3072K)
 Metaspace       used 45192K, capacity 46417K, committed 46768K, reserved 1089536K
  class space    used 5815K, capacity 6285K, committed 6400K, reserved 1048576K
}
Event: 47.122 GC heap before
{Heap before GC invocations=96 (full 0):
 garbage-first heap   total 164864K, used 137071K [0x0000000080000000, 0x0000000100000000)
  region size 1024K, 87 young (89088K), 3 survivors (3072K)
 Metaspace       used 45221K, capacity 46418K, committed 46768K, reserved 1089536K
  class space    used 5815K, capacity 6285K, committed 6400K, reserved 1048576K
}
Event: 47.124 GC heap after
{Heap after GC invocations=97 (full 0):
 garbage-first heap   total 164864K, used 49244K [0x0000000080000000, 0x0000000100000000)
  region size 1024K, 2 young (2048K), 2 survivors (2048K)
 Metaspace       used 45221K, capacity 46418K, committed 46768K, reserved 1089536K
  class space    used 5815K, capacity 6285K, committed 6400K, reserved 1048576K
}
Event: 47.426 GC heap before
{Heap before GC invocations=97 (full 0):
 garbage-first heap   total 164864K, used 143452K [0x0000000080000000, 0x0000000100000000)
  region size 1024K, 91 young (93184K), 2 survivors (2048K)
 Metaspace       used 45222K, capacity 46418K, committed 46768K, reserved 1089536K
  class space    used 5815K, capacity 6285K, committed 6400K, reserved 1048576K
}
Event: 47.429 GC heap after
{Heap after GC invocations=98 (full 0):
 garbage-first heap   total 164864K, used 53858K [0x0000000080000000, 0x0000000100000000)
  region size 1024K, 3 young (3072K), 3 survivors (3072K)
 Metaspace       used 45222K, capacity 46418K, committed 46768K, reserved 1089536K
  class space    used 5815K, capacity 6285K, committed 6400K, reserved 1048576K
}
Event: 47.711 GC heap before
{Heap before GC invocations=98 (full 0):
 garbage-first heap   total 164864K, used 140898K [0x0000000080000000, 0x0000000100000000)
  region size 1024K, 88 young (90112K), 3 survivors (3072K)
 Metaspace       used 45222K, capacity 46418K, committed 46768K, reserved 1089536K
  class space    used 5815K, capacity 6285K, committed 6400K, reserved 1048576K
}
Event: 47.716 GC heap after
{Heap after GC invocations=99 (full 0):
 garbage-first heap   total 164864K, used 54997K [0x0000000080000000, 0x0000000100000000)
  region size 1024K, 4 young (4096K), 4 survivors (4096K)
 Metaspace       used 45222K, capacity 46418K, committed 46768K, reserved 1089536K
  class space    used 5815K, capacity 6285K, committed 6400K, reserved 1048576K
}
Event: 47.961 GC heap before
{Heap before GC invocations=99 (full 0):
 garbage-first heap   total 164864K, used 141013K [0x0000000080000000, 0x0000000100000000)
  region size 1024K, 88 young (90112K), 4 survivors (4096K)
 Metaspace       used 45222K, capacity 46418K, committed 46768K, reserved 1089536K
  class space    used 5815K, capacity 6285K, committed 6400K, reserved 1048576K
}
Event: 47.968 GC heap after
{Heap after GC invocations=100 (full 0):
 garbage-first heap   total 164864K, used 56305K [0x0000000080000000, 0x0000000100000000)
  region size 1024K, 5 young (5120K), 5 survivors (5120K)
 Metaspace       used 45222K, capacity 46418K, committed 46768K, reserved 1089536K
  class space    used 5815K, capacity 6285K, committed 6400K, reserved 1048576K
}
Event: 49.071 GC heap before
{Heap before GC invocations=100 (full 0):
 garbage-first heap   total 164864K, used 145393K [0x0000000080000000, 0x0000000100000000)
  region size 1024K, 88 young (90112K), 5 survivors (5120K)
 Metaspace       used 48272K, capacity 49440K, committed 49712K, reserved 1091584K
  class space    used 6288K, capacity 6761K, committed 6784K, reserved 1048576K
}
Event: 49.083 GC heap after
{Heap after GC invocations=101 (full 0):
 garbage-first heap   total 164864K, used 56978K [0x0000000080000000, 0x0000000100000000)
  region size 1024K, 5 young (5120K), 5 survivors (5120K)
 Metaspace       used 48272K, capacity 49440K, committed 49712K, reserved 1091584K
  class space    used 6288K, capacity 6761K, committed 6784K, reserved 1048576K
}
Event: 50.578 GC heap before
{Heap before GC invocations=101 (full 0):
 garbage-first heap   total 164864K, used 138898K [0x0000000080000000, 0x0000000100000000)
  region size 1024K, 85 young (87040K), 5 survivors (5120K)
 Metaspace       used 51393K, capacity 52822K, committed 53040K, reserved 1095680K
  class space    used 6642K, capacity 7198K, committed 7296K, reserved 1048576K
}
Event: 50.592 GC heap after
{Heap after GC invocations=102 (full 0):
 garbage-first heap   total 164864K, used 59860K [0x0000000080000000, 0x0000000100000000)
  region size 1024K, 8 young (8192K), 8 survivors (8192K)
 Metaspace       used 51393K, capacity 52822K, committed 53040K, reserved 1095680K
  class space    used 6642K, capacity 7198K, committed 7296K, reserved 1048576K
}
Event: 52.316 GC heap before
{Heap before GC invocations=102 (full 0):
 garbage-first heap   total 164864K, used 141780K [0x0000000080000000, 0x0000000100000000)
  region size 1024K, 84 young (86016K), 8 survivors (8192K)
 Metaspace       used 55724K, capacity 57544K, committed 57648K, reserved 1099776K
  class space    used 7197K, capacity 7792K, committed 7808K, reserved 1048576K
}

Deoptimization events (20 events):
Event: 51.966 Thread 0x000001e95db43800 Uncommon trap: trap_request=0xffffffbe fr.pc=0x000001e94d02c8dc relative=0x00000000000008fc
Event: 51.966 Thread 0x000001e95db43800 Uncommon trap: reason=profile_predicate action=maybe_recompile pc=0x000001e94d02c8dc method=java.lang.PublicMethods$MethodList.filter([Ljava/lang/reflect/Method;Ljava/lang/String;[Ljava/lang/Class;Z)Ljava/lang/PublicMethods$MethodList; @ 21 c2
Event: 51.966 Thread 0x000001e95db43800 DEOPT PACKING pc=0x000001e94d02c8dc sp=0x000000b28e3f4990
Event: 51.966 Thread 0x000001e95db43800 DEOPT UNPACKING pc=0x000001e9450ca1af sp=0x000000b28e3f4948 mode 2
Event: 52.113 Thread 0x000001e95db43800 Uncommon trap: trap_request=0xffffffde fr.pc=0x000001e94cf74ae0 relative=0x00000000000002a0
Event: 52.113 Thread 0x000001e95db43800 Uncommon trap: reason=class_check action=maybe_recompile pc=0x000001e94cf74ae0 method=com.google.common.collect.AbstractIterator.tryToComputeNext()Z @ 9 c2
Event: 52.113 Thread 0x000001e95db43800 DEOPT PACKING pc=0x000001e94cf74ae0 sp=0x000000b28e3f4e50
Event: 52.113 Thread 0x000001e95db43800 DEOPT UNPACKING pc=0x000001e9450ca1af sp=0x000000b28e3f4e00 mode 2
Event: 52.252 Thread 0x000001e95db43800 Uncommon trap: trap_request=0xffffffde fr.pc=0x000001e94cf74ae0 relative=0x00000000000002a0
Event: 52.252 Thread 0x000001e95db43800 Uncommon trap: reason=class_check action=maybe_recompile pc=0x000001e94cf74ae0 method=com.google.common.collect.AbstractIterator.tryToComputeNext()Z @ 9 c2
Event: 52.252 Thread 0x000001e95db43800 DEOPT PACKING pc=0x000001e94cf74ae0 sp=0x000000b28e3f4f30
Event: 52.252 Thread 0x000001e95db43800 DEOPT UNPACKING pc=0x000001e9450ca1af sp=0x000000b28e3f4ee0 mode 2
Event: 52.296 Thread 0x000001e95db43800 Uncommon trap: trap_request=0xffffffde fr.pc=0x000001e94cf6ba58 relative=0x00000000000000b8
Event: 52.296 Thread 0x000001e95db43800 Uncommon trap: reason=class_check action=maybe_recompile pc=0x000001e94cf6ba58 method=java.util.RegularEnumSet.contains(Ljava/lang/Object;)Z @ 38 c2
Event: 52.296 Thread 0x000001e95db43800 DEOPT PACKING pc=0x000001e94cf6ba58 sp=0x000000b28e3f94d0
Event: 52.296 Thread 0x000001e95db43800 DEOPT UNPACKING pc=0x000001e9450ca1af sp=0x000000b28e3f9458 mode 2
Event: 52.315 Thread 0x000001e95db43800 Uncommon trap: trap_request=0xffffffde fr.pc=0x000001e94cf74ae0 relative=0x00000000000002a0
Event: 52.315 Thread 0x000001e95db43800 Uncommon trap: reason=class_check action=maybe_recompile pc=0x000001e94cf74ae0 method=com.google.common.collect.AbstractIterator.tryToComputeNext()Z @ 9 c2
Event: 52.315 Thread 0x000001e95db43800 DEOPT PACKING pc=0x000001e94cf74ae0 sp=0x000000b28e3f9550
Event: 52.315 Thread 0x000001e95db43800 DEOPT UNPACKING pc=0x000001e9450ca1af sp=0x000000b28e3f9500 mode 2

Classes redefined (0 events):
No events

Internal exceptions (20 events):
Event: 51.479 Thread 0x000001e95db43800 Exception <a 'java/lang/ClassNotFoundException'{0x0000000087199608}: org/gradle/api/internal/provider/AbstractMinimalProviderBeanInfo> (0x0000000087199608) thrown at [./src/hotspot/share/classfile/systemDictionary.cpp, line 231]
Event: 51.480 Thread 0x000001e95db43800 Exception <a 'java/lang/ClassNotFoundException'{0x00000000871c3518}: org/gradle/api/internal/provider/AbstractMinimalProviderCustomizer> (0x00000000871c3518) thrown at [./src/hotspot/share/classfile/systemDictionary.cpp, line 231]
Event: 51.486 Thread 0x000001e95db43800 Exception <a 'java/lang/ClassNotFoundException'{0x00000000870266f0}: org/gradle/api/internal/provider/AbstractPropertyCustomizer> (0x00000000870266f0) thrown at [./src/hotspot/share/classfile/systemDictionary.cpp, line 231]
Event: 51.488 Thread 0x000001e95db43800 Exception <a 'java/lang/ClassNotFoundException'{0x0000000087059f28}: org/gradle/api/internal/provider/DefaultPropertyCustomizer> (0x0000000087059f28) thrown at [./src/hotspot/share/classfile/systemDictionary.cpp, line 231]
Event: 51.527 Thread 0x000001e95db43800 Exception <a 'java/lang/ClassNotFoundException'{0x0000000086f8bb58}: org/gradle/initialization/DefaultProjectDescriptorBeanInfo> (0x0000000086f8bb58) thrown at [./src/hotspot/share/classfile/systemDictionary.cpp, line 231]
Event: 51.528 Thread 0x000001e95db43800 Exception <a 'java/lang/ClassNotFoundException'{0x0000000086fb2980}: org/gradle/initialization/DefaultProjectDescriptorCustomizer> (0x0000000086fb2980) thrown at [./src/hotspot/share/classfile/systemDictionary.cpp, line 231]
Event: 51.691 Thread 0x000001e95db43800 Exception <a 'java/lang/ClassNotFoundException'{0x0000000086be49a8}: org/jetbrains/plugins/gradle/model/web/WebConfigurationBeanInfo> (0x0000000086be49a8) thrown at [./src/hotspot/share/classfile/systemDictionary.cpp, line 231]
Event: 51.691 Thread 0x000001e95db43800 Exception <a 'java/lang/ClassNotFoundException'{0x0000000086bf4708}: org/jetbrains/plugins/gradle/model/web/WebConfigurationCustomizer> (0x0000000086bf4708) thrown at [./src/hotspot/share/classfile/systemDictionary.cpp, line 231]
Event: 51.694 Thread 0x000001e95db43800 Exception <a 'java/lang/ClassNotFoundException'{0x0000000086a27000}: org/jetbrains/plugins/gradle/model/scala/ScalaModelBeanInfo> (0x0000000086a27000) thrown at [./src/hotspot/share/classfile/systemDictionary.cpp, line 231]
Event: 51.694 Thread 0x000001e95db43800 Exception <a 'java/lang/ClassNotFoundException'{0x0000000086a36bb8}: org/jetbrains/plugins/gradle/model/scala/ScalaModelCustomizer> (0x0000000086a36bb8) thrown at [./src/hotspot/share/classfile/systemDictionary.cpp, line 231]
Event: 51.978 Thread 0x000001e95db43800 Exception <a 'java/lang/ClassNotFoundException'{0x00000000860a3138}: org/gradle/api/internal/project/DefaultProject_DecoratedBeanInfo> (0x00000000860a3138) thrown at [./src/hotspot/share/classfile/systemDictionary.cpp, line 231]
Event: 51.979 Thread 0x000001e95db43800 Exception <a 'java/lang/ClassNotFoundException'{0x00000000860bc050}: org/gradle/api/internal/project/DefaultProjectBeanInfo> (0x00000000860bc050) thrown at [./src/hotspot/share/classfile/systemDictionary.cpp, line 231]
Event: 51.979 Thread 0x000001e95db43800 Exception <a 'java/lang/ClassNotFoundException'{0x00000000860d4fb0}: org/gradle/api/internal/project/DefaultProjectCustomizer> (0x00000000860d4fb0) thrown at [./src/hotspot/share/classfile/systemDictionary.cpp, line 231]
Event: 51.984 Thread 0x000001e95db43800 Exception <a 'java/lang/ClassNotFoundException'{0x0000000085f82be0}: org/gradle/api/internal/project/DefaultProject_DecoratedCustomizer> (0x0000000085f82be0) thrown at [./src/hotspot/share/classfile/systemDictionary.cpp, line 231]
Event: 52.189 Thread 0x000001e95db43800 Exception <a 'java/lang/NoSuchMethodError'{0x0000000085858fc0}: 'java.lang.Object java.lang.invoke.DelegatingMethodHandle$Holder.reinvoke_L(java.lang.Object, java.lang.Object, java.lang.Object, java.lang.Object, java.lang.Object, java.lang.Object, java.lang.Object, java.lang.Object, java.lang.Object, java.lang.Object, java.lang.Object, java.lang.Object, java.lang.Object, java.lang.Object, java.lang.Object, java.lang.Object, java.lang.Object, java.lang.Object, java.lang.Object, java.lang.Object, java.lang.O
Event: 52.190 Thread 0x000001e95db43800 Exception <a 'java/lang/NoSuchMethodError'{0x0000000085865418}: 'java.lang.Object java.lang.invoke.Invokers$Holder.invoker(java.lang.Object, java.lang.Object, java.lang.Object, java.lang.Object, java.lang.Object, java.lang.Object, java.lang.Object, java.lang.Object, java.lang.Object, java.lang.Object, java.lang.Object, java.lang.Object, java.lang.Object, java.lang.Object, java.lang.Object, java.lang.Object, java.lang.Object, java.lang.Object, java.lang.Object, java.lang.Object, java.lang.Object)'> (0x00000
Event: 52.191 Thread 0x000001e95db43800 Exception <a 'java/lang/NoSuchMethodError'{0x000000008586cf80}: 'java.lang.Object java.lang.invoke.DelegatingMethodHandle$Holder.delegate(java.lang.Object, java.lang.Object, java.lang.Object, java.lang.Object, java.lang.Object, java.lang.Object, java.lang.Object, java.lang.Object, java.lang.Object, java.lang.Object, java.lang.Object, java.lang.Object, java.lang.Object, java.lang.Object, java.lang.Object, java.lang.Object, java.lang.Object, java.lang.Object, java.lang.Object, java.lang.Object, java.lang.Obj
Event: 52.203 Thread 0x000001e95db43800 Exception <a 'java/lang/NoSuchMethodError'{0x00000000858b6528}: 'java.lang.Object java.lang.invoke.DirectMethodHandle$Holder.invokeStatic(java.lang.Object, java.lang.Object, java.lang.Object, java.lang.Object, java.lang.Object, java.lang.Object, java.lang.Object, java.lang.Object, java.lang.Object, java.lang.Object, java.lang.Object, java.lang.Object, java.lang.Object, java.lang.Object, java.lang.Object)'> (0x00000000858b6528) thrown at [./src/hotspot/share/interpreter/linkResolver.cpp, line 773]
Event: 52.207 Thread 0x000001e95db43800 Exception <a 'java/lang/NoSuchMethodError'{0x00000000858c7600}: 'java.lang.Object java.lang.invoke.DirectMethodHandle$Holder.invokeStatic(java.lang.Object, java.lang.Object, java.lang.Object, java.lang.Object, java.lang.Object, java.lang.Object, java.lang.Object, java.lang.Object, java.lang.Object, java.lang.Object, java.lang.Object, java.lang.Object, java.lang.Object, java.lang.Object, java.lang.Object, java.lang.Object)'> (0x00000000858c7600) thrown at [./src/hotspot/share/interpreter/linkResolver.cpp, l
Event: 52.210 Thread 0x000001e95db43800 Exception <a 'java/lang/NoSuchMethodError'{0x00000000858d85e8}: 'java.lang.Object java.lang.invoke.DelegatingMethodHandle$Holder.reinvoke_L(java.lang.Object, java.lang.Object, java.lang.Object, java.lang.Object, java.lang.Object, java.lang.Object, java.lang.Object, java.lang.Object, java.lang.Object, java.lang.Object, java.lang.Object, java.lang.Object, java.lang.Object, java.lang.Object, java.lang.Object, java.lang.Object, java.lang.Object, java.lang.Object, java.lang.Object, java.lang.Object)'> (0x000000

Events (20 events):
Event: 52.310 loading class org/gradle/api/plugins/HelpTasksPlugin$ModelReportAction done
Event: 52.311 loading class org/gradle/api/plugins/HelpTasksPlugin$ComponentReportAction
Event: 52.311 loading class org/gradle/api/plugins/HelpTasksPlugin$ComponentReportAction done
Event: 52.311 loading class org/gradle/api/plugins/HelpTasksPlugin$BuildEnvironmentReportTaskAction
Event: 52.311 loading class org/gradle/api/plugins/HelpTasksPlugin$BuildEnvironmentReportTaskAction done
Event: 52.312 loading class org/gradle/api/plugins/HelpTasksPlugin$DependencyReportTaskAction
Event: 52.312 loading class org/gradle/api/plugins/HelpTasksPlugin$DependencyReportTaskAction done
Event: 52.312 loading class org/gradle/api/plugins/HelpTasksPlugin$DependencyInsightReportTaskAction
Event: 52.312 loading class org/gradle/api/plugins/HelpTasksPlugin$DependencyInsightReportTaskAction done
Event: 52.313 loading class org/gradle/api/plugins/HelpTasksPlugin$PropertyReportTaskAction
Event: 52.313 loading class org/gradle/api/plugins/HelpTasksPlugin$PropertyReportTaskAction done
Event: 52.313 loading class org/gradle/api/plugins/HelpTasksPlugin$TaskReportTaskAction
Event: 52.313 loading class org/gradle/api/plugins/HelpTasksPlugin$TaskReportTaskAction done
Event: 52.314 loading class org/gradle/api/plugins/HelpTasksPlugin$ProjectReportTaskAction
Event: 52.314 loading class org/gradle/api/plugins/HelpTasksPlugin$ProjectReportTaskAction done
Event: 52.314 loading class org/gradle/api/plugins/HelpTasksPlugin$HelpAction
Event: 52.314 loading class org/gradle/api/plugins/HelpTasksPlugin$HelpAction done
Event: 52.316 loading class org/gradle/api/tasks/diagnostics/ResolvableConfigurationsReportTask
Event: 52.316 loading class org/gradle/api/tasks/diagnostics/ResolvableConfigurationsReportTask done
Event: 52.316 Executing VM operation: G1CollectForAllocation


Dynamic libraries:
0x00007ff7383c0000 - 0x00007ff7383ca000 	C:\Program Files\Android\Android Studio\jre\bin\java.exe
0x00007ff9cc290000 - 0x00007ff9cc488000 	C:\windows\SYSTEM32\ntdll.dll
0x00007ff9cae00000 - 0x00007ff9caebd000 	C:\windows\System32\KERNEL32.DLL
0x00007ff9c9e10000 - 0x00007ff9ca106000 	C:\windows\System32\KERNELBASE.dll
0x00007ff9ca1a0000 - 0x00007ff9ca2a0000 	C:\windows\System32\ucrtbase.dll
0x00007ff9c2650000 - 0x00007ff9c2667000 	C:\Program Files\Android\Android Studio\jre\bin\VCRUNTIME140.dll
0x00007ff9b69d0000 - 0x00007ff9b69e9000 	C:\Program Files\Android\Android Studio\jre\bin\jli.dll
0x00007ff9cb800000 - 0x00007ff9cb99e000 	C:\windows\System32\USER32.dll
0x00007ff9c9ab0000 - 0x00007ff9c9ad2000 	C:\windows\System32\win32u.dll
0x00007ff9cb580000 - 0x00007ff9cb5ab000 	C:\windows\System32\GDI32.dll
0x00007ff9c9be0000 - 0x00007ff9c9cf7000 	C:\windows\System32\gdi32full.dll
0x00007ff9ae340000 - 0x00007ff9ae5da000 	C:\windows\WinSxS\amd64_microsoft.windows.common-controls_6595b64144ccf1df_6.0.19041.3636_none_60b6a03d71f818d5\COMCTL32.dll
0x00007ff9c9d70000 - 0x00007ff9c9e0d000 	C:\windows\System32\msvcp_win.dll
0x00007ff9cb000000 - 0x00007ff9cb09e000 	C:\windows\System32\msvcrt.dll
0x00007ff9cb710000 - 0x00007ff9cb742000 	C:\windows\System32\IMM32.DLL
0x00007ff9a3ba0000 - 0x00007ff9a3c3d000 	C:\Program Files\Android\Android Studio\jre\bin\msvcp140.dll
0x00007ff938fa0000 - 0x00007ff939a85000 	C:\Program Files\Android\Android Studio\jre\bin\server\jvm.dll
0x00007ff9cac60000 - 0x00007ff9cad13000 	C:\windows\System32\ADVAPI32.dll
0x00007ff9cb670000 - 0x00007ff9cb70f000 	C:\windows\System32\sechost.dll
0x00007ff9cbe30000 - 0x00007ff9cbf56000 	C:\windows\System32\RPCRT4.dll
0x00007ff9ca2a0000 - 0x00007ff9ca2c7000 	C:\windows\System32\bcrypt.dll
0x00007ff9ca2d0000 - 0x00007ff9ca2d8000 	C:\windows\System32\PSAPI.DLL
0x00007ff9c1eb0000 - 0x00007ff9c1eba000 	C:\windows\SYSTEM32\VERSION.dll
0x00007ff9ada80000 - 0x00007ff9ada89000 	C:\windows\SYSTEM32\WSOCK32.dll
0x00007ff9ab1c0000 - 0x00007ff9ab1e7000 	C:\windows\SYSTEM32\WINMM.dll
0x00007ff9cb0a0000 - 0x00007ff9cb10b000 	C:\windows\System32\WS2_32.dll
0x00007ff9c8190000 - 0x00007ff9c81a2000 	C:\windows\SYSTEM32\kernel.appcore.dll
0x00007ff9c5070000 - 0x00007ff9c5081000 	C:\Program Files\Android\Android Studio\jre\bin\verify.dll
0x00007ff9c76f0000 - 0x00007ff9c78d4000 	C:\windows\SYSTEM32\DBGHELP.DLL
0x00007ff9b71e0000 - 0x00007ff9b7214000 	C:\windows\SYSTEM32\dbgcore.DLL
0x00007ff9ca110000 - 0x00007ff9ca192000 	C:\windows\System32\bcryptPrimitives.dll
0x00007ff9c2bd0000 - 0x00007ff9c2bf9000 	C:\Program Files\Android\Android Studio\jre\bin\java.dll
0x00007ff9c4160000 - 0x00007ff9c416b000 	C:\Program Files\Android\Android Studio\jre\bin\jimage.dll
0x00007ff9c2bb0000 - 0x00007ff9c2bc8000 	C:\Program Files\Android\Android Studio\jre\bin\zip.dll
0x00007ff9ca390000 - 0x00007ff9caad5000 	C:\windows\System32\SHELL32.dll
0x00007ff9c79e0000 - 0x00007ff9c817c000 	C:\windows\SYSTEM32\windows.storage.dll
0x00007ff9cb9a0000 - 0x00007ff9cbcf4000 	C:\windows\System32\combase.dll
0x00007ff9c9310000 - 0x00007ff9c933e000 	C:\windows\SYSTEM32\Wldp.dll
0x00007ff9caae0000 - 0x00007ff9cabad000 	C:\windows\System32\OLEAUT32.dll
0x00007ff9ca2e0000 - 0x00007ff9ca38d000 	C:\windows\System32\SHCORE.dll
0x00007ff9cb610000 - 0x00007ff9cb665000 	C:\windows\System32\shlwapi.dll
0x00007ff9c9880000 - 0x00007ff9c98a5000 	C:\windows\SYSTEM32\profapi.dll
0x00007ff9c2b90000 - 0x00007ff9c2baa000 	C:\Program Files\Android\Android Studio\jre\bin\net.dll
0x00007ff9bbe70000 - 0x00007ff9bbf7a000 	C:\windows\SYSTEM32\WINHTTP.dll
0x00007ff9c9010000 - 0x00007ff9c907a000 	C:\windows\system32\mswsock.dll
0x00007ff9c2a70000 - 0x00007ff9c2a84000 	C:\Program Files\Android\Android Studio\jre\bin\nio.dll
0x00007ff9c0c50000 - 0x00007ff9c0c77000 	C:\Users\HP\.gradle\native\e1d6ef7f7dcc3fd88c89a11ec53ec762bb8ba0a96d01ffa2cd45eb1d1d8dd5c5\windows-amd64\native-platform.dll
0x00007ff98bae0000 - 0x00007ff98bc24000 	C:\Users\HP\.gradle\native\0d407fdbe67a94daf76414ababcb853783967236a71b16ec16e742cd7a986fd3\windows-amd64\native-platform-file-events.dll
0x00007ff9c4120000 - 0x00007ff9c412a000 	C:\Program Files\Android\Android Studio\jre\bin\management.dll
0x00007ff9c3cb0000 - 0x00007ff9c3cbd000 	C:\Program Files\Android\Android Studio\jre\bin\management_ext.dll
0x00007ff9c9210000 - 0x00007ff9c9228000 	C:\windows\SYSTEM32\CRYPTSP.dll
0x00007ff9c8940000 - 0x00007ff9c8974000 	C:\windows\system32\rsaenh.dll
0x00007ff9c9840000 - 0x00007ff9c986e000 	C:\windows\SYSTEM32\USERENV.dll
0x00007ff9c9200000 - 0x00007ff9c920c000 	C:\windows\SYSTEM32\CRYPTBASE.dll
0x00007ff9c8d00000 - 0x00007ff9c8d3b000 	C:\windows\SYSTEM32\IPHLPAPI.DLL
0x00007ff9caff0000 - 0x00007ff9caff8000 	C:\windows\System32\NSI.dll
0x00007ff9c1340000 - 0x00007ff9c1357000 	C:\windows\SYSTEM32\dhcpcsvc6.DLL
0x00007ff9c1660000 - 0x00007ff9c167d000 	C:\windows\SYSTEM32\dhcpcsvc.DLL
0x00007ff9c8d40000 - 0x00007ff9c8e0b000 	C:\windows\SYSTEM32\DNSAPI.dll

dbghelp: loaded successfully - version: 4.0.5 - missing functions: none
symbol engine: initialized successfully - sym options: 0x614 - pdb path: .;C:\Program Files\Android\Android Studio\jre\bin;C:\windows\SYSTEM32;C:\windows\WinSxS\amd64_microsoft.windows.common-controls_6595b64144ccf1df_6.0.19041.3636_none_60b6a03d71f818d5;C:\Program Files\Android\Android Studio\jre\bin\server;C:\Users\HP\.gradle\native\e1d6ef7f7dcc3fd88c89a11ec53ec762bb8ba0a96d01ffa2cd45eb1d1d8dd5c5\windows-amd64;C:\Users\HP\.gradle\native\0d407fdbe67a94daf76414ababcb853783967236a71b16ec16e742cd7a986fd3\windows-amd64

VM Arguments:
jvm_args: --add-opens=java.base/java.util=ALL-UNNAMED --add-opens=java.base/java.lang=ALL-UNNAMED --add-opens=java.base/java.lang.invoke=ALL-UNNAMED --add-opens=java.base/java.util=ALL-UNNAMED --add-opens=java.prefs/java.util.prefs=ALL-UNNAMED --add-opens=java.prefs/java.util.prefs=ALL-UNNAMED --add-opens=java.base/java.nio.charset=ALL-UNNAMED --add-opens=java.base/java.net=ALL-UNNAMED --add-opens=java.base/java.util.concurrent.atomic=ALL-UNNAMED -Xmx2048m -Dfile.encoding=UTF-8 -Duser.country=ID -Duser.language=en -Duser.variant 
java_command: org.gradle.launcher.daemon.bootstrap.GradleDaemon 7.5
java_class_path (initial): C:\Users\HP\.gradle\wrapper\dists\gradle-7.5-bin\f1w0cc9nuo0eivz97x2xlu9sv\gradle-7.5\lib\gradle-launcher-7.5.jar
Launcher Type: SUN_STANDARD

[Global flags]
     intx CICompilerCount                          = 3                                         {product} {ergonomic}
     uint ConcGCThreads                            = 1                                         {product} {ergonomic}
     uint G1ConcRefinementThreads                  = 4                                         {product} {ergonomic}
   size_t G1HeapRegionSize                         = 1048576                                   {product} {ergonomic}
    uintx GCDrainStackTargetSize                   = 64                                        {product} {ergonomic}
   size_t InitialHeapSize                          = 65011712                                  {product} {ergonomic}
   size_t MarkStackSize                            = 4194304                                   {product} {ergonomic}
   size_t MaxHeapSize                              = 2147483648                                {product} {command line}
   size_t MaxNewSize                               = 1287651328                                {product} {ergonomic}
   size_t MinHeapDeltaBytes                        = 1048576                                   {product} {ergonomic}
    uintx NonNMethodCodeHeapSize                   = 5830732                                {pd product} {ergonomic}
    uintx NonProfiledCodeHeapSize                  = 122913754                              {pd product} {ergonomic}
    uintx ProfiledCodeHeapSize                     = 122913754                              {pd product} {ergonomic}
    uintx ReservedCodeCacheSize                    = 251658240                              {pd product} {ergonomic}
     bool SegmentedCodeCache                       = true                                      {product} {ergonomic}
     bool UseCompressedClassPointers               = true                                 {lp64_product} {ergonomic}
     bool UseCompressedOops                        = true                                 {lp64_product} {ergonomic}
     bool UseG1GC                                  = true                                      {product} {ergonomic}
     bool UseLargePagesIndividualAllocation        = false                                  {pd product} {ergonomic}

Logging:
Log output configuration:
 #0: stdout all=warning uptime,level,tags
 #1: stderr all=off uptime,level,tags

Environment Variables:
PATH=C:\oraclexe\app\oracle\product\11.2.0\server\bin;C:\Program Files\Common Files\Oracle\Java\javapath;C:\windows\system32;C:\windows;C:\windows\System32\Wbem;C:\windows\System32\WindowsPowerShell\v1.0\;C:\windows\System32\OpenSSH\;C:\Program Files\nodejs\;C:\ProgramData\chocolatey\bin;C:\Program Files\Git\cmd;C:\xampp\php;C:\ProgramData\ComposerSetup\bin;C:\Program Files\MATLAB\R2013a\runtime\win64;C:\Program Files\MATLAB\R2013a\bin;C:\Users\HP\AppData\Local\Programs\Python\Python310\Scripts;C:\Users\HP\AppData\Local\Programs\Python\Python310;C:\Users\HP\AppData\Local\Android\Sdk\platform-tools;C:\Program Files (x86)\Brackets\command;C:\Users\HP\AppData\Local\Programs\Python\Python38\Scripts\;C:\Users\HP\AppData\Local\Programs\Python\Python38\;C:\Users\HP\AppData\Local\Microsoft\WindowsApps;C:\Users\HP\AppData\Local\Programs\Microsoft VS Code\bin;C:\Users\HP\AppData\Roaming\npm;C:\Program Files\nodejs;C:\Users\HP\AppData\Roaming\Composer\vendor\bin;C:\Users\HP\AppData\Local\Android\Sdk\platform-tools;C:\Users\HP\AppData\Local\GitHubDesktop\bin;;C:\Program Files\JetBrains\PyCharm Community Edition 2023.2.5\bin;
USERNAME=HP
OS=Windows_NT
PROCESSOR_IDENTIFIER=Intel64 Family 6 Model 142 Stepping 12, GenuineIntel



---------------  S Y S T E M  ---------------

OS: Windows 10 , 64 bit Build 19041 (10.0.19041.3636)
OS uptime: 0 days 20:48 hours

CPU:total 4 (initial active 4) (2 cores per cpu, 2 threads per core) family 6 model 142 stepping 12 microcode 0xde, cmov, cx8, fxsr, mmx, sse, sse2, sse3, ssse3, sse4.1, sse4.2, popcnt, avx, avx2, aes, clmul, erms, 3dnowpref, lzcnt, ht, tsc, tscinvbit, bmi1, bmi2, adx, fma

Memory: 4k page, system-wide physical 3919M (205M free)
TotalPageFile size 15695M (AvailPageFile size 8M)
current process WorkingSet (physical memory assigned to process): 284M, peak: 284M
current process commit charge ("private bytes"): 379M, peak: 412M

vm_info: OpenJDK 64-Bit Server VM (11.0.12+7-b1504.28-7817840) for windows-amd64 JRE (11.0.12+7-b1504.28-7817840), built on Oct 13 2021 22:12:33 by "builder" with MS VC++ 14.0 (VS2015)

END.
