#
# There is insufficient memory for the Java Runtime Environment to continue.
# Native memory allocation (malloc) failed to allocate 1715536 bytes for Chunk::new
# Possible reasons:
#   The system is out of physical RAM or swap space
#   The process is running with CompressedOops enabled, and the Java Heap may be blocking the growth of the native heap
# Possible solutions:
#   Reduce memory load on the system
#   Increase physical memory or swap space
#   Check if swap backing store is full
#   Decrease Java heap size (-Xmx/-Xms)
#   Decrease number of Java threads
#   Decrease Java thread stack sizes (-Xss)
#   Set larger code cache with -XX:ReservedCodeCacheSize=
#   JVM is running with Unscaled Compressed Oops mode in which the Java heap is
#     placed in the first 4GB address space. The Java Heap base address is the
#     maximum limit for the native heap growth. Please use -XX:HeapBaseMinAddress
#     to set the Java Heap base and to place the Java Heap above 4GB virtual address.
# This output file may be truncated or incomplete.
#
#  Out of Memory Error (./src/hotspot/share/memory/arena.cpp:197), pid=9632, tid=18172
#
# JRE version: OpenJDK Runtime Environment (11.0.12+7) (build 11.0.12+7-b1504.28-7817840)
# Java VM: OpenJDK 64-Bit Server VM (11.0.12+7-b1504.28-7817840, mixed mode, tiered, compressed oops, g1 gc, windows-amd64)
# No core dump will be written. Minidumps are not enabled by default on client versions of Windows
#

---------------  S U M M A R Y ------------

Command Line: --add-opens=java.base/java.util=ALL-UNNAMED --add-opens=java.base/java.lang=ALL-UNNAMED --add-opens=java.base/java.lang.invoke=ALL-UNNAMED --add-opens=java.base/java.util=ALL-UNNAMED --add-opens=java.prefs/java.util.prefs=ALL-UNNAMED --add-opens=java.prefs/java.util.prefs=ALL-UNNAMED --add-opens=java.base/java.nio.charset=ALL-UNNAMED --add-opens=java.base/java.net=ALL-UNNAMED --add-opens=java.base/java.util.concurrent.atomic=ALL-UNNAMED -Xmx2048m -Dfile.encoding=UTF-8 -Duser.country=ID -Duser.language=en -Duser.variant org.gradle.launcher.daemon.bootstrap.GradleDaemon 7.5

Host: Intel(R) Core(TM) i3-10110U CPU @ 2.10GHz, 4 cores, 3G,  Windows 10 , 64 bit Build 19041 (10.0.19041.3636)
Time: Fri Mar  1 21:04:01 2024 SE Asia Standard Time elapsed time: 156.844279 seconds (0d 0h 2m 36s)

---------------  T H R E A D  ---------------

Current thread (0x000001d9c9ea6800):  JavaThread "C2 CompilerThread0" daemon [_thread_in_native, id=18172, stack(0x0000008315000000,0x0000008315100000)]


Current CompileTask:
C2: 156844 9696       4       org.objectweb.asm.MethodVisitor::visitInvokeDynamicInsn (39 bytes)

Stack: [0x0000008315000000,0x0000008315100000]
Native frames: (J=compiled Java code, j=interpreted, Vv=VM code, C=native code)
V  [jvm.dll+0x5fbcea]
V  [jvm.dll+0x731905]
V  [jvm.dll+0x732f1d]
V  [jvm.dll+0x7335d3]
V  [jvm.dll+0x247bf8]
V  [jvm.dll+0xc018c]
V  [jvm.dll+0xc06cc]
V  [jvm.dll+0x35b31d]
V  [jvm.dll+0x19d0bc]
V  [jvm.dll+0x20070e]
V  [jvm.dll+0x1ff794]
V  [jvm.dll+0x18868c]
V  [jvm.dll+0x20e0d7]
V  [jvm.dll+0x20c901]
V  [jvm.dll+0x6f9b7f]
V  [jvm.dll+0x6f26a5]
V  [jvm.dll+0x5fabf6]
C  [ucrtbase.dll+0x21bb2]
C  [KERNEL32.DLL+0x17344]
C  [ntdll.dll+0x526b1]


---------------  P R O C E S S  ---------------

Threads class SMR info:
_java_thread_list=0x000001d9cc93f850, length=76, elements={
0x000001d9ae2e5000, 0x000001d9c9e40800, 0x000001d9c9e42000, 0x000001d9c9ea0000,
0x000001d9c9ea1000, 0x000001d9c9ea3000, 0x000001d9c9ea6800, 0x000001d9c9ea7800,
0x000001d9ca7f0800, 0x000001d9ca901800, 0x000001d9cc32a800, 0x000001d9cbb1a800,
0x000001d9cb9ce800, 0x000001d9cb51f000, 0x000001d9cc2db800, 0x000001d9ca9d3800,
0x000001d9ca9d4800, 0x000001d9cad10000, 0x000001d9cc10b000, 0x000001d9cc10a800,
0x000001d9cc10c000, 0x000001d9cc111000, 0x000001d9cc10f000, 0x000001d9cc10c800,
0x000001d9cc10d800, 0x000001d9cc10e800, 0x000001d9cc110000, 0x000001d9ceb4d800,
0x000001d9ceb4e000, 0x000001d9ceb50800, 0x000001d9ceb4c800, 0x000001d9ceb51800,
0x000001d9ceb53000, 0x000001d9ceb50000, 0x000001d9ceb54800, 0x000001d9ceb4f000,
0x000001d9ceb5a800, 0x000001d9ceb57000, 0x000001d9ceb56800, 0x000001d9ceb58000,
0x000001d9ceb55800, 0x000001d9ceb5b000, 0x000001d9ceb59000, 0x000001d9ceb59800,
0x000001d9ceb3a000, 0x000001d9ceb39000, 0x000001d9ceb3b000, 0x000001d9ceb3b800,
0x000001d9ceb3d000, 0x000001d9ceb3c800, 0x000001d9ceb38800, 0x000001d9ceb37800,
0x000001d9ceb3f000, 0x000001d9ceb3f800, 0x000001d9ceb3e000, 0x000001d9ceb42000,
0x000001d9ceb43000, 0x000001d9ceb45800, 0x000001d9ceb44000, 0x000001d9ceb44800,
0x000001d9ceb46000, 0x000001d9ceb40800, 0x000001d9ceb41800, 0x000001d9d0cbf800,
0x000001d9d0cc0800, 0x000001d9d0cbd000, 0x000001d9d0cc1000, 0x000001d9d0cbe000,
0x000001d9d0cbb800, 0x000001d9d0cbe800, 0x000001d9d0cc2000, 0x000001d9d0cbc800,
0x000001d9d0cc5800, 0x000001d9d0cc4800, 0x000001d9d0cc7800, 0x000001d9d0cc8800
}

Java Threads: ( => current thread )
  0x000001d9ae2e5000 JavaThread "main" [_thread_blocked, id=12676, stack(0x0000008314400000,0x0000008314500000)]
  0x000001d9c9e40800 JavaThread "Reference Handler" daemon [_thread_blocked, id=21060, stack(0x0000008314b00000,0x0000008314c00000)]
  0x000001d9c9e42000 JavaThread "Finalizer" daemon [_thread_blocked, id=7128, stack(0x0000008314c00000,0x0000008314d00000)]
  0x000001d9c9ea0000 JavaThread "Signal Dispatcher" daemon [_thread_blocked, id=2228, stack(0x0000008314d00000,0x0000008314e00000)]
  0x000001d9c9ea1000 JavaThread "Attach Listener" daemon [_thread_blocked, id=3184, stack(0x0000008314e00000,0x0000008314f00000)]
  0x000001d9c9ea3000 JavaThread "Service Thread" daemon [_thread_blocked, id=16984, stack(0x0000008314f00000,0x0000008315000000)]
=>0x000001d9c9ea6800 JavaThread "C2 CompilerThread0" daemon [_thread_in_native, id=18172, stack(0x0000008315000000,0x0000008315100000)]
  0x000001d9c9ea7800 JavaThread "C1 CompilerThread0" daemon [_thread_blocked, id=5812, stack(0x0000008315100000,0x0000008315200000)]
  0x000001d9ca7f0800 JavaThread "Sweeper thread" daemon [_thread_blocked, id=15416, stack(0x0000008315200000,0x0000008315300000)]
  0x000001d9ca901800 JavaThread "Common-Cleaner" daemon [_thread_blocked, id=11108, stack(0x0000008315300000,0x0000008315400000)]
  0x000001d9cc32a800 JavaThread "Daemon health stats" [_thread_blocked, id=17704, stack(0x0000008315600000,0x0000008315700000)]
  0x000001d9cbb1a800 JavaThread "Incoming local TCP Connector on port 55462" [_thread_in_native, id=17792, stack(0x0000008315700000,0x0000008315800000)]
  0x000001d9cb9ce800 JavaThread "Daemon periodic checks" [_thread_blocked, id=15388, stack(0x0000008315800000,0x0000008315900000)]
  0x000001d9cb51f000 JavaThread "Daemon" [_thread_blocked, id=13680, stack(0x0000008315900000,0x0000008315a00000)]
  0x000001d9cc2db800 JavaThread "Handler for socket connection from /127.0.0.1:55462 to /127.0.0.1:55463" [_thread_in_native, id=2420, stack(0x0000008315a00000,0x0000008315b00000)]
  0x000001d9ca9d3800 JavaThread "Cancel handler" [_thread_blocked, id=12816, stack(0x0000008315b00000,0x0000008315c00000)]
  0x000001d9ca9d4800 JavaThread "Daemon worker" [_thread_blocked, id=12856, stack(0x0000008315c00000,0x0000008315d00000)]
  0x000001d9cad10000 JavaThread "Asynchronous log dispatcher for DefaultDaemonConnection: socket connection from /127.0.0.1:55462 to /127.0.0.1:55463" [_thread_blocked, id=11268, stack(0x0000008315d00000,0x0000008315e00000)]
  0x000001d9cc10b000 JavaThread "Daemon client event forwarder" [_thread_blocked, id=9008, stack(0x0000008315f00000,0x0000008316000000)]
  0x000001d9cc10a800 JavaThread "Cache worker for journal cache (C:\Users\HP\.gradle\caches\journal-1)" [_thread_blocked, id=17324, stack(0x0000008316200000,0x0000008316300000)]
  0x000001d9cc10c000 JavaThread "File lock request listener" [_thread_in_native, id=21344, stack(0x0000008316300000,0x0000008316400000)]
  0x000001d9cc111000 JavaThread "Cache worker for file hash cache (C:\Users\HP\.gradle\caches\7.5\fileHashes)" [_thread_blocked, id=17200, stack(0x0000008316400000,0x0000008316500000)]
  0x000001d9cc10f000 JavaThread "File watcher server" daemon [_thread_in_native, id=21264, stack(0x0000008316500000,0x0000008316600000)]
  0x000001d9cc10c800 JavaThread "File watcher consumer" daemon [_thread_blocked, id=560, stack(0x0000008316600000,0x0000008316700000)]
  0x000001d9cc10d800 JavaThread "jar transforms" [_thread_in_Java, id=7612, stack(0x0000008316700000,0x0000008316800000)]
  0x000001d9cc10e800 JavaThread "jar transforms Thread 2" [_thread_in_native, id=13104, stack(0x0000008316800000,0x0000008316900000)]
  0x000001d9cc110000 JavaThread "jar transforms Thread 3" [_thread_in_native, id=21024, stack(0x0000008316900000,0x0000008316a00000)]
  0x000001d9ceb4d800 JavaThread "jar transforms Thread 4" [_thread_in_native, id=20668, stack(0x0000008316a00000,0x0000008316b00000)]
  0x000001d9ceb4e000 JavaThread "Cache worker for checksums cache (C:\Users\HP\AndroidStudioProjects\facial\.gradle\7.5\checksums)" [_thread_blocked, id=18940, stack(0x0000008316b00000,0x0000008316c00000)]
  0x000001d9ceb50800 JavaThread "Cache worker for cache directory md-rule (C:\Users\HP\.gradle\caches\7.5\md-rule)" [_thread_blocked, id=10112, stack(0x0000008316c00000,0x0000008316d00000)]
  0x000001d9ceb4c800 JavaThread "Cache worker for file content cache (C:\Users\HP\.gradle\caches\7.5\fileContent)" [_thread_blocked, id=2336, stack(0x0000008316d00000,0x0000008316e00000)]
  0x000001d9ceb51800 JavaThread "Cache worker for file hash cache (C:\Users\HP\AndroidStudioProjects\facial\.gradle\7.5\fileHashes)" [_thread_blocked, id=17240, stack(0x0000008316e00000,0x0000008316f00000)]
  0x000001d9ceb53000 JavaThread "Cache worker for cache directory md-supplier (C:\Users\HP\.gradle\caches\7.5\md-supplier)" [_thread_blocked, id=17108, stack(0x0000008316f00000,0x0000008317000000)]
  0x000001d9ceb50000 JavaThread "Cache worker for execution history cache (C:\Users\HP\.gradle\caches\7.5\executionHistory)" [_thread_blocked, id=11500, stack(0x0000008317000000,0x0000008317100000)]
  0x000001d9ceb54800 JavaThread "Cache worker for dependencies-accessors (C:\Users\HP\AndroidStudioProjects\facial\.gradle\7.5\dependencies-accessors)" [_thread_blocked, id=17952, stack(0x0000008317100000,0x0000008317200000)]
  0x000001d9ceb4f000 JavaThread "Cache worker for Build Output Cleanup Cache (C:\Users\HP\AndroidStudioProjects\facial\.gradle\buildOutputCleanup)" [_thread_blocked, id=12296, stack(0x0000008317200000,0x0000008317300000)]
  0x000001d9ceb5a800 JavaThread "Unconstrained build operations" [_thread_blocked, id=20588, stack(0x0000008317500000,0x0000008317600000)]
  0x000001d9ceb57000 JavaThread "Unconstrained build operations Thread 2" [_thread_blocked, id=21456, stack(0x0000008317600000,0x0000008317700000)]
  0x000001d9ceb56800 JavaThread "Unconstrained build operations Thread 3" [_thread_blocked, id=11796, stack(0x0000008317700000,0x0000008317800000)]
  0x000001d9ceb58000 JavaThread "Unconstrained build operations Thread 4" [_thread_blocked, id=20420, stack(0x0000008317800000,0x0000008317900000)]
  0x000001d9ceb55800 JavaThread "Unconstrained build operations Thread 5" [_thread_blocked, id=14244, stack(0x0000008317900000,0x0000008317a00000)]
  0x000001d9ceb5b000 JavaThread "Unconstrained build operations Thread 6" [_thread_blocked, id=11236, stack(0x0000008317a00000,0x0000008317b00000)]
  0x000001d9ceb59000 JavaThread "Unconstrained build operations Thread 7" [_thread_blocked, id=13492, stack(0x0000008317b00000,0x0000008317c00000)]
  0x000001d9ceb59800 JavaThread "Unconstrained build operations Thread 8" [_thread_blocked, id=32, stack(0x0000008317c00000,0x0000008317d00000)]
  0x000001d9ceb3a000 JavaThread "Unconstrained build operations Thread 9" [_thread_blocked, id=12028, stack(0x0000008317d00000,0x0000008317e00000)]
  0x000001d9ceb39000 JavaThread "Unconstrained build operations Thread 10" [_thread_blocked, id=11984, stack(0x0000008317e00000,0x0000008317f00000)]
  0x000001d9ceb3b000 JavaThread "Unconstrained build operations Thread 11" [_thread_blocked, id=6424, stack(0x0000008317f00000,0x0000008318000000)]
  0x000001d9ceb3b800 JavaThread "Unconstrained build operations Thread 12" [_thread_blocked, id=19080, stack(0x0000008318000000,0x0000008318100000)]
  0x000001d9ceb3d000 JavaThread "Unconstrained build operations Thread 13" [_thread_blocked, id=2952, stack(0x0000008318100000,0x0000008318200000)]
  0x000001d9ceb3c800 JavaThread "Unconstrained build operations Thread 14" [_thread_blocked, id=18924, stack(0x0000008318200000,0x0000008318300000)]
  0x000001d9ceb38800 JavaThread "Unconstrained build operations Thread 15" [_thread_blocked, id=19252, stack(0x0000008318300000,0x0000008318400000)]
  0x000001d9ceb37800 JavaThread "Unconstrained build operations Thread 16" [_thread_blocked, id=19460, stack(0x0000008318400000,0x0000008318500000)]
  0x000001d9ceb3f000 JavaThread "Unconstrained build operations Thread 17" [_thread_blocked, id=3628, stack(0x0000008318500000,0x0000008318600000)]
  0x000001d9ceb3f800 JavaThread "Unconstrained build operations Thread 18" [_thread_blocked, id=19012, stack(0x0000008318600000,0x0000008318700000)]
  0x000001d9ceb3e000 JavaThread "Unconstrained build operations Thread 19" [_thread_blocked, id=21208, stack(0x0000008318700000,0x0000008318800000)]
  0x000001d9ceb42000 JavaThread "Unconstrained build operations Thread 20" [_thread_blocked, id=2740, stack(0x0000008318800000,0x0000008318900000)]
  0x000001d9ceb43000 JavaThread "Unconstrained build operations Thread 21" [_thread_blocked, id=5508, stack(0x0000008318900000,0x0000008318a00000)]
  0x000001d9ceb45800 JavaThread "Unconstrained build operations Thread 22" [_thread_blocked, id=4772, stack(0x0000008318a00000,0x0000008318b00000)]
  0x000001d9ceb44000 JavaThread "Unconstrained build operations Thread 23" [_thread_blocked, id=16900, stack(0x0000008318b00000,0x0000008318c00000)]
  0x000001d9ceb44800 JavaThread "Unconstrained build operations Thread 24" [_thread_blocked, id=11332, stack(0x0000008318c00000,0x0000008318d00000)]
  0x000001d9ceb46000 JavaThread "Unconstrained build operations Thread 25" [_thread_blocked, id=19816, stack(0x0000008318d00000,0x0000008318e00000)]
  0x000001d9ceb40800 JavaThread "Unconstrained build operations Thread 26" [_thread_blocked, id=13472, stack(0x0000008318e00000,0x0000008318f00000)]
  0x000001d9ceb41800 JavaThread "Unconstrained build operations Thread 27" [_thread_blocked, id=18452, stack(0x0000008318f00000,0x0000008319000000)]
  0x000001d9d0cbf800 JavaThread "Unconstrained build operations Thread 28" [_thread_blocked, id=14632, stack(0x0000008319000000,0x0000008319100000)]
  0x000001d9d0cc0800 JavaThread "Unconstrained build operations Thread 29" [_thread_blocked, id=4304, stack(0x0000008319100000,0x0000008319200000)]
  0x000001d9d0cbd000 JavaThread "Unconstrained build operations Thread 30" [_thread_blocked, id=2164, stack(0x0000008319200000,0x0000008319300000)]
  0x000001d9d0cc1000 JavaThread "Unconstrained build operations Thread 31" [_thread_blocked, id=13408, stack(0x0000008319300000,0x0000008319400000)]
  0x000001d9d0cbe000 JavaThread "Unconstrained build operations Thread 32" [_thread_blocked, id=6404, stack(0x0000008319400000,0x0000008319500000)]
  0x000001d9d0cbb800 JavaThread "Unconstrained build operations Thread 33" [_thread_blocked, id=2132, stack(0x0000008319500000,0x0000008319600000)]
  0x000001d9d0cbe800 JavaThread "Unconstrained build operations Thread 34" [_thread_blocked, id=15960, stack(0x0000008319600000,0x0000008319700000)]
  0x000001d9d0cc2000 JavaThread "Unconstrained build operations Thread 35" [_thread_blocked, id=5736, stack(0x0000008319700000,0x0000008319800000)]
  0x000001d9d0cbc800 JavaThread "Unconstrained build operations Thread 36" [_thread_blocked, id=20600, stack(0x0000008319800000,0x0000008319900000)]
  0x000001d9d0cc5800 JavaThread "Unconstrained build operations Thread 37" [_thread_blocked, id=19780, stack(0x0000008319900000,0x0000008319a00000)]
  0x000001d9d0cc4800 JavaThread "Unconstrained build operations Thread 38" [_thread_blocked, id=21368, stack(0x0000008319a00000,0x0000008319b00000)]
  0x000001d9d0cc7800 JavaThread "Unconstrained build operations Thread 39" [_thread_blocked, id=20940, stack(0x0000008319b00000,0x0000008319c00000)]
  0x000001d9d0cc8800 JavaThread "Unconstrained build operations Thread 40" [_thread_blocked, id=10460, stack(0x0000008319c00000,0x0000008319d00000)]

Other Threads:
  0x000001d9c9e3c800 VMThread "VM Thread" [stack: 0x0000008314a00000,0x0000008314b00000] [id=20900]
  0x000001d9ca937000 WatcherThread [stack: 0x0000008315400000,0x0000008315500000] [id=17588]
  0x000001d9ae2fe000 GCTaskThread "GC Thread#0" [stack: 0x0000008314500000,0x0000008314600000] [id=18156]
  0x000001d9cac88000 GCTaskThread "GC Thread#1" [stack: 0x0000008315500000,0x0000008315600000] [id=19676]
  0x000001d9cad53800 GCTaskThread "GC Thread#2" [stack: 0x0000008316000000,0x0000008316100000] [id=18472]
  0x000001d9cad54000 GCTaskThread "GC Thread#3" [stack: 0x0000008316100000,0x0000008316200000] [id=16184]
  0x000001d9ae32e800 ConcurrentGCThread "G1 Main Marker" [stack: 0x0000008314600000,0x0000008314700000] [id=4300]
  0x000001d9ae32f800 ConcurrentGCThread "G1 Conc#0" [stack: 0x0000008314700000,0x0000008314800000] [id=6920]
  0x000001d9ae387800 ConcurrentGCThread "G1 Refine#0" [stack: 0x0000008314800000,0x0000008314900000] [id=21320]
  0x000001d9ae388800 ConcurrentGCThread "G1 Young RemSet Sampling" [stack: 0x0000008314900000,0x0000008314a00000] [id=18120]

Threads with active compile tasks:
C2 CompilerThread0 156904 9696       4       org.objectweb.asm.MethodVisitor::visitInvokeDynamicInsn (39 bytes)

VM state:not at safepoint (normal execution)

VM Mutex/Monitor currently owned by a thread: None

Heap address: 0x0000000080000000, size: 2048 MB, Compressed Oops mode: 32-bit
Narrow klass base: 0x0000000000000000, Narrow klass shift: 3
Compressed class space size: 1073741824 Address: 0x0000000100000000

Heap:
 garbage-first heap   total 203776K, used 89359K [0x0000000080000000, 0x0000000100000000)
  region size 1024K, 21 young (21504K), 3 survivors (3072K)
 Metaspace       used 63408K, capacity 65177K, committed 65200K, reserved 1105920K
  class space    used 7867K, capacity 8434K, committed 8448K, reserved 1048576K
Heap Regions: E=young(eden), S=young(survivor), O=old, HS=humongous(starts), HC=humongous(continues), CS=collection set, F=free, A=archive, TAMS=top-at-mark-start (previous, next)
|   0|0x0000000080000000, 0x0000000080100000, 0x0000000080100000|100%|HS|  |TAMS 0x0000000080100000, 0x0000000080000000| Complete 
|   1|0x0000000080100000, 0x0000000080200000, 0x0000000080200000|100%|HC|  |TAMS 0x0000000080200000, 0x0000000080100000| Complete 
|   2|0x0000000080200000, 0x0000000080300000, 0x0000000080300000|100%|HC|  |TAMS 0x0000000080300000, 0x0000000080200000| Complete 
|   3|0x0000000080300000, 0x0000000080400000, 0x0000000080400000|100%| O|  |TAMS 0x0000000080400000, 0x0000000080300000| Untracked 
|   4|0x0000000080400000, 0x0000000080500000, 0x0000000080500000|100%| O|  |TAMS 0x0000000080500000, 0x0000000080400000| Untracked 
|   5|0x0000000080500000, 0x0000000080600000, 0x0000000080600000|100%| O|  |TAMS 0x0000000080600000, 0x0000000080500000| Untracked 
|   6|0x0000000080600000, 0x0000000080700000, 0x0000000080700000|100%| O|  |TAMS 0x0000000080700000, 0x0000000080600000| Untracked 
|   7|0x0000000080700000, 0x0000000080800000, 0x0000000080800000|100%| O|  |TAMS 0x0000000080800000, 0x0000000080700000| Untracked 
|   8|0x0000000080800000, 0x0000000080900000, 0x0000000080900000|100%| O|  |TAMS 0x0000000080900000, 0x0000000080800000| Untracked 
|   9|0x0000000080900000, 0x0000000080a00000, 0x0000000080a00000|100%| O|  |TAMS 0x0000000080a00000, 0x0000000080900000| Untracked 
|  10|0x0000000080a00000, 0x0000000080b00000, 0x0000000080b00000|100%| O|  |TAMS 0x0000000080b00000, 0x0000000080a00000| Untracked 
|  11|0x0000000080b00000, 0x0000000080c00000, 0x0000000080c00000|100%| O|  |TAMS 0x0000000080c00000, 0x0000000080b00000| Untracked 
|  12|0x0000000080c00000, 0x0000000080d00000, 0x0000000080d00000|100%| O|  |TAMS 0x0000000080d00000, 0x0000000080c00000| Untracked 
|  13|0x0000000080d00000, 0x0000000080e00000, 0x0000000080e00000|100%| O|  |TAMS 0x0000000080e00000, 0x0000000080d00000| Untracked 
|  14|0x0000000080e00000, 0x0000000080f00000, 0x0000000080f00000|100%| O|  |TAMS 0x0000000080f00000, 0x0000000080e00000| Untracked 
|  15|0x0000000080f00000, 0x0000000081000000, 0x0000000081000000|100%| O|  |TAMS 0x0000000081000000, 0x0000000080f00000| Untracked 
|  16|0x0000000081000000, 0x0000000081100000, 0x0000000081100000|100%| O|  |TAMS 0x0000000081100000, 0x0000000081000000| Untracked 
|  17|0x0000000081100000, 0x0000000081200000, 0x0000000081200000|100%| O|  |TAMS 0x0000000081200000, 0x0000000081100000| Untracked 
|  18|0x0000000081200000, 0x0000000081300000, 0x0000000081300000|100%|HS|  |TAMS 0x0000000081300000, 0x0000000081200000| Complete 
|  19|0x0000000081300000, 0x0000000081400000, 0x0000000081400000|100%|HC|  |TAMS 0x0000000081400000, 0x0000000081300000| Complete 
|  20|0x0000000081400000, 0x0000000081500000, 0x0000000081500000|100%|HS|  |TAMS 0x0000000081500000, 0x0000000081400000| Complete 
|  21|0x0000000081500000, 0x0000000081600000, 0x0000000081600000|100%|HC|  |TAMS 0x0000000081600000, 0x0000000081500000| Complete 
|  22|0x0000000081600000, 0x0000000081700000, 0x0000000081700000|100%|HC|  |TAMS 0x0000000081700000, 0x0000000081600000| Complete 
|  23|0x0000000081700000, 0x0000000081800000, 0x0000000081800000|100%|HS|  |TAMS 0x0000000081800000, 0x0000000081700000| Complete 
|  24|0x0000000081800000, 0x0000000081900000, 0x0000000081900000|100%|HS|  |TAMS 0x0000000081900000, 0x0000000081800000| Complete 
|  25|0x0000000081900000, 0x0000000081a00000, 0x0000000081a00000|100%|HC|  |TAMS 0x0000000081a00000, 0x0000000081900000| Complete 
|  26|0x0000000081a00000, 0x0000000081b00000, 0x0000000081b00000|100%|HC|  |TAMS 0x0000000081b00000, 0x0000000081a00000| Complete 
|  27|0x0000000081b00000, 0x0000000081c00000, 0x0000000081c00000|100%|HC|  |TAMS 0x0000000081c00000, 0x0000000081b00000| Complete 
|  28|0x0000000081c00000, 0x0000000081d00000, 0x0000000081d00000|100%| O|  |TAMS 0x0000000081d00000, 0x0000000081c00000| Untracked 
|  29|0x0000000081d00000, 0x0000000081e00000, 0x0000000081e00000|100%| O|  |TAMS 0x0000000081e00000, 0x0000000081d00000| Untracked 
|  30|0x0000000081e00000, 0x0000000081f00000, 0x0000000081f00000|100%| O|  |TAMS 0x0000000081f00000, 0x0000000081e00000| Untracked 
|  31|0x0000000081f00000, 0x0000000082000000, 0x0000000082000000|100%| O|  |TAMS 0x0000000082000000, 0x0000000081f00000| Untracked 
|  32|0x0000000082000000, 0x0000000082100000, 0x0000000082100000|100%| O|  |TAMS 0x0000000082100000, 0x0000000082000000| Untracked 
|  33|0x0000000082100000, 0x0000000082200000, 0x0000000082200000|100%| O|  |TAMS 0x0000000082200000, 0x0000000082100000| Untracked 
|  34|0x0000000082200000, 0x0000000082300000, 0x0000000082300000|100%| O|  |TAMS 0x0000000082300000, 0x0000000082200000| Untracked 
|  35|0x0000000082300000, 0x0000000082400000, 0x0000000082400000|100%| O|  |TAMS 0x0000000082400000, 0x0000000082300000| Untracked 
|  36|0x0000000082400000, 0x0000000082500000, 0x0000000082500000|100%| O|  |TAMS 0x0000000082500000, 0x0000000082400000| Untracked 
|  37|0x0000000082500000, 0x0000000082600000, 0x0000000082600000|100%| O|  |TAMS 0x0000000082600000, 0x0000000082500000| Untracked 
|  38|0x0000000082600000, 0x0000000082700000, 0x0000000082700000|100%| O|  |TAMS 0x0000000082700000, 0x0000000082600000| Untracked 
|  39|0x0000000082700000, 0x0000000082800000, 0x0000000082800000|100%| O|  |TAMS 0x0000000082800000, 0x0000000082700000| Untracked 
|  40|0x0000000082800000, 0x0000000082900000, 0x0000000082900000|100%|HS|  |TAMS 0x0000000082900000, 0x0000000082800000| Complete 
|  41|0x0000000082900000, 0x0000000082a00000, 0x0000000082a00000|100%| O|  |TAMS 0x0000000082a00000, 0x0000000082900000| Untracked 
|  42|0x0000000082a00000, 0x0000000082b00000, 0x0000000082b00000|100%| O|  |TAMS 0x0000000082b00000, 0x0000000082a00000| Untracked 
|  43|0x0000000082b00000, 0x0000000082c00000, 0x0000000082c00000|100%| O|  |TAMS 0x0000000082c00000, 0x0000000082b00000| Untracked 
|  44|0x0000000082c00000, 0x0000000082d00000, 0x0000000082d00000|100%|HS|  |TAMS 0x0000000082d00000, 0x0000000082c00000| Complete 
|  45|0x0000000082d00000, 0x0000000082e00000, 0x0000000082e00000|100%|HC|  |TAMS 0x0000000082e00000, 0x0000000082d00000| Complete 
|  46|0x0000000082e00000, 0x0000000082f00000, 0x0000000082f00000|100%|HC|  |TAMS 0x0000000082f00000, 0x0000000082e00000| Complete 
|  47|0x0000000082f00000, 0x0000000083000000, 0x0000000083000000|100%| O|  |TAMS 0x0000000082f00000, 0x0000000082f00000| Untracked 
|  48|0x0000000083000000, 0x0000000083100000, 0x0000000083100000|100%| O|  |TAMS 0x0000000083100000, 0x0000000083000000| Untracked 
|  49|0x0000000083100000, 0x0000000083200000, 0x0000000083200000|100%| O|  |TAMS 0x0000000083174400, 0x0000000083100000| Untracked 
|  50|0x0000000083200000, 0x0000000083300000, 0x0000000083300000|100%|HS|  |TAMS 0x0000000083200000, 0x0000000083200000| Complete 
|  51|0x0000000083300000, 0x0000000083400000, 0x0000000083400000|100%|HC|  |TAMS 0x0000000083300000, 0x0000000083300000| Complete 
|  52|0x0000000083400000, 0x0000000083500000, 0x0000000083500000|100%|HC|  |TAMS 0x0000000083400000, 0x0000000083400000| Complete 
|  53|0x0000000083500000, 0x0000000083600000, 0x0000000083600000|100%|HC|  |TAMS 0x0000000083500000, 0x0000000083500000| Complete 
|  54|0x0000000083600000, 0x0000000083700000, 0x0000000083700000|100%| O|  |TAMS 0x0000000083600000, 0x0000000083600000| Untracked 
|  55|0x0000000083700000, 0x0000000083800000, 0x0000000083800000|100%| O|  |TAMS 0x0000000083700000, 0x0000000083700000| Untracked 
|  56|0x0000000083800000, 0x0000000083900000, 0x0000000083900000|100%| O|  |TAMS 0x0000000083800000, 0x0000000083800000| Untracked 
|  57|0x0000000083900000, 0x0000000083a00000, 0x0000000083a00000|100%| O|  |TAMS 0x0000000083900000, 0x0000000083900000| Untracked 
|  58|0x0000000083a00000, 0x0000000083b00000, 0x0000000083b00000|100%| O|  |TAMS 0x0000000083a00000, 0x0000000083a00000| Untracked 
|  59|0x0000000083b00000, 0x0000000083c00000, 0x0000000083c00000|100%| O|  |TAMS 0x0000000083b00000, 0x0000000083b00000| Untracked 
|  60|0x0000000083c00000, 0x0000000083d00000, 0x0000000083d00000|100%| O|  |TAMS 0x0000000083c00000, 0x0000000083c00000| Untracked 
|  61|0x0000000083d00000, 0x0000000083e00000, 0x0000000083e00000|100%| O|  |TAMS 0x0000000083d00000, 0x0000000083d00000| Untracked 
|  62|0x0000000083e00000, 0x0000000083f00000, 0x0000000083f00000|100%| O|  |TAMS 0x0000000083e00000, 0x0000000083e00000| Untracked 
|  63|0x0000000083f00000, 0x0000000084000000, 0x0000000084000000|100%| O|  |TAMS 0x0000000083f00000, 0x0000000083f00000| Untracked 
|  64|0x0000000084000000, 0x0000000084000000, 0x0000000084100000|  0%| F|  |TAMS 0x0000000084000000, 0x0000000084000000| Untracked 
|  65|0x0000000084100000, 0x0000000084100000, 0x0000000084200000|  0%| F|  |TAMS 0x0000000084100000, 0x0000000084100000| Untracked 
|  66|0x0000000084200000, 0x0000000084200000, 0x0000000084300000|  0%| F|  |TAMS 0x0000000084200000, 0x0000000084200000| Untracked 
|  67|0x0000000084300000, 0x0000000084400000, 0x0000000084400000|100%|HS|  |TAMS 0x0000000084300000, 0x0000000084300000| Complete 
|  68|0x0000000084400000, 0x0000000084500000, 0x0000000084500000|100%| O|  |TAMS 0x0000000084400000, 0x0000000084400000| Untracked 
|  69|0x0000000084500000, 0x0000000084600000, 0x0000000084600000|100%| O|  |TAMS 0x0000000084500000, 0x0000000084500000| Untracked 
|  70|0x0000000084600000, 0x0000000084600000, 0x0000000084700000|  0%| F|  |TAMS 0x0000000084600000, 0x0000000084600000| Untracked 
|  71|0x0000000084700000, 0x0000000084700000, 0x0000000084800000|  0%| F|  |TAMS 0x0000000084700000, 0x0000000084700000| Untracked 
|  72|0x0000000084800000, 0x0000000084800000, 0x0000000084900000|  0%| F|  |TAMS 0x0000000084800000, 0x0000000084800000| Untracked 
|  73|0x0000000084900000, 0x0000000084900000, 0x0000000084a00000|  0%| F|  |TAMS 0x0000000084900000, 0x0000000084900000| Untracked 
|  74|0x0000000084a00000, 0x0000000084a00000, 0x0000000084b00000|  0%| F|  |TAMS 0x0000000084a00000, 0x0000000084a00000| Untracked 
|  75|0x0000000084b00000, 0x0000000084b00000, 0x0000000084c00000|  0%| F|  |TAMS 0x0000000084b00000, 0x0000000084b00000| Untracked 
|  76|0x0000000084c00000, 0x0000000084cda400, 0x0000000084d00000| 85%| O|  |TAMS 0x0000000084c00000, 0x0000000084c00000| Untracked 
|  77|0x0000000084d00000, 0x0000000084d00000, 0x0000000084e00000|  0%| F|  |TAMS 0x0000000084d00000, 0x0000000084d00000| Untracked 
|  78|0x0000000084e00000, 0x0000000084e00000, 0x0000000084f00000|  0%| F|  |TAMS 0x0000000084e00000, 0x0000000084e00000| Untracked 
|  79|0x0000000084f00000, 0x0000000084f00000, 0x0000000085000000|  0%| F|  |TAMS 0x0000000084f00000, 0x0000000084f00000| Untracked 
|  80|0x0000000085000000, 0x0000000085000000, 0x0000000085100000|  0%| F|  |TAMS 0x0000000085000000, 0x0000000085000000| Untracked 
|  81|0x0000000085100000, 0x0000000085100000, 0x0000000085200000|  0%| F|  |TAMS 0x0000000085100000, 0x0000000085100000| Untracked 
|  82|0x0000000085200000, 0x0000000085200000, 0x0000000085300000|  0%| F|  |TAMS 0x0000000085200000, 0x0000000085200000| Untracked 
|  83|0x0000000085300000, 0x0000000085300000, 0x0000000085400000|  0%| F|  |TAMS 0x0000000085300000, 0x0000000085300000| Untracked 
|  84|0x0000000085400000, 0x0000000085400000, 0x0000000085500000|  0%| F|  |TAMS 0x0000000085400000, 0x0000000085400000| Untracked 
|  85|0x0000000085500000, 0x0000000085500000, 0x0000000085600000|  0%| F|  |TAMS 0x0000000085500000, 0x0000000085500000| Untracked 
|  86|0x0000000085600000, 0x0000000085600000, 0x0000000085700000|  0%| F|  |TAMS 0x0000000085600000, 0x0000000085600000| Untracked 
|  87|0x0000000085700000, 0x0000000085700000, 0x0000000085800000|  0%| F|  |TAMS 0x0000000085700000, 0x0000000085700000| Untracked 
|  88|0x0000000085800000, 0x0000000085800000, 0x0000000085900000|  0%| F|  |TAMS 0x0000000085800000, 0x0000000085800000| Untracked 
|  89|0x0000000085900000, 0x0000000085900000, 0x0000000085a00000|  0%| F|  |TAMS 0x0000000085900000, 0x0000000085900000| Untracked 
|  90|0x0000000085a00000, 0x0000000085a00000, 0x0000000085b00000|  0%| F|  |TAMS 0x0000000085a00000, 0x0000000085a00000| Untracked 
|  91|0x0000000085b00000, 0x0000000085b00000, 0x0000000085c00000|  0%| F|  |TAMS 0x0000000085b00000, 0x0000000085b00000| Untracked 
|  92|0x0000000085c00000, 0x0000000085c00000, 0x0000000085d00000|  0%| F|  |TAMS 0x0000000085c00000, 0x0000000085c00000| Untracked 
|  93|0x0000000085d00000, 0x0000000085d69be0, 0x0000000085e00000| 41%| S|CS|TAMS 0x0000000085d00000, 0x0000000085d00000| Complete 
|  94|0x0000000085e00000, 0x0000000085f00000, 0x0000000085f00000|100%| S|CS|TAMS 0x0000000085e00000, 0x0000000085e00000| Complete 
|  95|0x0000000085f00000, 0x0000000086000000, 0x0000000086000000|100%| S|CS|TAMS 0x0000000085f00000, 0x0000000085f00000| Complete 
|  96|0x0000000086000000, 0x0000000086000000, 0x0000000086100000|  0%| F|  |TAMS 0x0000000086000000, 0x0000000086000000| Untracked 
|  97|0x0000000086100000, 0x0000000086100000, 0x0000000086200000|  0%| F|  |TAMS 0x0000000086100000, 0x0000000086100000| Untracked 
|  98|0x0000000086200000, 0x0000000086200000, 0x0000000086300000|  0%| F|  |TAMS 0x0000000086200000, 0x0000000086200000| Untracked 
|  99|0x0000000086300000, 0x0000000086300000, 0x0000000086400000|  0%| F|  |TAMS 0x0000000086300000, 0x0000000086300000| Untracked 
| 100|0x0000000086400000, 0x0000000086400000, 0x0000000086500000|  0%| F|  |TAMS 0x0000000086400000, 0x0000000086400000| Untracked 
| 101|0x0000000086500000, 0x0000000086500000, 0x0000000086600000|  0%| F|  |TAMS 0x0000000086500000, 0x0000000086500000| Untracked 
| 102|0x0000000086600000, 0x0000000086600000, 0x0000000086700000|  0%| F|  |TAMS 0x0000000086600000, 0x0000000086600000| Untracked 
| 103|0x0000000086700000, 0x0000000086700000, 0x0000000086800000|  0%| F|  |TAMS 0x0000000086700000, 0x0000000086700000| Untracked 
| 104|0x0000000086800000, 0x0000000086800000, 0x0000000086900000|  0%| F|  |TAMS 0x0000000086800000, 0x0000000086800000| Untracked 
| 105|0x0000000086900000, 0x0000000086900000, 0x0000000086a00000|  0%| F|  |TAMS 0x0000000086900000, 0x0000000086900000| Untracked 
| 106|0x0000000086a00000, 0x0000000086a00000, 0x0000000086b00000|  0%| F|  |TAMS 0x0000000086a00000, 0x0000000086a00000| Untracked 
| 107|0x0000000086b00000, 0x0000000086b00000, 0x0000000086c00000|  0%| F|  |TAMS 0x0000000086b00000, 0x0000000086b00000| Untracked 
| 108|0x0000000086c00000, 0x0000000086c00000, 0x0000000086d00000|  0%| F|  |TAMS 0x0000000086c00000, 0x0000000086c00000| Untracked 
| 109|0x0000000086d00000, 0x0000000086d00000, 0x0000000086e00000|  0%| F|  |TAMS 0x0000000086d00000, 0x0000000086d00000| Untracked 
| 110|0x0000000086e00000, 0x0000000086e00000, 0x0000000086f00000|  0%| F|  |TAMS 0x0000000086e00000, 0x0000000086e00000| Untracked 
| 111|0x0000000086f00000, 0x0000000086f00000, 0x0000000087000000|  0%| F|  |TAMS 0x0000000086f00000, 0x0000000086f00000| Untracked 
| 112|0x0000000087000000, 0x0000000087000000, 0x0000000087100000|  0%| F|  |TAMS 0x0000000087000000, 0x0000000087000000| Untracked 
| 113|0x0000000087100000, 0x0000000087100000, 0x0000000087200000|  0%| F|  |TAMS 0x0000000087100000, 0x0000000087100000| Untracked 
| 114|0x0000000087200000, 0x0000000087200000, 0x0000000087300000|  0%| F|  |TAMS 0x0000000087200000, 0x0000000087200000| Untracked 
| 115|0x0000000087300000, 0x0000000087300000, 0x0000000087400000|  0%| F|  |TAMS 0x0000000087300000, 0x0000000087300000| Untracked 
| 116|0x0000000087400000, 0x0000000087400000, 0x0000000087500000|  0%| F|  |TAMS 0x0000000087400000, 0x0000000087400000| Untracked 
| 117|0x0000000087500000, 0x0000000087500000, 0x0000000087600000|  0%| F|  |TAMS 0x0000000087500000, 0x0000000087500000| Untracked 
| 118|0x0000000087600000, 0x0000000087600000, 0x0000000087700000|  0%| F|  |TAMS 0x0000000087600000, 0x0000000087600000| Untracked 
| 119|0x0000000087700000, 0x0000000087700000, 0x0000000087800000|  0%| F|  |TAMS 0x0000000087700000, 0x0000000087700000| Untracked 
| 120|0x0000000087800000, 0x0000000087800000, 0x0000000087900000|  0%| F|  |TAMS 0x0000000087800000, 0x0000000087800000| Untracked 
| 121|0x0000000087900000, 0x0000000087900000, 0x0000000087a00000|  0%| F|  |TAMS 0x0000000087900000, 0x0000000087900000| Untracked 
| 122|0x0000000087a00000, 0x0000000087a00000, 0x0000000087b00000|  0%| F|  |TAMS 0x0000000087a00000, 0x0000000087a00000| Untracked 
| 123|0x0000000087b00000, 0x0000000087b00000, 0x0000000087c00000|  0%| F|  |TAMS 0x0000000087b00000, 0x0000000087b00000| Untracked 
| 124|0x0000000087c00000, 0x0000000087c00000, 0x0000000087d00000|  0%| F|  |TAMS 0x0000000087c00000, 0x0000000087c00000| Untracked 
| 125|0x0000000087d00000, 0x0000000087d00000, 0x0000000087e00000|  0%| F|  |TAMS 0x0000000087d00000, 0x0000000087d00000| Untracked 
| 126|0x0000000087e00000, 0x0000000087e00000, 0x0000000087f00000|  0%| F|  |TAMS 0x0000000087e00000, 0x0000000087e00000| Untracked 
| 127|0x0000000087f00000, 0x0000000087f00000, 0x0000000088000000|  0%| F|  |TAMS 0x0000000087f00000, 0x0000000087f00000| Untracked 
| 128|0x0000000088000000, 0x0000000088000000, 0x0000000088100000|  0%| F|  |TAMS 0x0000000088000000, 0x0000000088000000| Untracked 
| 129|0x0000000088100000, 0x0000000088100000, 0x0000000088200000|  0%| F|  |TAMS 0x0000000088100000, 0x0000000088100000| Untracked 
| 130|0x0000000088200000, 0x0000000088200000, 0x0000000088300000|  0%| F|  |TAMS 0x0000000088200000, 0x0000000088200000| Untracked 
| 131|0x0000000088300000, 0x0000000088300000, 0x0000000088400000|  0%| F|  |TAMS 0x0000000088300000, 0x0000000088300000| Untracked 
| 132|0x0000000088400000, 0x0000000088400000, 0x0000000088500000|  0%| F|  |TAMS 0x0000000088400000, 0x0000000088400000| Untracked 
| 133|0x0000000088500000, 0x0000000088500000, 0x0000000088600000|  0%| F|  |TAMS 0x0000000088500000, 0x0000000088500000| Untracked 
| 134|0x0000000088600000, 0x0000000088600000, 0x0000000088700000|  0%| F|  |TAMS 0x0000000088600000, 0x0000000088600000| Untracked 
| 135|0x0000000088700000, 0x0000000088700000, 0x0000000088800000|  0%| F|  |TAMS 0x0000000088700000, 0x0000000088700000| Untracked 
| 136|0x0000000088800000, 0x0000000088800000, 0x0000000088900000|  0%| F|  |TAMS 0x0000000088800000, 0x0000000088800000| Untracked 
| 137|0x0000000088900000, 0x0000000088900000, 0x0000000088a00000|  0%| F|  |TAMS 0x0000000088900000, 0x0000000088900000| Untracked 
| 138|0x0000000088a00000, 0x0000000088a00000, 0x0000000088b00000|  0%| F|  |TAMS 0x0000000088a00000, 0x0000000088a00000| Untracked 
| 139|0x0000000088b00000, 0x0000000088b00000, 0x0000000088c00000|  0%| F|  |TAMS 0x0000000088b00000, 0x0000000088b00000| Untracked 
| 140|0x0000000088c00000, 0x0000000088c00000, 0x0000000088d00000|  0%| F|  |TAMS 0x0000000088c00000, 0x0000000088c00000| Untracked 
| 141|0x0000000088d00000, 0x0000000088d00000, 0x0000000088e00000|  0%| F|  |TAMS 0x0000000088d00000, 0x0000000088d00000| Untracked 
| 142|0x0000000088e00000, 0x0000000088e00000, 0x0000000088f00000|  0%| F|  |TAMS 0x0000000088e00000, 0x0000000088e00000| Untracked 
| 143|0x0000000088f00000, 0x0000000088f00000, 0x0000000089000000|  0%| F|  |TAMS 0x0000000088f00000, 0x0000000088f00000| Untracked 
| 144|0x0000000089000000, 0x0000000089000000, 0x0000000089100000|  0%| F|  |TAMS 0x0000000089000000, 0x0000000089000000| Untracked 
| 145|0x0000000089100000, 0x0000000089100000, 0x0000000089200000|  0%| F|  |TAMS 0x0000000089100000, 0x0000000089100000| Untracked 
| 146|0x0000000089200000, 0x0000000089200000, 0x0000000089300000|  0%| F|  |TAMS 0x0000000089200000, 0x0000000089200000| Untracked 
| 147|0x0000000089300000, 0x0000000089300000, 0x0000000089400000|  0%| F|  |TAMS 0x0000000089300000, 0x0000000089300000| Untracked 
| 148|0x0000000089400000, 0x0000000089400000, 0x0000000089500000|  0%| F|  |TAMS 0x0000000089400000, 0x0000000089400000| Untracked 
| 149|0x0000000089500000, 0x0000000089500000, 0x0000000089600000|  0%| F|  |TAMS 0x0000000089500000, 0x0000000089500000| Untracked 
| 150|0x0000000089600000, 0x0000000089600000, 0x0000000089700000|  0%| F|  |TAMS 0x0000000089600000, 0x0000000089600000| Untracked 
| 151|0x0000000089700000, 0x0000000089700000, 0x0000000089800000|  0%| F|  |TAMS 0x0000000089700000, 0x0000000089700000| Untracked 
| 152|0x0000000089800000, 0x0000000089800000, 0x0000000089900000|  0%| F|  |TAMS 0x0000000089800000, 0x0000000089800000| Untracked 
| 153|0x0000000089900000, 0x0000000089900000, 0x0000000089a00000|  0%| F|  |TAMS 0x0000000089900000, 0x0000000089900000| Untracked 
| 154|0x0000000089a00000, 0x0000000089a00000, 0x0000000089b00000|  0%| F|  |TAMS 0x0000000089a00000, 0x0000000089a00000| Untracked 
| 155|0x0000000089b00000, 0x0000000089b00000, 0x0000000089c00000|  0%| F|  |TAMS 0x0000000089b00000, 0x0000000089b00000| Untracked 
| 156|0x0000000089c00000, 0x0000000089c00000, 0x0000000089d00000|  0%| F|  |TAMS 0x0000000089c00000, 0x0000000089c00000| Untracked 
| 157|0x0000000089d00000, 0x0000000089d00000, 0x0000000089e00000|  0%| F|  |TAMS 0x0000000089d00000, 0x0000000089d00000| Untracked 
| 158|0x0000000089e00000, 0x0000000089e00000, 0x0000000089f00000|  0%| F|  |TAMS 0x0000000089e00000, 0x0000000089e00000| Untracked 
| 159|0x0000000089f00000, 0x0000000089f00000, 0x000000008a000000|  0%| F|  |TAMS 0x0000000089f00000, 0x0000000089f00000| Untracked 
| 160|0x000000008a000000, 0x000000008a000000, 0x000000008a100000|  0%| F|  |TAMS 0x000000008a000000, 0x000000008a000000| Untracked 
| 161|0x000000008a100000, 0x000000008a100000, 0x000000008a200000|  0%| F|  |TAMS 0x000000008a100000, 0x000000008a100000| Untracked 
| 162|0x000000008a200000, 0x000000008a200000, 0x000000008a300000|  0%| F|  |TAMS 0x000000008a200000, 0x000000008a200000| Untracked 
| 163|0x000000008a300000, 0x000000008a300000, 0x000000008a400000|  0%| F|  |TAMS 0x000000008a300000, 0x000000008a300000| Untracked 
| 164|0x000000008a400000, 0x000000008a400000, 0x000000008a500000|  0%| F|  |TAMS 0x000000008a400000, 0x000000008a400000| Untracked 
| 165|0x000000008a500000, 0x000000008a500000, 0x000000008a600000|  0%| F|  |TAMS 0x000000008a500000, 0x000000008a500000| Untracked 
| 166|0x000000008a600000, 0x000000008a600000, 0x000000008a700000|  0%| F|  |TAMS 0x000000008a600000, 0x000000008a600000| Untracked 
| 167|0x000000008a700000, 0x000000008a700000, 0x000000008a800000|  0%| F|  |TAMS 0x000000008a700000, 0x000000008a700000| Untracked 
| 168|0x000000008a800000, 0x000000008a800000, 0x000000008a900000|  0%| F|  |TAMS 0x000000008a800000, 0x000000008a800000| Untracked 
| 169|0x000000008a900000, 0x000000008a900000, 0x000000008aa00000|  0%| F|  |TAMS 0x000000008a900000, 0x000000008a900000| Untracked 
| 170|0x000000008aa00000, 0x000000008aa00000, 0x000000008ab00000|  0%| F|  |TAMS 0x000000008aa00000, 0x000000008aa00000| Untracked 
| 171|0x000000008ab00000, 0x000000008ab00000, 0x000000008ac00000|  0%| F|  |TAMS 0x000000008ab00000, 0x000000008ab00000| Untracked 
| 172|0x000000008ac00000, 0x000000008ac00000, 0x000000008ad00000|  0%| F|  |TAMS 0x000000008ac00000, 0x000000008ac00000| Untracked 
| 173|0x000000008ad00000, 0x000000008ad00000, 0x000000008ae00000|  0%| F|  |TAMS 0x000000008ad00000, 0x000000008ad00000| Untracked 
| 174|0x000000008ae00000, 0x000000008ae00000, 0x000000008af00000|  0%| F|  |TAMS 0x000000008ae00000, 0x000000008ae00000| Untracked 
| 175|0x000000008af00000, 0x000000008af00000, 0x000000008b000000|  0%| F|  |TAMS 0x000000008af00000, 0x000000008af00000| Untracked 
| 176|0x000000008b000000, 0x000000008b000000, 0x000000008b100000|  0%| F|  |TAMS 0x000000008b000000, 0x000000008b000000| Untracked 
| 177|0x000000008b100000, 0x000000008b100000, 0x000000008b200000|  0%| F|  |TAMS 0x000000008b100000, 0x000000008b100000| Untracked 
| 178|0x000000008b200000, 0x000000008b200000, 0x000000008b300000|  0%| F|  |TAMS 0x000000008b200000, 0x000000008b200000| Untracked 
| 179|0x000000008b300000, 0x000000008b300000, 0x000000008b400000|  0%| F|  |TAMS 0x000000008b300000, 0x000000008b300000| Untracked 
| 180|0x000000008b400000, 0x000000008b400000, 0x000000008b500000|  0%| F|  |TAMS 0x000000008b400000, 0x000000008b400000| Untracked 
| 181|0x000000008b500000, 0x000000008b600000, 0x000000008b600000|100%| E|  |TAMS 0x000000008b500000, 0x000000008b500000| Complete 
| 182|0x000000008b600000, 0x000000008b700000, 0x000000008b700000|100%| E|CS|TAMS 0x000000008b600000, 0x000000008b600000| Complete 
| 183|0x000000008b700000, 0x000000008b800000, 0x000000008b800000|100%| E|CS|TAMS 0x000000008b700000, 0x000000008b700000| Complete 
| 184|0x000000008b800000, 0x000000008b900000, 0x000000008b900000|100%| E|CS|TAMS 0x000000008b800000, 0x000000008b800000| Complete 
| 185|0x000000008b900000, 0x000000008ba00000, 0x000000008ba00000|100%| E|CS|TAMS 0x000000008b900000, 0x000000008b900000| Complete 
| 186|0x000000008ba00000, 0x000000008bb00000, 0x000000008bb00000|100%| E|CS|TAMS 0x000000008ba00000, 0x000000008ba00000| Complete 
| 187|0x000000008bb00000, 0x000000008bc00000, 0x000000008bc00000|100%| E|CS|TAMS 0x000000008bb00000, 0x000000008bb00000| Complete 
| 188|0x000000008bc00000, 0x000000008bd00000, 0x000000008bd00000|100%| E|CS|TAMS 0x000000008bc00000, 0x000000008bc00000| Complete 
| 189|0x000000008bd00000, 0x000000008be00000, 0x000000008be00000|100%| E|CS|TAMS 0x000000008bd00000, 0x000000008bd00000| Complete 
| 190|0x000000008be00000, 0x000000008bf00000, 0x000000008bf00000|100%| E|CS|TAMS 0x000000008be00000, 0x000000008be00000| Complete 
| 191|0x000000008bf00000, 0x000000008c000000, 0x000000008c000000|100%| E|CS|TAMS 0x000000008bf00000, 0x000000008bf00000| Complete 
| 192|0x000000008c000000, 0x000000008c100000, 0x000000008c100000|100%| E|CS|TAMS 0x000000008c000000, 0x000000008c000000| Complete 
| 193|0x000000008c100000, 0x000000008c200000, 0x000000008c200000|100%| E|CS|TAMS 0x000000008c100000, 0x000000008c100000| Complete 
| 194|0x000000008c200000, 0x000000008c300000, 0x000000008c300000|100%| E|CS|TAMS 0x000000008c200000, 0x000000008c200000| Complete 
| 195|0x000000008c300000, 0x000000008c400000, 0x000000008c400000|100%| E|CS|TAMS 0x000000008c300000, 0x000000008c300000| Complete 
| 196|0x000000008c400000, 0x000000008c500000, 0x000000008c500000|100%| E|CS|TAMS 0x000000008c400000, 0x000000008c400000| Complete 
| 197|0x000000008c500000, 0x000000008c600000, 0x000000008c600000|100%| E|CS|TAMS 0x000000008c500000, 0x000000008c500000| Complete 
| 198|0x000000008c600000, 0x000000008c700000, 0x000000008c700000|100%| E|CS|TAMS 0x000000008c600000, 0x000000008c600000| Complete 

Card table byte_map: [0x000001d9c3020000,0x000001d9c3420000] _byte_map_base: 0x000001d9c2c20000

Marking Bits (Prev, Next): (CMBitMap*) 0x000001d9ae3258c8, (CMBitMap*) 0x000001d9ae325900
 Prev Bits: [0x000001d9c3820000, 0x000001d9c5820000)
 Next Bits: [0x000001d9c5820000, 0x000001d9c7820000)

Polling page: 0x000001d9ae3c0000

Metaspace:

Usage:
  Non-class:     55.41 MB capacity,    54.24 MB ( 98%) used,     1.01 MB (  2%) free+waste,   172.38 KB ( <1%) overhead. 
      Class:      8.24 MB capacity,     7.68 MB ( 93%) used,   486.76 KB (  6%) free+waste,    79.94 KB ( <1%) overhead. 
       Both:     63.65 MB capacity,    61.92 MB ( 97%) used,     1.48 MB (  2%) free+waste,   252.31 KB ( <1%) overhead. 

Virtual space:
  Non-class space:       56.00 MB reserved,      55.42 MB ( 99%) committed 
      Class space:        1.00 GB reserved,       8.25 MB ( <1%) committed 
             Both:        1.05 GB reserved,      63.67 MB (  6%) committed 

Chunk freelists:
   Non-Class:  9.00 KB
       Class:  0 bytes
        Both:  9.00 KB

MaxMetaspaceSize: 17179869184.00 GB
CompressedClassSpaceSize: 1.00 GB
Initial GC threshold: 20.80 MB
Current GC threshold: 79.66 MB
CDS: off

CodeHeap 'non-profiled nmethods': size=120064Kb used=6734Kb max_used=6734Kb free=113329Kb
 bounds [0x000001d9bb0c0000, 0x000001d9bb760000, 0x000001d9c2600000]
CodeHeap 'profiled nmethods': size=120000Kb used=22631Kb max_used=22631Kb free=97368Kb
 bounds [0x000001d9b3b90000, 0x000001d9b51b0000, 0x000001d9bb0c0000]
CodeHeap 'non-nmethods': size=5696Kb used=2350Kb max_used=2410Kb free=3345Kb
 bounds [0x000001d9b3600000, 0x000001d9b3870000, 0x000001d9b3b90000]
 total_blobs=10459 nmethods=9598 adapters=773
 compilation: enabled
              stopped_count=0, restarted_count=0
 full_count=0

Compilation events (20 events):
Event: 155.761 Thread 0x000001d9c9ea6800 nmethod 9682 0x000001d9bb747d10 code [0x000001d9bb7482a0, 0x000001d9bb74e1e8]
Event: 155.761 Thread 0x000001d9c9ea6800 9683       4       org.gradle.internal.classpath.ClasspathBuilder$ZipEntryBuilder::dir (42 bytes)
Event: 155.781 Thread 0x000001d9c9ea6800 nmethod 9683 0x000001d9bb752110 code [0x000001d9bb7522c0, 0x000001d9bb752a38]
Event: 155.812 Thread 0x000001d9c9ea7800 9692       1       org.gradle.cache.internal.DefaultFileLockManager$DefaultFileLock::access$500 (5 bytes)
Event: 155.813 Thread 0x000001d9c9ea7800 nmethod 9692 0x000001d9bb752d90 code [0x000001d9bb752f40, 0x000001d9bb752fd8]
Event: 155.900 Thread 0x000001d9c9ea6800 9693       4       org.gradle.internal.hash.HashCode::bytesToLong (109 bytes)
Event: 155.903 Thread 0x000001d9c9ea6800 nmethod 9693 0x000001d9bb753090 code [0x000001d9bb753220, 0x000001d9bb753338]
Event: 155.912 Thread 0x000001d9c9ea7800 9694       3       java.util.HashSet::clear (8 bytes)
Event: 155.912 Thread 0x000001d9c9ea7800 nmethod 9694 0x000001d9b51a7990 code [0x000001d9b51a7b40, 0x000001d9b51a7d08]
Event: 155.925 Thread 0x000001d9c9ea6800 9695       4       sun.security.provider.ByteArrayAccess::i2bLittle (204 bytes)
Event: 155.931 Thread 0x000001d9c9ea6800 nmethod 9695 0x000001d9bb753410 code [0x000001d9bb7535c0, 0x000001d9bb753878]
Event: 155.975 Thread 0x000001d9c9ea6800 9696       4       org.objectweb.asm.MethodVisitor::visitInvokeDynamicInsn (39 bytes)
Event: 155.991 Thread 0x000001d9c9ea7800 9697       3       java.util.concurrent.CopyOnWriteArrayList::indexOfRange (63 bytes)
Event: 155.991 Thread 0x000001d9c9ea7800 nmethod 9697 0x000001d9b51a7e10 code [0x000001d9b51a8000, 0x000001d9b51a8468]
Event: 156.000 Thread 0x000001d9c9ea7800 9698       3       org.gradle.api.internal.file.temp.GradleUserHomeTemporaryFileProvider$1::create (5 bytes)
Event: 156.001 Thread 0x000001d9c9ea7800 nmethod 9698 0x000001d9b51a8690 code [0x000001d9b51a88a0, 0x000001d9b51a8cf8]
Event: 156.001 Thread 0x000001d9c9ea7800 9699       3       org.gradle.api.internal.file.temp.GradleUserHomeTemporaryFileProvider$1::create (22 bytes)
Event: 156.001 Thread 0x000001d9c9ea7800 nmethod 9699 0x000001d9b51a8f10 code [0x000001d9b51a9100, 0x000001d9b51a94d8]
Event: 156.659 Thread 0x000001d9c9ea7800 9700       3       org.objectweb.asm.ClassVisitor::visitNestMember (35 bytes)
Event: 156.660 Thread 0x000001d9c9ea7800 nmethod 9700 0x000001d9b51a9690 code [0x000001d9b51a9860, 0x000001d9b51a9b78]

GC Heap History (20 events):
Event: 142.296 GC heap before
{Heap before GC invocations=51 (full 0):
 garbage-first heap   total 203776K, used 172472K [0x0000000080000000, 0x0000000100000000)
  region size 1024K, 105 young (107520K), 8 survivors (8192K)
 Metaspace       used 63389K, capacity 65177K, committed 65200K, reserved 1105920K
  class space    used 7867K, capacity 8434K, committed 8448K, reserved 1048576K
}
Event: 142.312 GC heap after
{Heap after GC invocations=52 (full 0):
 garbage-first heap   total 203776K, used 74521K [0x0000000080000000, 0x0000000100000000)
  region size 1024K, 8 young (8192K), 8 survivors (8192K)
 Metaspace       used 63389K, capacity 65177K, committed 65200K, reserved 1105920K
  class space    used 7867K, capacity 8434K, committed 8448K, reserved 1048576K
}
Event: 143.086 GC heap before
{Heap before GC invocations=52 (full 0):
 garbage-first heap   total 203776K, used 174873K [0x0000000080000000, 0x0000000100000000)
  region size 1024K, 106 young (108544K), 8 survivors (8192K)
 Metaspace       used 63391K, capacity 65177K, committed 65200K, reserved 1105920K
  class space    used 7867K, capacity 8434K, committed 8448K, reserved 1048576K
}
Event: 143.106 GC heap after
{Heap after GC invocations=53 (full 0):
 garbage-first heap   total 203776K, used 75392K [0x0000000080000000, 0x0000000100000000)
  region size 1024K, 8 young (8192K), 8 survivors (8192K)
 Metaspace       used 63391K, capacity 65177K, committed 65200K, reserved 1105920K
  class space    used 7867K, capacity 8434K, committed 8448K, reserved 1048576K
}
Event: 145.290 GC heap before
{Heap before GC invocations=53 (full 0):
 garbage-first heap   total 203776K, used 175744K [0x0000000080000000, 0x0000000100000000)
  region size 1024K, 105 young (107520K), 8 survivors (8192K)
 Metaspace       used 63391K, capacity 65177K, committed 65200K, reserved 1105920K
  class space    used 7867K, capacity 8434K, committed 8448K, reserved 1048576K
}
Event: 145.303 GC heap after
{Heap after GC invocations=54 (full 0):
 garbage-first heap   total 203776K, used 77111K [0x0000000080000000, 0x0000000100000000)
  region size 1024K, 9 young (9216K), 9 survivors (9216K)
 Metaspace       used 63391K, capacity 65177K, committed 65200K, reserved 1105920K
  class space    used 7867K, capacity 8434K, committed 8448K, reserved 1048576K
}
Event: 147.145 GC heap before
{Heap before GC invocations=54 (full 0):
 garbage-first heap   total 203776K, used 173367K [0x0000000080000000, 0x0000000100000000)
  region size 1024K, 103 young (105472K), 9 survivors (9216K)
 Metaspace       used 63393K, capacity 65177K, committed 65200K, reserved 1105920K
  class space    used 7867K, capacity 8434K, committed 8448K, reserved 1048576K
}
Event: 147.225 GC heap after
{Heap after GC invocations=55 (full 0):
 garbage-first heap   total 203776K, used 77152K [0x0000000080000000, 0x0000000100000000)
  region size 1024K, 7 young (7168K), 7 survivors (7168K)
 Metaspace       used 63393K, capacity 65177K, committed 65200K, reserved 1105920K
  class space    used 7867K, capacity 8434K, committed 8448K, reserved 1048576K
}
Event: 148.288 GC heap before
{Heap before GC invocations=55 (full 0):
 garbage-first heap   total 203776K, used 175456K [0x0000000080000000, 0x0000000100000000)
  region size 1024K, 103 young (105472K), 7 survivors (7168K)
 Metaspace       used 63394K, capacity 65177K, committed 65200K, reserved 1105920K
  class space    used 7867K, capacity 8434K, committed 8448K, reserved 1048576K
}
Event: 148.304 GC heap after
{Heap after GC invocations=56 (full 0):
 garbage-first heap   total 203776K, used 78828K [0x0000000080000000, 0x0000000100000000)
  region size 1024K, 8 young (8192K), 8 survivors (8192K)
 Metaspace       used 63394K, capacity 65177K, committed 65200K, reserved 1105920K
  class space    used 7867K, capacity 8434K, committed 8448K, reserved 1048576K
}
Event: 150.025 GC heap before
{Heap before GC invocations=56 (full 0):
 garbage-first heap   total 203776K, used 179180K [0x0000000080000000, 0x0000000100000000)
  region size 1024K, 101 young (103424K), 8 survivors (8192K)
 Metaspace       used 63394K, capacity 65177K, committed 65200K, reserved 1105920K
  class space    used 7867K, capacity 8434K, committed 8448K, reserved 1048576K
}
Event: 150.056 GC heap after
{Heap after GC invocations=57 (full 0):
 garbage-first heap   total 203776K, used 85178K [0x0000000080000000, 0x0000000100000000)
  region size 1024K, 7 young (7168K), 7 survivors (7168K)
 Metaspace       used 63394K, capacity 65177K, committed 65200K, reserved 1105920K
  class space    used 7867K, capacity 8434K, committed 8448K, reserved 1048576K
}
Event: 151.338 GC heap before
{Heap before GC invocations=57 (full 0):
 garbage-first heap   total 203776K, used 174266K [0x0000000080000000, 0x0000000100000000)
  region size 1024K, 95 young (97280K), 7 survivors (7168K)
 Metaspace       used 63397K, capacity 65177K, committed 65200K, reserved 1105920K
  class space    used 7867K, capacity 8434K, committed 8448K, reserved 1048576K
}
Event: 151.345 GC heap after
{Heap after GC invocations=58 (full 0):
 garbage-first heap   total 203776K, used 75512K [0x0000000080000000, 0x0000000100000000)
  region size 1024K, 4 young (4096K), 4 survivors (4096K)
 Metaspace       used 63397K, capacity 65177K, committed 65200K, reserved 1105920K
  class space    used 7867K, capacity 8434K, committed 8448K, reserved 1048576K
}
Event: 152.235 GC heap before
{Heap before GC invocations=58 (full 0):
 garbage-first heap   total 203776K, used 175864K [0x0000000080000000, 0x0000000100000000)
  region size 1024K, 102 young (104448K), 4 survivors (4096K)
 Metaspace       used 63398K, capacity 65177K, committed 65200K, reserved 1105920K
  class space    used 7867K, capacity 8434K, committed 8448K, reserved 1048576K
}
Event: 152.242 GC heap after
{Heap after GC invocations=59 (full 0):
 garbage-first heap   total 203776K, used 75852K [0x0000000080000000, 0x0000000100000000)
  region size 1024K, 5 young (5120K), 5 survivors (5120K)
 Metaspace       used 63398K, capacity 65177K, committed 65200K, reserved 1105920K
  class space    used 7867K, capacity 8434K, committed 8448K, reserved 1048576K
}
Event: 153.354 GC heap before
{Heap before GC invocations=59 (full 0):
 garbage-first heap   total 203776K, used 175180K [0x0000000080000000, 0x0000000100000000)
  region size 1024K, 103 young (105472K), 5 survivors (5120K)
 Metaspace       used 63398K, capacity 65177K, committed 65200K, reserved 1105920K
  class space    used 7867K, capacity 8434K, committed 8448K, reserved 1048576K
}
Event: 153.378 GC heap after
{Heap after GC invocations=60 (full 0):
 garbage-first heap   total 203776K, used 71306K [0x0000000080000000, 0x0000000100000000)
  region size 1024K, 2 young (2048K), 2 survivors (2048K)
 Metaspace       used 63398K, capacity 65177K, committed 65200K, reserved 1105920K
  class space    used 7867K, capacity 8434K, committed 8448K, reserved 1048576K
}
Event: 156.639 GC heap before
{Heap before GC invocations=60 (full 0):
 garbage-first heap   total 203776K, used 173706K [0x0000000080000000, 0x0000000100000000)
  region size 1024K, 103 young (105472K), 2 survivors (2048K)
 Metaspace       used 63408K, capacity 65177K, committed 65200K, reserved 1105920K
  class space    used 7867K, capacity 8434K, committed 8448K, reserved 1048576K
}
Event: 156.643 GC heap after
{Heap after GC invocations=61 (full 0):
 garbage-first heap   total 203776K, used 71951K [0x0000000080000000, 0x0000000100000000)
  region size 1024K, 3 young (3072K), 3 survivors (3072K)
 Metaspace       used 63408K, capacity 65177K, committed 65200K, reserved 1105920K
  class space    used 7867K, capacity 8434K, committed 8448K, reserved 1048576K
}

Deoptimization events (20 events):
Event: 150.631 Thread 0x000001d9cc10e800 DEOPT PACKING pc=0x000001d9b512752c sp=0x00000083168fe3b0
Event: 150.631 Thread 0x000001d9cc10e800 DEOPT UNPACKING pc=0x000001d9b364a95e sp=0x00000083168fd818 mode 0
Event: 150.703 Thread 0x000001d9ceb4d800 DEOPT PACKING pc=0x000001d9b503bdb8 sp=0x0000008316afe330
Event: 150.703 Thread 0x000001d9ceb4d800 DEOPT UNPACKING pc=0x000001d9b364a95e sp=0x0000008316afd7b8 mode 0
Event: 150.941 Thread 0x000001d9ceb4d800 Uncommon trap: trap_request=0xffffff4d fr.pc=0x000001d9bb23b070 relative=0x0000000000000230
Event: 150.941 Thread 0x000001d9ceb4d800 Uncommon trap: reason=unstable_if action=reinterpret pc=0x000001d9bb23b070 method=java.util.HashMap.getNode(ILjava/lang/Object;)Ljava/util/HashMap$Node; @ 84 c2
Event: 150.941 Thread 0x000001d9ceb4d800 DEOPT PACKING pc=0x000001d9bb23b070 sp=0x0000008316afe5e0
Event: 150.941 Thread 0x000001d9ceb4d800 DEOPT UNPACKING pc=0x000001d9b364a1af sp=0x0000008316afe4e0 mode 2
Event: 151.010 Thread 0x000001d9ceb4d800 Uncommon trap: trap_request=0xffffff4d fr.pc=0x000001d9bb3bb9f4 relative=0x00000000000001b4
Event: 151.010 Thread 0x000001d9ceb4d800 Uncommon trap: reason=unstable_if action=reinterpret pc=0x000001d9bb3bb9f4 method=java.util.HashMap.getNode(ILjava/lang/Object;)Ljava/util/HashMap$Node; @ 84 c2
Event: 151.010 Thread 0x000001d9ceb4d800 DEOPT PACKING pc=0x000001d9bb3bb9f4 sp=0x0000008316afe570
Event: 151.010 Thread 0x000001d9ceb4d800 DEOPT UNPACKING pc=0x000001d9b364a1af sp=0x0000008316afe4e0 mode 2
Event: 152.114 Thread 0x000001d9ceb4d800 Uncommon trap: trap_request=0xffffff7e fr.pc=0x000001d9bb724e88 relative=0x00000000000000c8
Event: 152.114 Thread 0x000001d9ceb4d800 Uncommon trap: reason=predicate action=maybe_recompile pc=0x000001d9bb724e88 method=com.google.common.io.ByteStreams.read(Ljava/io/InputStream;[BII)I @ 53 c2
Event: 152.114 Thread 0x000001d9ceb4d800 DEOPT PACKING pc=0x000001d9bb724e88 sp=0x0000008316afe2a0
Event: 152.114 Thread 0x000001d9ceb4d800 DEOPT UNPACKING pc=0x000001d9b364a1af sp=0x0000008316afe228 mode 2
Event: 152.725 Thread 0x000001d9ceb4d800 Uncommon trap: trap_request=0xffffff4d fr.pc=0x000001d9bb6f9448 relative=0x0000000000001fa8
Event: 152.725 Thread 0x000001d9ceb4d800 Uncommon trap: reason=unstable_if action=reinterpret pc=0x000001d9bb6f9448 method=org.gradle.internal.classpath.InstrumentingTransformer$InstrumentingMethodVisitor.visitINVOKESTATIC(Ljava/lang/String;Ljava/lang/String;Ljava/lang/String;)Z @ 634 c2
Event: 152.725 Thread 0x000001d9ceb4d800 DEOPT PACKING pc=0x000001d9bb6f9448 sp=0x0000008316afe020
Event: 152.746 Thread 0x000001d9ceb4d800 DEOPT UNPACKING pc=0x000001d9b364a1af sp=0x0000008316afe008 mode 2

Classes redefined (0 events):
No events

Internal exceptions (20 events):
Event: 154.149 Thread 0x000001d9cc10e800 Exception <a 'sun/nio/fs/WindowsException'{0x000000008c6e2518}> (0x000000008c6e2518) thrown at [./src/hotspot/share/prims/jni.cpp, line 615]
Event: 154.202 Thread 0x000001d9cc110000 Exception <a 'sun/nio/fs/WindowsException'{0x000000008a903990}> (0x000000008a903990) thrown at [./src/hotspot/share/prims/jni.cpp, line 615]
Event: 154.368 Thread 0x000001d9cc10e800 Exception <a 'sun/nio/fs/WindowsException'{0x000000008a4c7880}> (0x000000008a4c7880) thrown at [./src/hotspot/share/prims/jni.cpp, line 615]
Event: 154.370 Thread 0x000001d9cc10e800 Exception <a 'sun/nio/fs/WindowsException'{0x000000008a4c7a10}> (0x000000008a4c7a10) thrown at [./src/hotspot/share/prims/jni.cpp, line 615]
Event: 154.558 Thread 0x000001d9cc110000 Exception <a 'sun/nio/fs/WindowsException'{0x0000000089377970}> (0x0000000089377970) thrown at [./src/hotspot/share/prims/jni.cpp, line 615]
Event: 154.560 Thread 0x000001d9cc110000 Exception <a 'sun/nio/fs/WindowsException'{0x0000000089377b08}> (0x0000000089377b08) thrown at [./src/hotspot/share/prims/jni.cpp, line 615]
Event: 155.022 Thread 0x000001d9ceb4d800 Exception <a 'sun/nio/fs/WindowsException'{0x000000008807be80}> (0x000000008807be80) thrown at [./src/hotspot/share/prims/jni.cpp, line 615]
Event: 155.155 Thread 0x000001d9ceb4d800 Exception <a 'sun/nio/fs/WindowsException'{0x000000008807c050}> (0x000000008807c050) thrown at [./src/hotspot/share/prims/jni.cpp, line 615]
Event: 155.268 Thread 0x000001d9cc110000 Exception <a 'sun/nio/fs/WindowsException'{0x000000008937ff20}> (0x000000008937ff20) thrown at [./src/hotspot/share/prims/jni.cpp, line 615]
Event: 155.275 Thread 0x000001d9cc10e800 Exception <a 'sun/nio/fs/WindowsException'{0x000000008a4cf3b8}> (0x000000008a4cf3b8) thrown at [./src/hotspot/share/prims/jni.cpp, line 615]
Event: 155.638 Thread 0x000001d9cc10e800 Exception <a 'sun/nio/fs/WindowsException'{0x0000000087aa3580}> (0x0000000087aa3580) thrown at [./src/hotspot/share/prims/jni.cpp, line 615]
Event: 155.799 Thread 0x000001d9cc10e800 Exception <a 'sun/nio/fs/WindowsException'{0x0000000087aa3778}> (0x0000000087aa3778) thrown at [./src/hotspot/share/prims/jni.cpp, line 615]
Event: 155.805 Thread 0x000001d9cc110000 Exception <a 'sun/nio/fs/WindowsException'{0x00000000879fbd30}> (0x00000000879fbd30) thrown at [./src/hotspot/share/prims/jni.cpp, line 615]
Event: 155.812 Thread 0x000001d9cc110000 Exception <a 'sun/nio/fs/WindowsException'{0x00000000879fbf28}> (0x00000000879fbf28) thrown at [./src/hotspot/share/prims/jni.cpp, line 615]
Event: 156.022 Thread 0x000001d9cc110000 Exception <a 'sun/nio/fs/WindowsException'{0x0000000086a83160}> (0x0000000086a83160) thrown at [./src/hotspot/share/prims/jni.cpp, line 615]
Event: 156.335 Thread 0x000001d9cc10e800 Exception <a 'sun/nio/fs/WindowsException'{0x0000000087aab430}> (0x0000000087aab430) thrown at [./src/hotspot/share/prims/jni.cpp, line 615]
Event: 156.679 Thread 0x000001d9ceb4d800 Exception <a 'sun/nio/fs/WindowsException'{0x000000008c380a08}> (0x000000008c380a08) thrown at [./src/hotspot/share/prims/jni.cpp, line 615]
Event: 156.710 Thread 0x000001d9cc110000 Exception <a 'sun/nio/fs/WindowsException'{0x000000008c539fa0}> (0x000000008c539fa0) thrown at [./src/hotspot/share/prims/jni.cpp, line 615]
Event: 156.752 Thread 0x000001d9cc110000 Exception <a 'sun/nio/fs/WindowsException'{0x000000008c53a1a8}> (0x000000008c53a1a8) thrown at [./src/hotspot/share/prims/jni.cpp, line 615]
Event: 156.802 Thread 0x000001d9cc10e800 Exception <a 'sun/nio/fs/WindowsException'{0x000000008c595bf0}> (0x000000008c595bf0) thrown at [./src/hotspot/share/prims/jni.cpp, line 615]

Events (20 events):
Event: 143.082 Executing VM operation: G1CollectForAllocation
Event: 143.106 Executing VM operation: G1CollectForAllocation done
Event: 145.256 Executing VM operation: G1CollectForAllocation
Event: 145.303 Executing VM operation: G1CollectForAllocation done
Event: 147.125 Executing VM operation: G1CollectForAllocation
Event: 147.225 Executing VM operation: G1CollectForAllocation done
Event: 148.288 Executing VM operation: G1CollectForAllocation
Event: 148.304 Executing VM operation: G1CollectForAllocation done
Event: 150.024 Executing VM operation: G1CollectForAllocation
Event: 150.056 Executing VM operation: G1CollectForAllocation done
Event: 151.336 Executing VM operation: G1CollectForAllocation
Event: 151.345 Executing VM operation: G1CollectForAllocation done
Event: 152.235 Executing VM operation: G1CollectForAllocation
Event: 152.235 Executing VM operation: G1CollectForAllocation done
Event: 152.235 Executing VM operation: G1CollectForAllocation
Event: 152.242 Executing VM operation: G1CollectForAllocation done
Event: 153.351 Executing VM operation: G1CollectForAllocation
Event: 153.378 Executing VM operation: G1CollectForAllocation done
Event: 156.639 Executing VM operation: G1CollectForAllocation
Event: 156.643 Executing VM operation: G1CollectForAllocation done


Dynamic libraries:
0x00007ff7383c0000 - 0x00007ff7383ca000 	C:\Program Files\Android\Android Studio\jre\bin\java.exe
0x00007ff9cc290000 - 0x00007ff9cc488000 	C:\windows\SYSTEM32\ntdll.dll
0x00007ff9cae00000 - 0x00007ff9caebd000 	C:\windows\System32\KERNEL32.DLL
0x00007ff9c9e10000 - 0x00007ff9ca106000 	C:\windows\System32\KERNELBASE.dll
0x00007ff9ca1a0000 - 0x00007ff9ca2a0000 	C:\windows\System32\ucrtbase.dll
0x00007ff9b69d0000 - 0x00007ff9b69e9000 	C:\Program Files\Android\Android Studio\jre\bin\jli.dll
0x00007ff9c2650000 - 0x00007ff9c2667000 	C:\Program Files\Android\Android Studio\jre\bin\VCRUNTIME140.dll
0x00007ff9ae340000 - 0x00007ff9ae5da000 	C:\windows\WinSxS\amd64_microsoft.windows.common-controls_6595b64144ccf1df_6.0.19041.3636_none_60b6a03d71f818d5\COMCTL32.dll
0x00007ff9cb000000 - 0x00007ff9cb09e000 	C:\windows\System32\msvcrt.dll
0x00007ff9cb800000 - 0x00007ff9cb99e000 	C:\windows\System32\USER32.dll
0x00007ff9cb580000 - 0x00007ff9cb5ab000 	C:\windows\System32\GDI32.dll
0x00007ff9c9ab0000 - 0x00007ff9c9ad2000 	C:\windows\System32\win32u.dll
0x00007ff9c9be0000 - 0x00007ff9c9cf7000 	C:\windows\System32\gdi32full.dll
0x00007ff9c9d70000 - 0x00007ff9c9e0d000 	C:\windows\System32\msvcp_win.dll
0x00007ff9cb710000 - 0x00007ff9cb742000 	C:\windows\System32\IMM32.DLL
0x00007ff9a3ba0000 - 0x00007ff9a3c3d000 	C:\Program Files\Android\Android Studio\jre\bin\msvcp140.dll
0x00007ff938fa0000 - 0x00007ff939a85000 	C:\Program Files\Android\Android Studio\jre\bin\server\jvm.dll
0x00007ff9cac60000 - 0x00007ff9cad13000 	C:\windows\System32\ADVAPI32.dll
0x00007ff9cb670000 - 0x00007ff9cb70f000 	C:\windows\System32\sechost.dll
0x00007ff9cbe30000 - 0x00007ff9cbf56000 	C:\windows\System32\RPCRT4.dll
0x00007ff9ca2a0000 - 0x00007ff9ca2c7000 	C:\windows\System32\bcrypt.dll
0x00007ff9ca2d0000 - 0x00007ff9ca2d8000 	C:\windows\System32\PSAPI.DLL
0x00007ff9ada80000 - 0x00007ff9ada89000 	C:\windows\SYSTEM32\WSOCK32.dll
0x00007ff9cb0a0000 - 0x00007ff9cb10b000 	C:\windows\System32\WS2_32.dll
0x00007ff9ab1c0000 - 0x00007ff9ab1e7000 	C:\windows\SYSTEM32\WINMM.dll
0x00007ff9c1eb0000 - 0x00007ff9c1eba000 	C:\windows\SYSTEM32\VERSION.dll
0x00007ff9c8190000 - 0x00007ff9c81a2000 	C:\windows\SYSTEM32\kernel.appcore.dll
0x00007ff9c5070000 - 0x00007ff9c5081000 	C:\Program Files\Android\Android Studio\jre\bin\verify.dll
0x00007ff9c76f0000 - 0x00007ff9c78d4000 	C:\windows\SYSTEM32\DBGHELP.DLL
0x00007ff9b71e0000 - 0x00007ff9b7214000 	C:\windows\SYSTEM32\dbgcore.DLL
0x00007ff9ca110000 - 0x00007ff9ca192000 	C:\windows\System32\bcryptPrimitives.dll
0x00007ff9c2bd0000 - 0x00007ff9c2bf9000 	C:\Program Files\Android\Android Studio\jre\bin\java.dll
0x00007ff9c4160000 - 0x00007ff9c416b000 	C:\Program Files\Android\Android Studio\jre\bin\jimage.dll
0x00007ff9c2bb0000 - 0x00007ff9c2bc8000 	C:\Program Files\Android\Android Studio\jre\bin\zip.dll
0x00007ff9ca390000 - 0x00007ff9caad5000 	C:\windows\System32\SHELL32.dll
0x00007ff9c79e0000 - 0x00007ff9c817c000 	C:\windows\SYSTEM32\windows.storage.dll
0x00007ff9cb9a0000 - 0x00007ff9cbcf4000 	C:\windows\System32\combase.dll
0x00007ff9c9310000 - 0x00007ff9c933e000 	C:\windows\SYSTEM32\Wldp.dll
0x00007ff9caae0000 - 0x00007ff9cabad000 	C:\windows\System32\OLEAUT32.dll
0x00007ff9ca2e0000 - 0x00007ff9ca38d000 	C:\windows\System32\SHCORE.dll
0x00007ff9cb610000 - 0x00007ff9cb665000 	C:\windows\System32\shlwapi.dll
0x00007ff9c9880000 - 0x00007ff9c98a5000 	C:\windows\SYSTEM32\profapi.dll
0x00007ff9c2b90000 - 0x00007ff9c2baa000 	C:\Program Files\Android\Android Studio\jre\bin\net.dll
0x00007ff9bbe70000 - 0x00007ff9bbf7a000 	C:\windows\SYSTEM32\WINHTTP.dll
0x00007ff9c9010000 - 0x00007ff9c907a000 	C:\windows\system32\mswsock.dll
0x00007ff9c2a70000 - 0x00007ff9c2a84000 	C:\Program Files\Android\Android Studio\jre\bin\nio.dll
0x00007ff9c0c50000 - 0x00007ff9c0c77000 	C:\Users\HP\.gradle\native\e1d6ef7f7dcc3fd88c89a11ec53ec762bb8ba0a96d01ffa2cd45eb1d1d8dd5c5\windows-amd64\native-platform.dll
0x00007ff97ef10000 - 0x00007ff97f054000 	C:\Users\HP\.gradle\native\0d407fdbe67a94daf76414ababcb853783967236a71b16ec16e742cd7a986fd3\windows-amd64\native-platform-file-events.dll
0x00007ff9c4120000 - 0x00007ff9c412a000 	C:\Program Files\Android\Android Studio\jre\bin\management.dll
0x00007ff9c3cb0000 - 0x00007ff9c3cbd000 	C:\Program Files\Android\Android Studio\jre\bin\management_ext.dll
0x00007ff9c9210000 - 0x00007ff9c9228000 	C:\windows\SYSTEM32\CRYPTSP.dll
0x00007ff9c8940000 - 0x00007ff9c8974000 	C:\windows\system32\rsaenh.dll
0x00007ff9c9840000 - 0x00007ff9c986e000 	C:\windows\SYSTEM32\USERENV.dll
0x00007ff9c9200000 - 0x00007ff9c920c000 	C:\windows\SYSTEM32\CRYPTBASE.dll
0x00007ff9c8d00000 - 0x00007ff9c8d3b000 	C:\windows\SYSTEM32\IPHLPAPI.DLL
0x00007ff9caff0000 - 0x00007ff9caff8000 	C:\windows\System32\NSI.dll
0x00007ff9c1340000 - 0x00007ff9c1357000 	C:\windows\SYSTEM32\dhcpcsvc6.DLL
0x00007ff9c1660000 - 0x00007ff9c167d000 	C:\windows\SYSTEM32\dhcpcsvc.DLL
0x00007ff9c8d40000 - 0x00007ff9c8e0b000 	C:\windows\SYSTEM32\DNSAPI.dll
0x00007ff9c24d0000 - 0x00007ff9c24f7000 	C:\Program Files\Android\Android Studio\jre\bin\sunec.dll
0x00007ff9b1b70000 - 0x00007ff9b1b7a000 	C:\Windows\System32\rasadhlp.dll
0x00007ff9b3260000 - 0x00007ff9b32e0000 	C:\windows\System32\fwpuclnt.dll

dbghelp: loaded successfully - version: 4.0.5 - missing functions: none
symbol engine: initialized successfully - sym options: 0x614 - pdb path: .;C:\Program Files\Android\Android Studio\jre\bin;C:\windows\SYSTEM32;C:\windows\WinSxS\amd64_microsoft.windows.common-controls_6595b64144ccf1df_6.0.19041.3636_none_60b6a03d71f818d5;C:\Program Files\Android\Android Studio\jre\bin\server;C:\Users\HP\.gradle\native\e1d6ef7f7dcc3fd88c89a11ec53ec762bb8ba0a96d01ffa2cd45eb1d1d8dd5c5\windows-amd64;C:\Users\HP\.gradle\native\0d407fdbe67a94daf76414ababcb853783967236a71b16ec16e742cd7a986fd3\windows-amd64

VM Arguments:
jvm_args: --add-opens=java.base/java.util=ALL-UNNAMED --add-opens=java.base/java.lang=ALL-UNNAMED --add-opens=java.base/java.lang.invoke=ALL-UNNAMED --add-opens=java.base/java.util=ALL-UNNAMED --add-opens=java.prefs/java.util.prefs=ALL-UNNAMED --add-opens=java.prefs/java.util.prefs=ALL-UNNAMED --add-opens=java.base/java.nio.charset=ALL-UNNAMED --add-opens=java.base/java.net=ALL-UNNAMED --add-opens=java.base/java.util.concurrent.atomic=ALL-UNNAMED -Xmx2048m -Dfile.encoding=UTF-8 -Duser.country=ID -Duser.language=en -Duser.variant 
java_command: org.gradle.launcher.daemon.bootstrap.GradleDaemon 7.5
java_class_path (initial): C:\Users\HP\.gradle\wrapper\dists\gradle-7.5-bin\f1w0cc9nuo0eivz97x2xlu9sv\gradle-7.5\lib\gradle-launcher-7.5.jar
Launcher Type: SUN_STANDARD

[Global flags]
     intx CICompilerCount                          = 3                                         {product} {ergonomic}
     uint ConcGCThreads                            = 1                                         {product} {ergonomic}
     uint G1ConcRefinementThreads                  = 4                                         {product} {ergonomic}
   size_t G1HeapRegionSize                         = 1048576                                   {product} {ergonomic}
    uintx GCDrainStackTargetSize                   = 64                                        {product} {ergonomic}
   size_t InitialHeapSize                          = 65011712                                  {product} {ergonomic}
   size_t MarkStackSize                            = 4194304                                   {product} {ergonomic}
   size_t MaxHeapSize                              = 2147483648                                {product} {command line}
   size_t MaxNewSize                               = 1287651328                                {product} {ergonomic}
   size_t MinHeapDeltaBytes                        = 1048576                                   {product} {ergonomic}
    uintx NonNMethodCodeHeapSize                   = 5830732                                {pd product} {ergonomic}
    uintx NonProfiledCodeHeapSize                  = 122913754                              {pd product} {ergonomic}
    uintx ProfiledCodeHeapSize                     = 122913754                              {pd product} {ergonomic}
    uintx ReservedCodeCacheSize                    = 251658240                              {pd product} {ergonomic}
     bool SegmentedCodeCache                       = true                                      {product} {ergonomic}
     bool UseCompressedClassPointers               = true                                 {lp64_product} {ergonomic}
     bool UseCompressedOops                        = true                                 {lp64_product} {ergonomic}
     bool UseG1GC                                  = true                                      {product} {ergonomic}
     bool UseLargePagesIndividualAllocation        = false                                  {pd product} {ergonomic}

Logging:
Log output configuration:
 #0: stdout all=warning uptime,level,tags
 #1: stderr all=off uptime,level,tags

Environment Variables:
PATH=C:\oraclexe\app\oracle\product\11.2.0\server\bin;C:\Program Files\Common Files\Oracle\Java\javapath;C:\windows\system32;C:\windows;C:\windows\System32\Wbem;C:\windows\System32\WindowsPowerShell\v1.0\;C:\windows\System32\OpenSSH\;C:\Program Files\nodejs\;C:\ProgramData\chocolatey\bin;C:\Program Files\Git\cmd;C:\xampp\php;C:\ProgramData\ComposerSetup\bin;C:\Program Files\MATLAB\R2013a\runtime\win64;C:\Program Files\MATLAB\R2013a\bin;C:\Users\HP\AppData\Local\Programs\Python\Python310\Scripts;C:\Users\HP\AppData\Local\Programs\Python\Python310;C:\Users\HP\AppData\Local\Android\Sdk\platform-tools;C:\Program Files (x86)\Brackets\command;C:\Users\HP\AppData\Local\Programs\Python\Python38\Scripts\;C:\Users\HP\AppData\Local\Programs\Python\Python38\;C:\Users\HP\AppData\Local\Microsoft\WindowsApps;C:\Users\HP\AppData\Local\Programs\Microsoft VS Code\bin;C:\Users\HP\AppData\Roaming\npm;C:\Program Files\nodejs;C:\Users\HP\AppData\Roaming\Composer\vendor\bin;C:\Users\HP\AppData\Local\Android\Sdk\platform-tools;C:\Users\HP\AppData\Local\GitHubDesktop\bin;;C:\Program Files\JetBrains\PyCharm Community Edition 2023.2.5\bin;
USERNAME=HP
OS=Windows_NT
PROCESSOR_IDENTIFIER=Intel64 Family 6 Model 142 Stepping 12, GenuineIntel



---------------  S Y S T E M  ---------------

OS: Windows 10 , 64 bit Build 19041 (10.0.19041.3636)
OS uptime: 0 days 20:58 hours

CPU:total 4 (initial active 4) (2 cores per cpu, 2 threads per core) family 6 model 142 stepping 12 microcode 0xde, cmov, cx8, fxsr, mmx, sse, sse2, sse3, ssse3, sse4.1, sse4.2, popcnt, avx, avx2, aes, clmul, erms, 3dnowpref, lzcnt, ht, tsc, tscinvbit, bmi1, bmi2, adx, fma

Memory: 4k page, system-wide physical 3919M (38M free)
TotalPageFile size 15695M (AvailPageFile size 3M)
current process WorkingSet (physical memory assigned to process): 189M, peak: 217M
current process commit charge ("private bytes"): 436M, peak: 444M

vm_info: OpenJDK 64-Bit Server VM (11.0.12+7-b1504.28-7817840) for windows-amd64 JRE (11.0.12+7-b1504.28-7817840), built on Oct 13 2021 22:12:33 by "builder" with MS VC++ 14.0 (VS2015)

END.
