#
# There is insufficient memory for the Java Runtime Environment to continue.
# Native memory allocation (mmap) failed to map 29360128 bytes for Failed to commit area from 0x0000000086f00000 to 0x0000000088b00000 of length 29360128.
# Possible reasons:
#   The system is out of physical RAM or swap space
#   The process is running with CompressedOops enabled, and the Java Heap may be blocking the growth of the native heap
# Possible solutions:
#   Reduce memory load on the system
#   Increase physical memory or swap space
#   Check if swap backing store is full
#   Decrease Java heap size (-Xmx/-Xms)
#   Decrease number of Java threads
#   Decrease Java thread stack sizes (-Xss)
#   Set larger code cache with -XX:ReservedCodeCacheSize=
#   JVM is running with Unscaled Compressed Oops mode in which the Java heap is
#     placed in the first 4GB address space. The Java Heap base address is the
#     maximum limit for the native heap growth. Please use -XX:HeapBaseMinAddress
#     to set the Java Heap base and to place the Java Heap above 4GB virtual address.
# This output file may be truncated or incomplete.
#
#  Out of Memory Error (./src/hotspot/os/windows/os_windows.cpp:3521), pid=5408, tid=20580
#
# JRE version: OpenJDK Runtime Environment (11.0.12+7) (build 11.0.12+7-b1504.28-7817840)
# Java VM: OpenJDK 64-Bit Server VM (11.0.12+7-b1504.28-7817840, mixed mode, tiered, compressed oops, g1 gc, windows-amd64)
# No core dump will be written. Minidumps are not enabled by default on client versions of Windows
#

---------------  S U M M A R Y ------------

Command Line: --add-opens=java.base/java.util=ALL-UNNAMED --add-opens=java.base/java.lang=ALL-UNNAMED --add-opens=java.base/java.lang.invoke=ALL-UNNAMED --add-opens=java.base/java.util=ALL-UNNAMED --add-opens=java.prefs/java.util.prefs=ALL-UNNAMED --add-opens=java.prefs/java.util.prefs=ALL-UNNAMED --add-opens=java.base/java.nio.charset=ALL-UNNAMED --add-opens=java.base/java.net=ALL-UNNAMED --add-opens=java.base/java.util.concurrent.atomic=ALL-UNNAMED -Xmx2048m -Dfile.encoding=UTF-8 -Duser.country=ID -Duser.language=en -Duser.variant org.gradle.launcher.daemon.bootstrap.GradleDaemon 7.5

Host: Intel(R) Core(TM) i3-10110U CPU @ 2.10GHz, 4 cores, 3G,  Windows 10 , 64 bit Build 19041 (10.0.19041.3636)
Time: Fri Mar  1 20:57:00 2024 SE Asia Standard Time elapsed time: 31.317686 seconds (0d 0h 0m 31s)

---------------  T H R E A D  ---------------

Current thread (0x0000020dfb7a1000):  VMThread "VM Thread" [stack: 0x00000052e3a00000,0x00000052e3b00000] [id=20580]

Stack: [0x00000052e3a00000,0x00000052e3b00000]
[error occurred during error reporting (printing stack bounds), id 0xc0000005, EXCEPTION_ACCESS_VIOLATION (0xc0000005) at pc=0x0000020de56f112d]

Native frames: (J=compiled Java code, j=interpreted, Vv=VM code, C=native code)
V  [jvm.dll+0x5fbcea]
V  [jvm.dll+0x731905]
V  [jvm.dll+0x732f1d]
V  [jvm.dll+0x733535]
V  [jvm.dll+0x7334eb]
V  [jvm.dll+0x5fb080]
V  [jvm.dll+0x5fb818]
C  [ntdll.dll+0xa23af]
C  [ntdll.dll+0x514b4]
C  [ntdll.dll+0xa0ebe]
C  0x0000020de56f112d

VM_Operation (0x00000052e4dfee30): G1CollectForAllocation, mode: safepoint, requested by thread 0x0000020dfd9cb800


---------------  P R O C E S S  ---------------

Threads class SMR info:
_java_thread_list=0x0000020d80e44bd0, length=37, elements={
0x0000020de1be4800, 0x0000020dfb7a5000, 0x0000020dfb7ae800, 0x0000020dfb7fe800,
0x0000020dfb7ff800, 0x0000020dfb802000, 0x0000020dfb807000, 0x0000020dfb80c000,
0x0000020dfb817000, 0x0000020dfc26d800, 0x0000020dfda54000, 0x0000020dfda6e800,
0x0000020dfdad3000, 0x0000020dfe959800, 0x0000020dfeb89000, 0x0000020dfd7cc800,
0x0000020dfea88800, 0x0000020dfd9cb800, 0x0000020dfc353800, 0x0000020dfc354000,
0x0000020dfc352800, 0x0000020dfc352000, 0x0000020dfc355000, 0x0000020dfc356000,
0x0000020dfc351000, 0x0000020dfc350000, 0x0000020dfc356800, 0x0000020dfe1a1800,
0x0000020dfe1a3000, 0x0000020dfe1a4000, 0x0000020dfe1a4800, 0x0000020dfe1a0800,
0x0000020dfe1a8000, 0x0000020dfe1a2000, 0x0000020dfe1a8800, 0x0000020dfe1a9800,
0x0000020dfe1a6000
}

Java Threads: ( => current thread )
  0x0000020de1be4800 JavaThread "main" [_thread_blocked, id=14340, stack(0x00000052e3400000,0x00000052e3500000)]
  0x0000020dfb7a5000 JavaThread "Reference Handler" daemon [_thread_blocked, id=19552, stack(0x00000052e3b00000,0x00000052e3c00000)]
  0x0000020dfb7ae800 JavaThread "Finalizer" daemon [_thread_blocked, id=8956, stack(0x00000052e3c00000,0x00000052e3d00000)]
  0x0000020dfb7fe800 JavaThread "Signal Dispatcher" daemon [_thread_blocked, id=16812, stack(0x00000052e3d00000,0x00000052e3e00000)]
  0x0000020dfb7ff800 JavaThread "Attach Listener" daemon [_thread_blocked, id=21420, stack(0x00000052e3e00000,0x00000052e3f00000)]
  0x0000020dfb802000 JavaThread "Service Thread" daemon [_thread_blocked, id=8840, stack(0x00000052e3f00000,0x00000052e4000000)]
  0x0000020dfb807000 JavaThread "C2 CompilerThread0" daemon [_thread_blocked, id=21036, stack(0x00000052e4000000,0x00000052e4100000)]
  0x0000020dfb80c000 JavaThread "C1 CompilerThread0" daemon [_thread_blocked, id=16376, stack(0x00000052e4100000,0x00000052e4200000)]
  0x0000020dfb817000 JavaThread "Sweeper thread" daemon [_thread_blocked, id=19028, stack(0x00000052e4200000,0x00000052e4300000)]
  0x0000020dfc26d800 JavaThread "Common-Cleaner" daemon [_thread_blocked, id=20240, stack(0x00000052e4300000,0x00000052e4400000)]
  0x0000020dfda54000 JavaThread "Daemon health stats" [_thread_blocked, id=9468, stack(0x00000052e4600000,0x00000052e4700000)]
  0x0000020dfda6e800 JavaThread "Incoming local TCP Connector on port 55307" [_thread_in_native, id=9832, stack(0x00000052e4700000,0x00000052e4800000)]
  0x0000020dfdad3000 JavaThread "Daemon periodic checks" [_thread_blocked, id=18300, stack(0x00000052e4800000,0x00000052e4900000)]
  0x0000020dfe959800 JavaThread "Daemon" [_thread_blocked, id=18616, stack(0x00000052e4900000,0x00000052e4a00000)]
  0x0000020dfeb89000 JavaThread "Handler for socket connection from /127.0.0.1:55307 to /127.0.0.1:55308" [_thread_in_native, id=20508, stack(0x00000052e4a00000,0x00000052e4b00000)]
  0x0000020dfd7cc800 JavaThread "Cancel handler" [_thread_blocked, id=19484, stack(0x00000052e4b00000,0x00000052e4c00000)]
  0x0000020dfea88800 JavaThread "Daemon worker" [_thread_blocked, id=5776, stack(0x00000052e4c00000,0x00000052e4d00000)]
  0x0000020dfd9cb800 JavaThread "Asynchronous log dispatcher for DefaultDaemonConnection: socket connection from /127.0.0.1:55307 to /127.0.0.1:55308" [_thread_blocked, id=11892, stack(0x00000052e4d00000,0x00000052e4e00000)]
  0x0000020dfc353800 JavaThread "Stdin handler" [_thread_blocked, id=19020, stack(0x00000052e4e00000,0x00000052e4f00000)]
  0x0000020dfc354000 JavaThread "Daemon client event forwarder" [_thread_blocked, id=16076, stack(0x00000052e4f00000,0x00000052e5000000)]
  0x0000020dfc352800 JavaThread "Cache worker for journal cache (C:\Users\HP\.gradle\caches\journal-1)" [_thread_blocked, id=20036, stack(0x00000052e5200000,0x00000052e5300000)]
  0x0000020dfc352000 JavaThread "File lock request listener" [_thread_in_native, id=16916, stack(0x00000052e5300000,0x00000052e5400000)]
  0x0000020dfc355000 JavaThread "Cache worker for file hash cache (C:\Users\HP\.gradle\caches\7.5\fileHashes)" [_thread_blocked, id=9708, stack(0x00000052e5400000,0x00000052e5500000)]
  0x0000020dfc356000 JavaThread "File watcher server" daemon [_thread_in_native, id=14268, stack(0x00000052e5500000,0x00000052e5600000)]
  0x0000020dfc351000 JavaThread "File watcher consumer" daemon [_thread_blocked, id=8340, stack(0x00000052e5600000,0x00000052e5700000)]
  0x0000020dfc350000 JavaThread "jar transforms" [_thread_blocked, id=16220, stack(0x00000052e5700000,0x00000052e5800000)]
  0x0000020dfc356800 JavaThread "jar transforms Thread 2" [_thread_blocked, id=17712, stack(0x00000052e5800000,0x00000052e5900000)]
  0x0000020dfe1a1800 JavaThread "jar transforms Thread 3" [_thread_blocked, id=12924, stack(0x00000052e5900000,0x00000052e5a00000)]
  0x0000020dfe1a3000 JavaThread "jar transforms Thread 4" [_thread_blocked, id=21476, stack(0x00000052e5a00000,0x00000052e5b00000)]
  0x0000020dfe1a4000 JavaThread "Cache worker for checksums cache (C:\Users\HP\AndroidStudioProjects\facial\.gradle\7.5\checksums)" [_thread_blocked, id=20216, stack(0x00000052e5b00000,0x00000052e5c00000)]
  0x0000020dfe1a4800 JavaThread "Cache worker for cache directory md-rule (C:\Users\HP\.gradle\caches\7.5\md-rule)" [_thread_blocked, id=10620, stack(0x00000052e5c00000,0x00000052e5d00000)]
  0x0000020dfe1a0800 JavaThread "Cache worker for file content cache (C:\Users\HP\.gradle\caches\7.5\fileContent)" [_thread_blocked, id=19016, stack(0x00000052e5d00000,0x00000052e5e00000)]
  0x0000020dfe1a8000 JavaThread "Cache worker for file hash cache (C:\Users\HP\AndroidStudioProjects\facial\.gradle\7.5\fileHashes)" [_thread_blocked, id=20924, stack(0x00000052e5e00000,0x00000052e5f00000)]
  0x0000020dfe1a2000 JavaThread "Cache worker for cache directory md-supplier (C:\Users\HP\.gradle\caches\7.5\md-supplier)" [_thread_blocked, id=9916, stack(0x00000052e5f00000,0x00000052e6000000)]
  0x0000020dfe1a8800 JavaThread "Cache worker for execution history cache (C:\Users\HP\.gradle\caches\7.5\executionHistory)" [_thread_blocked, id=9380, stack(0x00000052e6000000,0x00000052e6100000)]
  0x0000020dfe1a9800 JavaThread "Cache worker for dependencies-accessors (C:\Users\HP\AndroidStudioProjects\facial\.gradle\7.5\dependencies-accessors)" [_thread_blocked, id=17856, stack(0x00000052e6100000,0x00000052e6200000)]
  0x0000020dfe1a6000 JavaThread "Cache worker for Build Output Cleanup Cache (C:\Users\HP\AndroidStudioProjects\facial\.gradle\buildOutputCleanup)" [_thread_blocked, id=18508, stack(0x00000052e6200000,0x00000052e6300000)]

Other Threads:
=>0x0000020dfb7a1000 VMThread "VM Thread" [stack: 0x00000052e3a00000,0x00000052e3b00000] [id=20580]
  0x0000020dfc296800 WatcherThread [stack: 0x00000052e4400000,0x00000052e4500000] [id=19256]
  0x0000020de1bfe000 GCTaskThread "GC Thread#0" [stack: 0x00000052e3500000,0x00000052e3600000] [id=7916]
  0x0000020dfc4ae000 GCTaskThread "GC Thread#1" [stack: 0x00000052e4500000,0x00000052e4600000] [id=3588]
  0x0000020dfd113800 GCTaskThread "GC Thread#2" [stack: 0x00000052e5000000,0x00000052e5100000] [id=8168]
  0x0000020dfd043800 GCTaskThread "GC Thread#3" [stack: 0x00000052e5100000,0x00000052e5200000] [id=4964]
  0x0000020de1c2e000 ConcurrentGCThread "G1 Main Marker" [stack: 0x00000052e3600000,0x00000052e3700000] [id=21468]
  0x0000020de1c2f000 ConcurrentGCThread "G1 Conc#0" [stack: 0x00000052e3700000,0x00000052e3800000] [id=19312]
  0x0000020de1c87800 ConcurrentGCThread "G1 Refine#0" [stack: 0x00000052e3800000,0x00000052e3900000] [id=19908]
  0x0000020de1c88800 ConcurrentGCThread "G1 Young RemSet Sampling" [stack: 0x00000052e3900000,0x00000052e3a00000] [id=12308]

Threads with active compile tasks:
C2 CompilerThread0  31370 5682       4       java.util.regex.Pattern::split (290 bytes)

VM state:at safepoint (normal execution)

VM Mutex/Monitor currently owned by a thread:  ([mutex/lock_event])
[0x0000020de1be1980] Threads_lock - owner thread: 0x0000020dfb7a1000
[0x0000020de1be0660] Heap_lock - owner thread: 0x0000020dfd9cb800

Heap address: 0x0000000080000000, size: 2048 MB, Compressed Oops mode: 32-bit
Narrow klass base: 0x0000000000000000, Narrow klass shift: 3
Compressed class space size: 1073741824 Address: 0x0000000100000000

Heap:
 garbage-first heap   total 142336K, used 64869K [0x0000000080000000, 0x0000000100000000)
  region size 1024K, 2 young (2048K), 2 survivors (2048K)
 Metaspace       used 62666K, capacity 64518K, committed 64560K, reserved 1105920K
  class space    used 8206K, capacity 8809K, committed 8832K, reserved 1048576K
Heap Regions: E=young(eden), S=young(survivor), O=old, HS=humongous(starts), HC=humongous(continues), CS=collection set, F=free, A=archive, TAMS=top-at-mark-start (previous, next)
|   0|0x0000000080000000, 0x0000000080100000, 0x0000000080100000|100%|HS|  |TAMS 0x0000000080100000, 0x0000000080100000| Complete 
|   1|0x0000000080100000, 0x0000000080200000, 0x0000000080200000|100%|HC|  |TAMS 0x0000000080200000, 0x0000000080200000| Complete 
|   2|0x0000000080200000, 0x0000000080300000, 0x0000000080300000|100%|HC|  |TAMS 0x0000000080300000, 0x0000000080300000| Complete 
|   3|0x0000000080300000, 0x0000000080400000, 0x0000000080400000|100%| O|  |TAMS 0x0000000080400000, 0x0000000080400000| Untracked 
|   4|0x0000000080400000, 0x0000000080500000, 0x0000000080500000|100%| O|  |TAMS 0x0000000080500000, 0x0000000080500000| Untracked 
|   5|0x0000000080500000, 0x0000000080600000, 0x0000000080600000|100%| O|  |TAMS 0x0000000080600000, 0x0000000080600000| Untracked 
|   6|0x0000000080600000, 0x0000000080700000, 0x0000000080700000|100%| O|  |TAMS 0x0000000080700000, 0x0000000080700000| Untracked 
|   7|0x0000000080700000, 0x0000000080800000, 0x0000000080800000|100%| O|  |TAMS 0x0000000080800000, 0x0000000080800000| Untracked 
|   8|0x0000000080800000, 0x0000000080900000, 0x0000000080900000|100%| O|  |TAMS 0x0000000080900000, 0x0000000080900000| Untracked 
|   9|0x0000000080900000, 0x0000000080a00000, 0x0000000080a00000|100%| O|  |TAMS 0x0000000080a00000, 0x0000000080a00000| Untracked 
|  10|0x0000000080a00000, 0x0000000080b00000, 0x0000000080b00000|100%| O|  |TAMS 0x0000000080b00000, 0x0000000080b00000| Untracked 
|  11|0x0000000080b00000, 0x0000000080c00000, 0x0000000080c00000|100%| O|  |TAMS 0x0000000080c00000, 0x0000000080c00000| Untracked 
|  12|0x0000000080c00000, 0x0000000080d00000, 0x0000000080d00000|100%| O|  |TAMS 0x0000000080d00000, 0x0000000080d00000| Untracked 
|  13|0x0000000080d00000, 0x0000000080e00000, 0x0000000080e00000|100%| O|  |TAMS 0x0000000080e00000, 0x0000000080e00000| Untracked 
|  14|0x0000000080e00000, 0x0000000080f00000, 0x0000000080f00000|100%| O|  |TAMS 0x0000000080f00000, 0x0000000080f00000| Untracked 
|  15|0x0000000080f00000, 0x0000000081000000, 0x0000000081000000|100%| O|  |TAMS 0x0000000081000000, 0x0000000081000000| Untracked 
|  16|0x0000000081000000, 0x0000000081100000, 0x0000000081100000|100%| O|  |TAMS 0x0000000081100000, 0x0000000081100000| Untracked 
|  17|0x0000000081100000, 0x0000000081200000, 0x0000000081200000|100%|HS|  |TAMS 0x0000000081200000, 0x0000000081200000| Complete 
|  18|0x0000000081200000, 0x0000000081300000, 0x0000000081300000|100%|HC|  |TAMS 0x0000000081300000, 0x0000000081300000| Complete 
|  19|0x0000000081300000, 0x0000000081400000, 0x0000000081400000|100%|HS|  |TAMS 0x0000000081400000, 0x0000000081400000| Complete 
|  20|0x0000000081400000, 0x0000000081500000, 0x0000000081500000|100%|HC|  |TAMS 0x0000000081500000, 0x0000000081500000| Complete 
|  21|0x0000000081500000, 0x0000000081600000, 0x0000000081600000|100%|HC|  |TAMS 0x0000000081600000, 0x0000000081600000| Complete 
|  22|0x0000000081600000, 0x0000000081700000, 0x0000000081700000|100%|HS|  |TAMS 0x0000000081700000, 0x0000000081700000| Complete 
|  23|0x0000000081700000, 0x0000000081800000, 0x0000000081800000|100%|HS|  |TAMS 0x0000000081800000, 0x0000000081800000| Complete 
|  24|0x0000000081800000, 0x0000000081900000, 0x0000000081900000|100%|HC|  |TAMS 0x0000000081900000, 0x0000000081900000| Complete 
|  25|0x0000000081900000, 0x0000000081a00000, 0x0000000081a00000|100%|HC|  |TAMS 0x0000000081a00000, 0x0000000081a00000| Complete 
|  26|0x0000000081a00000, 0x0000000081b00000, 0x0000000081b00000|100%|HC|  |TAMS 0x0000000081b00000, 0x0000000081b00000| Complete 
|  27|0x0000000081b00000, 0x0000000081c00000, 0x0000000081c00000|100%| O|  |TAMS 0x0000000081c00000, 0x0000000081c00000| Untracked 
|  28|0x0000000081c00000, 0x0000000081d00000, 0x0000000081d00000|100%| O|  |TAMS 0x0000000081d00000, 0x0000000081d00000| Untracked 
|  29|0x0000000081d00000, 0x0000000081e00000, 0x0000000081e00000|100%| O|  |TAMS 0x0000000081e00000, 0x0000000081e00000| Untracked 
|  30|0x0000000081e00000, 0x0000000081f00000, 0x0000000081f00000|100%| O|  |TAMS 0x0000000081f00000, 0x0000000081f00000| Untracked 
|  31|0x0000000081f00000, 0x0000000082000000, 0x0000000082000000|100%| O|  |TAMS 0x0000000082000000, 0x0000000082000000| Untracked 
|  32|0x0000000082000000, 0x0000000082100000, 0x0000000082100000|100%| O|  |TAMS 0x0000000082100000, 0x0000000082100000| Untracked 
|  33|0x0000000082100000, 0x0000000082200000, 0x0000000082200000|100%| O|  |TAMS 0x0000000082200000, 0x0000000082200000| Untracked 
|  34|0x0000000082200000, 0x0000000082300000, 0x0000000082300000|100%| O|  |TAMS 0x0000000082300000, 0x0000000082300000| Untracked 
|  35|0x0000000082300000, 0x0000000082400000, 0x0000000082400000|100%| O|  |TAMS 0x0000000082400000, 0x0000000082400000| Untracked 
|  36|0x0000000082400000, 0x0000000082500000, 0x0000000082500000|100%| O|  |TAMS 0x0000000082500000, 0x0000000082500000| Untracked 
|  37|0x0000000082500000, 0x0000000082600000, 0x0000000082600000|100%| O|  |TAMS 0x0000000082600000, 0x0000000082600000| Untracked 
|  38|0x0000000082600000, 0x0000000082700000, 0x0000000082700000|100%| O|  |TAMS 0x0000000082700000, 0x0000000082700000| Untracked 
|  39|0x0000000082700000, 0x0000000082800000, 0x0000000082800000|100%| O|  |TAMS 0x0000000082800000, 0x0000000082800000| Untracked 
|  40|0x0000000082800000, 0x0000000082900000, 0x0000000082900000|100%|HS|  |TAMS 0x0000000082900000, 0x0000000082900000| Complete 
|  41|0x0000000082900000, 0x0000000082a00000, 0x0000000082a00000|100%|HS|  |TAMS 0x0000000082a00000, 0x0000000082a00000| Complete 
|  42|0x0000000082a00000, 0x0000000082b00000, 0x0000000082b00000|100%|HC|  |TAMS 0x0000000082b00000, 0x0000000082b00000| Complete 
|  43|0x0000000082b00000, 0x0000000082c00000, 0x0000000082c00000|100%|HC|  |TAMS 0x0000000082c00000, 0x0000000082c00000| Complete 
|  44|0x0000000082c00000, 0x0000000082d00000, 0x0000000082d00000|100%| O|  |TAMS 0x0000000082d00000, 0x0000000082d00000| Untracked 
|  45|0x0000000082d00000, 0x0000000082e00000, 0x0000000082e00000|100%| O|  |TAMS 0x0000000082e00000, 0x0000000082e00000| Untracked 
|  46|0x0000000082e00000, 0x0000000082f00000, 0x0000000082f00000|100%| O|  |TAMS 0x0000000082f00000, 0x0000000082f00000| Untracked 
|  47|0x0000000082f00000, 0x0000000083000000, 0x0000000083000000|100%| O|  |TAMS 0x0000000083000000, 0x0000000083000000| Untracked 
|  48|0x0000000083000000, 0x0000000083100000, 0x0000000083100000|100%| O|  |TAMS 0x0000000083100000, 0x0000000083100000| Untracked 
|  49|0x0000000083100000, 0x0000000083200000, 0x0000000083200000|100%| O|  |TAMS 0x0000000083200000, 0x0000000083200000| Untracked 
|  50|0x0000000083200000, 0x0000000083300000, 0x0000000083300000|100%|HS|  |TAMS 0x0000000083300000, 0x0000000083300000| Complete 
|  51|0x0000000083300000, 0x0000000083400000, 0x0000000083400000|100%|HC|  |TAMS 0x0000000083400000, 0x0000000083400000| Complete 
|  52|0x0000000083400000, 0x0000000083500000, 0x0000000083500000|100%|HC|  |TAMS 0x0000000083500000, 0x0000000083500000| Complete 
|  53|0x0000000083500000, 0x0000000083600000, 0x0000000083600000|100%|HC|  |TAMS 0x0000000083600000, 0x0000000083600000| Complete 
|  54|0x0000000083600000, 0x0000000083700000, 0x0000000083700000|100%| O|  |TAMS 0x0000000083700000, 0x0000000083700000| Untracked 
|  55|0x0000000083700000, 0x0000000083800000, 0x0000000083800000|100%| O|  |TAMS 0x0000000083800000, 0x0000000083800000| Untracked 
|  56|0x0000000083800000, 0x0000000083900000, 0x0000000083900000|100%| O|  |TAMS 0x0000000083803800, 0x0000000083900000| Untracked 
|  57|0x0000000083900000, 0x0000000083a00000, 0x0000000083a00000|100%| O|  |TAMS 0x0000000083900000, 0x0000000083a00000| Untracked 
|  58|0x0000000083a00000, 0x0000000083b00000, 0x0000000083b00000|100%| O|  |TAMS 0x0000000083a00000, 0x0000000083b00000| Untracked 
|  59|0x0000000083b00000, 0x0000000083c00000, 0x0000000083c00000|100%| O|  |TAMS 0x0000000083b00000, 0x0000000083c00000| Untracked 
|  60|0x0000000083c00000, 0x0000000083d00000, 0x0000000083d00000|100%| O|  |TAMS 0x0000000083c00000, 0x0000000083d00000| Untracked 
|  61|0x0000000083d00000, 0x0000000083d2f000, 0x0000000083e00000| 18%| O|  |TAMS 0x0000000083d00000, 0x0000000083d2f000| Untracked 
|  62|0x0000000083e00000, 0x0000000083f00000, 0x0000000083f00000|100%| O|  |TAMS 0x0000000083f00000, 0x0000000083f00000| Untracked 
|  63|0x0000000083f00000, 0x0000000083f00000, 0x0000000084000000|  0%| F|  |TAMS 0x0000000083f00000, 0x0000000083f00000| Untracked 
|  64|0x0000000084000000, 0x0000000084000000, 0x0000000084100000|  0%| F|  |TAMS 0x0000000084000000, 0x0000000084000000| Untracked 
|  65|0x0000000084100000, 0x0000000084100000, 0x0000000084200000|  0%| F|  |TAMS 0x0000000084100000, 0x0000000084100000| Untracked 
|  66|0x0000000084200000, 0x0000000084200000, 0x0000000084300000|  0%| F|  |TAMS 0x0000000084200000, 0x0000000084200000| Untracked 
|  67|0x0000000084300000, 0x0000000084300000, 0x0000000084400000|  0%| F|  |TAMS 0x0000000084300000, 0x0000000084300000| Untracked 
|  68|0x0000000084400000, 0x0000000084400000, 0x0000000084500000|  0%| F|  |TAMS 0x0000000084400000, 0x0000000084400000| Untracked 
|  69|0x0000000084500000, 0x0000000084500000, 0x0000000084600000|  0%| F|  |TAMS 0x0000000084500000, 0x0000000084500000| Untracked 
|  70|0x0000000084600000, 0x0000000084600000, 0x0000000084700000|  0%| F|  |TAMS 0x0000000084600000, 0x0000000084600000| Untracked 
|  71|0x0000000084700000, 0x0000000084700000, 0x0000000084800000|  0%| F|  |TAMS 0x0000000084700000, 0x0000000084700000| Untracked 
|  72|0x0000000084800000, 0x0000000084800000, 0x0000000084900000|  0%| F|  |TAMS 0x0000000084800000, 0x0000000084800000| Untracked 
|  73|0x0000000084900000, 0x0000000084900000, 0x0000000084a00000|  0%| F|  |TAMS 0x0000000084900000, 0x0000000084900000| Untracked 
|  74|0x0000000084a00000, 0x0000000084a00000, 0x0000000084b00000|  0%| F|  |TAMS 0x0000000084a00000, 0x0000000084a00000| Untracked 
|  75|0x0000000084b00000, 0x0000000084b00000, 0x0000000084c00000|  0%| F|  |TAMS 0x0000000084b00000, 0x0000000084b00000| Untracked 
|  76|0x0000000084c00000, 0x0000000084c00000, 0x0000000084d00000|  0%| F|  |TAMS 0x0000000084c00000, 0x0000000084c00000| Untracked 
|  77|0x0000000084d00000, 0x0000000084d00000, 0x0000000084e00000|  0%| F|  |TAMS 0x0000000084d00000, 0x0000000084d00000| Untracked 
|  78|0x0000000084e00000, 0x0000000084e00000, 0x0000000084f00000|  0%| F|  |TAMS 0x0000000084e00000, 0x0000000084e00000| Untracked 
|  79|0x0000000084f00000, 0x0000000084f00000, 0x0000000085000000|  0%| F|  |TAMS 0x0000000084f00000, 0x0000000084f00000| Untracked 
|  80|0x0000000085000000, 0x0000000085000000, 0x0000000085100000|  0%| F|  |TAMS 0x0000000085000000, 0x0000000085000000| Untracked 
|  81|0x0000000085100000, 0x0000000085100000, 0x0000000085200000|  0%| F|  |TAMS 0x0000000085100000, 0x0000000085100000| Untracked 
|  82|0x0000000085200000, 0x0000000085200000, 0x0000000085300000|  0%| F|  |TAMS 0x0000000085200000, 0x0000000085200000| Untracked 
|  83|0x0000000085300000, 0x000000008532a5d0, 0x0000000085400000| 16%| S|CS|TAMS 0x0000000085300000, 0x0000000085300000| Complete 
|  84|0x0000000085400000, 0x0000000085500000, 0x0000000085500000|100%| S|CS|TAMS 0x0000000085400000, 0x0000000085400000| Complete 
|  85|0x0000000085500000, 0x0000000085500000, 0x0000000085600000|  0%| F|  |TAMS 0x0000000085500000, 0x0000000085500000| Untracked 
|  86|0x0000000085600000, 0x0000000085600000, 0x0000000085700000|  0%| F|  |TAMS 0x0000000085600000, 0x0000000085600000| Untracked 
|  87|0x0000000085700000, 0x0000000085700000, 0x0000000085800000|  0%| F|  |TAMS 0x0000000085700000, 0x0000000085700000| Untracked 
|  88|0x0000000085800000, 0x0000000085800000, 0x0000000085900000|  0%| F|  |TAMS 0x0000000085800000, 0x0000000085800000| Untracked 
|  89|0x0000000085900000, 0x0000000085900000, 0x0000000085a00000|  0%| F|  |TAMS 0x0000000085900000, 0x0000000085900000| Untracked 
|  90|0x0000000085a00000, 0x0000000085a00000, 0x0000000085b00000|  0%| F|  |TAMS 0x0000000085a00000, 0x0000000085a00000| Untracked 
|  91|0x0000000085b00000, 0x0000000085b00000, 0x0000000085c00000|  0%| F|  |TAMS 0x0000000085b00000, 0x0000000085b00000| Untracked 
|  92|0x0000000085c00000, 0x0000000085c00000, 0x0000000085d00000|  0%| F|  |TAMS 0x0000000085c00000, 0x0000000085c00000| Untracked 
|  93|0x0000000085d00000, 0x0000000085d00000, 0x0000000085e00000|  0%| F|  |TAMS 0x0000000085d00000, 0x0000000085d00000| Untracked 
|  94|0x0000000085e00000, 0x0000000085e00000, 0x0000000085f00000|  0%| F|  |TAMS 0x0000000085e00000, 0x0000000085e00000| Untracked 
|  95|0x0000000085f00000, 0x0000000085f00000, 0x0000000086000000|  0%| F|  |TAMS 0x0000000085f00000, 0x0000000085f00000| Untracked 
|  96|0x0000000086000000, 0x0000000086000000, 0x0000000086100000|  0%| F|  |TAMS 0x0000000086000000, 0x0000000086000000| Untracked 
|  97|0x0000000086100000, 0x0000000086100000, 0x0000000086200000|  0%| F|  |TAMS 0x0000000086100000, 0x0000000086100000| Untracked 
|  98|0x0000000086200000, 0x0000000086200000, 0x0000000086300000|  0%| F|  |TAMS 0x0000000086200000, 0x0000000086200000| Untracked 
|  99|0x0000000086300000, 0x0000000086300000, 0x0000000086400000|  0%| F|  |TAMS 0x0000000086300000, 0x0000000086300000| Untracked 
| 100|0x0000000086400000, 0x0000000086400000, 0x0000000086500000|  0%| F|  |TAMS 0x0000000086400000, 0x0000000086400000| Untracked 
| 101|0x0000000086500000, 0x0000000086500000, 0x0000000086600000|  0%| F|  |TAMS 0x0000000086500000, 0x0000000086500000| Untracked 
| 102|0x0000000086600000, 0x0000000086600000, 0x0000000086700000|  0%| F|  |TAMS 0x0000000086600000, 0x0000000086600000| Untracked 
| 103|0x0000000086700000, 0x0000000086700000, 0x0000000086800000|  0%| F|  |TAMS 0x0000000086700000, 0x0000000086700000| Untracked 
| 104|0x0000000086800000, 0x0000000086800000, 0x0000000086900000|  0%| F|  |TAMS 0x0000000086800000, 0x0000000086800000| Untracked 
| 105|0x0000000086900000, 0x0000000086900000, 0x0000000086a00000|  0%| F|  |TAMS 0x0000000086900000, 0x0000000086900000| Untracked 
| 106|0x0000000086a00000, 0x0000000086a00000, 0x0000000086b00000|  0%| F|  |TAMS 0x0000000086a00000, 0x0000000086a00000| Untracked 
| 107|0x0000000086b00000, 0x0000000086b00000, 0x0000000086c00000|  0%| F|  |TAMS 0x0000000086b00000, 0x0000000086b00000| Untracked 
| 108|0x0000000086c00000, 0x0000000086c00000, 0x0000000086d00000|  0%| F|  |TAMS 0x0000000086c00000, 0x0000000086c00000| Untracked 
| 109|0x0000000086d00000, 0x0000000086d00000, 0x0000000086e00000|  0%| F|  |TAMS 0x0000000086d00000, 0x0000000086d00000| Untracked 
| 110|0x0000000086e00000, 0x0000000086e00000, 0x0000000086f00000|  0%| F|  |TAMS 0x0000000086e00000, 0x0000000086e00000| Untracked 

Card table byte_map: [0x0000020df4af0000,0x0000020df4ef0000] _byte_map_base: 0x0000020df46f0000

Marking Bits (Prev, Next): (CMBitMap*) 0x0000020de1c24fe0, (CMBitMap*) 0x0000020de1c24fa8
 Prev Bits: [0x0000020df72f0000, 0x0000020df92f0000)
 Next Bits: [0x0000020df52f0000, 0x0000020df72f0000)

Polling page: 0x0000020ddfbe0000

Metaspace:

Usage:
  Non-class:     54.40 MB capacity,    53.18 MB ( 98%) used,     1.06 MB (  2%) free+waste,   166.06 KB ( <1%) overhead. 
      Class:      8.60 MB capacity,     8.01 MB ( 93%) used,   522.40 KB (  6%) free+waste,    79.88 KB ( <1%) overhead. 
       Both:     63.01 MB capacity,    61.20 MB ( 97%) used,     1.57 MB (  2%) free+waste,   245.94 KB ( <1%) overhead. 

Virtual space:
  Non-class space:       56.00 MB reserved,      54.42 MB ( 97%) committed 
      Class space:        1.00 GB reserved,       8.63 MB ( <1%) committed 
             Both:        1.05 GB reserved,      63.05 MB (  6%) committed 

Chunk freelists:
   Non-Class:  19.00 KB
       Class:  0 bytes
        Both:  19.00 KB

MaxMetaspaceSize: 17179869184.00 GB
CompressedClassSpaceSize: 1.00 GB
Initial GC threshold: 20.80 MB
Current GC threshold: 94.04 MB
CDS: off

CodeHeap 'non-profiled nmethods': size=120064Kb used=3072Kb max_used=3072Kb free=116992Kb
 bounds [0x0000020ded1b0000, 0x0000020ded4b0000, 0x0000020df46f0000]
CodeHeap 'profiled nmethods': size=120000Kb used=12502Kb max_used=12502Kb free=107498Kb
 bounds [0x0000020de5c80000, 0x0000020de68c0000, 0x0000020ded1b0000]
CodeHeap 'non-nmethods': size=5696Kb used=2344Kb max_used=2364Kb free=3351Kb
 bounds [0x0000020de56f0000, 0x0000020de5960000, 0x0000020de5c80000]
 total_blobs=6550 nmethods=5696 adapters=766
 compilation: enabled
              stopped_count=0, restarted_count=0
 full_count=0

Compilation events (20 events):
Event: 31.158 Thread 0x0000020dfb80c000 5750   !   2       javax.crypto.Mac::chooseFirstProvider (236 bytes)
Event: 31.159 Thread 0x0000020dfb80c000 nmethod 5750 0x0000020de68ac710 code [0x0000020de68ac960, 0x0000020de68ad1d8]
Event: 31.161 Thread 0x0000020dfb80c000 5751       1       sun.security.x509.DNSName::getType (2 bytes)
Event: 31.161 Thread 0x0000020dfb80c000 nmethod 5751 0x0000020ded4af410 code [0x0000020ded4af5c0, 0x0000020ded4af678]
Event: 31.161 Thread 0x0000020dfb80c000 5752       1       sun.security.x509.GeneralName::getName (5 bytes)
Event: 31.161 Thread 0x0000020dfb80c000 nmethod 5752 0x0000020ded4af710 code [0x0000020ded4af8c0, 0x0000020ded4af978]
Event: 31.161 Thread 0x0000020dfb80c000 5753       1       sun.security.x509.DNSName::getName (5 bytes)
Event: 31.161 Thread 0x0000020dfb80c000 nmethod 5753 0x0000020ded4afa10 code [0x0000020ded4afbc0, 0x0000020ded4afc78]
Event: 31.161 Thread 0x0000020dfb80c000 5754       2       org.apache.http.util.CharArrayBuffer::append (37 bytes)
Event: 31.162 Thread 0x0000020dfb80c000 nmethod 5754 0x0000020de68ad690 code [0x0000020de68ad860, 0x0000020de68adb68]
Event: 31.216 Thread 0x0000020dfb80c000 5756   !   2       java.util.concurrent.ConcurrentHashMap::transfer (828 bytes)
Event: 31.220 Thread 0x0000020dfb80c000 nmethod 5756 0x0000020de68add10 code [0x0000020de68adfc0, 0x0000020de68af948]
Event: 31.237 Thread 0x0000020dfb80c000 5757   !   3       java.util.concurrent.ConcurrentHashMap::transfer (828 bytes)
Event: 31.242 Thread 0x0000020dfb80c000 nmethod 5757 0x0000020de68b0610 code [0x0000020de68b0a80, 0x0000020de68b3c68]
Event: 31.246 Thread 0x0000020dfb80c000 5758       2       java.nio.charset.CharsetDecoder::reset (11 bytes)
Event: 31.246 Thread 0x0000020dfb80c000 nmethod 5758 0x0000020de68b5110 code [0x0000020de68b52c0, 0x0000020de68b53b8]
Event: 31.247 Thread 0x0000020dfb80c000 5759       2       java.nio.charset.CharsetDecoder::implReset (1 bytes)
Event: 31.247 Thread 0x0000020dfb80c000 nmethod 5759 0x0000020de68b5490 code [0x0000020de68b5640, 0x0000020de68b5738]
Event: 31.248 Thread 0x0000020dfb80c000 5760       1       org.apache.http.message.BasicHeader::getName (5 bytes)
Event: 31.248 Thread 0x0000020dfb80c000 nmethod 5760 0x0000020ded4afd10 code [0x0000020ded4afec0, 0x0000020ded4aff78]

GC Heap History (20 events):
Event: 23.951 GC heap after
{Heap after GC invocations=30 (full 0):
 garbage-first heap   total 77824K, used 50158K [0x0000000080000000, 0x0000000100000000)
  region size 1024K, 1 young (1024K), 1 survivors (1024K)
 Metaspace       used 46839K, capacity 48041K, committed 48176K, reserved 1091584K
  class space    used 5969K, capacity 6441K, committed 6528K, reserved 1048576K
}
Event: 24.109 GC heap before
{Heap before GC invocations=30 (full 0):
 garbage-first heap   total 77824K, used 60398K [0x0000000080000000, 0x0000000100000000)
  region size 1024K, 11 young (11264K), 1 survivors (1024K)
 Metaspace       used 47003K, capacity 48228K, committed 48432K, reserved 1091584K
  class space    used 5989K, capacity 6480K, committed 6528K, reserved 1048576K
}
Event: 24.116 GC heap after
{Heap after GC invocations=31 (full 0):
 garbage-first heap   total 77824K, used 50850K [0x0000000080000000, 0x0000000100000000)
  region size 1024K, 2 young (2048K), 2 survivors (2048K)
 Metaspace       used 47003K, capacity 48228K, committed 48432K, reserved 1091584K
  class space    used 5989K, capacity 6480K, committed 6528K, reserved 1048576K
}
Event: 24.304 GC heap before
{Heap before GC invocations=32 (full 0):
 garbage-first heap   total 77824K, used 61090K [0x0000000080000000, 0x0000000100000000)
  region size 1024K, 12 young (12288K), 2 survivors (2048K)
 Metaspace       used 47330K, capacity 48666K, committed 48688K, reserved 1091584K
  class space    used 6053K, capacity 6520K, committed 6528K, reserved 1048576K
}
Event: 24.311 GC heap after
{Heap after GC invocations=33 (full 0):
 garbage-first heap   total 94208K, used 51435K [0x0000000080000000, 0x0000000100000000)
  region size 1024K, 2 young (2048K), 2 survivors (2048K)
 Metaspace       used 47330K, capacity 48666K, committed 48688K, reserved 1091584K
  class space    used 6053K, capacity 6520K, committed 6528K, reserved 1048576K
}
Event: 24.673 GC heap before
{Heap before GC invocations=33 (full 0):
 garbage-first heap   total 94208K, used 67819K [0x0000000080000000, 0x0000000100000000)
  region size 1024K, 18 young (18432K), 2 survivors (2048K)
 Metaspace       used 48304K, capacity 49756K, committed 49968K, reserved 1093632K
  class space    used 6211K, capacity 6712K, committed 6784K, reserved 1048576K
}
Event: 24.680 GC heap after
{Heap after GC invocations=34 (full 0):
 garbage-first heap   total 94208K, used 52666K [0x0000000080000000, 0x0000000100000000)
  region size 1024K, 3 young (3072K), 3 survivors (3072K)
 Metaspace       used 48304K, capacity 49756K, committed 49968K, reserved 1093632K
  class space    used 6211K, capacity 6712K, committed 6784K, reserved 1048576K
}
Event: 24.856 GC heap before
{Heap before GC invocations=35 (full 0):
 garbage-first heap   total 94208K, used 56762K [0x0000000080000000, 0x0000000100000000)
  region size 1024K, 8 young (8192K), 3 survivors (3072K)
 Metaspace       used 48673K, capacity 50160K, committed 50224K, reserved 1093632K
  class space    used 6279K, capacity 6783K, committed 6784K, reserved 1048576K
}
Event: 24.864 GC heap after
{Heap after GC invocations=36 (full 0):
 garbage-first heap   total 94208K, used 52933K [0x0000000080000000, 0x0000000100000000)
  region size 1024K, 2 young (2048K), 2 survivors (2048K)
 Metaspace       used 48673K, capacity 50160K, committed 50224K, reserved 1093632K
  class space    used 6279K, capacity 6783K, committed 6784K, reserved 1048576K
}
Event: 25.303 GC heap before
{Heap before GC invocations=37 (full 0):
 garbage-first heap   total 94208K, used 73413K [0x0000000080000000, 0x0000000100000000)
  region size 1024K, 18 young (18432K), 2 survivors (2048K)
 Metaspace       used 49750K, capacity 51320K, committed 51504K, reserved 1093632K
  class space    used 6461K, capacity 6956K, committed 7040K, reserved 1048576K
}
Event: 25.310 GC heap after
{Heap after GC invocations=38 (full 0):
 garbage-first heap   total 94208K, used 58381K [0x0000000080000000, 0x0000000100000000)
  region size 1024K, 3 young (3072K), 3 survivors (3072K)
 Metaspace       used 49750K, capacity 51320K, committed 51504K, reserved 1093632K
  class space    used 6461K, capacity 6956K, committed 7040K, reserved 1048576K
}
Event: 25.840 GC heap before
{Heap before GC invocations=38 (full 0):
 garbage-first heap   total 94208K, used 72717K [0x0000000080000000, 0x0000000100000000)
  region size 1024K, 17 young (17408K), 3 survivors (3072K)
 Metaspace       used 51903K, capacity 53554K, committed 53680K, reserved 1095680K
  class space    used 6845K, capacity 7404K, committed 7424K, reserved 1048576K
}
Event: 25.852 GC heap after
{Heap after GC invocations=39 (full 0):
 garbage-first heap   total 113664K, used 59051K [0x0000000080000000, 0x0000000100000000)
  region size 1024K, 3 young (3072K), 3 survivors (3072K)
 Metaspace       used 51903K, capacity 53554K, committed 53680K, reserved 1095680K
  class space    used 6845K, capacity 7404K, committed 7424K, reserved 1048576K
}
Event: 26.362 GC heap before
{Heap before GC invocations=40 (full 0):
 garbage-first heap   total 113664K, used 81579K [0x0000000080000000, 0x0000000100000000)
  region size 1024K, 25 young (25600K), 3 survivors (3072K)
 Metaspace       used 53457K, capacity 55115K, committed 55216K, reserved 1097728K
  class space    used 7055K, capacity 7627K, committed 7680K, reserved 1048576K
}
Event: 26.370 GC heap after
{Heap after GC invocations=41 (full 0):
 garbage-first heap   total 113664K, used 59969K [0x0000000080000000, 0x0000000100000000)
  region size 1024K, 3 young (3072K), 3 survivors (3072K)
 Metaspace       used 53457K, capacity 55115K, committed 55216K, reserved 1097728K
  class space    used 7055K, capacity 7627K, committed 7680K, reserved 1048576K
}
Event: 27.184 GC heap before
{Heap before GC invocations=41 (full 0):
 garbage-first heap   total 113664K, used 82497K [0x0000000080000000, 0x0000000100000000)
  region size 1024K, 26 young (26624K), 3 survivors (3072K)
 Metaspace       used 55855K, capacity 57680K, committed 57776K, reserved 1099776K
  class space    used 7348K, capacity 7925K, committed 7936K, reserved 1048576K
}
Event: 27.195 GC heap after
{Heap after GC invocations=42 (full 0):
 garbage-first heap   total 113664K, used 61568K [0x0000000080000000, 0x0000000100000000)
  region size 1024K, 4 young (4096K), 4 survivors (4096K)
 Metaspace       used 55855K, capacity 57680K, committed 57776K, reserved 1099776K
  class space    used 7348K, capacity 7925K, committed 7936K, reserved 1048576K
}
Event: 28.178 GC heap before
{Heap before GC invocations=43 (full 0):
 garbage-first heap   total 113664K, used 84096K [0x0000000080000000, 0x0000000100000000)
  region size 1024K, 27 young (27648K), 4 survivors (4096K)
 Metaspace       used 59296K, capacity 61116K, committed 61360K, reserved 1101824K
  class space    used 7758K, capacity 8361K, committed 8448K, reserved 1048576K
}
Event: 28.192 GC heap after
{Heap after GC invocations=44 (full 0):
 garbage-first heap   total 113664K, used 63937K [0x0000000080000000, 0x0000000100000000)
  region size 1024K, 4 young (4096K), 4 survivors (4096K)
 Metaspace       used 59296K, capacity 61116K, committed 61360K, reserved 1101824K
  class space    used 7758K, capacity 8361K, committed 8448K, reserved 1048576K
}
Event: 31.251 GC heap before
{Heap before GC invocations=44 (full 0):
 garbage-first heap   total 113664K, used 86465K [0x0000000080000000, 0x0000000100000000)
  region size 1024K, 27 young (27648K), 4 survivors (4096K)
 Metaspace       used 62666K, capacity 64518K, committed 64560K, reserved 1105920K
  class space    used 8206K, capacity 8809K, committed 8832K, reserved 1048576K
}

Deoptimization events (20 events):
Event: 30.901 Thread 0x0000020dfea88800 DEOPT PACKING pc=0x0000020de67cc3d8 sp=0x00000052e4cf54e0
Event: 30.901 Thread 0x0000020dfea88800 DEOPT UNPACKING pc=0x0000020de573a95e sp=0x00000052e4cf4998 mode 0
Event: 30.901 Thread 0x0000020dfea88800 DEOPT PACKING pc=0x0000020de67cc3d8 sp=0x00000052e4cf5460
Event: 30.901 Thread 0x0000020dfea88800 DEOPT UNPACKING pc=0x0000020de573a95e sp=0x00000052e4cf4918 mode 0
Event: 30.903 Thread 0x0000020dfea88800 DEOPT PACKING pc=0x0000020de67cc3d8 sp=0x00000052e4cf5390
Event: 30.903 Thread 0x0000020dfea88800 DEOPT UNPACKING pc=0x0000020de573a95e sp=0x00000052e4cf4848 mode 0
Event: 30.903 Thread 0x0000020dfea88800 DEOPT PACKING pc=0x0000020de67cc3fe sp=0x00000052e4cf5200
Event: 30.903 Thread 0x0000020dfea88800 DEOPT UNPACKING pc=0x0000020de573a95e sp=0x00000052e4cf46b8 mode 0
Event: 30.904 Thread 0x0000020dfea88800 DEOPT PACKING pc=0x0000020de67cc3d8 sp=0x00000052e4cf5260
Event: 30.904 Thread 0x0000020dfea88800 DEOPT UNPACKING pc=0x0000020de573a95e sp=0x00000052e4cf4718 mode 0
Event: 30.905 Thread 0x0000020dfea88800 DEOPT PACKING pc=0x0000020de67cc3fe sp=0x00000052e4cf52e0
Event: 30.905 Thread 0x0000020dfea88800 DEOPT UNPACKING pc=0x0000020de573a95e sp=0x00000052e4cf4798 mode 0
Event: 30.905 Thread 0x0000020dfea88800 DEOPT PACKING pc=0x0000020de67cc3d8 sp=0x00000052e4cf52e0
Event: 30.905 Thread 0x0000020dfea88800 DEOPT UNPACKING pc=0x0000020de573a95e sp=0x00000052e4cf4798 mode 0
Event: 30.906 Thread 0x0000020dfea88800 DEOPT PACKING pc=0x0000020de67cc3fe sp=0x00000052e4cf52e0
Event: 30.906 Thread 0x0000020dfea88800 DEOPT UNPACKING pc=0x0000020de573a95e sp=0x00000052e4cf4798 mode 0
Event: 30.927 Thread 0x0000020dfea88800 Uncommon trap: trap_request=0xffffff4d fr.pc=0x0000020ded3664cc relative=0x00000000000000ac
Event: 30.927 Thread 0x0000020dfea88800 Uncommon trap: reason=unstable_if action=reinterpret pc=0x0000020ded3664cc method=java.nio.Buffer.<init>(IIII)V @ 44 c2
Event: 30.928 Thread 0x0000020dfea88800 DEOPT PACKING pc=0x0000020ded3664cc sp=0x00000052e4cf5200
Event: 30.928 Thread 0x0000020dfea88800 DEOPT UNPACKING pc=0x0000020de573a1af sp=0x00000052e4cf5188 mode 2

Classes redefined (0 events):
No events

Internal exceptions (20 events):
Event: 25.142 Thread 0x0000020dfea88800 Exception <a 'java/lang/NoSuchMethodError'{0x00000000850786f0}: 'java.lang.Object java.lang.invoke.DirectMethodHandle$Holder.invokeStatic(java.lang.Object, java.lang.Object, java.lang.Object, java.lang.Object, java.lang.Object, java.lang.Object, java.lang.Object, java.lang.Object, java.lang.Object, java.lang.Object, java.lang.Object, java.lang.Object, java.lang.Object, java.lang.Object, java.lang.Object, java.lang.Object)'> (0x00000000850786f0) thrown at [./src/hotspot/share/interpreter/linkResolver.cpp, l
Event: 25.144 Thread 0x0000020dfea88800 Exception <a 'java/lang/NoSuchMethodError'{0x00000000850896d8}: 'java.lang.Object java.lang.invoke.DelegatingMethodHandle$Holder.reinvoke_L(java.lang.Object, java.lang.Object, java.lang.Object, java.lang.Object, java.lang.Object, java.lang.Object, java.lang.Object, java.lang.Object, java.lang.Object, java.lang.Object, java.lang.Object, java.lang.Object, java.lang.Object, java.lang.Object, java.lang.Object, java.lang.Object, java.lang.Object, java.lang.Object, java.lang.Object, java.lang.Object)'> (0x000000
Event: 25.280 Thread 0x0000020dfea88800 Implicit null exception at 0x0000020ded2ab174 to 0x0000020ded2ab384
Event: 25.280 Thread 0x0000020dfea88800 Implicit null exception at 0x0000020ded1d7278 to 0x0000020ded1d730a
Event: 25.498 Thread 0x0000020dfea88800 Exception <a 'java/lang/NoSuchMethodError'{0x00000000857adca8}: 'void java.lang.invoke.DirectMethodHandle$Holder.invokeVirtual(java.lang.Object, java.lang.Object)'> (0x00000000857adca8) thrown at [./src/hotspot/share/interpreter/linkResolver.cpp, line 773]
Event: 26.318 Thread 0x0000020dfea88800 Exception <a 'java/lang/NoSuchMethodError'{0x0000000085904ca0}: 'void java.lang.invoke.DirectMethodHandle$Holder.invokeSpecialIFC(java.lang.Object, java.lang.Object, java.lang.Object)'> (0x0000000085904ca0) thrown at [./src/hotspot/share/interpreter/linkResolver.cpp, line 773]
Event: 26.704 Thread 0x0000020dfea88800 Exception <a 'java/lang/NoSuchMethodError'{0x0000000086a37d98}: 'int java.lang.invoke.DirectMethodHandle$Holder.invokeStatic(java.lang.Object, int, java.lang.Object, java.lang.Object)'> (0x0000000086a37d98) thrown at [./src/hotspot/share/interpreter/linkResolver.cpp, line 773]
Event: 26.981 Thread 0x0000020dfe1a3000 Exception <a 'sun/nio/fs/WindowsException'{0x0000000086487050}> (0x0000000086487050) thrown at [./src/hotspot/share/prims/jni.cpp, line 615]
Event: 26.991 Thread 0x0000020dfe1a3000 Exception <a 'sun/nio/fs/WindowsException'{0x00000000864d7b20}> (0x00000000864d7b20) thrown at [./src/hotspot/share/prims/jni.cpp, line 615]
Event: 26.993 Thread 0x0000020dfe1a3000 Exception <a 'sun/nio/fs/WindowsException'{0x00000000864d7c88}> (0x00000000864d7c88) thrown at [./src/hotspot/share/prims/jni.cpp, line 615]
Event: 27.004 Thread 0x0000020dfea88800 Exception <a 'java/lang/ClassNotFoundException'{0x000000008634f4a8}: build_f24ivqs054ebq4d7lsi3roxr2BeanInfo> (0x000000008634f4a8) thrown at [./src/hotspot/share/classfile/systemDictionary.cpp, line 231]
Event: 27.005 Thread 0x0000020dfea88800 Exception <a 'java/lang/ClassNotFoundException'{0x0000000086366f28}: org/gradle/api/internal/project/ProjectScriptBeanInfo> (0x0000000086366f28) thrown at [./src/hotspot/share/classfile/systemDictionary.cpp, line 231]
Event: 27.006 Thread 0x0000020dfea88800 Exception <a 'java/lang/ClassNotFoundException'{0x000000008637ee60}: org/gradle/api/internal/project/ProjectScriptCustomizer> (0x000000008637ee60) thrown at [./src/hotspot/share/classfile/systemDictionary.cpp, line 231]
Event: 27.007 Thread 0x0000020dfea88800 Exception <a 'java/lang/ClassNotFoundException'{0x000000008639b188}: build_f24ivqs054ebq4d7lsi3roxr2Customizer> (0x000000008639b188) thrown at [./src/hotspot/share/classfile/systemDictionary.cpp, line 231]
Event: 27.023 Thread 0x0000020dfea88800 Exception <a 'java/lang/ClassNotFoundException'{0x00000000862553d0}: org/gradle/plugin/use/internal/PluginRequestCollector$PluginDependenciesSpecImplBeanInfo> (0x00000000862553d0) thrown at [./src/hotspot/share/classfile/systemDictionary.cpp, line 231]
Event: 27.024 Thread 0x0000020dfea88800 Exception <a 'java/lang/ClassNotFoundException'{0x0000000086287698}: org/gradle/plugin/use/internal/PluginRequestCollector$PluginDependenciesSpecImplCustomizer> (0x0000000086287698) thrown at [./src/hotspot/share/classfile/systemDictionary.cpp, line 231]
Event: 27.029 Thread 0x0000020dfea88800 Exception <a 'java/lang/ClassNotFoundException'{0x00000000862ee5a8}: org/gradle/plugin/use/internal/PluginRequestCollector$PluginDependencySpecImplBeanInfo> (0x00000000862ee5a8) thrown at [./src/hotspot/share/classfile/systemDictionary.cpp, line 231]
Event: 27.030 Thread 0x0000020dfea88800 Exception <a 'java/lang/ClassNotFoundException'{0x000000008611f790}: org/gradle/plugin/use/internal/PluginRequestCollector$PluginDependencySpecImplCustomizer> (0x000000008611f790) thrown at [./src/hotspot/share/classfile/systemDictionary.cpp, line 231]
Event: 27.470 Thread 0x0000020dfea88800 Implicit null exception at 0x0000020ded1e6c74 to 0x0000020ded1e714c
Event: 27.672 Thread 0x0000020dfea88800 Exception <a 'sun/nio/fs/WindowsException'{0x00000000868d6e70}> (0x00000000868d6e70) thrown at [./src/hotspot/share/prims/jni.cpp, line 615]

Events (20 events):
Event: 31.239 loading class org/gradle/internal/resource/ExternalResource$ContentAction done
Event: 31.240 loading class org/gradle/internal/resource/ExternalResource$ContentAction
Event: 31.240 loading class org/gradle/internal/resource/ExternalResource$ContentAction done
Event: 31.240 loading class org/gradle/internal/resource/ExternalResource$ContentAction
Event: 31.240 loading class org/gradle/internal/resource/ExternalResource$ContentAction done
Event: 31.240 loading class org/gradle/internal/resource/transfer/ProgressLoggingExternalResourceAccessor$DownloadOperation
Event: 31.240 loading class org/gradle/internal/resource/transfer/ProgressLoggingExternalResourceAccessor$DownloadOperation done
Event: 31.241 loading class org/gradle/internal/resource/transfer/AbstractProgressLoggingHandler$ProgressLoggingInputStream
Event: 31.241 loading class org/gradle/internal/resource/transfer/AbstractProgressLoggingHandler$ProgressLoggingInputStream done
Event: 31.242 loading class org/gradle/internal/resource/transfer/ProgressLoggingExternalResourceAccessor$ReadOperationDetails
Event: 31.242 loading class org/gradle/internal/resource/transfer/ProgressLoggingExternalResourceAccessor$ReadOperationDetails done
Event: 31.243 loading class org/gradle/internal/resource/transfer/ResourceOperation$Type
Event: 31.243 loading class org/gradle/internal/resource/transfer/ResourceOperation$Type done
Event: 31.244 loading class org/gradle/internal/resource/transfer/ResourceOperation
Event: 31.244 loading class org/gradle/internal/resource/transfer/ResourceOperation done
Event: 31.244 loading class org/gradle/internal/resource/transfer/ResourceOperation
Event: 31.244 loading class org/gradle/internal/resource/transfer/ResourceOperation done
Event: 31.244 loading class org/gradle/internal/resource/transfer/ProgressLoggingExternalResourceAccessor$DownloadOperation
Event: 31.244 loading class org/gradle/internal/resource/transfer/ProgressLoggingExternalResourceAccessor$DownloadOperation done
Event: 31.251 Executing VM operation: G1CollectForAllocation


Dynamic libraries:
0x00007ff7383c0000 - 0x00007ff7383ca000 	C:\Program Files\Android\Android Studio\jre\bin\java.exe
0x00007ff9cc290000 - 0x00007ff9cc488000 	C:\windows\SYSTEM32\ntdll.dll
0x00007ff9cae00000 - 0x00007ff9caebd000 	C:\windows\System32\KERNEL32.DLL
0x00007ff9c9e10000 - 0x00007ff9ca106000 	C:\windows\System32\KERNELBASE.dll
0x00007ff9ca1a0000 - 0x00007ff9ca2a0000 	C:\windows\System32\ucrtbase.dll
0x00007ff9c2650000 - 0x00007ff9c2667000 	C:\Program Files\Android\Android Studio\jre\bin\VCRUNTIME140.dll
0x00007ff9b69d0000 - 0x00007ff9b69e9000 	C:\Program Files\Android\Android Studio\jre\bin\jli.dll
0x00007ff9cb800000 - 0x00007ff9cb99e000 	C:\windows\System32\USER32.dll
0x00007ff9c9ab0000 - 0x00007ff9c9ad2000 	C:\windows\System32\win32u.dll
0x00007ff9cb580000 - 0x00007ff9cb5ab000 	C:\windows\System32\GDI32.dll
0x00007ff9c9be0000 - 0x00007ff9c9cf7000 	C:\windows\System32\gdi32full.dll
0x00007ff9c9d70000 - 0x00007ff9c9e0d000 	C:\windows\System32\msvcp_win.dll
0x00007ff9ae340000 - 0x00007ff9ae5da000 	C:\windows\WinSxS\amd64_microsoft.windows.common-controls_6595b64144ccf1df_6.0.19041.3636_none_60b6a03d71f818d5\COMCTL32.dll
0x00007ff9cb000000 - 0x00007ff9cb09e000 	C:\windows\System32\msvcrt.dll
0x00007ff9cb710000 - 0x00007ff9cb742000 	C:\windows\System32\IMM32.DLL
0x00007ff9a3ba0000 - 0x00007ff9a3c3d000 	C:\Program Files\Android\Android Studio\jre\bin\msvcp140.dll
0x00007ff938fa0000 - 0x00007ff939a85000 	C:\Program Files\Android\Android Studio\jre\bin\server\jvm.dll
0x00007ff9cac60000 - 0x00007ff9cad13000 	C:\windows\System32\ADVAPI32.dll
0x00007ff9cb670000 - 0x00007ff9cb70f000 	C:\windows\System32\sechost.dll
0x00007ff9cbe30000 - 0x00007ff9cbf56000 	C:\windows\System32\RPCRT4.dll
0x00007ff9ca2a0000 - 0x00007ff9ca2c7000 	C:\windows\System32\bcrypt.dll
0x00007ff9ca2d0000 - 0x00007ff9ca2d8000 	C:\windows\System32\PSAPI.DLL
0x00007ff9ada80000 - 0x00007ff9ada89000 	C:\windows\SYSTEM32\WSOCK32.dll
0x00007ff9cb0a0000 - 0x00007ff9cb10b000 	C:\windows\System32\WS2_32.dll
0x00007ff9ab1c0000 - 0x00007ff9ab1e7000 	C:\windows\SYSTEM32\WINMM.dll
0x00007ff9c1eb0000 - 0x00007ff9c1eba000 	C:\windows\SYSTEM32\VERSION.dll
0x00007ff9c8190000 - 0x00007ff9c81a2000 	C:\windows\SYSTEM32\kernel.appcore.dll
0x00007ff9c5070000 - 0x00007ff9c5081000 	C:\Program Files\Android\Android Studio\jre\bin\verify.dll
0x00007ff9c76f0000 - 0x00007ff9c78d4000 	C:\windows\SYSTEM32\DBGHELP.DLL
0x00007ff9b71e0000 - 0x00007ff9b7214000 	C:\windows\SYSTEM32\dbgcore.DLL
0x00007ff9ca110000 - 0x00007ff9ca192000 	C:\windows\System32\bcryptPrimitives.dll
0x00007ff9c2bd0000 - 0x00007ff9c2bf9000 	C:\Program Files\Android\Android Studio\jre\bin\java.dll
0x00007ff9c4160000 - 0x00007ff9c416b000 	C:\Program Files\Android\Android Studio\jre\bin\jimage.dll
0x00007ff9c2bb0000 - 0x00007ff9c2bc8000 	C:\Program Files\Android\Android Studio\jre\bin\zip.dll
0x00007ff9ca390000 - 0x00007ff9caad5000 	C:\windows\System32\SHELL32.dll
0x00007ff9c79e0000 - 0x00007ff9c817c000 	C:\windows\SYSTEM32\windows.storage.dll
0x00007ff9cb9a0000 - 0x00007ff9cbcf4000 	C:\windows\System32\combase.dll
0x00007ff9c9310000 - 0x00007ff9c933e000 	C:\windows\SYSTEM32\Wldp.dll
0x00007ff9caae0000 - 0x00007ff9cabad000 	C:\windows\System32\OLEAUT32.dll
0x00007ff9ca2e0000 - 0x00007ff9ca38d000 	C:\windows\System32\SHCORE.dll
0x00007ff9cb610000 - 0x00007ff9cb665000 	C:\windows\System32\shlwapi.dll
0x00007ff9c9880000 - 0x00007ff9c98a5000 	C:\windows\SYSTEM32\profapi.dll
0x00007ff9c2b90000 - 0x00007ff9c2baa000 	C:\Program Files\Android\Android Studio\jre\bin\net.dll
0x00007ff9bbe70000 - 0x00007ff9bbf7a000 	C:\windows\SYSTEM32\WINHTTP.dll
0x00007ff9c9010000 - 0x00007ff9c907a000 	C:\windows\system32\mswsock.dll
0x00007ff9c2a70000 - 0x00007ff9c2a84000 	C:\Program Files\Android\Android Studio\jre\bin\nio.dll
0x00007ff9c0c50000 - 0x00007ff9c0c77000 	C:\Users\HP\.gradle\native\e1d6ef7f7dcc3fd88c89a11ec53ec762bb8ba0a96d01ffa2cd45eb1d1d8dd5c5\windows-amd64\native-platform.dll
0x00007ff9a3820000 - 0x00007ff9a3964000 	C:\Users\HP\.gradle\native\0d407fdbe67a94daf76414ababcb853783967236a71b16ec16e742cd7a986fd3\windows-amd64\native-platform-file-events.dll
0x00007ff9c4120000 - 0x00007ff9c412a000 	C:\Program Files\Android\Android Studio\jre\bin\management.dll
0x00007ff9c3cb0000 - 0x00007ff9c3cbd000 	C:\Program Files\Android\Android Studio\jre\bin\management_ext.dll
0x00007ff9c9210000 - 0x00007ff9c9228000 	C:\windows\SYSTEM32\CRYPTSP.dll
0x00007ff9c8940000 - 0x00007ff9c8974000 	C:\windows\system32\rsaenh.dll
0x00007ff9c9840000 - 0x00007ff9c986e000 	C:\windows\SYSTEM32\USERENV.dll
0x00007ff9c9200000 - 0x00007ff9c920c000 	C:\windows\SYSTEM32\CRYPTBASE.dll
0x00007ff9c8d00000 - 0x00007ff9c8d3b000 	C:\windows\SYSTEM32\IPHLPAPI.DLL
0x00007ff9caff0000 - 0x00007ff9caff8000 	C:\windows\System32\NSI.dll
0x00007ff9c1340000 - 0x00007ff9c1357000 	C:\windows\SYSTEM32\dhcpcsvc6.DLL
0x00007ff9c1660000 - 0x00007ff9c167d000 	C:\windows\SYSTEM32\dhcpcsvc.DLL
0x00007ff9c8d40000 - 0x00007ff9c8e0b000 	C:\windows\SYSTEM32\DNSAPI.dll
0x00007ff9c24d0000 - 0x00007ff9c24f7000 	C:\Program Files\Android\Android Studio\jre\bin\sunec.dll
0x00007ff9b1b70000 - 0x00007ff9b1b7a000 	C:\Windows\System32\rasadhlp.dll
0x00007ff9b3260000 - 0x00007ff9b32e0000 	C:\windows\System32\fwpuclnt.dll

dbghelp: loaded successfully - version: 4.0.5 - missing functions: none
symbol engine: initialized successfully - sym options: 0x614 - pdb path: .;C:\Program Files\Android\Android Studio\jre\bin;C:\windows\SYSTEM32;C:\windows\WinSxS\amd64_microsoft.windows.common-controls_6595b64144ccf1df_6.0.19041.3636_none_60b6a03d71f818d5;C:\Program Files\Android\Android Studio\jre\bin\server;C:\Users\HP\.gradle\native\e1d6ef7f7dcc3fd88c89a11ec53ec762bb8ba0a96d01ffa2cd45eb1d1d8dd5c5\windows-amd64;C:\Users\HP\.gradle\native\0d407fdbe67a94daf76414ababcb853783967236a71b16ec16e742cd7a986fd3\windows-amd64

VM Arguments:
jvm_args: --add-opens=java.base/java.util=ALL-UNNAMED --add-opens=java.base/java.lang=ALL-UNNAMED --add-opens=java.base/java.lang.invoke=ALL-UNNAMED --add-opens=java.base/java.util=ALL-UNNAMED --add-opens=java.prefs/java.util.prefs=ALL-UNNAMED --add-opens=java.prefs/java.util.prefs=ALL-UNNAMED --add-opens=java.base/java.nio.charset=ALL-UNNAMED --add-opens=java.base/java.net=ALL-UNNAMED --add-opens=java.base/java.util.concurrent.atomic=ALL-UNNAMED -Xmx2048m -Dfile.encoding=UTF-8 -Duser.country=ID -Duser.language=en -Duser.variant 
java_command: org.gradle.launcher.daemon.bootstrap.GradleDaemon 7.5
java_class_path (initial): C:\Users\HP\.gradle\wrapper\dists\gradle-7.5-bin\f1w0cc9nuo0eivz97x2xlu9sv\gradle-7.5\lib\gradle-launcher-7.5.jar
Launcher Type: SUN_STANDARD

[Global flags]
     intx CICompilerCount                          = 3                                         {product} {ergonomic}
     uint ConcGCThreads                            = 1                                         {product} {ergonomic}
     uint G1ConcRefinementThreads                  = 4                                         {product} {ergonomic}
   size_t G1HeapRegionSize                         = 1048576                                   {product} {ergonomic}
    uintx GCDrainStackTargetSize                   = 64                                        {product} {ergonomic}
   size_t InitialHeapSize                          = 65011712                                  {product} {ergonomic}
   size_t MarkStackSize                            = 4194304                                   {product} {ergonomic}
   size_t MaxHeapSize                              = 2147483648                                {product} {command line}
   size_t MaxNewSize                               = 1287651328                                {product} {ergonomic}
   size_t MinHeapDeltaBytes                        = 1048576                                   {product} {ergonomic}
    uintx NonNMethodCodeHeapSize                   = 5830732                                {pd product} {ergonomic}
    uintx NonProfiledCodeHeapSize                  = 122913754                              {pd product} {ergonomic}
    uintx ProfiledCodeHeapSize                     = 122913754                              {pd product} {ergonomic}
    uintx ReservedCodeCacheSize                    = 251658240                              {pd product} {ergonomic}
     bool SegmentedCodeCache                       = true                                      {product} {ergonomic}
     bool UseCompressedClassPointers               = true                                 {lp64_product} {ergonomic}
     bool UseCompressedOops                        = true                                 {lp64_product} {ergonomic}
     bool UseG1GC                                  = true                                      {product} {ergonomic}
     bool UseLargePagesIndividualAllocation        = false                                  {pd product} {ergonomic}

Logging:
Log output configuration:
 #0: stdout all=warning uptime,level,tags
 #1: stderr all=off uptime,level,tags

Environment Variables:
PATH=C:\oraclexe\app\oracle\product\11.2.0\server\bin;C:\Program Files\Common Files\Oracle\Java\javapath;C:\windows\system32;C:\windows;C:\windows\System32\Wbem;C:\windows\System32\WindowsPowerShell\v1.0\;C:\windows\System32\OpenSSH\;C:\Program Files\nodejs\;C:\ProgramData\chocolatey\bin;C:\Program Files\Git\cmd;C:\xampp\php;C:\ProgramData\ComposerSetup\bin;C:\Program Files\MATLAB\R2013a\runtime\win64;C:\Program Files\MATLAB\R2013a\bin;C:\Users\HP\AppData\Local\Programs\Python\Python310\Scripts;C:\Users\HP\AppData\Local\Programs\Python\Python310;C:\Users\HP\AppData\Local\Android\Sdk\platform-tools;C:\Program Files (x86)\Brackets\command;C:\Users\HP\AppData\Local\Programs\Python\Python38\Scripts\;C:\Users\HP\AppData\Local\Programs\Python\Python38\;C:\Users\HP\AppData\Local\Microsoft\WindowsApps;C:\Users\HP\AppData\Local\Programs\Microsoft VS Code\bin;C:\Users\HP\AppData\Roaming\npm;C:\Program Files\nodejs;C:\Users\HP\AppData\Roaming\Composer\vendor\bin;C:\Users\HP\AppData\Local\Android\Sdk\platform-tools;C:\Users\HP\AppData\Local\GitHubDesktop\bin;;C:\Program Files\JetBrains\PyCharm Community Edition 2023.2.5\bin;
USERNAME=HP
OS=Windows_NT
PROCESSOR_IDENTIFIER=Intel64 Family 6 Model 142 Stepping 12, GenuineIntel



---------------  S Y S T E M  ---------------

OS: Windows 10 , 64 bit Build 19041 (10.0.19041.3636)
OS uptime: 0 days 20:51 hours

CPU:total 4 (initial active 4) (2 cores per cpu, 2 threads per core) family 6 model 142 stepping 12 microcode 0xde, cmov, cx8, fxsr, mmx, sse, sse2, sse3, ssse3, sse4.1, sse4.2, popcnt, avx, avx2, aes, clmul, erms, 3dnowpref, lzcnt, ht, tsc, tscinvbit, bmi1, bmi2, adx, fma

Memory: 4k page, system-wide physical 3919M (166M free)
TotalPageFile size 15695M (AvailPageFile size 7M)
current process WorkingSet (physical memory assigned to process): 195M, peak: 214M
current process commit charge ("private bytes"): 307M, peak: 335M

vm_info: OpenJDK 64-Bit Server VM (11.0.12+7-b1504.28-7817840) for windows-amd64 JRE (11.0.12+7-b1504.28-7817840), built on Oct 13 2021 22:12:33 by "builder" with MS VC++ 14.0 (VS2015)

END.
