#
# There is insufficient memory for the Java Runtime Environment to continue.
# Native memory allocation (mmap) failed to map 34603008 bytes for Failed to commit area from 0x000000008a100000 to 0x000000008c200000 of length 34603008.
# Possible reasons:
#   The system is out of physical RAM or swap space
#   The process is running with CompressedOops enabled, and the Java Heap may be blocking the growth of the native heap
# Possible solutions:
#   Reduce memory load on the system
#   Increase physical memory or swap space
#   Check if swap backing store is full
#   Decrease Java heap size (-Xmx/-Xms)
#   Decrease number of Java threads
#   Decrease Java thread stack sizes (-Xss)
#   Set larger code cache with -XX:ReservedCodeCacheSize=
#   JVM is running with Unscaled Compressed Oops mode in which the Java heap is
#     placed in the first 4GB address space. The Java Heap base address is the
#     maximum limit for the native heap growth. Please use -XX:HeapBaseMinAddress
#     to set the Java Heap base and to place the Java Heap above 4GB virtual address.
# This output file may be truncated or incomplete.
#
#  Out of Memory Error (./src/hotspot/os/windows/os_windows.cpp:3521), pid=19488, tid=12804
#
# JRE version: OpenJDK Runtime Environment (11.0.12+7) (build 11.0.12+7-b1504.28-7817840)
# Java VM: OpenJDK 64-Bit Server VM (11.0.12+7-b1504.28-7817840, mixed mode, tiered, compressed oops, g1 gc, windows-amd64)
# No core dump will be written. Minidumps are not enabled by default on client versions of Windows
#

---------------  S U M M A R Y ------------

Command Line: --add-opens=java.base/java.util=ALL-UNNAMED --add-opens=java.base/java.lang=ALL-UNNAMED --add-opens=java.base/java.lang.invoke=ALL-UNNAMED --add-opens=java.base/java.util=ALL-UNNAMED --add-opens=java.prefs/java.util.prefs=ALL-UNNAMED --add-opens=java.prefs/java.util.prefs=ALL-UNNAMED --add-opens=java.base/java.nio.charset=ALL-UNNAMED --add-opens=java.base/java.net=ALL-UNNAMED --add-opens=java.base/java.util.concurrent.atomic=ALL-UNNAMED -Xmx2048m -Dfile.encoding=UTF-8 -Duser.country=ID -Duser.language=en -Duser.variant org.gradle.launcher.daemon.bootstrap.GradleDaemon 7.5

Host: Intel(R) Core(TM) i3-10110U CPU @ 2.10GHz, 4 cores, 3G,  Windows 10 , 64 bit Build 19041 (10.0.19041.3636)
Time: Fri Mar  1 20:52:34 2024 SE Asia Standard Time elapsed time: 21.626183 seconds (0d 0h 0m 21s)

---------------  T H R E A D  ---------------

Current thread (0x0000021a25592800):  VMThread "VM Thread" [stack: 0x0000006402000000,0x0000006402100000] [id=12804]

Stack: [0x0000006402000000,0x0000006402100000]
[error occurred during error reporting (printing stack bounds), id 0xc0000005, EXCEPTION_ACCESS_VIOLATION (0xc0000005) at pc=0x0000021a0f4e112d]

Native frames: (J=compiled Java code, j=interpreted, Vv=VM code, C=native code)
V  [jvm.dll+0x5fbcea]
V  [jvm.dll+0x731905]
V  [jvm.dll+0x732f1d]
V  [jvm.dll+0x733535]
V  [jvm.dll+0x7334eb]
V  [jvm.dll+0x5fb080]
V  [jvm.dll+0x5fb818]
C  [ntdll.dll+0xa23af]
C  [ntdll.dll+0x514b4]
C  [ntdll.dll+0xa0ebe]
C  0x0000021a0f4e112d

VM_Operation (0x0000006403efda70): G1CollectForAllocation, mode: safepoint, requested by thread 0x0000021a26dd7800


---------------  P R O C E S S  ---------------

Threads class SMR info:
_java_thread_list=0x0000021a29e177e0, length=35, elements={
0x0000021a0b9d5800, 0x0000021a25594800, 0x0000021a2559e000, 0x0000021a25f12800,
0x0000021a25f14000, 0x0000021a25f16000, 0x0000021a25f1d800, 0x0000021a25f1e800,
0x0000021a25f20000, 0x0000021a2607d800, 0x0000021a282cd800, 0x0000021a27f1c800,
0x0000021a27883000, 0x0000021a27f8c000, 0x0000021a280b2800, 0x0000021a26084800,
0x0000021a26085000, 0x0000021a26177000, 0x0000021a2829d800, 0x0000021a26dd2800,
0x0000021a26dd1000, 0x0000021a26dd5800, 0x0000021a26dd3800, 0x0000021a26dd4000,
0x0000021a26dd5000, 0x0000021a26dd6800, 0x0000021a26dd7800, 0x0000021a26dd1800,
0x0000021a2853d800, 0x0000021a2853f800, 0x0000021a28540800, 0x0000021a28543000,
0x0000021a28541800, 0x0000021a28544000, 0x0000021a28542000
}

Java Threads: ( => current thread )
  0x0000021a0b9d5800 JavaThread "main" [_thread_blocked, id=20824, stack(0x0000006401a00000,0x0000006401b00000)]
  0x0000021a25594800 JavaThread "Reference Handler" daemon [_thread_blocked, id=19856, stack(0x0000006402100000,0x0000006402200000)]
  0x0000021a2559e000 JavaThread "Finalizer" daemon [_thread_blocked, id=5592, stack(0x0000006402200000,0x0000006402300000)]
  0x0000021a25f12800 JavaThread "Signal Dispatcher" daemon [_thread_blocked, id=3376, stack(0x0000006402300000,0x0000006402400000)]
  0x0000021a25f14000 JavaThread "Attach Listener" daemon [_thread_blocked, id=16108, stack(0x0000006402400000,0x0000006402500000)]
  0x0000021a25f16000 JavaThread "Service Thread" daemon [_thread_blocked, id=2648, stack(0x0000006402500000,0x0000006402600000)]
  0x0000021a25f1d800 JavaThread "C2 CompilerThread0" daemon [_thread_blocked, id=4464, stack(0x0000006402600000,0x0000006402700000)]
  0x0000021a25f1e800 JavaThread "C1 CompilerThread0" daemon [_thread_blocked, id=3504, stack(0x0000006402700000,0x0000006402800000)]
  0x0000021a25f20000 JavaThread "Sweeper thread" daemon [_thread_blocked, id=20552, stack(0x0000006402800000,0x0000006402900000)]
  0x0000021a2607d800 JavaThread "Common-Cleaner" daemon [_thread_blocked, id=11448, stack(0x0000006402900000,0x0000006402a00000)]
  0x0000021a282cd800 JavaThread "Daemon health stats" [_thread_blocked, id=21248, stack(0x0000006402c00000,0x0000006402d00000)]
  0x0000021a27f1c800 JavaThread "Incoming local TCP Connector on port 55265" [_thread_in_native, id=18616, stack(0x0000006402d00000,0x0000006402e00000)]
  0x0000021a27883000 JavaThread "Daemon periodic checks" [_thread_blocked, id=20508, stack(0x0000006402e00000,0x0000006402f00000)]
  0x0000021a27f8c000 JavaThread "Daemon" [_thread_blocked, id=19484, stack(0x0000006402f00000,0x0000006403000000)]
  0x0000021a280b2800 JavaThread "Handler for socket connection from /127.0.0.1:55265 to /127.0.0.1:55266" [_thread_in_native, id=5776, stack(0x0000006403000000,0x0000006403100000)]
  0x0000021a26084800 JavaThread "Cancel handler" [_thread_blocked, id=10312, stack(0x0000006403100000,0x0000006403200000)]
  0x0000021a26085000 JavaThread "Daemon worker" [_thread_blocked, id=5384, stack(0x0000006403200000,0x0000006403300000)]
  0x0000021a26177000 JavaThread "Asynchronous log dispatcher for DefaultDaemonConnection: socket connection from /127.0.0.1:55265 to /127.0.0.1:55266" [_thread_blocked, id=4964, stack(0x0000006403300000,0x0000006403400000)]
  0x0000021a2829d800 JavaThread "Stdin handler" [_thread_blocked, id=11892, stack(0x0000006403400000,0x0000006403500000)]
  0x0000021a26dd2800 JavaThread "Daemon client event forwarder" [_thread_blocked, id=19020, stack(0x0000006403500000,0x0000006403600000)]
  0x0000021a26dd1000 JavaThread "Cache worker for journal cache (C:\Users\HP\.gradle\caches\journal-1)" [_thread_blocked, id=3108, stack(0x0000006403800000,0x0000006403900000)]
  0x0000021a26dd5800 JavaThread "File lock request listener" [_thread_in_native, id=8168, stack(0x0000006403900000,0x0000006403a00000)]
  0x0000021a26dd3800 JavaThread "Cache worker for file hash cache (C:\Users\HP\.gradle\caches\7.5\fileHashes)" [_thread_blocked, id=1508, stack(0x0000006403a00000,0x0000006403b00000)]
  0x0000021a26dd4000 JavaThread "File watcher server" daemon [_thread_in_native, id=9932, stack(0x0000006403b00000,0x0000006403c00000)]
  0x0000021a26dd5000 JavaThread "File watcher consumer" daemon [_thread_blocked, id=20036, stack(0x0000006403c00000,0x0000006403d00000)]
  0x0000021a26dd6800 JavaThread "jar transforms" [_thread_blocked, id=16916, stack(0x0000006403d00000,0x0000006403e00000)]
  0x0000021a26dd7800 JavaThread "jar transforms Thread 2" [_thread_blocked, id=10988, stack(0x0000006403e00000,0x0000006403f00000)]
  0x0000021a26dd1800 JavaThread "jar transforms Thread 3" [_thread_blocked, id=14144, stack(0x0000006403f00000,0x0000006404000000)]
  0x0000021a2853d800 JavaThread "jar transforms Thread 4" [_thread_blocked, id=17328, stack(0x0000006404000000,0x0000006404100000)]
  0x0000021a2853f800 JavaThread "Cache worker for checksums cache (C:\Users\HP\AndroidStudioProjects\facial\.gradle\7.5\checksums)" [_thread_blocked, id=9708, stack(0x0000006404100000,0x0000006404200000)]
  0x0000021a28540800 JavaThread "Cache worker for cache directory md-rule (C:\Users\HP\.gradle\caches\7.5\md-rule)" [_thread_blocked, id=11656, stack(0x0000006404200000,0x0000006404300000)]
  0x0000021a28543000 JavaThread "Cache worker for file content cache (C:\Users\HP\.gradle\caches\7.5\fileContent)" [_thread_blocked, id=19404, stack(0x0000006404300000,0x0000006404400000)]
  0x0000021a28541800 JavaThread "Cache worker for file hash cache (C:\Users\HP\AndroidStudioProjects\facial\.gradle\7.5\fileHashes)" [_thread_blocked, id=13072, stack(0x0000006404400000,0x0000006404500000)]
  0x0000021a28544000 JavaThread "Cache worker for cache directory md-supplier (C:\Users\HP\.gradle\caches\7.5\md-supplier)" [_thread_blocked, id=2272, stack(0x0000006404500000,0x0000006404600000)]
  0x0000021a28542000 JavaThread "Cache worker for execution history cache (C:\Users\HP\.gradle\caches\7.5\executionHistory)" [_thread_blocked, id=16408, stack(0x0000006404600000,0x0000006404700000)]

Other Threads:
=>0x0000021a25592800 VMThread "VM Thread" [stack: 0x0000006402000000,0x0000006402100000] [id=12804]
  0x0000021a260a6800 WatcherThread [stack: 0x0000006402a00000,0x0000006402b00000] [id=19228]
  0x0000021a0b9ef000 GCTaskThread "GC Thread#0" [stack: 0x0000006401b00000,0x0000006401c00000] [id=5636]
  0x0000021a263ee800 GCTaskThread "GC Thread#1" [stack: 0x0000006402b00000,0x0000006402c00000] [id=11928]
  0x0000021a26174800 GCTaskThread "GC Thread#2" [stack: 0x0000006403600000,0x0000006403700000] [id=16076]
  0x0000021a27022800 GCTaskThread "GC Thread#3" [stack: 0x0000006403700000,0x0000006403800000] [id=5724]
  0x0000021a0ba1e800 ConcurrentGCThread "G1 Main Marker" [stack: 0x0000006401c00000,0x0000006401d00000] [id=21164]
  0x0000021a0ba20800 ConcurrentGCThread "G1 Conc#0" [stack: 0x0000006401d00000,0x0000006401e00000] [id=10996]
  0x0000021a0ba78000 ConcurrentGCThread "G1 Refine#0" [stack: 0x0000006401e00000,0x0000006401f00000] [id=19680]
  0x0000021a0ba79000 ConcurrentGCThread "G1 Young RemSet Sampling" [stack: 0x0000006401f00000,0x0000006402000000] [id=2980]

Threads with active compile tasks:
C2 CompilerThread0  21670 4536       4       org.objectweb.asm.ClassReader::readCode (5109 bytes)

VM state:at safepoint (normal execution)

VM Mutex/Monitor currently owned by a thread:  ([mutex/lock_event])
[0x0000021a0b9d2860] Threads_lock - owner thread: 0x0000021a25592800
[0x0000021a0b9d2620] Heap_lock - owner thread: 0x0000021a26dd7800

Heap address: 0x0000000080000000, size: 2048 MB, Compressed Oops mode: 32-bit
Narrow klass base: 0x0000000000000000, Narrow klass shift: 3
Compressed class space size: 1073741824 Address: 0x0000000100000000

Heap:
 garbage-first heap   total 198656K, used 51699K [0x0000000080000000, 0x0000000100000000)
  region size 1024K, 4 young (4096K), 4 survivors (4096K)
 Metaspace       used 45061K, capacity 46251K, committed 46592K, reserved 1089536K
  class space    used 5803K, capacity 6276K, committed 6400K, reserved 1048576K
Heap Regions: E=young(eden), S=young(survivor), O=old, HS=humongous(starts), HC=humongous(continues), CS=collection set, F=free, A=archive, TAMS=top-at-mark-start (previous, next)
|   0|0x0000000080000000, 0x0000000080100000, 0x0000000080100000|100%|HS|  |TAMS 0x0000000080100000, 0x0000000080000000| Complete 
|   1|0x0000000080100000, 0x0000000080200000, 0x0000000080200000|100%|HC|  |TAMS 0x0000000080200000, 0x0000000080100000| Complete 
|   2|0x0000000080200000, 0x0000000080300000, 0x0000000080300000|100%|HC|  |TAMS 0x0000000080300000, 0x0000000080200000| Complete 
|   3|0x0000000080300000, 0x0000000080400000, 0x0000000080400000|100%| O|  |TAMS 0x0000000080400000, 0x0000000080300000| Untracked 
|   4|0x0000000080400000, 0x0000000080500000, 0x0000000080500000|100%| O|  |TAMS 0x0000000080500000, 0x0000000080400000| Untracked 
|   5|0x0000000080500000, 0x0000000080600000, 0x0000000080600000|100%| O|  |TAMS 0x0000000080600000, 0x0000000080500000| Untracked 
|   6|0x0000000080600000, 0x0000000080700000, 0x0000000080700000|100%| O|  |TAMS 0x0000000080700000, 0x0000000080600000| Untracked 
|   7|0x0000000080700000, 0x0000000080800000, 0x0000000080800000|100%| O|  |TAMS 0x0000000080800000, 0x0000000080700000| Untracked 
|   8|0x0000000080800000, 0x0000000080900000, 0x0000000080900000|100%| O|  |TAMS 0x0000000080900000, 0x0000000080800000| Untracked 
|   9|0x0000000080900000, 0x0000000080a00000, 0x0000000080a00000|100%| O|  |TAMS 0x0000000080a00000, 0x0000000080900000| Untracked 
|  10|0x0000000080a00000, 0x0000000080b00000, 0x0000000080b00000|100%| O|  |TAMS 0x0000000080b00000, 0x0000000080a00000| Untracked 
|  11|0x0000000080b00000, 0x0000000080c00000, 0x0000000080c00000|100%| O|  |TAMS 0x0000000080c00000, 0x0000000080b00000| Untracked 
|  12|0x0000000080c00000, 0x0000000080d00000, 0x0000000080d00000|100%| O|  |TAMS 0x0000000080d00000, 0x0000000080c00000| Untracked 
|  13|0x0000000080d00000, 0x0000000080e00000, 0x0000000080e00000|100%| O|  |TAMS 0x0000000080e00000, 0x0000000080d00000| Untracked 
|  14|0x0000000080e00000, 0x0000000080f00000, 0x0000000080f00000|100%| O|  |TAMS 0x0000000080f00000, 0x0000000080e00000| Untracked 
|  15|0x0000000080f00000, 0x0000000081000000, 0x0000000081000000|100%| O|  |TAMS 0x0000000081000000, 0x0000000080f00000| Untracked 
|  16|0x0000000081000000, 0x0000000081100000, 0x0000000081100000|100%| O|  |TAMS 0x0000000081100000, 0x0000000081000000| Untracked 
|  17|0x0000000081100000, 0x0000000081200000, 0x0000000081200000|100%|HS|  |TAMS 0x0000000081200000, 0x0000000081100000| Complete 
|  18|0x0000000081200000, 0x0000000081300000, 0x0000000081300000|100%|HC|  |TAMS 0x0000000081300000, 0x0000000081200000| Complete 
|  19|0x0000000081300000, 0x0000000081400000, 0x0000000081400000|100%|HS|  |TAMS 0x0000000081400000, 0x0000000081300000| Complete 
|  20|0x0000000081400000, 0x0000000081500000, 0x0000000081500000|100%|HC|  |TAMS 0x0000000081500000, 0x0000000081400000| Complete 
|  21|0x0000000081500000, 0x0000000081600000, 0x0000000081600000|100%|HC|  |TAMS 0x0000000081600000, 0x0000000081500000| Complete 
|  22|0x0000000081600000, 0x0000000081700000, 0x0000000081700000|100%|HS|  |TAMS 0x0000000081700000, 0x0000000081600000| Complete 
|  23|0x0000000081700000, 0x0000000081800000, 0x0000000081800000|100%|HS|  |TAMS 0x0000000081800000, 0x0000000081700000| Complete 
|  24|0x0000000081800000, 0x0000000081900000, 0x0000000081900000|100%|HC|  |TAMS 0x0000000081900000, 0x0000000081800000| Complete 
|  25|0x0000000081900000, 0x0000000081a00000, 0x0000000081a00000|100%|HC|  |TAMS 0x0000000081a00000, 0x0000000081900000| Complete 
|  26|0x0000000081a00000, 0x0000000081b00000, 0x0000000081b00000|100%|HC|  |TAMS 0x0000000081b00000, 0x0000000081a00000| Complete 
|  27|0x0000000081b00000, 0x0000000081c00000, 0x0000000081c00000|100%| O|  |TAMS 0x0000000081c00000, 0x0000000081b00000| Untracked 
|  28|0x0000000081c00000, 0x0000000081d00000, 0x0000000081d00000|100%| O|  |TAMS 0x0000000081d00000, 0x0000000081c00000| Untracked 
|  29|0x0000000081d00000, 0x0000000081e00000, 0x0000000081e00000|100%| O|  |TAMS 0x0000000081e00000, 0x0000000081d00000| Untracked 
|  30|0x0000000081e00000, 0x0000000081f00000, 0x0000000081f00000|100%| O|  |TAMS 0x0000000081f00000, 0x0000000081e00000| Untracked 
|  31|0x0000000081f00000, 0x0000000082000000, 0x0000000082000000|100%| O|  |TAMS 0x0000000082000000, 0x0000000081f00000| Untracked 
|  32|0x0000000082000000, 0x0000000082100000, 0x0000000082100000|100%| O|  |TAMS 0x0000000082100000, 0x0000000082000000| Untracked 
|  33|0x0000000082100000, 0x0000000082200000, 0x0000000082200000|100%| O|  |TAMS 0x0000000082200000, 0x0000000082100000| Untracked 
|  34|0x0000000082200000, 0x0000000082300000, 0x0000000082300000|100%| O|  |TAMS 0x0000000082300000, 0x0000000082200000| Untracked 
|  35|0x0000000082300000, 0x0000000082400000, 0x0000000082400000|100%| O|  |TAMS 0x0000000082400000, 0x0000000082300000| Untracked 
|  36|0x0000000082400000, 0x0000000082500000, 0x0000000082500000|100%| O|  |TAMS 0x0000000082500000, 0x0000000082400000| Untracked 
|  37|0x0000000082500000, 0x0000000082600000, 0x0000000082600000|100%| O|  |TAMS 0x0000000082600000, 0x0000000082500000| Untracked 
|  38|0x0000000082600000, 0x0000000082600000, 0x0000000082700000|  0%| F|  |TAMS 0x0000000082600000, 0x0000000082600000| Untracked 
|  39|0x0000000082700000, 0x0000000082800000, 0x0000000082800000|100%| O|  |TAMS 0x00000000827ef200, 0x0000000082700000| Untracked 
|  40|0x0000000082800000, 0x0000000082900000, 0x0000000082900000|100%| O|  |TAMS 0x0000000082800000, 0x0000000082800000| Untracked 
|  41|0x0000000082900000, 0x0000000082a00000, 0x0000000082a00000|100%| O|  |TAMS 0x0000000082a00000, 0x0000000082900000| Untracked 
|  42|0x0000000082a00000, 0x0000000082b00000, 0x0000000082b00000|100%| O|  |TAMS 0x0000000082b00000, 0x0000000082a00000| Untracked 
|  43|0x0000000082b00000, 0x0000000082c00000, 0x0000000082c00000|100%|HS|  |TAMS 0x0000000082c00000, 0x0000000082b00000| Complete 
|  44|0x0000000082c00000, 0x0000000082d00000, 0x0000000082d00000|100%|HC|  |TAMS 0x0000000082d00000, 0x0000000082c00000| Complete 
|  45|0x0000000082d00000, 0x0000000082e00000, 0x0000000082e00000|100%|HC|  |TAMS 0x0000000082e00000, 0x0000000082d00000| Complete 
|  46|0x0000000082e00000, 0x0000000082ebee00, 0x0000000082f00000| 74%| O|  |TAMS 0x0000000082e00000, 0x0000000082e00000| Untracked 
|  47|0x0000000082f00000, 0x0000000082f00000, 0x0000000083000000|  0%| F|  |TAMS 0x0000000082f00000, 0x0000000082f00000| Untracked 
|  48|0x0000000083000000, 0x0000000083000000, 0x0000000083100000|  0%| F|  |TAMS 0x0000000083000000, 0x0000000083000000| Untracked 
|  49|0x0000000083100000, 0x0000000083100000, 0x0000000083200000|  0%| F|  |TAMS 0x0000000083100000, 0x0000000083100000| Untracked 
|  50|0x0000000083200000, 0x0000000083200000, 0x0000000083300000|  0%| F|  |TAMS 0x0000000083200000, 0x0000000083200000| Untracked 
|  51|0x0000000083300000, 0x0000000083300000, 0x0000000083400000|  0%| F|  |TAMS 0x0000000083300000, 0x0000000083300000| Untracked 
|  52|0x0000000083400000, 0x0000000083400000, 0x0000000083500000|  0%| F|  |TAMS 0x0000000083400000, 0x0000000083400000| Untracked 
|  53|0x0000000083500000, 0x0000000083500000, 0x0000000083600000|  0%| F|  |TAMS 0x0000000083500000, 0x0000000083500000| Untracked 
|  54|0x0000000083600000, 0x0000000083600000, 0x0000000083700000|  0%| F|  |TAMS 0x0000000083600000, 0x0000000083600000| Untracked 
|  55|0x0000000083700000, 0x0000000083700000, 0x0000000083800000|  0%| F|  |TAMS 0x0000000083700000, 0x0000000083700000| Untracked 
|  56|0x0000000083800000, 0x0000000083800000, 0x0000000083900000|  0%| F|  |TAMS 0x0000000083800000, 0x0000000083800000| Untracked 
|  57|0x0000000083900000, 0x0000000083900000, 0x0000000083a00000|  0%| F|  |TAMS 0x0000000083900000, 0x0000000083900000| Untracked 
|  58|0x0000000083a00000, 0x0000000083a00000, 0x0000000083b00000|  0%| F|  |TAMS 0x0000000083a00000, 0x0000000083a00000| Untracked 
|  59|0x0000000083b00000, 0x0000000083b00000, 0x0000000083c00000|  0%| F|  |TAMS 0x0000000083b00000, 0x0000000083b00000| Untracked 
|  60|0x0000000083c00000, 0x0000000083c00000, 0x0000000083d00000|  0%| F|  |TAMS 0x0000000083c00000, 0x0000000083c00000| Untracked 
|  61|0x0000000083d00000, 0x0000000083d00000, 0x0000000083e00000|  0%| F|  |TAMS 0x0000000083d00000, 0x0000000083d00000| Untracked 
|  62|0x0000000083e00000, 0x0000000083f00000, 0x0000000083f00000|100%| O|  |TAMS 0x0000000083f00000, 0x0000000083e00000| Untracked 
|  63|0x0000000083f00000, 0x0000000083f00000, 0x0000000084000000|  0%| F|  |TAMS 0x0000000083f00000, 0x0000000083f00000| Untracked 
|  64|0x0000000084000000, 0x0000000084000000, 0x0000000084100000|  0%| F|  |TAMS 0x0000000084000000, 0x0000000084000000| Untracked 
|  65|0x0000000084100000, 0x0000000084100000, 0x0000000084200000|  0%| F|  |TAMS 0x0000000084100000, 0x0000000084100000| Untracked 
|  66|0x0000000084200000, 0x0000000084200000, 0x0000000084300000|  0%| F|  |TAMS 0x0000000084200000, 0x0000000084200000| Untracked 
|  67|0x0000000084300000, 0x0000000084300000, 0x0000000084400000|  0%| F|  |TAMS 0x0000000084300000, 0x0000000084300000| Untracked 
|  68|0x0000000084400000, 0x0000000084400000, 0x0000000084500000|  0%| F|  |TAMS 0x0000000084400000, 0x0000000084400000| Untracked 
|  69|0x0000000084500000, 0x0000000084500000, 0x0000000084600000|  0%| F|  |TAMS 0x0000000084500000, 0x0000000084500000| Untracked 
|  70|0x0000000084600000, 0x0000000084600000, 0x0000000084700000|  0%| F|  |TAMS 0x0000000084600000, 0x0000000084600000| Untracked 
|  71|0x0000000084700000, 0x0000000084700000, 0x0000000084800000|  0%| F|  |TAMS 0x0000000084700000, 0x0000000084700000| Untracked 
|  72|0x0000000084800000, 0x0000000084800000, 0x0000000084900000|  0%| F|  |TAMS 0x0000000084800000, 0x0000000084800000| Untracked 
|  73|0x0000000084900000, 0x0000000084900000, 0x0000000084a00000|  0%| F|  |TAMS 0x0000000084900000, 0x0000000084900000| Untracked 
|  74|0x0000000084a00000, 0x0000000084abdea0, 0x0000000084b00000| 74%| S|CS|TAMS 0x0000000084a00000, 0x0000000084a00000| Complete 
|  75|0x0000000084b00000, 0x0000000084b00000, 0x0000000084c00000|  0%| F|  |TAMS 0x0000000084b00000, 0x0000000084b00000| Untracked 
|  76|0x0000000084c00000, 0x0000000084c00000, 0x0000000084d00000|  0%| F|  |TAMS 0x0000000084c00000, 0x0000000084c00000| Untracked 
|  77|0x0000000084d00000, 0x0000000084d00000, 0x0000000084e00000|  0%| F|  |TAMS 0x0000000084d00000, 0x0000000084d00000| Untracked 
|  78|0x0000000084e00000, 0x0000000084e00000, 0x0000000084f00000|  0%| F|  |TAMS 0x0000000084e00000, 0x0000000084e00000| Untracked 
|  79|0x0000000084f00000, 0x0000000085000000, 0x0000000085000000|100%| S|CS|TAMS 0x0000000084f00000, 0x0000000084f00000| Complete 
|  80|0x0000000085000000, 0x0000000085100000, 0x0000000085100000|100%| S|CS|TAMS 0x0000000085000000, 0x0000000085000000| Complete 
|  81|0x0000000085100000, 0x0000000085200000, 0x0000000085200000|100%| S|CS|TAMS 0x0000000085100000, 0x0000000085100000| Complete 
|  82|0x0000000085200000, 0x0000000085200000, 0x0000000085300000|  0%| F|  |TAMS 0x0000000085200000, 0x0000000085200000| Untracked 
|  83|0x0000000085300000, 0x0000000085300000, 0x0000000085400000|  0%| F|  |TAMS 0x0000000085300000, 0x0000000085300000| Untracked 
|  84|0x0000000085400000, 0x0000000085400000, 0x0000000085500000|  0%| F|  |TAMS 0x0000000085400000, 0x0000000085400000| Untracked 
|  85|0x0000000085500000, 0x0000000085500000, 0x0000000085600000|  0%| F|  |TAMS 0x0000000085500000, 0x0000000085500000| Untracked 
|  86|0x0000000085600000, 0x0000000085600000, 0x0000000085700000|  0%| F|  |TAMS 0x0000000085600000, 0x0000000085600000| Untracked 
|  87|0x0000000085700000, 0x0000000085700000, 0x0000000085800000|  0%| F|  |TAMS 0x0000000085700000, 0x0000000085700000| Untracked 
|  88|0x0000000085800000, 0x0000000085800000, 0x0000000085900000|  0%| F|  |TAMS 0x0000000085800000, 0x0000000085800000| Untracked 
|  89|0x0000000085900000, 0x0000000085900000, 0x0000000085a00000|  0%| F|  |TAMS 0x0000000085900000, 0x0000000085900000| Untracked 
|  90|0x0000000085a00000, 0x0000000085a00000, 0x0000000085b00000|  0%| F|  |TAMS 0x0000000085a00000, 0x0000000085a00000| Untracked 
|  91|0x0000000085b00000, 0x0000000085b00000, 0x0000000085c00000|  0%| F|  |TAMS 0x0000000085b00000, 0x0000000085b00000| Untracked 
|  92|0x0000000085c00000, 0x0000000085c00000, 0x0000000085d00000|  0%| F|  |TAMS 0x0000000085c00000, 0x0000000085c00000| Untracked 
|  93|0x0000000085d00000, 0x0000000085d00000, 0x0000000085e00000|  0%| F|  |TAMS 0x0000000085d00000, 0x0000000085d00000| Untracked 
|  94|0x0000000085e00000, 0x0000000085e00000, 0x0000000085f00000|  0%| F|  |TAMS 0x0000000085e00000, 0x0000000085e00000| Untracked 
|  95|0x0000000085f00000, 0x0000000085f00000, 0x0000000086000000|  0%| F|  |TAMS 0x0000000085f00000, 0x0000000085f00000| Untracked 
|  96|0x0000000086000000, 0x0000000086000000, 0x0000000086100000|  0%| F|  |TAMS 0x0000000086000000, 0x0000000086000000| Untracked 
|  97|0x0000000086100000, 0x0000000086100000, 0x0000000086200000|  0%| F|  |TAMS 0x0000000086100000, 0x0000000086100000| Untracked 
|  98|0x0000000086200000, 0x0000000086200000, 0x0000000086300000|  0%| F|  |TAMS 0x0000000086200000, 0x0000000086200000| Untracked 
|  99|0x0000000086300000, 0x0000000086300000, 0x0000000086400000|  0%| F|  |TAMS 0x0000000086300000, 0x0000000086300000| Untracked 
| 100|0x0000000086400000, 0x0000000086400000, 0x0000000086500000|  0%| F|  |TAMS 0x0000000086400000, 0x0000000086400000| Untracked 
| 101|0x0000000086500000, 0x0000000086500000, 0x0000000086600000|  0%| F|  |TAMS 0x0000000086500000, 0x0000000086500000| Untracked 
| 102|0x0000000086600000, 0x0000000086600000, 0x0000000086700000|  0%| F|  |TAMS 0x0000000086600000, 0x0000000086600000| Untracked 
| 103|0x0000000086700000, 0x0000000086700000, 0x0000000086800000|  0%| F|  |TAMS 0x0000000086700000, 0x0000000086700000| Untracked 
| 104|0x0000000086800000, 0x0000000086800000, 0x0000000086900000|  0%| F|  |TAMS 0x0000000086800000, 0x0000000086800000| Untracked 
| 105|0x0000000086900000, 0x0000000086900000, 0x0000000086a00000|  0%| F|  |TAMS 0x0000000086900000, 0x0000000086900000| Untracked 
| 106|0x0000000086a00000, 0x0000000086a00000, 0x0000000086b00000|  0%| F|  |TAMS 0x0000000086a00000, 0x0000000086a00000| Untracked 
| 107|0x0000000086b00000, 0x0000000086b00000, 0x0000000086c00000|  0%| F|  |TAMS 0x0000000086b00000, 0x0000000086b00000| Untracked 
| 108|0x0000000086c00000, 0x0000000086c00000, 0x0000000086d00000|  0%| F|  |TAMS 0x0000000086c00000, 0x0000000086c00000| Untracked 
| 109|0x0000000086d00000, 0x0000000086d00000, 0x0000000086e00000|  0%| F|  |TAMS 0x0000000086d00000, 0x0000000086d00000| Untracked 
| 110|0x0000000086e00000, 0x0000000086e00000, 0x0000000086f00000|  0%| F|  |TAMS 0x0000000086e00000, 0x0000000086e00000| Untracked 
| 111|0x0000000086f00000, 0x0000000086f00000, 0x0000000087000000|  0%| F|  |TAMS 0x0000000086f00000, 0x0000000086f00000| Untracked 
| 112|0x0000000087000000, 0x0000000087000000, 0x0000000087100000|  0%| F|  |TAMS 0x0000000087000000, 0x0000000087000000| Untracked 
| 113|0x0000000087100000, 0x0000000087100000, 0x0000000087200000|  0%| F|  |TAMS 0x0000000087100000, 0x0000000087100000| Untracked 
| 114|0x0000000087200000, 0x0000000087200000, 0x0000000087300000|  0%| F|  |TAMS 0x0000000087200000, 0x0000000087200000| Untracked 
| 115|0x0000000087300000, 0x0000000087300000, 0x0000000087400000|  0%| F|  |TAMS 0x0000000087300000, 0x0000000087300000| Untracked 
| 116|0x0000000087400000, 0x0000000087400000, 0x0000000087500000|  0%| F|  |TAMS 0x0000000087400000, 0x0000000087400000| Untracked 
| 117|0x0000000087500000, 0x0000000087500000, 0x0000000087600000|  0%| F|  |TAMS 0x0000000087500000, 0x0000000087500000| Untracked 
| 118|0x0000000087600000, 0x0000000087600000, 0x0000000087700000|  0%| F|  |TAMS 0x0000000087600000, 0x0000000087600000| Untracked 
| 119|0x0000000087700000, 0x0000000087700000, 0x0000000087800000|  0%| F|  |TAMS 0x0000000087700000, 0x0000000087700000| Untracked 
| 120|0x0000000087800000, 0x0000000087800000, 0x0000000087900000|  0%| F|  |TAMS 0x0000000087800000, 0x0000000087800000| Untracked 
| 121|0x0000000087900000, 0x0000000087900000, 0x0000000087a00000|  0%| F|  |TAMS 0x0000000087900000, 0x0000000087900000| Untracked 
| 122|0x0000000087a00000, 0x0000000087a00000, 0x0000000087b00000|  0%| F|  |TAMS 0x0000000087a00000, 0x0000000087a00000| Untracked 
| 123|0x0000000087b00000, 0x0000000087b00000, 0x0000000087c00000|  0%| F|  |TAMS 0x0000000087b00000, 0x0000000087b00000| Untracked 
| 124|0x0000000087c00000, 0x0000000087c00000, 0x0000000087d00000|  0%| F|  |TAMS 0x0000000087c00000, 0x0000000087c00000| Untracked 
| 125|0x0000000087d00000, 0x0000000087d00000, 0x0000000087e00000|  0%| F|  |TAMS 0x0000000087d00000, 0x0000000087d00000| Untracked 
| 126|0x0000000087e00000, 0x0000000087e00000, 0x0000000087f00000|  0%| F|  |TAMS 0x0000000087e00000, 0x0000000087e00000| Untracked 
| 127|0x0000000087f00000, 0x0000000087f00000, 0x0000000088000000|  0%| F|  |TAMS 0x0000000087f00000, 0x0000000087f00000| Untracked 
| 128|0x0000000088000000, 0x0000000088000000, 0x0000000088100000|  0%| F|  |TAMS 0x0000000088000000, 0x0000000088000000| Untracked 
| 129|0x0000000088100000, 0x0000000088100000, 0x0000000088200000|  0%| F|  |TAMS 0x0000000088100000, 0x0000000088100000| Untracked 
| 130|0x0000000088200000, 0x0000000088200000, 0x0000000088300000|  0%| F|  |TAMS 0x0000000088200000, 0x0000000088200000| Untracked 
| 131|0x0000000088300000, 0x0000000088300000, 0x0000000088400000|  0%| F|  |TAMS 0x0000000088300000, 0x0000000088300000| Untracked 
| 132|0x0000000088400000, 0x0000000088400000, 0x0000000088500000|  0%| F|  |TAMS 0x0000000088400000, 0x0000000088400000| Untracked 
| 133|0x0000000088500000, 0x0000000088500000, 0x0000000088600000|  0%| F|  |TAMS 0x0000000088500000, 0x0000000088500000| Untracked 
| 134|0x0000000088600000, 0x0000000088600000, 0x0000000088700000|  0%| F|  |TAMS 0x0000000088600000, 0x0000000088600000| Untracked 
| 135|0x0000000088700000, 0x0000000088700000, 0x0000000088800000|  0%| F|  |TAMS 0x0000000088700000, 0x0000000088700000| Untracked 
| 136|0x0000000088800000, 0x0000000088800000, 0x0000000088900000|  0%| F|  |TAMS 0x0000000088800000, 0x0000000088800000| Untracked 
| 137|0x0000000088900000, 0x0000000088900000, 0x0000000088a00000|  0%| F|  |TAMS 0x0000000088900000, 0x0000000088900000| Untracked 
| 138|0x0000000088a00000, 0x0000000088a00000, 0x0000000088b00000|  0%| F|  |TAMS 0x0000000088a00000, 0x0000000088a00000| Untracked 
| 139|0x0000000088b00000, 0x0000000088b00000, 0x0000000088c00000|  0%| F|  |TAMS 0x0000000088b00000, 0x0000000088b00000| Untracked 
| 140|0x0000000088c00000, 0x0000000088c00000, 0x0000000088d00000|  0%| F|  |TAMS 0x0000000088c00000, 0x0000000088c00000| Untracked 
| 141|0x0000000088d00000, 0x0000000088d00000, 0x0000000088e00000|  0%| F|  |TAMS 0x0000000088d00000, 0x0000000088d00000| Untracked 
| 142|0x0000000088e00000, 0x0000000088e00000, 0x0000000088f00000|  0%| F|  |TAMS 0x0000000088e00000, 0x0000000088e00000| Untracked 
| 143|0x0000000088f00000, 0x0000000088f00000, 0x0000000089000000|  0%| F|  |TAMS 0x0000000088f00000, 0x0000000088f00000| Untracked 
| 144|0x0000000089000000, 0x0000000089000000, 0x0000000089100000|  0%| F|  |TAMS 0x0000000089000000, 0x0000000089000000| Untracked 
| 145|0x0000000089100000, 0x0000000089100000, 0x0000000089200000|  0%| F|  |TAMS 0x0000000089100000, 0x0000000089100000| Untracked 
| 146|0x0000000089200000, 0x0000000089200000, 0x0000000089300000|  0%| F|  |TAMS 0x0000000089200000, 0x0000000089200000| Untracked 
| 147|0x0000000089300000, 0x0000000089300000, 0x0000000089400000|  0%| F|  |TAMS 0x0000000089300000, 0x0000000089300000| Untracked 
| 148|0x0000000089400000, 0x0000000089400000, 0x0000000089500000|  0%| F|  |TAMS 0x0000000089400000, 0x0000000089400000| Untracked 
| 149|0x0000000089500000, 0x0000000089500000, 0x0000000089600000|  0%| F|  |TAMS 0x0000000089500000, 0x0000000089500000| Untracked 
| 150|0x0000000089600000, 0x0000000089600000, 0x0000000089700000|  0%| F|  |TAMS 0x0000000089600000, 0x0000000089600000| Untracked 
| 151|0x0000000089700000, 0x0000000089700000, 0x0000000089800000|  0%| F|  |TAMS 0x0000000089700000, 0x0000000089700000| Untracked 
| 152|0x0000000089800000, 0x0000000089800000, 0x0000000089900000|  0%| F|  |TAMS 0x0000000089800000, 0x0000000089800000| Untracked 
| 153|0x0000000089900000, 0x0000000089900000, 0x0000000089a00000|  0%| F|  |TAMS 0x0000000089900000, 0x0000000089900000| Untracked 
| 154|0x0000000089a00000, 0x0000000089a00000, 0x0000000089b00000|  0%| F|  |TAMS 0x0000000089a00000, 0x0000000089a00000| Untracked 
| 155|0x0000000089b00000, 0x0000000089b00000, 0x0000000089c00000|  0%| F|  |TAMS 0x0000000089b00000, 0x0000000089b00000| Untracked 
| 156|0x0000000089c00000, 0x0000000089c00000, 0x0000000089d00000|  0%| F|  |TAMS 0x0000000089c00000, 0x0000000089c00000| Untracked 
| 157|0x0000000089d00000, 0x0000000089d00000, 0x0000000089e00000|  0%| F|  |TAMS 0x0000000089d00000, 0x0000000089d00000| Untracked 
| 158|0x0000000089e00000, 0x0000000089e00000, 0x0000000089f00000|  0%| F|  |TAMS 0x0000000089e00000, 0x0000000089e00000| Untracked 
| 159|0x0000000089f00000, 0x0000000089f00000, 0x000000008a000000|  0%| F|  |TAMS 0x0000000089f00000, 0x0000000089f00000| Untracked 
| 160|0x000000008a000000, 0x000000008a000000, 0x000000008a100000|  0%| F|  |TAMS 0x000000008a000000, 0x000000008a000000| Untracked 

Card table byte_map: [0x0000021a1e8e0000,0x0000021a1ece0000] _byte_map_base: 0x0000021a1e4e0000

Marking Bits (Prev, Next): (CMBitMap*) 0x0000021a0ba15d10, (CMBitMap*) 0x0000021a0ba15cd8
 Prev Bits: [0x0000021a210e0000, 0x0000021a230e0000)
 Next Bits: [0x0000021a1f0e0000, 0x0000021a210e0000)

Polling page: 0x0000021a09940000

Metaspace:

Usage:
  Non-class:     39.04 MB capacity,    38.34 MB ( 98%) used,   598.39 KB (  1%) free+waste,   118.69 KB ( <1%) overhead. 
      Class:      6.13 MB capacity,     5.67 MB ( 92%) used,   414.66 KB (  7%) free+waste,    57.75 KB ( <1%) overhead. 
       Both:     45.17 MB capacity,    44.01 MB ( 97%) used,  1013.05 KB (  2%) free+waste,   176.44 KB ( <1%) overhead. 

Virtual space:
  Non-class space:       40.00 MB reserved,      39.25 MB ( 98%) committed 
      Class space:        1.00 GB reserved,       6.25 MB ( <1%) committed 
             Both:        1.04 GB reserved,      45.50 MB (  4%) committed 

Chunk freelists:
   Non-Class:  25.00 KB
       Class:  28.00 KB
        Both:  53.00 KB

MaxMetaspaceSize: 17179869184.00 GB
CompressedClassSpaceSize: 1.00 GB
Initial GC threshold: 20.80 MB
Current GC threshold: 75.42 MB
CDS: off

CodeHeap 'non-profiled nmethods': size=120064Kb used=2558Kb max_used=2558Kb free=117505Kb
 bounds [0x0000021a16fa0000, 0x0000021a17220000, 0x0000021a1e4e0000]
CodeHeap 'profiled nmethods': size=120000Kb used=9985Kb max_used=9985Kb free=110014Kb
 bounds [0x0000021a0fa70000, 0x0000021a10440000, 0x0000021a16fa0000]
CodeHeap 'non-nmethods': size=5696Kb used=2294Kb max_used=2381Kb free=3402Kb
 bounds [0x0000021a0f4e0000, 0x0000021a0f750000, 0x0000021a0fa70000]
 total_blobs=5200 nmethods=4413 adapters=699
 compilation: enabled
              stopped_count=0, restarted_count=0
 full_count=0

Compilation events (20 events):
Event: 20.939 Thread 0x0000021a25f1e800 4524       2       org.apache.tools.zip.ZipOutputStream::createCentralFileHeader (110 bytes)
Event: 20.940 Thread 0x0000021a25f1e800 nmethod 4524 0x0000021a10428210 code [0x0000021a104284a0, 0x0000021a10428d28]
Event: 20.940 Thread 0x0000021a25f1e800 4525       2       org.apache.tools.zip.ZipOutputStream::handleZip64Extra (107 bytes)
Event: 20.941 Thread 0x0000021a25f1e800 nmethod 4525 0x0000021a10429290 code [0x0000021a104294e0, 0x0000021a10429bf8]
Event: 20.941 Thread 0x0000021a25f1e800 4527       2       org.apache.tools.zip.ZipEntry::getCentralDirectoryExtra (9 bytes)
Event: 20.942 Thread 0x0000021a25f1e800 nmethod 4527 0x0000021a1042a010 code [0x0000021a1042a1e0, 0x0000021a1042a468]
Event: 20.942 Thread 0x0000021a25f1e800 4528       2       org.apache.tools.zip.ZipEntry::getUnparseableOnly (25 bytes)
Event: 20.942 Thread 0x0000021a25f1e800 nmethod 4528 0x0000021a1042a610 code [0x0000021a1042a7c0, 0x0000021a1042aa38]
Event: 20.942 Thread 0x0000021a25f1e800 4529       2       org.apache.tools.zip.ExtraFieldUtils::mergeCentralDirectoryData (221 bytes)
Event: 20.943 Thread 0x0000021a25f1e800 nmethod 4529 0x0000021a1042ab10 code [0x0000021a1042ad60, 0x0000021a1042b688]
Event: 20.943 Thread 0x0000021a25f1e800 4526       2       org.apache.tools.zip.ZipOutputStream::createCentralFileHeader (429 bytes)
Event: 20.947 Thread 0x0000021a25f1e800 nmethod 4526 0x0000021a1042ba90 code [0x0000021a1042bea0, 0x0000021a1042d628]
Event: 20.947 Thread 0x0000021a25f1e800 4532       2       org.apache.tools.zip.ZipEntry::getAllExtraFieldsNoCopy (31 bytes)
Event: 20.947 Thread 0x0000021a25f1e800 nmethod 4532 0x0000021a1042e590 code [0x0000021a1042e780, 0x0000021a1042ec88]
Event: 20.947 Thread 0x0000021a25f1e800 4530       2       org.apache.tools.zip.ZipEntry::getExtraFields (16 bytes)
Event: 20.948 Thread 0x0000021a25f1e800 nmethod 4530 0x0000021a1042ee90 code [0x0000021a1042f0a0, 0x0000021a1042f848]
Event: 20.948 Thread 0x0000021a25f1e800 4531       2       org.apache.tools.zip.ZipEntry::getAllExtraFields (23 bytes)
Event: 20.948 Thread 0x0000021a25f1e800 nmethod 4531 0x0000021a1042fa90 code [0x0000021a1042fc80, 0x0000021a104303b8]
Event: 21.597 Thread 0x0000021a25f1d800 nmethod 4497% 0x0000021a17201690 code [0x0000021a17202180, 0x0000021a17216b38]
Event: 21.598 Thread 0x0000021a25f1d800 4536       4       org.objectweb.asm.ClassReader::readCode (5109 bytes)

GC Heap History (20 events):
Event: 17.371 GC heap after
{Heap after GC invocations=38 (full 0):
 garbage-first heap   total 113664K, used 50343K [0x0000000080000000, 0x0000000100000000)
  region size 1024K, 4 young (4096K), 4 survivors (4096K)
 Metaspace       used 45036K, capacity 46248K, committed 46592K, reserved 1089536K
  class space    used 5803K, capacity 6276K, committed 6400K, reserved 1048576K
}
Event: 17.642 GC heap before
{Heap before GC invocations=38 (full 0):
 garbage-first heap   total 113664K, used 90279K [0x0000000080000000, 0x0000000100000000)
  region size 1024K, 43 young (44032K), 4 survivors (4096K)
 Metaspace       used 45038K, capacity 46248K, committed 46592K, reserved 1089536K
  class space    used 5803K, capacity 6276K, committed 6400K, reserved 1048576K
}
Event: 17.648 GC heap after
{Heap after GC invocations=39 (full 0):
 garbage-first heap   total 113664K, used 50622K [0x0000000080000000, 0x0000000100000000)
  region size 1024K, 4 young (4096K), 4 survivors (4096K)
 Metaspace       used 45038K, capacity 46248K, committed 46592K, reserved 1089536K
  class space    used 5803K, capacity 6276K, committed 6400K, reserved 1048576K
}
Event: 17.961 GC heap before
{Heap before GC invocations=39 (full 0):
 garbage-first heap   total 113664K, used 93630K [0x0000000080000000, 0x0000000100000000)
  region size 1024K, 46 young (47104K), 4 survivors (4096K)
 Metaspace       used 45040K, capacity 46248K, committed 46592K, reserved 1089536K
  class space    used 5803K, capacity 6276K, committed 6400K, reserved 1048576K
}
Event: 17.968 GC heap after
{Heap after GC invocations=40 (full 0):
 garbage-first heap   total 137216K, used 51117K [0x0000000080000000, 0x0000000100000000)
  region size 1024K, 4 young (4096K), 4 survivors (4096K)
 Metaspace       used 45040K, capacity 46248K, committed 46592K, reserved 1089536K
  class space    used 5803K, capacity 6276K, committed 6400K, reserved 1048576K
}
Event: 18.237 GC heap before
{Heap before GC invocations=40 (full 0):
 garbage-first heap   total 137216K, used 102317K [0x0000000080000000, 0x0000000100000000)
  region size 1024K, 55 young (56320K), 4 survivors (4096K)
 Metaspace       used 45043K, capacity 46248K, committed 46592K, reserved 1089536K
  class space    used 5803K, capacity 6276K, committed 6400K, reserved 1048576K
}
Event: 18.241 GC heap after
{Heap after GC invocations=41 (full 0):
 garbage-first heap   total 137216K, used 51274K [0x0000000080000000, 0x0000000100000000)
  region size 1024K, 4 young (4096K), 4 survivors (4096K)
 Metaspace       used 45043K, capacity 46248K, committed 46592K, reserved 1089536K
  class space    used 5803K, capacity 6276K, committed 6400K, reserved 1048576K
}
Event: 18.540 GC heap before
{Heap before GC invocations=41 (full 0):
 garbage-first heap   total 137216K, used 109642K [0x0000000080000000, 0x0000000100000000)
  region size 1024K, 61 young (62464K), 4 survivors (4096K)
 Metaspace       used 45044K, capacity 46248K, committed 46592K, reserved 1089536K
  class space    used 5803K, capacity 6276K, committed 6400K, reserved 1048576K
}
Event: 18.546 GC heap after
{Heap after GC invocations=42 (full 0):
 garbage-first heap   total 137216K, used 51689K [0x0000000080000000, 0x0000000100000000)
  region size 1024K, 4 young (4096K), 4 survivors (4096K)
 Metaspace       used 45044K, capacity 46248K, committed 46592K, reserved 1089536K
  class space    used 5803K, capacity 6276K, committed 6400K, reserved 1048576K
}
Event: 18.830 GC heap before
{Heap before GC invocations=42 (full 0):
 garbage-first heap   total 137216K, used 111081K [0x0000000080000000, 0x0000000100000000)
  region size 1024K, 62 young (63488K), 4 survivors (4096K)
 Metaspace       used 45044K, capacity 46248K, committed 46592K, reserved 1089536K
  class space    used 5803K, capacity 6276K, committed 6400K, reserved 1048576K
}
Event: 18.837 GC heap after
{Heap after GC invocations=43 (full 0):
 garbage-first heap   total 137216K, used 52375K [0x0000000080000000, 0x0000000100000000)
  region size 1024K, 5 young (5120K), 5 survivors (5120K)
 Metaspace       used 45044K, capacity 46248K, committed 46592K, reserved 1089536K
  class space    used 5803K, capacity 6276K, committed 6400K, reserved 1048576K
}
Event: 19.303 GC heap before
{Heap before GC invocations=43 (full 0):
 garbage-first heap   total 137216K, used 111767K [0x0000000080000000, 0x0000000100000000)
  region size 1024K, 63 young (64512K), 5 survivors (5120K)
 Metaspace       used 45044K, capacity 46248K, committed 46592K, reserved 1089536K
  class space    used 5803K, capacity 6276K, committed 6400K, reserved 1048576K
}
Event: 19.311 GC heap after
{Heap after GC invocations=44 (full 0):
 garbage-first heap   total 164864K, used 52898K [0x0000000080000000, 0x0000000100000000)
  region size 1024K, 5 young (5120K), 5 survivors (5120K)
 Metaspace       used 45044K, capacity 46248K, committed 46592K, reserved 1089536K
  class space    used 5803K, capacity 6276K, committed 6400K, reserved 1048576K
}
Event: 19.669 GC heap before
{Heap before GC invocations=44 (full 0):
 garbage-first heap   total 164864K, used 120482K [0x0000000080000000, 0x0000000100000000)
  region size 1024K, 71 young (72704K), 5 survivors (5120K)
 Metaspace       used 45045K, capacity 46248K, committed 46592K, reserved 1089536K
  class space    used 5803K, capacity 6276K, committed 6400K, reserved 1048576K
}
Event: 19.676 GC heap after
{Heap after GC invocations=45 (full 0):
 garbage-first heap   total 164864K, used 53327K [0x0000000080000000, 0x0000000100000000)
  region size 1024K, 5 young (5120K), 5 survivors (5120K)
 Metaspace       used 45045K, capacity 46248K, committed 46592K, reserved 1089536K
  class space    used 5803K, capacity 6276K, committed 6400K, reserved 1048576K
}
Event: 20.346 GC heap before
{Heap before GC invocations=45 (full 0):
 garbage-first heap   total 164864K, used 127055K [0x0000000080000000, 0x0000000100000000)
  region size 1024K, 77 young (78848K), 5 survivors (5120K)
 Metaspace       used 45050K, capacity 46251K, committed 46592K, reserved 1089536K
  class space    used 5803K, capacity 6276K, committed 6400K, reserved 1048576K
}
Event: 20.354 GC heap after
{Heap after GC invocations=46 (full 0):
 garbage-first heap   total 164864K, used 53661K [0x0000000080000000, 0x0000000100000000)
  region size 1024K, 5 young (5120K), 5 survivors (5120K)
 Metaspace       used 45050K, capacity 46251K, committed 46592K, reserved 1089536K
  class space    used 5803K, capacity 6276K, committed 6400K, reserved 1048576K
}
Event: 20.877 GC heap before
{Heap before GC invocations=46 (full 0):
 garbage-first heap   total 164864K, used 130461K [0x0000000080000000, 0x0000000100000000)
  region size 1024K, 80 young (81920K), 5 survivors (5120K)
 Metaspace       used 45051K, capacity 46251K, committed 46592K, reserved 1089536K
  class space    used 5803K, capacity 6276K, committed 6400K, reserved 1048576K
}
Event: 20.884 GC heap after
{Heap after GC invocations=47 (full 0):
 garbage-first heap   total 164864K, used 54547K [0x0000000080000000, 0x0000000100000000)
  region size 1024K, 6 young (6144K), 6 survivors (6144K)
 Metaspace       used 45051K, capacity 46251K, committed 46592K, reserved 1089536K
  class space    used 5803K, capacity 6276K, committed 6400K, reserved 1048576K
}
Event: 21.608 GC heap before
{Heap before GC invocations=47 (full 0):
 garbage-first heap   total 164864K, used 133395K [0x0000000080000000, 0x0000000100000000)
  region size 1024K, 83 young (84992K), 6 survivors (6144K)
 Metaspace       used 45061K, capacity 46251K, committed 46592K, reserved 1089536K
  class space    used 5803K, capacity 6276K, committed 6400K, reserved 1048576K
}

Deoptimization events (20 events):
Event: 21.238 Thread 0x0000021a26dd7800 DEOPT PACKING pc=0x0000021a103744f6 sp=0x0000006403efe3e0
Event: 21.238 Thread 0x0000021a26dd7800 DEOPT UNPACKING pc=0x0000021a0f52a95e sp=0x0000006403efd900 mode 0
Event: 21.273 Thread 0x0000021a26dd7800 DEOPT PACKING pc=0x0000021a103744f6 sp=0x0000006403efe3e0
Event: 21.273 Thread 0x0000021a26dd7800 DEOPT UNPACKING pc=0x0000021a0f52a95e sp=0x0000006403efd900 mode 0
Event: 21.310 Thread 0x0000021a26dd7800 DEOPT PACKING pc=0x0000021a103744f6 sp=0x0000006403efe3e0
Event: 21.310 Thread 0x0000021a26dd7800 DEOPT UNPACKING pc=0x0000021a0f52a95e sp=0x0000006403efd900 mode 0
Event: 21.365 Thread 0x0000021a26dd7800 DEOPT PACKING pc=0x0000021a103744f6 sp=0x0000006403efe3e0
Event: 21.365 Thread 0x0000021a26dd7800 DEOPT UNPACKING pc=0x0000021a0f52a95e sp=0x0000006403efd900 mode 0
Event: 21.406 Thread 0x0000021a26dd7800 DEOPT PACKING pc=0x0000021a103744f6 sp=0x0000006403efe3e0
Event: 21.406 Thread 0x0000021a26dd7800 DEOPT UNPACKING pc=0x0000021a0f52a95e sp=0x0000006403efd900 mode 0
Event: 21.448 Thread 0x0000021a26dd7800 DEOPT PACKING pc=0x0000021a103744f6 sp=0x0000006403efe3e0
Event: 21.448 Thread 0x0000021a26dd7800 DEOPT UNPACKING pc=0x0000021a0f52a95e sp=0x0000006403efd900 mode 0
Event: 21.486 Thread 0x0000021a26dd7800 DEOPT PACKING pc=0x0000021a103744f6 sp=0x0000006403efe3e0
Event: 21.486 Thread 0x0000021a26dd7800 DEOPT UNPACKING pc=0x0000021a0f52a95e sp=0x0000006403efd900 mode 0
Event: 21.525 Thread 0x0000021a26dd7800 DEOPT PACKING pc=0x0000021a103744f6 sp=0x0000006403efe3e0
Event: 21.525 Thread 0x0000021a26dd7800 DEOPT UNPACKING pc=0x0000021a0f52a95e sp=0x0000006403efd900 mode 0
Event: 21.552 Thread 0x0000021a26dd7800 DEOPT PACKING pc=0x0000021a103744f6 sp=0x0000006403efe3e0
Event: 21.552 Thread 0x0000021a26dd7800 DEOPT UNPACKING pc=0x0000021a0f52a95e sp=0x0000006403efd900 mode 0
Event: 21.580 Thread 0x0000021a26dd7800 DEOPT PACKING pc=0x0000021a103744f6 sp=0x0000006403efe3e0
Event: 21.580 Thread 0x0000021a26dd7800 DEOPT UNPACKING pc=0x0000021a0f52a95e sp=0x0000006403efd900 mode 0

Classes redefined (0 events):
No events

Internal exceptions (20 events):
Event: 12.492 Thread 0x0000021a26085000 Exception <a 'java/lang/ClassNotFoundException'{0x0000000083be0b28}: org/gradle/api/internal/artifacts/dsl/dependencies/DefaultDependencyHandler_DecoratedBeanInfo> (0x0000000083be0b28) thrown at [./src/hotspot/share/classfile/systemDictionary.cpp, line 231]
Event: 12.493 Thread 0x0000021a26085000 Exception <a 'java/lang/ClassNotFoundException'{0x0000000083a21848}: org/gradle/api/internal/artifacts/dsl/dependencies/DefaultDependencyHandlerBeanInfo> (0x0000000083a21848) thrown at [./src/hotspot/share/classfile/systemDictionary.cpp, line 231]
Event: 12.494 Thread 0x0000021a26085000 Exception <a 'java/lang/ClassNotFoundException'{0x0000000083a61f20}: org/gradle/api/internal/artifacts/dsl/dependencies/DefaultDependencyHandlerCustomizer> (0x0000000083a61f20) thrown at [./src/hotspot/share/classfile/systemDictionary.cpp, line 231]
Event: 12.498 Thread 0x0000021a26085000 Exception <a 'java/lang/ClassNotFoundException'{0x0000000083acd1e8}: org/gradle/api/internal/artifacts/dsl/dependencies/DefaultDependencyHandler_DecoratedCustomizer> (0x0000000083acd1e8) thrown at [./src/hotspot/share/classfile/systemDictionary.cpp, line 231]
Event: 12.696 Thread 0x0000021a26085000 Exception <a 'java/lang/IncompatibleClassChangeError'{0x00000000842ecfd8}: Found class java.lang.Object, but interface was expected> (0x00000000842ecfd8) thrown at [./src/hotspot/share/interpreter/linkResolver.cpp, line 839]
Event: 12.908 Thread 0x0000021a26085000 Exception <a 'java/lang/NoSuchMethodError'{0x0000000084b53730}: 'int java.lang.invoke.DirectMethodHandle$Holder.invokeStaticInit(java.lang.Object)'> (0x0000000084b53730) thrown at [./src/hotspot/share/interpreter/linkResolver.cpp, line 773]
Event: 13.025 Thread 0x0000021a2853d800 Exception <a 'sun/nio/fs/WindowsException'{0x0000000084a78538}> (0x0000000084a78538) thrown at [./src/hotspot/share/prims/jni.cpp, line 615]
Event: 13.039 Thread 0x0000021a2853d800 Exception <a 'sun/nio/fs/WindowsException'{0x0000000084a97df0}> (0x0000000084a97df0) thrown at [./src/hotspot/share/prims/jni.cpp, line 615]
Event: 13.042 Thread 0x0000021a2853d800 Exception <a 'sun/nio/fs/WindowsException'{0x0000000084a97f50}> (0x0000000084a97f50) thrown at [./src/hotspot/share/prims/jni.cpp, line 615]
Event: 13.099 Thread 0x0000021a26085000 Exception <a 'java/lang/ClassNotFoundException'{0x00000000849226b8}: sync_studio_tooling5184_4sasubwtkotnefpcfs3k68dgkBeanInfo> (0x00000000849226b8) thrown at [./src/hotspot/share/classfile/systemDictionary.cpp, line 231]
Event: 13.099 Thread 0x0000021a26085000 Exception <a 'java/lang/ClassNotFoundException'{0x00000000849302a0}: sync_studio_tooling5184_4sasubwtkotnefpcfs3k68dgkCustomizer> (0x00000000849302a0) thrown at [./src/hotspot/share/classfile/systemDictionary.cpp, line 231]
Event: 13.203 Thread 0x0000021a26085000 Exception <a 'java/lang/ClassNotFoundException'{0x00000000848109e0}: ijinit1_b7ju8xskx9lhicafv388zmtblBeanInfo> (0x00000000848109e0) thrown at [./src/hotspot/share/classfile/systemDictionary.cpp, line 231]
Event: 13.205 Thread 0x0000021a26085000 Exception <a 'java/lang/ClassNotFoundException'{0x000000008481d2b8}: ijinit1_b7ju8xskx9lhicafv388zmtblCustomizer> (0x000000008481d2b8) thrown at [./src/hotspot/share/classfile/systemDictionary.cpp, line 231]
Event: 13.220 Thread 0x0000021a26085000 Exception <a 'java/lang/ClassNotFoundException'{0x0000000084872a88}: ijinit1_b7ju8xskx9lhicafv388zmtbl$_run_closure1BeanInfo> (0x0000000084872a88) thrown at [./src/hotspot/share/classfile/systemDictionary.cpp, line 231]
Event: 13.221 Thread 0x0000021a26085000 Exception <a 'java/lang/ClassNotFoundException'{0x0000000084879ac0}: ijinit1_b7ju8xskx9lhicafv388zmtbl$_run_closure1Customizer> (0x0000000084879ac0) thrown at [./src/hotspot/share/classfile/systemDictionary.cpp, line 231]
Event: 13.422 Thread 0x0000021a26dd1800 Exception <a 'sun/nio/fs/WindowsException'{0x000000008591e688}> (0x000000008591e688) thrown at [./src/hotspot/share/prims/jni.cpp, line 615]
Event: 13.561 Thread 0x0000021a26dd7800 Implicit null exception at 0x0000021a17021247 to 0x0000021a170223a8
Event: 13.586 Thread 0x0000021a26dd7800 Exception <a 'sun/nio/fs/WindowsException'{0x00000000852be1b8}> (0x00000000852be1b8) thrown at [./src/hotspot/share/prims/jni.cpp, line 615]
Event: 20.992 Thread 0x0000021a26dd1800 Exception <a 'sun/nio/fs/WindowsException'{0x0000000088ff6278}> (0x0000000088ff6278) thrown at [./src/hotspot/share/prims/jni.cpp, line 615]
Event: 20.994 Thread 0x0000021a26dd1800 Exception <a 'sun/nio/fs/WindowsException'{0x0000000088ff63d0}> (0x0000000088ff63d0) thrown at [./src/hotspot/share/prims/jni.cpp, line 615]

Events (20 events):
Event: 17.648 Executing VM operation: G1CollectForAllocation done
Event: 17.961 Executing VM operation: G1CollectForAllocation
Event: 17.968 Executing VM operation: G1CollectForAllocation done
Event: 18.237 Executing VM operation: G1CollectForAllocation
Event: 18.237 Executing VM operation: G1CollectForAllocation done
Event: 18.237 Executing VM operation: G1CollectForAllocation
Event: 18.241 Executing VM operation: G1CollectForAllocation done
Event: 18.540 Executing VM operation: G1CollectForAllocation
Event: 18.546 Executing VM operation: G1CollectForAllocation done
Event: 18.830 Executing VM operation: G1CollectForAllocation
Event: 18.837 Executing VM operation: G1CollectForAllocation done
Event: 19.302 Executing VM operation: G1CollectForAllocation
Event: 19.311 Executing VM operation: G1CollectForAllocation done
Event: 19.669 Executing VM operation: G1CollectForAllocation
Event: 19.676 Executing VM operation: G1CollectForAllocation done
Event: 20.346 Executing VM operation: G1CollectForAllocation
Event: 20.354 Executing VM operation: G1CollectForAllocation done
Event: 20.876 Executing VM operation: G1CollectForAllocation
Event: 20.884 Executing VM operation: G1CollectForAllocation done
Event: 21.608 Executing VM operation: G1CollectForAllocation


Dynamic libraries:
0x00007ff7383c0000 - 0x00007ff7383ca000 	C:\Program Files\Android\Android Studio\jre\bin\java.exe
0x00007ff9cc290000 - 0x00007ff9cc488000 	C:\windows\SYSTEM32\ntdll.dll
0x00007ff9cae00000 - 0x00007ff9caebd000 	C:\windows\System32\KERNEL32.DLL
0x00007ff9c9e10000 - 0x00007ff9ca106000 	C:\windows\System32\KERNELBASE.dll
0x00007ff9ca1a0000 - 0x00007ff9ca2a0000 	C:\windows\System32\ucrtbase.dll
0x00007ff9b69d0000 - 0x00007ff9b69e9000 	C:\Program Files\Android\Android Studio\jre\bin\jli.dll
0x00007ff9c2650000 - 0x00007ff9c2667000 	C:\Program Files\Android\Android Studio\jre\bin\VCRUNTIME140.dll
0x00007ff9cb800000 - 0x00007ff9cb99e000 	C:\windows\System32\USER32.dll
0x00007ff9c9ab0000 - 0x00007ff9c9ad2000 	C:\windows\System32\win32u.dll
0x00007ff9cb580000 - 0x00007ff9cb5ab000 	C:\windows\System32\GDI32.dll
0x00007ff9c9be0000 - 0x00007ff9c9cf7000 	C:\windows\System32\gdi32full.dll
0x00007ff9ae340000 - 0x00007ff9ae5da000 	C:\windows\WinSxS\amd64_microsoft.windows.common-controls_6595b64144ccf1df_6.0.19041.3636_none_60b6a03d71f818d5\COMCTL32.dll
0x00007ff9c9d70000 - 0x00007ff9c9e0d000 	C:\windows\System32\msvcp_win.dll
0x00007ff9cb000000 - 0x00007ff9cb09e000 	C:\windows\System32\msvcrt.dll
0x00007ff9cb710000 - 0x00007ff9cb742000 	C:\windows\System32\IMM32.DLL
0x00007ff9a3ba0000 - 0x00007ff9a3c3d000 	C:\Program Files\Android\Android Studio\jre\bin\msvcp140.dll
0x00007ff938fa0000 - 0x00007ff939a85000 	C:\Program Files\Android\Android Studio\jre\bin\server\jvm.dll
0x00007ff9cac60000 - 0x00007ff9cad13000 	C:\windows\System32\ADVAPI32.dll
0x00007ff9cb670000 - 0x00007ff9cb70f000 	C:\windows\System32\sechost.dll
0x00007ff9cbe30000 - 0x00007ff9cbf56000 	C:\windows\System32\RPCRT4.dll
0x00007ff9ca2a0000 - 0x00007ff9ca2c7000 	C:\windows\System32\bcrypt.dll
0x00007ff9ca2d0000 - 0x00007ff9ca2d8000 	C:\windows\System32\PSAPI.DLL
0x00007ff9c1eb0000 - 0x00007ff9c1eba000 	C:\windows\SYSTEM32\VERSION.dll
0x00007ff9ada80000 - 0x00007ff9ada89000 	C:\windows\SYSTEM32\WSOCK32.dll
0x00007ff9ab1c0000 - 0x00007ff9ab1e7000 	C:\windows\SYSTEM32\WINMM.dll
0x00007ff9cb0a0000 - 0x00007ff9cb10b000 	C:\windows\System32\WS2_32.dll
0x00007ff9c8190000 - 0x00007ff9c81a2000 	C:\windows\SYSTEM32\kernel.appcore.dll
0x00007ff9c5070000 - 0x00007ff9c5081000 	C:\Program Files\Android\Android Studio\jre\bin\verify.dll
0x00007ff9c76f0000 - 0x00007ff9c78d4000 	C:\windows\SYSTEM32\DBGHELP.DLL
0x00007ff9b71e0000 - 0x00007ff9b7214000 	C:\windows\SYSTEM32\dbgcore.DLL
0x00007ff9ca110000 - 0x00007ff9ca192000 	C:\windows\System32\bcryptPrimitives.dll
0x00007ff9c2bd0000 - 0x00007ff9c2bf9000 	C:\Program Files\Android\Android Studio\jre\bin\java.dll
0x00007ff9c4160000 - 0x00007ff9c416b000 	C:\Program Files\Android\Android Studio\jre\bin\jimage.dll
0x00007ff9c2bb0000 - 0x00007ff9c2bc8000 	C:\Program Files\Android\Android Studio\jre\bin\zip.dll
0x00007ff9ca390000 - 0x00007ff9caad5000 	C:\windows\System32\SHELL32.dll
0x00007ff9c79e0000 - 0x00007ff9c817c000 	C:\windows\SYSTEM32\windows.storage.dll
0x00007ff9cb9a0000 - 0x00007ff9cbcf4000 	C:\windows\System32\combase.dll
0x00007ff9c9310000 - 0x00007ff9c933e000 	C:\windows\SYSTEM32\Wldp.dll
0x00007ff9caae0000 - 0x00007ff9cabad000 	C:\windows\System32\OLEAUT32.dll
0x00007ff9ca2e0000 - 0x00007ff9ca38d000 	C:\windows\System32\SHCORE.dll
0x00007ff9cb610000 - 0x00007ff9cb665000 	C:\windows\System32\shlwapi.dll
0x00007ff9c9880000 - 0x00007ff9c98a5000 	C:\windows\SYSTEM32\profapi.dll
0x00007ff9c2b90000 - 0x00007ff9c2baa000 	C:\Program Files\Android\Android Studio\jre\bin\net.dll
0x00007ff9bbe70000 - 0x00007ff9bbf7a000 	C:\windows\SYSTEM32\WINHTTP.dll
0x00007ff9c9010000 - 0x00007ff9c907a000 	C:\windows\system32\mswsock.dll
0x00007ff9c2a70000 - 0x00007ff9c2a84000 	C:\Program Files\Android\Android Studio\jre\bin\nio.dll
0x00007ff9c0c50000 - 0x00007ff9c0c77000 	C:\Users\HP\.gradle\native\e1d6ef7f7dcc3fd88c89a11ec53ec762bb8ba0a96d01ffa2cd45eb1d1d8dd5c5\windows-amd64\native-platform.dll
0x00007ff98bae0000 - 0x00007ff98bc24000 	C:\Users\HP\.gradle\native\0d407fdbe67a94daf76414ababcb853783967236a71b16ec16e742cd7a986fd3\windows-amd64\native-platform-file-events.dll
0x00007ff9c4120000 - 0x00007ff9c412a000 	C:\Program Files\Android\Android Studio\jre\bin\management.dll
0x00007ff9c3cb0000 - 0x00007ff9c3cbd000 	C:\Program Files\Android\Android Studio\jre\bin\management_ext.dll
0x00007ff9c9210000 - 0x00007ff9c9228000 	C:\windows\SYSTEM32\CRYPTSP.dll
0x00007ff9c8940000 - 0x00007ff9c8974000 	C:\windows\system32\rsaenh.dll
0x00007ff9c9840000 - 0x00007ff9c986e000 	C:\windows\SYSTEM32\USERENV.dll
0x00007ff9c9200000 - 0x00007ff9c920c000 	C:\windows\SYSTEM32\CRYPTBASE.dll
0x00007ff9c8d00000 - 0x00007ff9c8d3b000 	C:\windows\SYSTEM32\IPHLPAPI.DLL
0x00007ff9caff0000 - 0x00007ff9caff8000 	C:\windows\System32\NSI.dll
0x00007ff9c1340000 - 0x00007ff9c1357000 	C:\windows\SYSTEM32\dhcpcsvc6.DLL
0x00007ff9c1660000 - 0x00007ff9c167d000 	C:\windows\SYSTEM32\dhcpcsvc.DLL
0x00007ff9c8d40000 - 0x00007ff9c8e0b000 	C:\windows\SYSTEM32\DNSAPI.dll

dbghelp: loaded successfully - version: 4.0.5 - missing functions: none
symbol engine: initialized successfully - sym options: 0x614 - pdb path: .;C:\Program Files\Android\Android Studio\jre\bin;C:\windows\SYSTEM32;C:\windows\WinSxS\amd64_microsoft.windows.common-controls_6595b64144ccf1df_6.0.19041.3636_none_60b6a03d71f818d5;C:\Program Files\Android\Android Studio\jre\bin\server;C:\Users\HP\.gradle\native\e1d6ef7f7dcc3fd88c89a11ec53ec762bb8ba0a96d01ffa2cd45eb1d1d8dd5c5\windows-amd64;C:\Users\HP\.gradle\native\0d407fdbe67a94daf76414ababcb853783967236a71b16ec16e742cd7a986fd3\windows-amd64

VM Arguments:
jvm_args: --add-opens=java.base/java.util=ALL-UNNAMED --add-opens=java.base/java.lang=ALL-UNNAMED --add-opens=java.base/java.lang.invoke=ALL-UNNAMED --add-opens=java.base/java.util=ALL-UNNAMED --add-opens=java.prefs/java.util.prefs=ALL-UNNAMED --add-opens=java.prefs/java.util.prefs=ALL-UNNAMED --add-opens=java.base/java.nio.charset=ALL-UNNAMED --add-opens=java.base/java.net=ALL-UNNAMED --add-opens=java.base/java.util.concurrent.atomic=ALL-UNNAMED -Xmx2048m -Dfile.encoding=UTF-8 -Duser.country=ID -Duser.language=en -Duser.variant 
java_command: org.gradle.launcher.daemon.bootstrap.GradleDaemon 7.5
java_class_path (initial): C:\Users\HP\.gradle\wrapper\dists\gradle-7.5-bin\f1w0cc9nuo0eivz97x2xlu9sv\gradle-7.5\lib\gradle-launcher-7.5.jar
Launcher Type: SUN_STANDARD

[Global flags]
     intx CICompilerCount                          = 3                                         {product} {ergonomic}
     uint ConcGCThreads                            = 1                                         {product} {ergonomic}
     uint G1ConcRefinementThreads                  = 4                                         {product} {ergonomic}
   size_t G1HeapRegionSize                         = 1048576                                   {product} {ergonomic}
    uintx GCDrainStackTargetSize                   = 64                                        {product} {ergonomic}
   size_t InitialHeapSize                          = 65011712                                  {product} {ergonomic}
   size_t MarkStackSize                            = 4194304                                   {product} {ergonomic}
   size_t MaxHeapSize                              = 2147483648                                {product} {command line}
   size_t MaxNewSize                               = 1287651328                                {product} {ergonomic}
   size_t MinHeapDeltaBytes                        = 1048576                                   {product} {ergonomic}
    uintx NonNMethodCodeHeapSize                   = 5830732                                {pd product} {ergonomic}
    uintx NonProfiledCodeHeapSize                  = 122913754                              {pd product} {ergonomic}
    uintx ProfiledCodeHeapSize                     = 122913754                              {pd product} {ergonomic}
    uintx ReservedCodeCacheSize                    = 251658240                              {pd product} {ergonomic}
     bool SegmentedCodeCache                       = true                                      {product} {ergonomic}
     bool UseCompressedClassPointers               = true                                 {lp64_product} {ergonomic}
     bool UseCompressedOops                        = true                                 {lp64_product} {ergonomic}
     bool UseG1GC                                  = true                                      {product} {ergonomic}
     bool UseLargePagesIndividualAllocation        = false                                  {pd product} {ergonomic}

Logging:
Log output configuration:
 #0: stdout all=warning uptime,level,tags
 #1: stderr all=off uptime,level,tags

Environment Variables:
PATH=C:\oraclexe\app\oracle\product\11.2.0\server\bin;C:\Program Files\Common Files\Oracle\Java\javapath;C:\windows\system32;C:\windows;C:\windows\System32\Wbem;C:\windows\System32\WindowsPowerShell\v1.0\;C:\windows\System32\OpenSSH\;C:\Program Files\nodejs\;C:\ProgramData\chocolatey\bin;C:\Program Files\Git\cmd;C:\xampp\php;C:\ProgramData\ComposerSetup\bin;C:\Program Files\MATLAB\R2013a\runtime\win64;C:\Program Files\MATLAB\R2013a\bin;C:\Users\HP\AppData\Local\Programs\Python\Python310\Scripts;C:\Users\HP\AppData\Local\Programs\Python\Python310;C:\Users\HP\AppData\Local\Android\Sdk\platform-tools;C:\Program Files (x86)\Brackets\command;C:\Users\HP\AppData\Local\Programs\Python\Python38\Scripts\;C:\Users\HP\AppData\Local\Programs\Python\Python38\;C:\Users\HP\AppData\Local\Microsoft\WindowsApps;C:\Users\HP\AppData\Local\Programs\Microsoft VS Code\bin;C:\Users\HP\AppData\Roaming\npm;C:\Program Files\nodejs;C:\Users\HP\AppData\Roaming\Composer\vendor\bin;C:\Users\HP\AppData\Local\Android\Sdk\platform-tools;C:\Users\HP\AppData\Local\GitHubDesktop\bin;;C:\Program Files\JetBrains\PyCharm Community Edition 2023.2.5\bin;
USERNAME=HP
OS=Windows_NT
PROCESSOR_IDENTIFIER=Intel64 Family 6 Model 142 Stepping 12, GenuineIntel



---------------  S Y S T E M  ---------------

OS: Windows 10 , 64 bit Build 19041 (10.0.19041.3636)
OS uptime: 0 days 20:46 hours

CPU:total 4 (initial active 4) (2 cores per cpu, 2 threads per core) family 6 model 142 stepping 12 microcode 0xde, cmov, cx8, fxsr, mmx, sse, sse2, sse3, ssse3, sse4.1, sse4.2, popcnt, avx, avx2, aes, clmul, erms, 3dnowpref, lzcnt, ht, tsc, tscinvbit, bmi1, bmi2, adx, fma

Memory: 4k page, system-wide physical 3919M (99M free)
TotalPageFile size 15695M (AvailPageFile size 33M)
current process WorkingSet (physical memory assigned to process): 262M, peak: 266M
current process commit charge ("private bytes"): 359M, peak: 392M

vm_info: OpenJDK 64-Bit Server VM (11.0.12+7-b1504.28-7817840) for windows-amd64 JRE (11.0.12+7-b1504.28-7817840), built on Oct 13 2021 22:12:33 by "builder" with MS VC++ 14.0 (VS2015)

END.
