#
# There is insufficient memory for the Java Runtime Environment to continue.
# Native memory allocation (mmap) failed to map 35651584 bytes for Failed to commit area from 0x000000008aa00000 to 0x000000008cc00000 of length 35651584.
# Possible reasons:
#   The system is out of physical RAM or swap space
#   The process is running with CompressedOops enabled, and the Java Heap may be blocking the growth of the native heap
# Possible solutions:
#   Reduce memory load on the system
#   Increase physical memory or swap space
#   Check if swap backing store is full
#   Decrease Java heap size (-Xmx/-Xms)
#   Decrease number of Java threads
#   Decrease Java thread stack sizes (-Xss)
#   Set larger code cache with -XX:ReservedCodeCacheSize=
#   JVM is running with Unscaled Compressed Oops mode in which the Java heap is
#     placed in the first 4GB address space. The Java Heap base address is the
#     maximum limit for the native heap growth. Please use -XX:HeapBaseMinAddress
#     to set the Java Heap base and to place the Java Heap above 4GB virtual address.
# This output file may be truncated or incomplete.
#
#  Out of Memory Error (./src/hotspot/os/windows/os_windows.cpp:3521), pid=16812, tid=14340
#
# JRE version: OpenJDK Runtime Environment (11.0.12+7) (build 11.0.12+7-b1504.28-7817840)
# Java VM: OpenJDK 64-Bit Server VM (11.0.12+7-b1504.28-7817840, mixed mode, tiered, compressed oops, g1 gc, windows-amd64)
# No core dump will be written. Minidumps are not enabled by default on client versions of Windows
#

---------------  S U M M A R Y ------------

Command Line: --add-opens=java.base/java.util=ALL-UNNAMED --add-opens=java.base/java.lang=ALL-UNNAMED --add-opens=java.base/java.lang.invoke=ALL-UNNAMED --add-opens=java.base/java.util=ALL-UNNAMED --add-opens=java.prefs/java.util.prefs=ALL-UNNAMED --add-opens=java.prefs/java.util.prefs=ALL-UNNAMED --add-opens=java.base/java.nio.charset=ALL-UNNAMED --add-opens=java.base/java.net=ALL-UNNAMED --add-opens=java.base/java.util.concurrent.atomic=ALL-UNNAMED -Xmx2048m -Dfile.encoding=UTF-8 -Duser.country=ID -Duser.language=en -Duser.variant org.gradle.launcher.daemon.bootstrap.GradleDaemon 7.5

Host: Intel(R) Core(TM) i3-10110U CPU @ 2.10GHz, 4 cores, 3G,  Windows 10 , 64 bit Build 19041 (10.0.19041.3636)
Time: Fri Mar  1 20:51:26 2024 SE Asia Standard Time elapsed time: 57.585629 seconds (0d 0h 0m 57s)

---------------  T H R E A D  ---------------

Current thread (0x000002d1b83f1000):  VMThread "VM Thread" [stack: 0x000000d54cf00000,0x000000d54d000000] [id=14340]

Stack: [0x000000d54cf00000,0x000000d54d000000]
[error occurred during error reporting (printing stack bounds), id 0xc0000005, EXCEPTION_ACCESS_VIOLATION (0xc0000005) at pc=0x000002d1a234112d]

Native frames: (J=compiled Java code, j=interpreted, Vv=VM code, C=native code)
V  [jvm.dll+0x5fbcea]
V  [jvm.dll+0x731905]
V  [jvm.dll+0x732f1d]
V  [jvm.dll+0x733535]
V  [jvm.dll+0x7334eb]
V  [jvm.dll+0x5fb080]
V  [jvm.dll+0x5fb818]
C  [ntdll.dll+0xa23af]
C  [ntdll.dll+0x514b4]
C  [ntdll.dll+0xa0ebe]
C  0x000002d1a234112d

VM_Operation (0x000000d54edfdac0): G1CollectForAllocation, mode: safepoint, requested by thread 0x000002d1b9086000


---------------  P R O C E S S  ---------------

Threads class SMR info:
_java_thread_list=0x000002d1bba52050, length=35, elements={
0x000002d19e835800, 0x000002d1b83f5800, 0x000002d1b83ff000, 0x000002d1b844e800,
0x000002d1b8450000, 0x000002d1b8452000, 0x000002d1b845c800, 0x000002d1b845e000,
0x000002d1b8da3000, 0x000002d1b8ecc000, 0x000002d1ba0a1000, 0x000002d1bae9a800,
0x000002d1b9bd5800, 0x000002d1b98a5000, 0x000002d1b98a5800, 0x000002d1ba792800,
0x000002d1ba8be800, 0x000002d1ba763000, 0x000002d1ba283800, 0x000002d1b9089000,
0x000002d1b9086800, 0x000002d1b9085000, 0x000002d1b908a000, 0x000002d1b9088800,
0x000002d1b9084800, 0x000002d1b908b000, 0x000002d1b9086000, 0x000002d1b9087800,
0x000002d1b9e46800, 0x000002d1b9e4b800, 0x000002d1b9e48000, 0x000002d1b9e4a000,
0x000002d1b9e46000, 0x000002d1b9e4c800, 0x000002d1b9e47800
}

Java Threads: ( => current thread )
  0x000002d19e835800 JavaThread "main" [_thread_blocked, id=9464, stack(0x000000d54c900000,0x000000d54ca00000)]
  0x000002d1b83f5800 JavaThread "Reference Handler" daemon [_thread_blocked, id=12944, stack(0x000000d54d000000,0x000000d54d100000)]
  0x000002d1b83ff000 JavaThread "Finalizer" daemon [_thread_blocked, id=20780, stack(0x000000d54d100000,0x000000d54d200000)]
  0x000002d1b844e800 JavaThread "Signal Dispatcher" daemon [_thread_blocked, id=21060, stack(0x000000d54d200000,0x000000d54d300000)]
  0x000002d1b8450000 JavaThread "Attach Listener" daemon [_thread_blocked, id=1296, stack(0x000000d54d300000,0x000000d54d400000)]
  0x000002d1b8452000 JavaThread "Service Thread" daemon [_thread_blocked, id=5076, stack(0x000000d54d400000,0x000000d54d500000)]
  0x000002d1b845c800 JavaThread "C2 CompilerThread0" daemon [_thread_blocked, id=9960, stack(0x000000d54d500000,0x000000d54d600000)]
  0x000002d1b845e000 JavaThread "C1 CompilerThread0" daemon [_thread_blocked, id=18712, stack(0x000000d54d600000,0x000000d54d700000)]
  0x000002d1b8da3000 JavaThread "Sweeper thread" daemon [_thread_blocked, id=21276, stack(0x000000d54d700000,0x000000d54d800000)]
  0x000002d1b8ecc000 JavaThread "Common-Cleaner" daemon [_thread_blocked, id=19812, stack(0x000000d54d800000,0x000000d54d900000)]
  0x000002d1ba0a1000 JavaThread "Daemon health stats" [_thread_blocked, id=6952, stack(0x000000d54db00000,0x000000d54dc00000)]
  0x000002d1bae9a800 JavaThread "Incoming local TCP Connector on port 55253" [_thread_in_native, id=11964, stack(0x000000d54de00000,0x000000d54df00000)]
  0x000002d1b9bd5800 JavaThread "Daemon periodic checks" [_thread_blocked, id=9948, stack(0x000000d54df00000,0x000000d54e000000)]
  0x000002d1b98a5000 JavaThread "Daemon" [_thread_blocked, id=20536, stack(0x000000d54e000000,0x000000d54e100000)]
  0x000002d1b98a5800 JavaThread "Handler for socket connection from /127.0.0.1:55253 to /127.0.0.1:55254" [_thread_in_native, id=19956, stack(0x000000d54e100000,0x000000d54e200000)]
  0x000002d1ba792800 JavaThread "Cancel handler" [_thread_blocked, id=2444, stack(0x000000d54e200000,0x000000d54e300000)]
  0x000002d1ba8be800 JavaThread "Daemon worker" [_thread_blocked, id=8764, stack(0x000000d54e300000,0x000000d54e400000)]
  0x000002d1ba763000 JavaThread "Asynchronous log dispatcher for DefaultDaemonConnection: socket connection from /127.0.0.1:55253 to /127.0.0.1:55254" [_thread_blocked, id=19568, stack(0x000000d54e400000,0x000000d54e500000)]
  0x000002d1ba283800 JavaThread "Stdin handler" [_thread_blocked, id=5408, stack(0x000000d54e500000,0x000000d54e600000)]
  0x000002d1b9089000 JavaThread "Daemon client event forwarder" [_thread_blocked, id=3480, stack(0x000000d54e600000,0x000000d54e700000)]
  0x000002d1b9086800 JavaThread "Cache worker for journal cache (C:\Users\HP\.gradle\caches\journal-1)" [_thread_blocked, id=18724, stack(0x000000d54e700000,0x000000d54e800000)]
  0x000002d1b9085000 JavaThread "File lock request listener" [_thread_in_native, id=19264, stack(0x000000d54e800000,0x000000d54e900000)]
  0x000002d1b908a000 JavaThread "Cache worker for file hash cache (C:\Users\HP\.gradle\caches\7.5\fileHashes)" [_thread_blocked, id=19400, stack(0x000000d54e900000,0x000000d54ea00000)]
  0x000002d1b9088800 JavaThread "File watcher server" daemon [_thread_in_native, id=20112, stack(0x000000d54ea00000,0x000000d54eb00000)]
  0x000002d1b9084800 JavaThread "File watcher consumer" daemon [_thread_blocked, id=9904, stack(0x000000d54eb00000,0x000000d54ec00000)]
  0x000002d1b908b000 JavaThread "jar transforms" [_thread_blocked, id=588, stack(0x000000d54ec00000,0x000000d54ed00000)]
  0x000002d1b9086000 JavaThread "jar transforms Thread 2" [_thread_blocked, id=16412, stack(0x000000d54ed00000,0x000000d54ee00000)]
  0x000002d1b9087800 JavaThread "jar transforms Thread 3" [_thread_blocked, id=1560, stack(0x000000d54ee00000,0x000000d54ef00000)]
  0x000002d1b9e46800 JavaThread "jar transforms Thread 4" [_thread_blocked, id=11880, stack(0x000000d54ef00000,0x000000d54f000000)]
  0x000002d1b9e4b800 JavaThread "Cache worker for checksums cache (C:\Users\HP\AndroidStudioProjects\facial\.gradle\7.5\checksums)" [_thread_blocked, id=6256, stack(0x000000d54f000000,0x000000d54f100000)]
  0x000002d1b9e48000 JavaThread "Cache worker for cache directory md-rule (C:\Users\HP\.gradle\caches\7.5\md-rule)" [_thread_blocked, id=21328, stack(0x000000d54f100000,0x000000d54f200000)]
  0x000002d1b9e4a000 JavaThread "Cache worker for file content cache (C:\Users\HP\.gradle\caches\7.5\fileContent)" [_thread_blocked, id=20072, stack(0x000000d54f200000,0x000000d54f300000)]
  0x000002d1b9e46000 JavaThread "Cache worker for file hash cache (C:\Users\HP\AndroidStudioProjects\facial\.gradle\7.5\fileHashes)" [_thread_blocked, id=4408, stack(0x000000d54f300000,0x000000d54f400000)]
  0x000002d1b9e4c800 JavaThread "Cache worker for cache directory md-supplier (C:\Users\HP\.gradle\caches\7.5\md-supplier)" [_thread_blocked, id=14804, stack(0x000000d54f400000,0x000000d54f500000)]
  0x000002d1b9e47800 JavaThread "Cache worker for execution history cache (C:\Users\HP\.gradle\caches\7.5\executionHistory)" [_thread_blocked, id=13504, stack(0x000000d54f500000,0x000000d54f600000)]

Other Threads:
=>0x000002d1b83f1000 VMThread "VM Thread" [stack: 0x000000d54cf00000,0x000000d54d000000] [id=14340]
  0x000002d1b8eff800 WatcherThread [stack: 0x000000d54d900000,0x000000d54da00000] [id=20340]
  0x000002d19e84f000 GCTaskThread "GC Thread#0" [stack: 0x000000d54ca00000,0x000000d54cb00000] [id=2084]
  0x000002d1b9775000 GCTaskThread "GC Thread#1" [stack: 0x000000d54da00000,0x000000d54db00000] [id=10992]
  0x000002d1ba0bb800 GCTaskThread "GC Thread#2" [stack: 0x000000d54dc00000,0x000000d54dd00000] [id=20568]
  0x000002d1ba0bc800 GCTaskThread "GC Thread#3" [stack: 0x000000d54dd00000,0x000000d54de00000] [id=14720]
  0x000002d19e87e800 ConcurrentGCThread "G1 Main Marker" [stack: 0x000000d54cb00000,0x000000d54cc00000] [id=21372]
  0x000002d19e880000 ConcurrentGCThread "G1 Conc#0" [stack: 0x000000d54cc00000,0x000000d54cd00000] [id=3568]
  0x000002d19e8d8000 ConcurrentGCThread "G1 Refine#0" [stack: 0x000000d54cd00000,0x000000d54ce00000] [id=20960]
  0x000002d19e8d9000 ConcurrentGCThread "G1 Young RemSet Sampling" [stack: 0x000000d54ce00000,0x000000d54cf00000] [id=13344]

Threads with active compile tasks:
C2 CompilerThread0  57632 6305       4       org.objectweb.asm.ClassReader::accept (1412 bytes)

VM state:at safepoint (normal execution)

VM Mutex/Monitor currently owned by a thread:  ([mutex/lock_event])
[0x000002d19e831790] Threads_lock - owner thread: 0x000002d1b83f1000
[0x000002d19e831160] Heap_lock - owner thread: 0x000002d1b9086000

Heap address: 0x0000000080000000, size: 2048 MB, Compressed Oops mode: 32-bit
Narrow klass base: 0x0000000000000000, Narrow klass shift: 3
Compressed class space size: 1073741824 Address: 0x0000000100000000

Heap:
 garbage-first heap   total 208896K, used 74901K [0x0000000080000000, 0x0000000100000000)
  region size 1024K, 6 young (6144K), 6 survivors (6144K)
 Metaspace       used 51026K, capacity 52390K, committed 52480K, reserved 1095680K
  class space    used 6575K, capacity 7100K, committed 7168K, reserved 1048576K
Heap Regions: E=young(eden), S=young(survivor), O=old, HS=humongous(starts), HC=humongous(continues), CS=collection set, F=free, A=archive, TAMS=top-at-mark-start (previous, next)
|   0|0x0000000080000000, 0x0000000080100000, 0x0000000080100000|100%|HS|  |TAMS 0x0000000080100000, 0x0000000080000000| Complete 
|   1|0x0000000080100000, 0x0000000080200000, 0x0000000080200000|100%|HC|  |TAMS 0x0000000080200000, 0x0000000080100000| Complete 
|   2|0x0000000080200000, 0x0000000080300000, 0x0000000080300000|100%|HC|  |TAMS 0x0000000080300000, 0x0000000080200000| Complete 
|   3|0x0000000080300000, 0x0000000080400000, 0x0000000080400000|100%| O|  |TAMS 0x0000000080400000, 0x0000000080300000| Untracked 
|   4|0x0000000080400000, 0x0000000080500000, 0x0000000080500000|100%| O|  |TAMS 0x0000000080500000, 0x0000000080400000| Untracked 
|   5|0x0000000080500000, 0x0000000080600000, 0x0000000080600000|100%| O|  |TAMS 0x0000000080600000, 0x0000000080500000| Untracked 
|   6|0x0000000080600000, 0x0000000080700000, 0x0000000080700000|100%| O|  |TAMS 0x0000000080700000, 0x0000000080600000| Untracked 
|   7|0x0000000080700000, 0x0000000080800000, 0x0000000080800000|100%| O|  |TAMS 0x0000000080800000, 0x0000000080700000| Untracked 
|   8|0x0000000080800000, 0x0000000080900000, 0x0000000080900000|100%| O|  |TAMS 0x0000000080900000, 0x0000000080800000| Untracked 
|   9|0x0000000080900000, 0x0000000080a00000, 0x0000000080a00000|100%| O|  |TAMS 0x0000000080a00000, 0x0000000080900000| Untracked 
|  10|0x0000000080a00000, 0x0000000080b00000, 0x0000000080b00000|100%| O|  |TAMS 0x0000000080b00000, 0x0000000080a00000| Untracked 
|  11|0x0000000080b00000, 0x0000000080c00000, 0x0000000080c00000|100%| O|  |TAMS 0x0000000080c00000, 0x0000000080b00000| Untracked 
|  12|0x0000000080c00000, 0x0000000080d00000, 0x0000000080d00000|100%| O|  |TAMS 0x0000000080d00000, 0x0000000080c00000| Untracked 
|  13|0x0000000080d00000, 0x0000000080e00000, 0x0000000080e00000|100%| O|  |TAMS 0x0000000080e00000, 0x0000000080d00000| Untracked 
|  14|0x0000000080e00000, 0x0000000080f00000, 0x0000000080f00000|100%| O|  |TAMS 0x0000000080f00000, 0x0000000080e00000| Untracked 
|  15|0x0000000080f00000, 0x0000000081000000, 0x0000000081000000|100%| O|  |TAMS 0x0000000081000000, 0x0000000080f00000| Untracked 
|  16|0x0000000081000000, 0x0000000081100000, 0x0000000081100000|100%| O|  |TAMS 0x0000000081100000, 0x0000000081000000| Untracked 
|  17|0x0000000081100000, 0x0000000081200000, 0x0000000081200000|100%| O|  |TAMS 0x0000000081200000, 0x0000000081100000| Untracked 
|  18|0x0000000081200000, 0x0000000081300000, 0x0000000081300000|100%|HS|  |TAMS 0x0000000081300000, 0x0000000081200000| Complete 
|  19|0x0000000081300000, 0x0000000081400000, 0x0000000081400000|100%|HC|  |TAMS 0x0000000081400000, 0x0000000081300000| Complete 
|  20|0x0000000081400000, 0x0000000081500000, 0x0000000081500000|100%|HS|  |TAMS 0x0000000081500000, 0x0000000081400000| Complete 
|  21|0x0000000081500000, 0x0000000081600000, 0x0000000081600000|100%|HC|  |TAMS 0x0000000081600000, 0x0000000081500000| Complete 
|  22|0x0000000081600000, 0x0000000081700000, 0x0000000081700000|100%|HC|  |TAMS 0x0000000081700000, 0x0000000081600000| Complete 
|  23|0x0000000081700000, 0x0000000081800000, 0x0000000081800000|100%|HS|  |TAMS 0x0000000081800000, 0x0000000081700000| Complete 
|  24|0x0000000081800000, 0x0000000081900000, 0x0000000081900000|100%|HS|  |TAMS 0x0000000081900000, 0x0000000081800000| Complete 
|  25|0x0000000081900000, 0x0000000081a00000, 0x0000000081a00000|100%|HC|  |TAMS 0x0000000081a00000, 0x0000000081900000| Complete 
|  26|0x0000000081a00000, 0x0000000081b00000, 0x0000000081b00000|100%|HC|  |TAMS 0x0000000081b00000, 0x0000000081a00000| Complete 
|  27|0x0000000081b00000, 0x0000000081c00000, 0x0000000081c00000|100%|HC|  |TAMS 0x0000000081c00000, 0x0000000081b00000| Complete 
|  28|0x0000000081c00000, 0x0000000081d00000, 0x0000000081d00000|100%| O|  |TAMS 0x0000000081d00000, 0x0000000081c00000| Untracked 
|  29|0x0000000081d00000, 0x0000000081e00000, 0x0000000081e00000|100%| O|  |TAMS 0x0000000081e00000, 0x0000000081d00000| Untracked 
|  30|0x0000000081e00000, 0x0000000081f00000, 0x0000000081f00000|100%| O|  |TAMS 0x0000000081f00000, 0x0000000081e00000| Untracked 
|  31|0x0000000081f00000, 0x0000000082000000, 0x0000000082000000|100%| O|  |TAMS 0x0000000082000000, 0x0000000081f00000| Untracked 
|  32|0x0000000082000000, 0x0000000082100000, 0x0000000082100000|100%| O|  |TAMS 0x0000000082100000, 0x0000000082000000| Untracked 
|  33|0x0000000082100000, 0x0000000082200000, 0x0000000082200000|100%| O|  |TAMS 0x0000000082200000, 0x0000000082100000| Untracked 
|  34|0x0000000082200000, 0x0000000082300000, 0x0000000082300000|100%| O|  |TAMS 0x0000000082300000, 0x0000000082200000| Untracked 
|  35|0x0000000082300000, 0x0000000082400000, 0x0000000082400000|100%| O|  |TAMS 0x0000000082400000, 0x0000000082300000| Untracked 
|  36|0x0000000082400000, 0x0000000082500000, 0x0000000082500000|100%| O|  |TAMS 0x0000000082500000, 0x0000000082400000| Untracked 
|  37|0x0000000082500000, 0x0000000082600000, 0x0000000082600000|100%| O|  |TAMS 0x0000000082600000, 0x0000000082500000| Untracked 
|  38|0x0000000082600000, 0x0000000082700000, 0x0000000082700000|100%| O|  |TAMS 0x0000000082700000, 0x0000000082600000| Untracked 
|  39|0x0000000082700000, 0x0000000082800000, 0x0000000082800000|100%| O|  |TAMS 0x0000000082800000, 0x0000000082700000| Untracked 
|  40|0x0000000082800000, 0x0000000082900000, 0x0000000082900000|100%| O|  |TAMS 0x0000000082900000, 0x0000000082800000| Untracked 
|  41|0x0000000082900000, 0x0000000082a00000, 0x0000000082a00000|100%| O|  |TAMS 0x0000000082a00000, 0x0000000082900000| Untracked 
|  42|0x0000000082a00000, 0x0000000082b00000, 0x0000000082b00000|100%| O|  |TAMS 0x0000000082b00000, 0x0000000082a00000| Untracked 
|  43|0x0000000082b00000, 0x0000000082c00000, 0x0000000082c00000|100%| O|  |TAMS 0x0000000082c00000, 0x0000000082b00000| Untracked 
|  44|0x0000000082c00000, 0x0000000082d00000, 0x0000000082d00000|100%| O|  |TAMS 0x0000000082c00000, 0x0000000082c00000| Untracked 
|  45|0x0000000082d00000, 0x0000000082e00000, 0x0000000082e00000|100%| O|  |TAMS 0x0000000082dde200, 0x0000000082d00000| Untracked 
|  46|0x0000000082e00000, 0x0000000082f00000, 0x0000000082f00000|100%| O|  |TAMS 0x0000000082e00000, 0x0000000082e00000| Untracked 
|  47|0x0000000082f00000, 0x0000000083000000, 0x0000000083000000|100%| O|  |TAMS 0x0000000082f00000, 0x0000000082f00000| Untracked 
|  48|0x0000000083000000, 0x0000000083100000, 0x0000000083100000|100%| O|  |TAMS 0x0000000083100000, 0x0000000083000000| Untracked 
|  49|0x0000000083100000, 0x0000000083200000, 0x0000000083200000|100%| O|  |TAMS 0x0000000083100000, 0x0000000083100000| Untracked 
|  50|0x0000000083200000, 0x0000000083300000, 0x0000000083300000|100%| O|  |TAMS 0x0000000083300000, 0x0000000083200000| Untracked 
|  51|0x0000000083300000, 0x0000000083400000, 0x0000000083400000|100%| O|  |TAMS 0x0000000083400000, 0x0000000083300000| Untracked 
|  52|0x0000000083400000, 0x0000000083500000, 0x0000000083500000|100%| O|  |TAMS 0x0000000083500000, 0x0000000083400000| Untracked 
|  53|0x0000000083500000, 0x0000000083600000, 0x0000000083600000|100%|HS|  |TAMS 0x0000000083500000, 0x0000000083500000| Complete 
|  54|0x0000000083600000, 0x0000000083700000, 0x0000000083700000|100%|HC|  |TAMS 0x0000000083600000, 0x0000000083600000| Complete 
|  55|0x0000000083700000, 0x0000000083800000, 0x0000000083800000|100%|HC|  |TAMS 0x0000000083700000, 0x0000000083700000| Complete 
|  56|0x0000000083800000, 0x0000000083900000, 0x0000000083900000|100%|HC|  |TAMS 0x0000000083800000, 0x0000000083800000| Complete 
|  57|0x0000000083900000, 0x0000000083a00000, 0x0000000083a00000|100%| O|  |TAMS 0x0000000083900000, 0x0000000083900000| Untracked 
|  58|0x0000000083a00000, 0x0000000083b00000, 0x0000000083b00000|100%| O|  |TAMS 0x0000000083a00000, 0x0000000083a00000| Untracked 
|  59|0x0000000083b00000, 0x0000000083c00000, 0x0000000083c00000|100%| O|  |TAMS 0x0000000083b00000, 0x0000000083b00000| Untracked 
|  60|0x0000000083c00000, 0x0000000083d00000, 0x0000000083d00000|100%| O|  |TAMS 0x0000000083c00000, 0x0000000083c00000| Untracked 
|  61|0x0000000083d00000, 0x0000000083e00000, 0x0000000083e00000|100%| O|  |TAMS 0x0000000083d00000, 0x0000000083d00000| Untracked 
|  62|0x0000000083e00000, 0x0000000083f00000, 0x0000000083f00000|100%|HS|  |TAMS 0x0000000083e00000, 0x0000000083e00000| Complete 
|  63|0x0000000083f00000, 0x0000000083f77000, 0x0000000084000000| 46%| O|  |TAMS 0x0000000083f00000, 0x0000000083f00000| Untracked 
|  64|0x0000000084000000, 0x0000000084000000, 0x0000000084100000|  0%| F|  |TAMS 0x0000000084000000, 0x0000000084000000| Untracked 
|  65|0x0000000084100000, 0x0000000084200000, 0x0000000084200000|100%| O|  |TAMS 0x0000000084100000, 0x0000000084100000| Untracked 
|  66|0x0000000084200000, 0x0000000084200000, 0x0000000084300000|  0%| F|  |TAMS 0x0000000084200000, 0x0000000084200000| Untracked 
|  67|0x0000000084300000, 0x0000000084300000, 0x0000000084400000|  0%| F|  |TAMS 0x0000000084300000, 0x0000000084300000| Untracked 
|  68|0x0000000084400000, 0x0000000084400000, 0x0000000084500000|  0%| F|  |TAMS 0x0000000084400000, 0x0000000084400000| Untracked 
|  69|0x0000000084500000, 0x0000000084600000, 0x0000000084600000|100%|HS|  |TAMS 0x0000000084500000, 0x0000000084500000| Complete 
|  70|0x0000000084600000, 0x0000000084700000, 0x0000000084700000|100%|HC|  |TAMS 0x0000000084600000, 0x0000000084600000| Complete 
|  71|0x0000000084700000, 0x0000000084800000, 0x0000000084800000|100%|HC|  |TAMS 0x0000000084700000, 0x0000000084700000| Complete 
|  72|0x0000000084800000, 0x0000000084800000, 0x0000000084900000|  0%| F|  |TAMS 0x0000000084800000, 0x0000000084800000| Untracked 
|  73|0x0000000084900000, 0x0000000084900000, 0x0000000084a00000|  0%| F|  |TAMS 0x0000000084900000, 0x0000000084900000| Untracked 
|  74|0x0000000084a00000, 0x0000000084a00000, 0x0000000084b00000|  0%| F|  |TAMS 0x0000000084a00000, 0x0000000084a00000| Untracked 
|  75|0x0000000084b00000, 0x0000000084b00000, 0x0000000084c00000|  0%| F|  |TAMS 0x0000000084b00000, 0x0000000084b00000| Untracked 
|  76|0x0000000084c00000, 0x0000000084c00000, 0x0000000084d00000|  0%| F|  |TAMS 0x0000000084c00000, 0x0000000084c00000| Untracked 
|  77|0x0000000084d00000, 0x0000000084d00000, 0x0000000084e00000|  0%| F|  |TAMS 0x0000000084d00000, 0x0000000084d00000| Untracked 
|  78|0x0000000084e00000, 0x0000000084e00000, 0x0000000084f00000|  0%| F|  |TAMS 0x0000000084e00000, 0x0000000084e00000| Untracked 
|  79|0x0000000084f00000, 0x0000000084f00000, 0x0000000085000000|  0%| F|  |TAMS 0x0000000084f00000, 0x0000000084f00000| Untracked 
|  80|0x0000000085000000, 0x0000000085000000, 0x0000000085100000|  0%| F|  |TAMS 0x0000000085000000, 0x0000000085000000| Untracked 
|  81|0x0000000085100000, 0x0000000085100000, 0x0000000085200000|  0%| F|  |TAMS 0x0000000085100000, 0x0000000085100000| Untracked 
|  82|0x0000000085200000, 0x0000000085200000, 0x0000000085300000|  0%| F|  |TAMS 0x0000000085200000, 0x0000000085200000| Untracked 
|  83|0x0000000085300000, 0x0000000085300000, 0x0000000085400000|  0%| F|  |TAMS 0x0000000085300000, 0x0000000085300000| Untracked 
|  84|0x0000000085400000, 0x00000000854ae768, 0x0000000085500000| 68%| S|CS|TAMS 0x0000000085400000, 0x0000000085400000| Complete 
|  85|0x0000000085500000, 0x0000000085600000, 0x0000000085600000|100%| S|CS|TAMS 0x0000000085500000, 0x0000000085500000| Complete 
|  86|0x0000000085600000, 0x0000000085700000, 0x0000000085700000|100%| S|CS|TAMS 0x0000000085600000, 0x0000000085600000| Complete 
|  87|0x0000000085700000, 0x0000000085800000, 0x0000000085800000|100%| S|CS|TAMS 0x0000000085700000, 0x0000000085700000| Complete 
|  88|0x0000000085800000, 0x0000000085800000, 0x0000000085900000|  0%| F|  |TAMS 0x0000000085800000, 0x0000000085800000| Untracked 
|  89|0x0000000085900000, 0x0000000085900000, 0x0000000085a00000|  0%| F|  |TAMS 0x0000000085900000, 0x0000000085900000| Untracked 
|  90|0x0000000085a00000, 0x0000000085b00000, 0x0000000085b00000|100%| S|CS|TAMS 0x0000000085a00000, 0x0000000085a00000| Complete 
|  91|0x0000000085b00000, 0x0000000085c00000, 0x0000000085c00000|100%| S|CS|TAMS 0x0000000085b00000, 0x0000000085b00000| Complete 
|  92|0x0000000085c00000, 0x0000000085c00000, 0x0000000085d00000|  0%| F|  |TAMS 0x0000000085c00000, 0x0000000085c00000| Untracked 
|  93|0x0000000085d00000, 0x0000000085d00000, 0x0000000085e00000|  0%| F|  |TAMS 0x0000000085d00000, 0x0000000085d00000| Untracked 
|  94|0x0000000085e00000, 0x0000000085e00000, 0x0000000085f00000|  0%| F|  |TAMS 0x0000000085e00000, 0x0000000085e00000| Untracked 
|  95|0x0000000085f00000, 0x0000000085f00000, 0x0000000086000000|  0%| F|  |TAMS 0x0000000085f00000, 0x0000000085f00000| Untracked 
|  96|0x0000000086000000, 0x0000000086000000, 0x0000000086100000|  0%| F|  |TAMS 0x0000000086000000, 0x0000000086000000| Untracked 
|  97|0x0000000086100000, 0x0000000086100000, 0x0000000086200000|  0%| F|  |TAMS 0x0000000086100000, 0x0000000086100000| Untracked 
|  98|0x0000000086200000, 0x0000000086200000, 0x0000000086300000|  0%| F|  |TAMS 0x0000000086200000, 0x0000000086200000| Untracked 
|  99|0x0000000086300000, 0x0000000086300000, 0x0000000086400000|  0%| F|  |TAMS 0x0000000086300000, 0x0000000086300000| Untracked 
| 100|0x0000000086400000, 0x0000000086400000, 0x0000000086500000|  0%| F|  |TAMS 0x0000000086400000, 0x0000000086400000| Untracked 
| 101|0x0000000086500000, 0x0000000086500000, 0x0000000086600000|  0%| F|  |TAMS 0x0000000086500000, 0x0000000086500000| Untracked 
| 102|0x0000000086600000, 0x0000000086600000, 0x0000000086700000|  0%| F|  |TAMS 0x0000000086600000, 0x0000000086600000| Untracked 
| 103|0x0000000086700000, 0x0000000086700000, 0x0000000086800000|  0%| F|  |TAMS 0x0000000086700000, 0x0000000086700000| Untracked 
| 104|0x0000000086800000, 0x0000000086800000, 0x0000000086900000|  0%| F|  |TAMS 0x0000000086800000, 0x0000000086800000| Untracked 
| 105|0x0000000086900000, 0x0000000086900000, 0x0000000086a00000|  0%| F|  |TAMS 0x0000000086900000, 0x0000000086900000| Untracked 
| 106|0x0000000086a00000, 0x0000000086a00000, 0x0000000086b00000|  0%| F|  |TAMS 0x0000000086a00000, 0x0000000086a00000| Untracked 
| 107|0x0000000086b00000, 0x0000000086b00000, 0x0000000086c00000|  0%| F|  |TAMS 0x0000000086b00000, 0x0000000086b00000| Untracked 
| 108|0x0000000086c00000, 0x0000000086c00000, 0x0000000086d00000|  0%| F|  |TAMS 0x0000000086c00000, 0x0000000086c00000| Untracked 
| 109|0x0000000086d00000, 0x0000000086d00000, 0x0000000086e00000|  0%| F|  |TAMS 0x0000000086d00000, 0x0000000086d00000| Untracked 
| 110|0x0000000086e00000, 0x0000000086e00000, 0x0000000086f00000|  0%| F|  |TAMS 0x0000000086e00000, 0x0000000086e00000| Untracked 
| 111|0x0000000086f00000, 0x0000000086f00000, 0x0000000087000000|  0%| F|  |TAMS 0x0000000086f00000, 0x0000000086f00000| Untracked 
| 112|0x0000000087000000, 0x0000000087000000, 0x0000000087100000|  0%| F|  |TAMS 0x0000000087000000, 0x0000000087000000| Untracked 
| 113|0x0000000087100000, 0x0000000087100000, 0x0000000087200000|  0%| F|  |TAMS 0x0000000087100000, 0x0000000087100000| Untracked 
| 114|0x0000000087200000, 0x0000000087200000, 0x0000000087300000|  0%| F|  |TAMS 0x0000000087200000, 0x0000000087200000| Untracked 
| 115|0x0000000087300000, 0x0000000087300000, 0x0000000087400000|  0%| F|  |TAMS 0x0000000087300000, 0x0000000087300000| Untracked 
| 116|0x0000000087400000, 0x0000000087400000, 0x0000000087500000|  0%| F|  |TAMS 0x0000000087400000, 0x0000000087400000| Untracked 
| 117|0x0000000087500000, 0x0000000087500000, 0x0000000087600000|  0%| F|  |TAMS 0x0000000087500000, 0x0000000087500000| Untracked 
| 118|0x0000000087600000, 0x0000000087600000, 0x0000000087700000|  0%| F|  |TAMS 0x0000000087600000, 0x0000000087600000| Untracked 
| 119|0x0000000087700000, 0x0000000087700000, 0x0000000087800000|  0%| F|  |TAMS 0x0000000087700000, 0x0000000087700000| Untracked 
| 120|0x0000000087800000, 0x0000000087800000, 0x0000000087900000|  0%| F|  |TAMS 0x0000000087800000, 0x0000000087800000| Untracked 
| 121|0x0000000087900000, 0x0000000087900000, 0x0000000087a00000|  0%| F|  |TAMS 0x0000000087900000, 0x0000000087900000| Untracked 
| 122|0x0000000087a00000, 0x0000000087a00000, 0x0000000087b00000|  0%| F|  |TAMS 0x0000000087a00000, 0x0000000087a00000| Untracked 
| 123|0x0000000087b00000, 0x0000000087b00000, 0x0000000087c00000|  0%| F|  |TAMS 0x0000000087b00000, 0x0000000087b00000| Untracked 
| 124|0x0000000087c00000, 0x0000000087c00000, 0x0000000087d00000|  0%| F|  |TAMS 0x0000000087c00000, 0x0000000087c00000| Untracked 
| 125|0x0000000087d00000, 0x0000000087d00000, 0x0000000087e00000|  0%| F|  |TAMS 0x0000000087d00000, 0x0000000087d00000| Untracked 
| 126|0x0000000087e00000, 0x0000000087e00000, 0x0000000087f00000|  0%| F|  |TAMS 0x0000000087e00000, 0x0000000087e00000| Untracked 
| 127|0x0000000087f00000, 0x0000000087f00000, 0x0000000088000000|  0%| F|  |TAMS 0x0000000087f00000, 0x0000000087f00000| Untracked 
| 128|0x0000000088000000, 0x0000000088000000, 0x0000000088100000|  0%| F|  |TAMS 0x0000000088000000, 0x0000000088000000| Untracked 
| 129|0x0000000088100000, 0x0000000088100000, 0x0000000088200000|  0%| F|  |TAMS 0x0000000088100000, 0x0000000088100000| Untracked 
| 130|0x0000000088200000, 0x0000000088200000, 0x0000000088300000|  0%| F|  |TAMS 0x0000000088200000, 0x0000000088200000| Untracked 
| 131|0x0000000088300000, 0x0000000088300000, 0x0000000088400000|  0%| F|  |TAMS 0x0000000088300000, 0x0000000088300000| Untracked 
| 132|0x0000000088400000, 0x0000000088400000, 0x0000000088500000|  0%| F|  |TAMS 0x0000000088400000, 0x0000000088400000| Untracked 
| 133|0x0000000088500000, 0x0000000088500000, 0x0000000088600000|  0%| F|  |TAMS 0x0000000088500000, 0x0000000088500000| Untracked 
| 134|0x0000000088600000, 0x0000000088600000, 0x0000000088700000|  0%| F|  |TAMS 0x0000000088600000, 0x0000000088600000| Untracked 
| 135|0x0000000088700000, 0x0000000088700000, 0x0000000088800000|  0%| F|  |TAMS 0x0000000088700000, 0x0000000088700000| Untracked 
| 136|0x0000000088800000, 0x0000000088800000, 0x0000000088900000|  0%| F|  |TAMS 0x0000000088800000, 0x0000000088800000| Untracked 
| 137|0x0000000088900000, 0x0000000088900000, 0x0000000088a00000|  0%| F|  |TAMS 0x0000000088900000, 0x0000000088900000| Untracked 
| 138|0x0000000088a00000, 0x0000000088a00000, 0x0000000088b00000|  0%| F|  |TAMS 0x0000000088a00000, 0x0000000088a00000| Untracked 
| 139|0x0000000088b00000, 0x0000000088b00000, 0x0000000088c00000|  0%| F|  |TAMS 0x0000000088b00000, 0x0000000088b00000| Untracked 
| 140|0x0000000088c00000, 0x0000000088c00000, 0x0000000088d00000|  0%| F|  |TAMS 0x0000000088c00000, 0x0000000088c00000| Untracked 
| 141|0x0000000088d00000, 0x0000000088d00000, 0x0000000088e00000|  0%| F|  |TAMS 0x0000000088d00000, 0x0000000088d00000| Untracked 
| 142|0x0000000088e00000, 0x0000000088e00000, 0x0000000088f00000|  0%| F|  |TAMS 0x0000000088e00000, 0x0000000088e00000| Untracked 
| 143|0x0000000088f00000, 0x0000000088f00000, 0x0000000089000000|  0%| F|  |TAMS 0x0000000088f00000, 0x0000000088f00000| Untracked 
| 144|0x0000000089000000, 0x0000000089000000, 0x0000000089100000|  0%| F|  |TAMS 0x0000000089000000, 0x0000000089000000| Untracked 
| 145|0x0000000089100000, 0x0000000089100000, 0x0000000089200000|  0%| F|  |TAMS 0x0000000089100000, 0x0000000089100000| Untracked 
| 146|0x0000000089200000, 0x0000000089200000, 0x0000000089300000|  0%| F|  |TAMS 0x0000000089200000, 0x0000000089200000| Untracked 
| 147|0x0000000089300000, 0x0000000089300000, 0x0000000089400000|  0%| F|  |TAMS 0x0000000089300000, 0x0000000089300000| Untracked 
| 148|0x0000000089400000, 0x0000000089400000, 0x0000000089500000|  0%| F|  |TAMS 0x0000000089400000, 0x0000000089400000| Untracked 
| 149|0x0000000089500000, 0x0000000089500000, 0x0000000089600000|  0%| F|  |TAMS 0x0000000089500000, 0x0000000089500000| Untracked 
| 150|0x0000000089600000, 0x0000000089600000, 0x0000000089700000|  0%| F|  |TAMS 0x0000000089600000, 0x0000000089600000| Untracked 
| 151|0x0000000089700000, 0x0000000089700000, 0x0000000089800000|  0%| F|  |TAMS 0x0000000089700000, 0x0000000089700000| Untracked 
| 152|0x0000000089800000, 0x0000000089800000, 0x0000000089900000|  0%| F|  |TAMS 0x0000000089800000, 0x0000000089800000| Untracked 
| 153|0x0000000089900000, 0x0000000089900000, 0x0000000089a00000|  0%| F|  |TAMS 0x0000000089900000, 0x0000000089900000| Untracked 
| 154|0x0000000089a00000, 0x0000000089a00000, 0x0000000089b00000|  0%| F|  |TAMS 0x0000000089a00000, 0x0000000089a00000| Untracked 
| 155|0x0000000089b00000, 0x0000000089b00000, 0x0000000089c00000|  0%| F|  |TAMS 0x0000000089b00000, 0x0000000089b00000| Untracked 
| 156|0x0000000089c00000, 0x0000000089c00000, 0x0000000089d00000|  0%| F|  |TAMS 0x0000000089c00000, 0x0000000089c00000| Untracked 
| 157|0x0000000089d00000, 0x0000000089d00000, 0x0000000089e00000|  0%| F|  |TAMS 0x0000000089d00000, 0x0000000089d00000| Untracked 
| 158|0x0000000089e00000, 0x0000000089e00000, 0x0000000089f00000|  0%| F|  |TAMS 0x0000000089e00000, 0x0000000089e00000| Untracked 
| 159|0x0000000089f00000, 0x0000000089f00000, 0x000000008a000000|  0%| F|  |TAMS 0x0000000089f00000, 0x0000000089f00000| Untracked 
| 160|0x000000008a000000, 0x000000008a000000, 0x000000008a100000|  0%| F|  |TAMS 0x000000008a000000, 0x000000008a000000| Untracked 
| 161|0x000000008a100000, 0x000000008a100000, 0x000000008a200000|  0%| F|  |TAMS 0x000000008a100000, 0x000000008a100000| Untracked 
| 162|0x000000008a200000, 0x000000008a200000, 0x000000008a300000|  0%| F|  |TAMS 0x000000008a200000, 0x000000008a200000| Untracked 
| 163|0x000000008a300000, 0x000000008a300000, 0x000000008a400000|  0%| F|  |TAMS 0x000000008a300000, 0x000000008a300000| Untracked 
| 164|0x000000008a400000, 0x000000008a400000, 0x000000008a500000|  0%| F|  |TAMS 0x000000008a400000, 0x000000008a400000| Untracked 
| 165|0x000000008a500000, 0x000000008a500000, 0x000000008a600000|  0%| F|  |TAMS 0x000000008a500000, 0x000000008a500000| Untracked 
| 166|0x000000008a600000, 0x000000008a600000, 0x000000008a700000|  0%| F|  |TAMS 0x000000008a600000, 0x000000008a600000| Untracked 
| 167|0x000000008a700000, 0x000000008a700000, 0x000000008a800000|  0%| F|  |TAMS 0x000000008a700000, 0x000000008a700000| Untracked 
| 168|0x000000008a800000, 0x000000008a800000, 0x000000008a900000|  0%| F|  |TAMS 0x000000008a800000, 0x000000008a800000| Untracked 
| 169|0x000000008a900000, 0x000000008a900000, 0x000000008aa00000|  0%| F|  |TAMS 0x000000008a900000, 0x000000008a900000| Untracked 

Card table byte_map: [0x000002d1b1740000,0x000002d1b1b40000] _byte_map_base: 0x000002d1b1340000

Marking Bits (Prev, Next): (CMBitMap*) 0x000002d19e875c80, (CMBitMap*) 0x000002d19e875c48
 Prev Bits: [0x000002d1b3f40000, 0x000002d1b5f40000)
 Next Bits: [0x000002d1b1f40000, 0x000002d1b3f40000)

Polling page: 0x000002d19c6f0000

Metaspace:

Usage:
  Non-class:     44.23 MB capacity,    43.41 MB ( 98%) used,   696.45 KB (  2%) free+waste,   142.25 KB ( <1%) overhead. 
      Class:      6.93 MB capacity,     6.42 MB ( 93%) used,   456.41 KB (  6%) free+waste,    68.25 KB ( <1%) overhead. 
       Both:     51.16 MB capacity,    49.83 MB ( 97%) used,     1.13 MB (  2%) free+waste,   210.50 KB ( <1%) overhead. 

Virtual space:
  Non-class space:       46.00 MB reserved,      44.25 MB ( 96%) committed 
      Class space:        1.00 GB reserved,       7.00 MB ( <1%) committed 
             Both:        1.04 GB reserved,      51.25 MB (  5%) committed 

Chunk freelists:
   Non-Class:  22.00 KB
       Class:  0 bytes
        Both:  22.00 KB

MaxMetaspaceSize: 17179869184.00 GB
CompressedClassSpaceSize: 1.00 GB
Initial GC threshold: 20.80 MB
Current GC threshold: 83.96 MB
CDS: off

CodeHeap 'non-profiled nmethods': size=120064Kb used=4853Kb max_used=4853Kb free=115210Kb
 bounds [0x000002d1a9e00000, 0x000002d1aa2c0000, 0x000002d1b1340000]
CodeHeap 'profiled nmethods': size=120000Kb used=14338Kb max_used=14338Kb free=105662Kb
 bounds [0x000002d1a28d0000, 0x000002d1a36e0000, 0x000002d1a9e00000]
CodeHeap 'non-nmethods': size=5696Kb used=2307Kb max_used=2379Kb free=3388Kb
 bounds [0x000002d1a2340000, 0x000002d1a25b0000, 0x000002d1a28d0000]
 total_blobs=7031 nmethods=6227 adapters=716
 compilation: enabled
              stopped_count=0, restarted_count=0
 full_count=0

Compilation events (20 events):
Event: 56.175 Thread 0x000002d1b845e000 6368       3       org.objectweb.asm.ClassReader::readMethod (1066 bytes)
Event: 56.183 Thread 0x000002d1b845e000 nmethod 6368 0x000002d1a36c6990 code [0x000002d1a36c7100, 0x000002d1a36cc1b8]
Event: 56.303 Thread 0x000002d1b845e000 6370       2       java.io.BufferedInputStream::getInIfOpen (21 bytes)
Event: 56.303 Thread 0x000002d1b845e000 nmethod 6370 0x000002d1a36ce710 code [0x000002d1a36ce8c0, 0x000002d1a36cea68]
Event: 56.309 Thread 0x000002d1b845e000 6371       2       org.gradle.internal.serialize.InputStreamBackedDecoder::readString (8 bytes)
Event: 56.310 Thread 0x000002d1b845e000 nmethod 6371 0x000002d1a36ceb10 code [0x000002d1a36cecc0, 0x000002d1a36cede8]
Event: 56.810 Thread 0x000002d1b845c800 nmethod 6318 0x000002d1aa2a0d90 code [0x000002d1aa2a1740, 0x000002d1aa2ab4a8]
Event: 56.811 Thread 0x000002d1b845c800 6366       4       org.objectweb.asm.ClassWriter::toByteArray (1535 bytes)
Event: 56.976 Thread 0x000002d1b845e000 6375       2       org.objectweb.asm.MethodVisitor::visitAnnotationDefault (17 bytes)
Event: 56.977 Thread 0x000002d1b845e000 nmethod 6375 0x000002d1a36cef10 code [0x000002d1a36cf0c0, 0x000002d1a36cf208]
Event: 57.081 Thread 0x000002d1b845e000 6376       2       org.objectweb.asm.ClassVisitor::visitNestHost (35 bytes)
Event: 57.081 Thread 0x000002d1b845e000 nmethod 6376 0x000002d1a36cf290 code [0x000002d1a36cf460, 0x000002d1a36cf658]
Event: 57.115 Thread 0x000002d1b845c800 nmethod 6366 0x000002d1aa2b2210 code [0x000002d1aa2b2a40, 0x000002d1aa2b9018]
Event: 57.115 Thread 0x000002d1b845c800 6305       4       org.objectweb.asm.ClassReader::accept (1412 bytes)
Event: 57.191 Thread 0x000002d1b845e000 6377       2       org.objectweb.asm.ClassWriter::visitNestMember (48 bytes)
Event: 57.191 Thread 0x000002d1b845e000 nmethod 6377 0x000002d1a36cf790 code [0x000002d1a36cf960, 0x000002d1a36cfc98]
Event: 57.284 Thread 0x000002d1b845e000 6378       2       org.objectweb.asm.ClassWriter::visitNestHost (16 bytes)
Event: 57.284 Thread 0x000002d1b845e000 nmethod 6378 0x000002d1a36cfe10 code [0x000002d1a36cffc0, 0x000002d1a36d0108]
Event: 57.486 Thread 0x000002d1b845e000 6379       2       org.objectweb.asm.MethodWriter::visitAnnotationDefault (29 bytes)
Event: 57.487 Thread 0x000002d1b845e000 nmethod 6379 0x000002d1a36d0210 code [0x000002d1a36d03e0, 0x000002d1a36d0728]

GC Heap History (20 events):
Event: 51.700 GC heap after
{Heap after GC invocations=76 (full 0):
 garbage-first heap   total 174080K, used 66424K [0x0000000080000000, 0x0000000100000000)
  region size 1024K, 4 young (4096K), 4 survivors (4096K)
 Metaspace       used 50495K, capacity 51793K, committed 51840K, reserved 1093632K
  class space    used 6527K, capacity 7037K, committed 7040K, reserved 1048576K
}
Event: 51.929 GC heap before
{Heap before GC invocations=76 (full 0):
 garbage-first heap   total 174080K, used 147320K [0x0000000080000000, 0x0000000100000000)
  region size 1024K, 83 young (84992K), 4 survivors (4096K)
 Metaspace       used 50497K, capacity 51857K, committed 52096K, reserved 1093632K
  class space    used 6527K, capacity 7037K, committed 7040K, reserved 1048576K
}
Event: 51.934 GC heap after
{Heap after GC invocations=77 (full 0):
 garbage-first heap   total 174080K, used 67554K [0x0000000080000000, 0x0000000100000000)
  region size 1024K, 5 young (5120K), 5 survivors (5120K)
 Metaspace       used 50497K, capacity 51857K, committed 52096K, reserved 1093632K
  class space    used 6527K, capacity 7037K, committed 7040K, reserved 1048576K
}
Event: 52.520 GC heap before
{Heap before GC invocations=77 (full 0):
 garbage-first heap   total 174080K, used 148450K [0x0000000080000000, 0x0000000100000000)
  region size 1024K, 84 young (86016K), 5 survivors (5120K)
 Metaspace       used 50497K, capacity 51857K, committed 52096K, reserved 1093632K
  class space    used 6527K, capacity 7037K, committed 7040K, reserved 1048576K
}
Event: 52.530 GC heap after
{Heap after GC invocations=78 (full 0):
 garbage-first heap   total 174080K, used 69146K [0x0000000080000000, 0x0000000100000000)
  region size 1024K, 7 young (7168K), 7 survivors (7168K)
 Metaspace       used 50497K, capacity 51857K, committed 52096K, reserved 1093632K
  class space    used 6527K, capacity 7037K, committed 7040K, reserved 1048576K
}
Event: 53.432 GC heap before
{Heap before GC invocations=78 (full 0):
 garbage-first heap   total 174080K, used 153114K [0x0000000080000000, 0x0000000100000000)
  region size 1024K, 85 young (87040K), 7 survivors (7168K)
 Metaspace       used 50664K, capacity 51968K, committed 52224K, reserved 1093632K
  class space    used 6539K, capacity 7048K, committed 7168K, reserved 1048576K
}
Event: 53.439 GC heap after
{Heap after GC invocations=79 (full 0):
 garbage-first heap   total 174080K, used 65744K [0x0000000080000000, 0x0000000100000000)
  region size 1024K, 3 young (3072K), 3 survivors (3072K)
 Metaspace       used 50664K, capacity 51968K, committed 52224K, reserved 1093632K
  class space    used 6539K, capacity 7048K, committed 7168K, reserved 1048576K
}
Event: 54.210 GC heap before
{Heap before GC invocations=79 (full 0):
 garbage-first heap   total 174080K, used 147664K [0x0000000080000000, 0x0000000100000000)
  region size 1024K, 83 young (84992K), 3 survivors (3072K)
 Metaspace       used 50993K, capacity 52326K, committed 52480K, reserved 1095680K
  class space    used 6573K, capacity 7100K, committed 7168K, reserved 1048576K
}
Event: 54.222 GC heap after
{Heap after GC invocations=80 (full 0):
 garbage-first heap   total 174080K, used 66980K [0x0000000080000000, 0x0000000100000000)
  region size 1024K, 4 young (4096K), 4 survivors (4096K)
 Metaspace       used 50993K, capacity 52326K, committed 52480K, reserved 1095680K
  class space    used 6573K, capacity 7100K, committed 7168K, reserved 1048576K
}
Event: 54.695 GC heap before
{Heap before GC invocations=80 (full 0):
 garbage-first heap   total 174080K, used 154020K [0x0000000080000000, 0x0000000100000000)
  region size 1024K, 84 young (86016K), 4 survivors (4096K)
 Metaspace       used 51012K, capacity 52390K, committed 52480K, reserved 1095680K
  class space    used 6575K, capacity 7100K, committed 7168K, reserved 1048576K
}
Event: 54.704 GC heap after
{Heap after GC invocations=81 (full 0):
 garbage-first heap   total 174080K, used 72216K [0x0000000080000000, 0x0000000100000000)
  region size 1024K, 5 young (5120K), 5 survivors (5120K)
 Metaspace       used 51012K, capacity 52390K, committed 52480K, reserved 1095680K
  class space    used 6575K, capacity 7100K, committed 7168K, reserved 1048576K
}
Event: 55.042 GC heap before
{Heap before GC invocations=81 (full 0):
 garbage-first heap   total 174080K, used 153112K [0x0000000080000000, 0x0000000100000000)
  region size 1024K, 82 young (83968K), 5 survivors (5120K)
 Metaspace       used 51023K, capacity 52390K, committed 52480K, reserved 1095680K
  class space    used 6575K, capacity 7100K, committed 7168K, reserved 1048576K
}
Event: 55.049 GC heap after
{Heap after GC invocations=82 (full 0):
 garbage-first heap   total 174080K, used 72561K [0x0000000080000000, 0x0000000100000000)
  region size 1024K, 6 young (6144K), 6 survivors (6144K)
 Metaspace       used 51023K, capacity 52390K, committed 52480K, reserved 1095680K
  class space    used 6575K, capacity 7100K, committed 7168K, reserved 1048576K
}
Event: 55.441 GC heap before
{Heap before GC invocations=82 (full 0):
 garbage-first heap   total 174080K, used 149361K [0x0000000080000000, 0x0000000100000000)
  region size 1024K, 81 young (82944K), 6 survivors (6144K)
 Metaspace       used 51023K, capacity 52390K, committed 52480K, reserved 1095680K
  class space    used 6575K, capacity 7100K, committed 7168K, reserved 1048576K
}
Event: 55.452 GC heap after
{Heap after GC invocations=83 (full 0):
 garbage-first heap   total 174080K, used 72931K [0x0000000080000000, 0x0000000100000000)
  region size 1024K, 6 young (6144K), 6 survivors (6144K)
 Metaspace       used 51023K, capacity 52390K, committed 52480K, reserved 1095680K
  class space    used 6575K, capacity 7100K, committed 7168K, reserved 1048576K
}
Event: 56.203 GC heap before
{Heap before GC invocations=83 (full 0):
 garbage-first heap   total 174080K, used 149731K [0x0000000080000000, 0x0000000100000000)
  region size 1024K, 81 young (82944K), 6 survivors (6144K)
 Metaspace       used 51023K, capacity 52390K, committed 52480K, reserved 1095680K
  class space    used 6575K, capacity 7100K, committed 7168K, reserved 1048576K
}
Event: 56.214 GC heap after
{Heap after GC invocations=84 (full 0):
 garbage-first heap   total 174080K, used 73452K [0x0000000080000000, 0x0000000100000000)
  region size 1024K, 7 young (7168K), 7 survivors (7168K)
 Metaspace       used 51023K, capacity 52390K, committed 52480K, reserved 1095680K
  class space    used 6575K, capacity 7100K, committed 7168K, reserved 1048576K
}
Event: 56.956 GC heap before
{Heap before GC invocations=84 (full 0):
 garbage-first heap   total 174080K, used 148204K [0x0000000080000000, 0x0000000100000000)
  region size 1024K, 80 young (81920K), 7 survivors (7168K)
 Metaspace       used 51024K, capacity 52390K, committed 52480K, reserved 1095680K
  class space    used 6575K, capacity 7100K, committed 7168K, reserved 1048576K
}
Event: 56.969 GC heap after
{Heap after GC invocations=85 (full 0):
 garbage-first heap   total 174080K, used 73800K [0x0000000080000000, 0x0000000100000000)
  region size 1024K, 6 young (6144K), 6 survivors (6144K)
 Metaspace       used 51024K, capacity 52390K, committed 52480K, reserved 1095680K
  class space    used 6575K, capacity 7100K, committed 7168K, reserved 1048576K
}
Event: 57.533 GC heap before
{Heap before GC invocations=85 (full 0):
 garbage-first heap   total 174080K, used 149576K [0x0000000080000000, 0x0000000100000000)
  region size 1024K, 80 young (81920K), 6 survivors (6144K)
 Metaspace       used 51026K, capacity 52390K, committed 52480K, reserved 1095680K
  class space    used 6575K, capacity 7100K, committed 7168K, reserved 1048576K
}

Deoptimization events (20 events):
Event: 56.128 Thread 0x000002d1b9087800 DEOPT PACKING pc=0x000002d1a351d68f sp=0x000000d54eefe020
Event: 56.128 Thread 0x000002d1b9087800 DEOPT UNPACKING pc=0x000002d1a238a95e sp=0x000000d54eefd6a0 mode 0
Event: 56.159 Thread 0x000002d1b9087800 Uncommon trap: trap_request=0xffffff4d fr.pc=0x000002d1aa29941c relative=0x00000000000056dc
Event: 56.159 Thread 0x000002d1b9087800 Uncommon trap: reason=unstable_if action=reinterpret pc=0x000002d1aa29941c method=org.gradle.internal.classpath.InstrumentingTransformer$InstrumentingVisitor.visitMethod(ILjava/lang/String;Ljava/lang/String;Ljava/lang/String;[Ljava/lang/String;)Lorg/objec
Event: 56.159 Thread 0x000002d1b9087800 DEOPT PACKING pc=0x000002d1aa29941c sp=0x000000d54eefe380
Event: 56.159 Thread 0x000002d1b9087800 DEOPT UNPACKING pc=0x000002d1a238a1af sp=0x000000d54eefe2e8 mode 2
Event: 56.184 Thread 0x000002d1b9087800 DEOPT PACKING pc=0x000002d1a351d68f sp=0x000000d54eefdf50
Event: 56.184 Thread 0x000002d1b9087800 DEOPT UNPACKING pc=0x000002d1a238a95e sp=0x000000d54eefd5d0 mode 0
Event: 56.266 Thread 0x000002d1b9086000 DEOPT PACKING pc=0x000002d1a351d68f sp=0x000000d54edfdf60
Event: 56.266 Thread 0x000002d1b9086000 DEOPT UNPACKING pc=0x000002d1a238a95e sp=0x000000d54edfd5e0 mode 0
Event: 56.278 Thread 0x000002d1b9086000 DEOPT PACKING pc=0x000002d1a351d68f sp=0x000000d54edfdf60
Event: 56.278 Thread 0x000002d1b9086000 DEOPT UNPACKING pc=0x000002d1a238a95e sp=0x000000d54edfd5e0 mode 0
Event: 56.306 Thread 0x000002d1b9087800 DEOPT PACKING pc=0x000002d1a351d68f sp=0x000000d54eefdf50
Event: 56.306 Thread 0x000002d1b9087800 DEOPT UNPACKING pc=0x000002d1a238a95e sp=0x000000d54eefd5d0 mode 0
Event: 56.315 Thread 0x000002d1b9086000 DEOPT PACKING pc=0x000002d1a351d68f sp=0x000000d54edfdf60
Event: 56.315 Thread 0x000002d1b9086000 DEOPT UNPACKING pc=0x000002d1a238a95e sp=0x000000d54edfd5e0 mode 0
Event: 56.369 Thread 0x000002d1b9087800 DEOPT PACKING pc=0x000002d1a351d68f sp=0x000000d54eefdf50
Event: 56.369 Thread 0x000002d1b9087800 DEOPT UNPACKING pc=0x000002d1a238a95e sp=0x000000d54eefd5d0 mode 0
Event: 56.595 Thread 0x000002d1b9087800 DEOPT PACKING pc=0x000002d1a351d68f sp=0x000000d54eefdf50
Event: 56.595 Thread 0x000002d1b9087800 DEOPT UNPACKING pc=0x000002d1a238a95e sp=0x000000d54eefd5d0 mode 0

Classes redefined (0 events):
No events

Internal exceptions (20 events):
Event: 54.480 Thread 0x000002d1b9e46800 Exception <a 'sun/nio/fs/WindowsException'{0x00000000885fab08}> (0x00000000885fab08) thrown at [./src/hotspot/share/prims/jni.cpp, line 615]
Event: 54.496 Thread 0x000002d1b9e46800 Exception <a 'sun/nio/fs/WindowsException'{0x00000000885fad38}> (0x00000000885fad38) thrown at [./src/hotspot/share/prims/jni.cpp, line 615]
Event: 54.522 Thread 0x000002d1b9e46800 Exception <a 'sun/nio/fs/WindowsException'{0x0000000087f77d08}> (0x0000000087f77d08) thrown at [./src/hotspot/share/prims/jni.cpp, line 615]
Event: 54.580 Thread 0x000002d1b908b000 Exception <a 'sun/nio/fs/WindowsException'{0x0000000086f10a90}> (0x0000000086f10a90) thrown at [./src/hotspot/share/prims/jni.cpp, line 615]
Event: 54.581 Thread 0x000002d1b9086000 Exception <a 'sun/nio/fs/WindowsException'{0x0000000086c7a328}> (0x0000000086c7a328) thrown at [./src/hotspot/share/prims/jni.cpp, line 615]
Event: 54.583 Thread 0x000002d1b908b000 Exception <a 'sun/nio/fs/WindowsException'{0x0000000086f10c48}> (0x0000000086f10c48) thrown at [./src/hotspot/share/prims/jni.cpp, line 615]
Event: 54.605 Thread 0x000002d1b9086000 Exception <a 'sun/nio/fs/WindowsException'{0x0000000086c7a4e8}> (0x0000000086c7a4e8) thrown at [./src/hotspot/share/prims/jni.cpp, line 615]
Event: 54.634 Thread 0x000002d1b908b000 Exception <a 'sun/nio/fs/WindowsException'{0x00000000866c0658}> (0x00000000866c0658) thrown at [./src/hotspot/share/prims/jni.cpp, line 615]
Event: 54.665 Thread 0x000002d1b908b000 Implicit null exception at 0x000002d1aa0bdb80 to 0x000002d1aa0be484
Event: 54.666 Thread 0x000002d1b908b000 Implicit null exception at 0x000002d1aa1a1c68 to 0x000002d1aa1a251c
Event: 54.668 Thread 0x000002d1b908b000 Implicit null exception at 0x000002d1aa1c5bc8 to 0x000002d1aa1c63bc
Event: 54.756 Thread 0x000002d1b9086000 Implicit null exception at 0x000002d1a9e74b28 to 0x000002d1a9e75c14
Event: 54.771 Thread 0x000002d1b9086000 Exception <a 'sun/nio/fs/WindowsException'{0x00000000897ebb68}> (0x00000000897ebb68) thrown at [./src/hotspot/share/prims/jni.cpp, line 615]
Event: 54.779 Thread 0x000002d1b908b000 Exception <a 'sun/nio/fs/WindowsException'{0x00000000895a2d30}> (0x00000000895a2d30) thrown at [./src/hotspot/share/prims/jni.cpp, line 615]
Event: 54.780 Thread 0x000002d1b908b000 Exception <a 'sun/nio/fs/WindowsException'{0x00000000895a2ef0}> (0x00000000895a2ef0) thrown at [./src/hotspot/share/prims/jni.cpp, line 615]
Event: 54.865 Thread 0x000002d1b908b000 Exception <a 'sun/nio/fs/WindowsException'{0x00000000895ab260}> (0x00000000895ab260) thrown at [./src/hotspot/share/prims/jni.cpp, line 615]
Event: 54.906 Thread 0x000002d1b908b000 Exception <a 'sun/nio/fs/WindowsException'{0x0000000087b9c550}> (0x0000000087b9c550) thrown at [./src/hotspot/share/prims/jni.cpp, line 615]
Event: 54.923 Thread 0x000002d1b908b000 Exception <a 'sun/nio/fs/WindowsException'{0x0000000087b9c6e8}> (0x0000000087b9c6e8) thrown at [./src/hotspot/share/prims/jni.cpp, line 615]
Event: 54.964 Thread 0x000002d1b9e46800 Exception <a 'sun/nio/fs/WindowsException'{0x0000000086a28670}> (0x0000000086a28670) thrown at [./src/hotspot/share/prims/jni.cpp, line 615]
Event: 54.969 Thread 0x000002d1b9e46800 Exception <a 'sun/nio/fs/WindowsException'{0x0000000086a287f8}> (0x0000000086a287f8) thrown at [./src/hotspot/share/prims/jni.cpp, line 615]

Events (20 events):
Event: 54.138 loading class ijinit1_b7ju8xskx9lhicafv388zmtbl$_run_closure1Customizer
Event: 54.138 loading class ijinit1_b7ju8xskx9lhicafv388zmtbl$_run_closure1Customizer done
Event: 54.210 Executing VM operation: G1CollectForAllocation
Event: 54.222 Executing VM operation: G1CollectForAllocation done
Event: 54.337 loading class org/gradle/internal/classpath/InstrumentingTransformer$LambdaFactoryDetails
Event: 54.337 loading class org/gradle/internal/classpath/InstrumentingTransformer$LambdaFactoryDetails done
Event: 54.339 loading class org/gradle/internal/classpath/InstrumentingTransformer$InstrumentingVisitor$1
Event: 54.339 loading class org/gradle/internal/classpath/InstrumentingTransformer$InstrumentingVisitor$1 done
Event: 54.430 Loaded shared library C:\Program Files\Android\Android Studio\jre\bin\zip.dll
Event: 54.694 Executing VM operation: G1CollectForAllocation
Event: 54.704 Executing VM operation: G1CollectForAllocation done
Event: 55.026 Executing VM operation: G1CollectForAllocation
Event: 55.049 Executing VM operation: G1CollectForAllocation done
Event: 55.441 Executing VM operation: G1CollectForAllocation
Event: 55.452 Executing VM operation: G1CollectForAllocation done
Event: 56.203 Executing VM operation: G1CollectForAllocation
Event: 56.214 Executing VM operation: G1CollectForAllocation done
Event: 56.955 Executing VM operation: G1CollectForAllocation
Event: 56.969 Executing VM operation: G1CollectForAllocation done
Event: 57.532 Executing VM operation: G1CollectForAllocation


Dynamic libraries:
0x00007ff7383c0000 - 0x00007ff7383ca000 	C:\Program Files\Android\Android Studio\jre\bin\java.exe
0x00007ff9cc290000 - 0x00007ff9cc488000 	C:\windows\SYSTEM32\ntdll.dll
0x00007ff9cae00000 - 0x00007ff9caebd000 	C:\windows\System32\KERNEL32.DLL
0x00007ff9c9e10000 - 0x00007ff9ca106000 	C:\windows\System32\KERNELBASE.dll
0x00007ff9ca1a0000 - 0x00007ff9ca2a0000 	C:\windows\System32\ucrtbase.dll
0x00007ff9b69d0000 - 0x00007ff9b69e9000 	C:\Program Files\Android\Android Studio\jre\bin\jli.dll
0x00007ff9c2650000 - 0x00007ff9c2667000 	C:\Program Files\Android\Android Studio\jre\bin\VCRUNTIME140.dll
0x00007ff9cb800000 - 0x00007ff9cb99e000 	C:\windows\System32\USER32.dll
0x00007ff9c9ab0000 - 0x00007ff9c9ad2000 	C:\windows\System32\win32u.dll
0x00007ff9cb580000 - 0x00007ff9cb5ab000 	C:\windows\System32\GDI32.dll
0x00007ff9c9be0000 - 0x00007ff9c9cf7000 	C:\windows\System32\gdi32full.dll
0x00007ff9ae340000 - 0x00007ff9ae5da000 	C:\windows\WinSxS\amd64_microsoft.windows.common-controls_6595b64144ccf1df_6.0.19041.3636_none_60b6a03d71f818d5\COMCTL32.dll
0x00007ff9c9d70000 - 0x00007ff9c9e0d000 	C:\windows\System32\msvcp_win.dll
0x00007ff9cb000000 - 0x00007ff9cb09e000 	C:\windows\System32\msvcrt.dll
0x00007ff9cb710000 - 0x00007ff9cb742000 	C:\windows\System32\IMM32.DLL
0x00007ff9a3ba0000 - 0x00007ff9a3c3d000 	C:\Program Files\Android\Android Studio\jre\bin\msvcp140.dll
0x00007ff938fa0000 - 0x00007ff939a85000 	C:\Program Files\Android\Android Studio\jre\bin\server\jvm.dll
0x00007ff9cac60000 - 0x00007ff9cad13000 	C:\windows\System32\ADVAPI32.dll
0x00007ff9cb670000 - 0x00007ff9cb70f000 	C:\windows\System32\sechost.dll
0x00007ff9cbe30000 - 0x00007ff9cbf56000 	C:\windows\System32\RPCRT4.dll
0x00007ff9ca2a0000 - 0x00007ff9ca2c7000 	C:\windows\System32\bcrypt.dll
0x00007ff9ca2d0000 - 0x00007ff9ca2d8000 	C:\windows\System32\PSAPI.DLL
0x00007ff9ada80000 - 0x00007ff9ada89000 	C:\windows\SYSTEM32\WSOCK32.dll
0x00007ff9ab1c0000 - 0x00007ff9ab1e7000 	C:\windows\SYSTEM32\WINMM.dll
0x00007ff9c1eb0000 - 0x00007ff9c1eba000 	C:\windows\SYSTEM32\VERSION.dll
0x00007ff9cb0a0000 - 0x00007ff9cb10b000 	C:\windows\System32\ws2_32.DLL
0x00007ff9c8190000 - 0x00007ff9c81a2000 	C:\windows\SYSTEM32\kernel.appcore.dll
0x00007ff9c5070000 - 0x00007ff9c5081000 	C:\Program Files\Android\Android Studio\jre\bin\verify.dll
0x00007ff9c76f0000 - 0x00007ff9c78d4000 	C:\windows\SYSTEM32\DBGHELP.DLL
0x00007ff9b71e0000 - 0x00007ff9b7214000 	C:\windows\SYSTEM32\dbgcore.DLL
0x00007ff9ca110000 - 0x00007ff9ca192000 	C:\windows\System32\bcryptPrimitives.dll
0x00007ff9c2bd0000 - 0x00007ff9c2bf9000 	C:\Program Files\Android\Android Studio\jre\bin\java.dll
0x00007ff9c4160000 - 0x00007ff9c416b000 	C:\Program Files\Android\Android Studio\jre\bin\jimage.dll
0x00007ff9c2bb0000 - 0x00007ff9c2bc8000 	C:\Program Files\Android\Android Studio\jre\bin\zip.dll
0x00007ff9ca390000 - 0x00007ff9caad5000 	C:\windows\System32\SHELL32.dll
0x00007ff9c79e0000 - 0x00007ff9c817c000 	C:\windows\SYSTEM32\windows.storage.dll
0x00007ff9cb9a0000 - 0x00007ff9cbcf4000 	C:\windows\System32\combase.dll
0x00007ff9c9310000 - 0x00007ff9c933e000 	C:\windows\SYSTEM32\Wldp.dll
0x00007ff9caae0000 - 0x00007ff9cabad000 	C:\windows\System32\OLEAUT32.dll
0x00007ff9ca2e0000 - 0x00007ff9ca38d000 	C:\windows\System32\SHCORE.dll
0x00007ff9cb610000 - 0x00007ff9cb665000 	C:\windows\System32\shlwapi.dll
0x00007ff9c9880000 - 0x00007ff9c98a5000 	C:\windows\SYSTEM32\profapi.dll
0x00007ff9c2b90000 - 0x00007ff9c2baa000 	C:\Program Files\Android\Android Studio\jre\bin\net.dll
0x00007ff9bbe70000 - 0x00007ff9bbf7a000 	C:\windows\SYSTEM32\WINHTTP.dll
0x00007ff9c9010000 - 0x00007ff9c907a000 	C:\windows\system32\mswsock.dll
0x00007ff9c2a70000 - 0x00007ff9c2a84000 	C:\Program Files\Android\Android Studio\jre\bin\nio.dll
0x00007ff9c0c50000 - 0x00007ff9c0c77000 	C:\Users\HP\.gradle\native\e1d6ef7f7dcc3fd88c89a11ec53ec762bb8ba0a96d01ffa2cd45eb1d1d8dd5c5\windows-amd64\native-platform.dll
0x00007ff98a910000 - 0x00007ff98aa54000 	C:\Users\HP\.gradle\native\0d407fdbe67a94daf76414ababcb853783967236a71b16ec16e742cd7a986fd3\windows-amd64\native-platform-file-events.dll
0x00007ff9c4120000 - 0x00007ff9c412a000 	C:\Program Files\Android\Android Studio\jre\bin\management.dll
0x00007ff9c3cb0000 - 0x00007ff9c3cbd000 	C:\Program Files\Android\Android Studio\jre\bin\management_ext.dll
0x00007ff9c9210000 - 0x00007ff9c9228000 	C:\windows\SYSTEM32\CRYPTSP.dll
0x00007ff9c8940000 - 0x00007ff9c8974000 	C:\windows\system32\rsaenh.dll
0x00007ff9c9840000 - 0x00007ff9c986e000 	C:\windows\SYSTEM32\USERENV.dll
0x00007ff9c9200000 - 0x00007ff9c920c000 	C:\windows\SYSTEM32\CRYPTBASE.dll
0x00007ff9c8d00000 - 0x00007ff9c8d3b000 	C:\windows\SYSTEM32\IPHLPAPI.DLL
0x00007ff9caff0000 - 0x00007ff9caff8000 	C:\windows\System32\NSI.dll
0x00007ff9c1340000 - 0x00007ff9c1357000 	C:\windows\SYSTEM32\dhcpcsvc6.DLL
0x00007ff9c1660000 - 0x00007ff9c167d000 	C:\windows\SYSTEM32\dhcpcsvc.DLL
0x00007ff9c8d40000 - 0x00007ff9c8e0b000 	C:\windows\SYSTEM32\DNSAPI.dll

dbghelp: loaded successfully - version: 4.0.5 - missing functions: none
symbol engine: initialized successfully - sym options: 0x614 - pdb path: .;C:\Program Files\Android\Android Studio\jre\bin;C:\windows\SYSTEM32;C:\windows\WinSxS\amd64_microsoft.windows.common-controls_6595b64144ccf1df_6.0.19041.3636_none_60b6a03d71f818d5;C:\Program Files\Android\Android Studio\jre\bin\server;C:\Users\HP\.gradle\native\e1d6ef7f7dcc3fd88c89a11ec53ec762bb8ba0a96d01ffa2cd45eb1d1d8dd5c5\windows-amd64;C:\Users\HP\.gradle\native\0d407fdbe67a94daf76414ababcb853783967236a71b16ec16e742cd7a986fd3\windows-amd64

VM Arguments:
jvm_args: --add-opens=java.base/java.util=ALL-UNNAMED --add-opens=java.base/java.lang=ALL-UNNAMED --add-opens=java.base/java.lang.invoke=ALL-UNNAMED --add-opens=java.base/java.util=ALL-UNNAMED --add-opens=java.prefs/java.util.prefs=ALL-UNNAMED --add-opens=java.prefs/java.util.prefs=ALL-UNNAMED --add-opens=java.base/java.nio.charset=ALL-UNNAMED --add-opens=java.base/java.net=ALL-UNNAMED --add-opens=java.base/java.util.concurrent.atomic=ALL-UNNAMED -Xmx2048m -Dfile.encoding=UTF-8 -Duser.country=ID -Duser.language=en -Duser.variant 
java_command: org.gradle.launcher.daemon.bootstrap.GradleDaemon 7.5
java_class_path (initial): C:\Users\HP\.gradle\wrapper\dists\gradle-7.5-bin\f1w0cc9nuo0eivz97x2xlu9sv\gradle-7.5\lib\gradle-launcher-7.5.jar
Launcher Type: SUN_STANDARD

[Global flags]
     intx CICompilerCount                          = 3                                         {product} {ergonomic}
     uint ConcGCThreads                            = 1                                         {product} {ergonomic}
     uint G1ConcRefinementThreads                  = 4                                         {product} {ergonomic}
   size_t G1HeapRegionSize                         = 1048576                                   {product} {ergonomic}
    uintx GCDrainStackTargetSize                   = 64                                        {product} {ergonomic}
   size_t InitialHeapSize                          = 65011712                                  {product} {ergonomic}
   size_t MarkStackSize                            = 4194304                                   {product} {ergonomic}
   size_t MaxHeapSize                              = 2147483648                                {product} {command line}
   size_t MaxNewSize                               = 1287651328                                {product} {ergonomic}
   size_t MinHeapDeltaBytes                        = 1048576                                   {product} {ergonomic}
    uintx NonNMethodCodeHeapSize                   = 5830732                                {pd product} {ergonomic}
    uintx NonProfiledCodeHeapSize                  = 122913754                              {pd product} {ergonomic}
    uintx ProfiledCodeHeapSize                     = 122913754                              {pd product} {ergonomic}
    uintx ReservedCodeCacheSize                    = 251658240                              {pd product} {ergonomic}
     bool SegmentedCodeCache                       = true                                      {product} {ergonomic}
     bool UseCompressedClassPointers               = true                                 {lp64_product} {ergonomic}
     bool UseCompressedOops                        = true                                 {lp64_product} {ergonomic}
     bool UseG1GC                                  = true                                      {product} {ergonomic}
     bool UseLargePagesIndividualAllocation        = false                                  {pd product} {ergonomic}

Logging:
Log output configuration:
 #0: stdout all=warning uptime,level,tags
 #1: stderr all=off uptime,level,tags

Environment Variables:
PATH=C:\oraclexe\app\oracle\product\11.2.0\server\bin;C:\Program Files\Common Files\Oracle\Java\javapath;C:\windows\system32;C:\windows;C:\windows\System32\Wbem;C:\windows\System32\WindowsPowerShell\v1.0\;C:\windows\System32\OpenSSH\;C:\Program Files\nodejs\;C:\ProgramData\chocolatey\bin;C:\Program Files\Git\cmd;C:\xampp\php;C:\ProgramData\ComposerSetup\bin;C:\Program Files\MATLAB\R2013a\runtime\win64;C:\Program Files\MATLAB\R2013a\bin;C:\Users\HP\AppData\Local\Programs\Python\Python310\Scripts;C:\Users\HP\AppData\Local\Programs\Python\Python310;C:\Users\HP\AppData\Local\Android\Sdk\platform-tools;C:\Program Files (x86)\Brackets\command;C:\Users\HP\AppData\Local\Programs\Python\Python38\Scripts\;C:\Users\HP\AppData\Local\Programs\Python\Python38\;C:\Users\HP\AppData\Local\Microsoft\WindowsApps;C:\Users\HP\AppData\Local\Programs\Microsoft VS Code\bin;C:\Users\HP\AppData\Roaming\npm;C:\Program Files\nodejs;C:\Users\HP\AppData\Roaming\Composer\vendor\bin;C:\Users\HP\AppData\Local\Android\Sdk\platform-tools;C:\Users\HP\AppData\Local\GitHubDesktop\bin;;C:\Program Files\JetBrains\PyCharm Community Edition 2023.2.5\bin;
USERNAME=HP
OS=Windows_NT
PROCESSOR_IDENTIFIER=Intel64 Family 6 Model 142 Stepping 12, GenuineIntel



---------------  S Y S T E M  ---------------

OS: Windows 10 , 64 bit Build 19041 (10.0.19041.3636)
OS uptime: 0 days 20:45 hours

CPU:total 4 (initial active 4) (2 cores per cpu, 2 threads per core) family 6 model 142 stepping 12 microcode 0xde, cmov, cx8, fxsr, mmx, sse, sse2, sse3, ssse3, sse4.1, sse4.2, popcnt, avx, avx2, aes, clmul, erms, 3dnowpref, lzcnt, ht, tsc, tscinvbit, bmi1, bmi2, adx, fma

Memory: 4k page, system-wide physical 3919M (151M free)
TotalPageFile size 15695M (AvailPageFile size 21M)
current process WorkingSet (physical memory assigned to process): 219M, peak: 267M
current process commit charge ("private bytes"): 376M, peak: 412M

vm_info: OpenJDK 64-Bit Server VM (11.0.12+7-b1504.28-7817840) for windows-amd64 JRE (11.0.12+7-b1504.28-7817840), built on Oct 13 2021 22:12:33 by "builder" with MS VC++ 14.0 (VS2015)

END.
